[0.478s] Invoking command in '/home/shivam/arduinobot_ws/src/arduinobot_py_examples': PYTHONPATH=/home/shivam/arduinobot_ws/build/arduinobot_py_examples/prefix_override:/home/shivam/arduinobot_ws/install/arduinobot_py_examples/lib/python3.10/site-packages:${PYTHONPATH} /usr/bin/python3 setup.py egg_info --egg-base ../../build/arduinobot_py_examples build --build-base /home/shivam/arduinobot_ws/build/arduinobot_py_examples/build install --record /home/shivam/arduinobot_ws/build/arduinobot_py_examples/install.log --single-version-externally-managed
[0.620s] running egg_info
[0.621s] writing ../../build/arduinobot_py_examples/arduinobot_py_examples.egg-info/PKG-INFO
[0.622s] writing dependency_links to ../../build/arduinobot_py_examples/arduinobot_py_examples.egg-info/dependency_links.txt
[0.622s] writing entry points to ../../build/arduinobot_py_examples/arduinobot_py_examples.egg-info/entry_points.txt
[0.622s] writing requirements to ../../build/arduinobot_py_examples/arduinobot_py_examples.egg-info/requires.txt
[0.622s] writing top-level names to ../../build/arduinobot_py_examples/arduinobot_py_examples.egg-info/top_level.txt
[0.624s] reading manifest file '../../build/arduinobot_py_examples/arduinobot_py_examples.egg-info/SOURCES.txt'
[0.624s] writing manifest file '../../build/arduinobot_py_examples/arduinobot_py_examples.egg-info/SOURCES.txt'
[0.624s] running build
[0.624s] running build_py
[0.624s] running install
[0.625s] running install_lib
[0.626s] running install_data
[0.626s] copying package.xml -> /home/shivam/arduinobot_ws/install/arduinobot_py_examples/share/arduinobot_py_examples
[0.626s] running install_egg_info
[0.627s] removing '/home/shivam/arduinobot_ws/install/arduinobot_py_examples/lib/python3.10/site-packages/arduinobot_py_examples-0.0.0-py3.10.egg-info' (and everything under it)
[0.628s] Copying ../../build/arduinobot_py_examples/arduinobot_py_examples.egg-info to /home/shivam/arduinobot_ws/install/arduinobot_py_examples/lib/python3.10/site-packages/arduinobot_py_examples-0.0.0-py3.10.egg-info
[0.628s] running install_scripts
[0.641s] Installing simple_parameter script to /home/shivam/arduinobot_ws/install/arduinobot_py_examples/lib/arduinobot_py_examples
[0.642s] Installing simple_publisher script to /home/shivam/arduinobot_ws/install/arduinobot_py_examples/lib/arduinobot_py_examples
[0.642s] Installing simple_subscriber script to /home/shivam/arduinobot_ws/install/arduinobot_py_examples/lib/arduinobot_py_examples
[0.642s] writing list of installed files to '/home/shivam/arduinobot_ws/build/arduinobot_py_examples/install.log'
[0.664s] Invoked command in '/home/shivam/arduinobot_ws/src/arduinobot_py_examples' returned '0': PYTHONPATH=/home/shivam/arduinobot_ws/build/arduinobot_py_examples/prefix_override:/home/shivam/arduinobot_ws/install/arduinobot_py_examples/lib/python3.10/site-packages:${PYTHONPATH} /usr/bin/python3 setup.py egg_info --egg-base ../../build/arduinobot_py_examples build --build-base /home/shivam/arduinobot_ws/build/arduinobot_py_examples/build install --record /home/shivam/arduinobot_ws/build/arduinobot_py_examples/install.log --single-version-externally-managed
