[0.494s] Invoking command in '/home/shivam/arduinobot_ws/build/arduinobot_remote': CMAKE_PREFIX_PATH=/home/shivam/arduinobot_ws/install/arduinobot_msgs:/home/shivam/arduinobot_ws/install/arduinobot_utils:/home/shivam/arduinobot_ws/install/arduinobot_remote:/home/shivam/arduinobot_ws/install/arduinobot_cpp_examples:/home/shivam/arduinobot_ws/install/arduinobot_moveit:/home/shivam/arduinobot_ws/install/arduinobot_firmware:/home/shivam/arduinobot_ws/install/arduinobot_description:/home/shivam/arduinobot_ws/install/arduinobot_controller:/home/shivam/arduinobot_ws/install/arduinobot_bringup:/home/shivam/arduinobot_ws/install/arduinobot_py_examples:/opt/ros/humble LD_LIBRARY_PATH=/home/shivam/arduinobot_ws/install/arduinobot_msgs/lib:/home/shivam/arduinobot_ws/install/arduinobot_remote/lib:/home/shivam/arduinobot_ws/install/arduinobot_cpp_examples/lib:/home/shivam/arduinobot_ws/install/arduinobot_controller/lib:/usr/lib/x86_64-linux-gnu/gazebo-11/plugins:/opt/ros/humble/opt/rviz_ogre_vendor/lib:/opt/ros/humble/lib/x86_64-linux-gnu:/opt/ros/humble/lib /usr/bin/cmake --build /home/shivam/arduinobot_ws/build/arduinobot_remote -- -j12 -l12
[0.620s] [ 50%] Built target task_server_node
[0.624s] [ 50%] Built target ament_cmake_python_copy_arduinobot_remote
[0.669s] [100%] Built target task_server
[1.066s] running egg_info
[1.067s] writing arduinobot_remote.egg-info/PKG-INFO
[1.068s] writing dependency_links to arduinobot_remote.egg-info/dependency_links.txt
[1.068s] writing top-level names to arduinobot_remote.egg-info/top_level.txt
[1.073s] reading manifest file 'arduinobot_remote.egg-info/SOURCES.txt'
[1.074s] writing manifest file 'arduinobot_remote.egg-info/SOURCES.txt'
[1.115s] [100%] Built target ament_cmake_python_build_arduinobot_remote_egg
[1.129s] Invoked command in '/home/shivam/arduinobot_ws/build/arduinobot_remote' returned '0': CMAKE_PREFIX_PATH=/home/shivam/arduinobot_ws/install/arduinobot_msgs:/home/shivam/arduinobot_ws/install/arduinobot_utils:/home/shivam/arduinobot_ws/install/arduinobot_remote:/home/shivam/arduinobot_ws/install/arduinobot_cpp_examples:/home/shivam/arduinobot_ws/install/arduinobot_moveit:/home/shivam/arduinobot_ws/install/arduinobot_firmware:/home/shivam/arduinobot_ws/install/arduinobot_description:/home/shivam/arduinobot_ws/install/arduinobot_controller:/home/shivam/arduinobot_ws/install/arduinobot_bringup:/home/shivam/arduinobot_ws/install/arduinobot_py_examples:/opt/ros/humble LD_LIBRARY_PATH=/home/shivam/arduinobot_ws/install/arduinobot_msgs/lib:/home/shivam/arduinobot_ws/install/arduinobot_remote/lib:/home/shivam/arduinobot_ws/install/arduinobot_cpp_examples/lib:/home/shivam/arduinobot_ws/install/arduinobot_controller/lib:/usr/lib/x86_64-linux-gnu/gazebo-11/plugins:/opt/ros/humble/opt/rviz_ogre_vendor/lib:/opt/ros/humble/lib/x86_64-linux-gnu:/opt/ros/humble/lib /usr/bin/cmake --build /home/shivam/arduinobot_ws/build/arduinobot_remote -- -j12 -l12
[1.181s] Invoking command in '/home/shivam/arduinobot_ws/build/arduinobot_remote': CMAKE_PREFIX_PATH=/home/shivam/arduinobot_ws/install/arduinobot_msgs:/home/shivam/arduinobot_ws/install/arduinobot_utils:/home/shivam/arduinobot_ws/install/arduinobot_remote:/home/shivam/arduinobot_ws/install/arduinobot_cpp_examples:/home/shivam/arduinobot_ws/install/arduinobot_moveit:/home/shivam/arduinobot_ws/install/arduinobot_firmware:/home/shivam/arduinobot_ws/install/arduinobot_description:/home/shivam/arduinobot_ws/install/arduinobot_controller:/home/shivam/arduinobot_ws/install/arduinobot_bringup:/home/shivam/arduinobot_ws/install/arduinobot_py_examples:/opt/ros/humble LD_LIBRARY_PATH=/home/shivam/arduinobot_ws/install/arduinobot_msgs/lib:/home/shivam/arduinobot_ws/install/arduinobot_remote/lib:/home/shivam/arduinobot_ws/install/arduinobot_cpp_examples/lib:/home/shivam/arduinobot_ws/install/arduinobot_controller/lib:/usr/lib/x86_64-linux-gnu/gazebo-11/plugins:/opt/ros/humble/opt/rviz_ogre_vendor/lib:/opt/ros/humble/lib/x86_64-linux-gnu:/opt/ros/humble/lib /usr/bin/cmake --install /home/shivam/arduinobot_ws/build/arduinobot_remote
[1.190s] -- Install configuration: ""
[1.190s] -- Up-to-date: /home/shivam/arduinobot_ws/install/arduinobot_remote/lib/arduinobot_remote/task_server_node
[1.191s] -- Up-to-date: /home/shivam/arduinobot_ws/install/arduinobot_remote/share/arduinobot_remote/environment/pythonpath.sh
[1.191s] -- Up-to-date: /home/shivam/arduinobot_ws/install/arduinobot_remote/share/arduinobot_remote/environment/pythonpath.dsv
[1.192s] -- Up-to-date: /home/shivam/arduinobot_ws/install/arduinobot_remote/local/lib/python3.10/dist-packages/arduinobot_remote-0.0.0-py3.10.egg-info
[1.192s] -- Installing: /home/shivam/arduinobot_ws/install/arduinobot_remote/local/lib/python3.10/dist-packages/arduinobot_remote-0.0.0-py3.10.egg-info/SOURCES.txt
[1.192s] -- Installing: /home/shivam/arduinobot_ws/install/arduinobot_remote/local/lib/python3.10/dist-packages/arduinobot_remote-0.0.0-py3.10.egg-info/dependency_links.txt
[1.192s] -- Installing: /home/shivam/arduinobot_ws/install/arduinobot_remote/local/lib/python3.10/dist-packages/arduinobot_remote-0.0.0-py3.10.egg-info/top_level.txt
[1.192s] -- Installing: /home/shivam/arduinobot_ws/install/arduinobot_remote/local/lib/python3.10/dist-packages/arduinobot_remote-0.0.0-py3.10.egg-info/PKG-INFO
[1.192s] -- Up-to-date: /home/shivam/arduinobot_ws/install/arduinobot_remote/local/lib/python3.10/dist-packages/arduinobot_remote
[1.192s] -- Up-to-date: /home/shivam/arduinobot_ws/install/arduinobot_remote/local/lib/python3.10/dist-packages/arduinobot_remote/__init__.py
[1.193s] -- Up-to-date: /home/shivam/arduinobot_ws/install/arduinobot_remote/local/lib/python3.10/dist-packages/arduinobot_remote/alexa_interface.py
[1.238s] Listing '/home/shivam/arduinobot_ws/install/arduinobot_remote/local/lib/python3.10/dist-packages/arduinobot_remote'...
[1.245s] -- Up-to-date: /home/shivam/arduinobot_ws/install/arduinobot_remote/share/arduinobot_remote/launch
[1.246s] -- Up-to-date: /home/shivam/arduinobot_ws/install/arduinobot_remote/share/arduinobot_remote/launch/remote_interface.launch.py
[1.246s] -- Up-to-date: /home/shivam/arduinobot_ws/install/arduinobot_remote/lib/libtask_server.so
[1.246s] -- Up-to-date: /home/shivam/arduinobot_ws/install/arduinobot_remote/lib/arduinobot_remote/alexa_interface.py
[1.247s] -- Up-to-date: /home/shivam/arduinobot_ws/install/arduinobot_remote/share/ament_index/resource_index/package_run_dependencies/arduinobot_remote
[1.247s] -- Up-to-date: /home/shivam/arduinobot_ws/install/arduinobot_remote/share/ament_index/resource_index/parent_prefix_path/arduinobot_remote
[1.248s] -- Up-to-date: /home/shivam/arduinobot_ws/install/arduinobot_remote/share/arduinobot_remote/environment/ament_prefix_path.sh
[1.248s] -- Up-to-date: /home/shivam/arduinobot_ws/install/arduinobot_remote/share/arduinobot_remote/environment/ament_prefix_path.dsv
[1.248s] -- Up-to-date: /home/shivam/arduinobot_ws/install/arduinobot_remote/share/arduinobot_remote/environment/path.sh
[1.249s] -- Up-to-date: /home/shivam/arduinobot_ws/install/arduinobot_remote/share/arduinobot_remote/environment/path.dsv
[1.250s] -- Up-to-date: /home/shivam/arduinobot_ws/install/arduinobot_remote/share/arduinobot_remote/local_setup.bash
[1.251s] -- Up-to-date: /home/shivam/arduinobot_ws/install/arduinobot_remote/share/arduinobot_remote/local_setup.sh
[1.251s] -- Up-to-date: /home/shivam/arduinobot_ws/install/arduinobot_remote/share/arduinobot_remote/local_setup.zsh
[1.252s] -- Up-to-date: /home/shivam/arduinobot_ws/install/arduinobot_remote/share/arduinobot_remote/local_setup.dsv
[1.253s] -- Installing: /home/shivam/arduinobot_ws/install/arduinobot_remote/share/arduinobot_remote/package.dsv
[1.253s] -- Up-to-date: /home/shivam/arduinobot_ws/install/arduinobot_remote/share/ament_index/resource_index/packages/arduinobot_remote
[1.253s] -- Up-to-date: /home/shivam/arduinobot_ws/install/arduinobot_remote/share/ament_index/resource_index/rclcpp_components/arduinobot_remote
[1.253s] -- Up-to-date: /home/shivam/arduinobot_ws/install/arduinobot_remote/share/arduinobot_remote/cmake/arduinobot_remoteConfig.cmake
[1.254s] -- Up-to-date: /home/shivam/arduinobot_ws/install/arduinobot_remote/share/arduinobot_remote/cmake/arduinobot_remoteConfig-version.cmake
[1.254s] -- Up-to-date: /home/shivam/arduinobot_ws/install/arduinobot_remote/share/arduinobot_remote/package.xml
[1.263s] Invoked command in '/home/shivam/arduinobot_ws/build/arduinobot_remote' returned '0': CMAKE_PREFIX_PATH=/home/shivam/arduinobot_ws/install/arduinobot_msgs:/home/shivam/arduinobot_ws/install/arduinobot_utils:/home/shivam/arduinobot_ws/install/arduinobot_remote:/home/shivam/arduinobot_ws/install/arduinobot_cpp_examples:/home/shivam/arduinobot_ws/install/arduinobot_moveit:/home/shivam/arduinobot_ws/install/arduinobot_firmware:/home/shivam/arduinobot_ws/install/arduinobot_description:/home/shivam/arduinobot_ws/install/arduinobot_controller:/home/shivam/arduinobot_ws/install/arduinobot_bringup:/home/shivam/arduinobot_ws/install/arduinobot_py_examples:/opt/ros/humble LD_LIBRARY_PATH=/home/shivam/arduinobot_ws/install/arduinobot_msgs/lib:/home/shivam/arduinobot_ws/install/arduinobot_remote/lib:/home/shivam/arduinobot_ws/install/arduinobot_cpp_examples/lib:/home/shivam/arduinobot_ws/install/arduinobot_controller/lib:/usr/lib/x86_64-linux-gnu/gazebo-11/plugins:/opt/ros/humble/opt/rviz_ogre_vendor/lib:/opt/ros/humble/lib/x86_64-linux-gnu:/opt/ros/humble/lib /usr/bin/cmake --install /home/shivam/arduinobot_ws/build/arduinobot_remote
