[0.051s] Invoking command in '/home/shivam/arduinobot_ws/build/arduinobot_controller': CMAKE_PREFIX_PATH=/opt/ros/humble /usr/bin/cmake --build /home/shivam/arduinobot_ws/build/arduinobot_controller -- -j12 -l12
[0.373s] [  0%] Built target ament_cmake_python_copy_arduinobot_controller
[0.724s] [ 50%] Built target slider_control
[0.745s] [ 75%] [32mBuilding CXX object CMakeFiles/arduinobot_controller.dir/src/arduinobot_interface.cpp.o[0m
[1.113s] running egg_info
[1.113s] writing arduinobot_controller.egg-info/PKG-INFO
[1.114s] writing dependency_links to arduinobot_controller.egg-info/dependency_links.txt
[1.114s] writing top-level names to arduinobot_controller.egg-info/top_level.txt
[1.117s] reading manifest file 'arduinobot_controller.egg-info/SOURCES.txt'
[1.118s] writing manifest file 'arduinobot_controller.egg-info/SOURCES.txt'
[1.157s] [ 75%] Built target ament_cmake_python_build_arduinobot_controller_egg
[5.940s] [100%] [32m[1mLinking CXX shared library libarduinobot_controller.so[0m
[6.378s] [100%] Built target arduinobot_controller
[6.392s] Invoked command in '/home/shivam/arduinobot_ws/build/arduinobot_controller' returned '0': CMAKE_PREFIX_PATH=/opt/ros/humble /usr/bin/cmake --build /home/shivam/arduinobot_ws/build/arduinobot_controller -- -j12 -l12
[6.423s] Invoking command in '/home/shivam/arduinobot_ws/build/arduinobot_controller': CMAKE_PREFIX_PATH=/opt/ros/humble /usr/bin/cmake --install /home/shivam/arduinobot_ws/build/arduinobot_controller
[6.431s] -- Install configuration: ""
[6.431s] -- Up-to-date: /home/shivam/arduinobot_ws/install/arduinobot_controller/share/arduinobot_controller/arduinobot_controller.xml
[6.431s] -- Up-to-date: /home/shivam/arduinobot_ws/install/arduinobot_controller/share/arduinobot_controller/environment/pythonpath.sh
[6.431s] -- Up-to-date: /home/shivam/arduinobot_ws/install/arduinobot_controller/share/arduinobot_controller/environment/pythonpath.dsv
[6.431s] -- Up-to-date: /home/shivam/arduinobot_ws/install/arduinobot_controller/local/lib/python3.10/dist-packages/arduinobot_controller-0.0.0-py3.10.egg-info
[6.432s] -- Installing: /home/shivam/arduinobot_ws/install/arduinobot_controller/local/lib/python3.10/dist-packages/arduinobot_controller-0.0.0-py3.10.egg-info/SOURCES.txt
[6.432s] -- Installing: /home/shivam/arduinobot_ws/install/arduinobot_controller/local/lib/python3.10/dist-packages/arduinobot_controller-0.0.0-py3.10.egg-info/dependency_links.txt
[6.432s] -- Installing: /home/shivam/arduinobot_ws/install/arduinobot_controller/local/lib/python3.10/dist-packages/arduinobot_controller-0.0.0-py3.10.egg-info/top_level.txt
[6.432s] -- Installing: /home/shivam/arduinobot_ws/install/arduinobot_controller/local/lib/python3.10/dist-packages/arduinobot_controller-0.0.0-py3.10.egg-info/PKG-INFO
[6.432s] -- Up-to-date: /home/shivam/arduinobot_ws/install/arduinobot_controller/local/lib/python3.10/dist-packages/arduinobot_controller
[6.432s] -- Up-to-date: /home/shivam/arduinobot_ws/install/arduinobot_controller/local/lib/python3.10/dist-packages/arduinobot_controller/__init__.py
[6.432s] -- Up-to-date: /home/shivam/arduinobot_ws/install/arduinobot_controller/local/lib/python3.10/dist-packages/arduinobot_controller/slider_control.py
[6.465s] Listing '/home/shivam/arduinobot_ws/install/arduinobot_controller/local/lib/python3.10/dist-packages/arduinobot_controller'...
[6.471s] -- Up-to-date: /home/shivam/arduinobot_ws/install/arduinobot_controller/lib/arduinobot_controller/slider_control
[6.472s] -- Installing: /home/shivam/arduinobot_ws/install/arduinobot_controller/lib/libarduinobot_controller.so
[6.473s] -- Set runtime path of "/home/shivam/arduinobot_ws/install/arduinobot_controller/lib/libarduinobot_controller.so" to ""
[6.473s] -- Up-to-date: /home/shivam/arduinobot_ws/install/arduinobot_controller/include/include
[6.474s] -- Up-to-date: /home/shivam/arduinobot_ws/install/arduinobot_controller/include/include/arduinobot_controller
[6.474s] -- Up-to-date: /home/shivam/arduinobot_ws/install/arduinobot_controller/include/include/arduinobot_controller/arduinobot_interface.hpp
[6.474s] -- Up-to-date: /home/shivam/arduinobot_ws/install/arduinobot_controller/share/arduinobot_controller/launch
[6.474s] -- Up-to-date: /home/shivam/arduinobot_ws/install/arduinobot_controller/share/arduinobot_controller/launch/controller.launch.py
[6.474s] -- Up-to-date: /home/shivam/arduinobot_ws/install/arduinobot_controller/share/arduinobot_controller/launch/slider_controller.launch.py
[6.474s] -- Up-to-date: /home/shivam/arduinobot_ws/install/arduinobot_controller/share/arduinobot_controller/config
[6.474s] -- Up-to-date: /home/shivam/arduinobot_ws/install/arduinobot_controller/share/arduinobot_controller/config/arduinobot_controllers.yaml
[6.474s] -- Up-to-date: /home/shivam/arduinobot_ws/install/arduinobot_controller/lib/arduinobot_controller/slider_control.py
[6.474s] -- Up-to-date: /home/shivam/arduinobot_ws/install/arduinobot_controller/share/arduinobot_controller/environment/library_path.sh
[6.474s] -- Up-to-date: /home/shivam/arduinobot_ws/install/arduinobot_controller/share/arduinobot_controller/environment/library_path.dsv
[6.474s] -- Up-to-date: /home/shivam/arduinobot_ws/install/arduinobot_controller/share/ament_index/resource_index/package_run_dependencies/arduinobot_controller
[6.474s] -- Up-to-date: /home/shivam/arduinobot_ws/install/arduinobot_controller/share/ament_index/resource_index/parent_prefix_path/arduinobot_controller
[6.474s] -- Up-to-date: /home/shivam/arduinobot_ws/install/arduinobot_controller/share/arduinobot_controller/environment/ament_prefix_path.sh
[6.474s] -- Up-to-date: /home/shivam/arduinobot_ws/install/arduinobot_controller/share/arduinobot_controller/environment/ament_prefix_path.dsv
[6.475s] -- Up-to-date: /home/shivam/arduinobot_ws/install/arduinobot_controller/share/arduinobot_controller/environment/path.sh
[6.475s] -- Up-to-date: /home/shivam/arduinobot_ws/install/arduinobot_controller/share/arduinobot_controller/environment/path.dsv
[6.475s] -- Up-to-date: /home/shivam/arduinobot_ws/install/arduinobot_controller/share/arduinobot_controller/local_setup.bash
[6.475s] -- Up-to-date: /home/shivam/arduinobot_ws/install/arduinobot_controller/share/arduinobot_controller/local_setup.sh
[6.475s] -- Up-to-date: /home/shivam/arduinobot_ws/install/arduinobot_controller/share/arduinobot_controller/local_setup.zsh
[6.476s] -- Up-to-date: /home/shivam/arduinobot_ws/install/arduinobot_controller/share/arduinobot_controller/local_setup.dsv
[6.476s] -- Installing: /home/shivam/arduinobot_ws/install/arduinobot_controller/share/arduinobot_controller/package.dsv
[6.476s] -- Up-to-date: /home/shivam/arduinobot_ws/install/arduinobot_controller/share/ament_index/resource_index/packages/arduinobot_controller
[6.476s] -- Up-to-date: /home/shivam/arduinobot_ws/install/arduinobot_controller/share/ament_index/resource_index/hardware_interface__pluginlib__plugin/arduinobot_controller
[6.476s] -- Up-to-date: /home/shivam/arduinobot_ws/install/arduinobot_controller/share/arduinobot_controller/cmake/ament_cmake_export_include_directories-extras.cmake
[6.476s] -- Up-to-date: /home/shivam/arduinobot_ws/install/arduinobot_controller/share/arduinobot_controller/cmake/ament_cmake_export_libraries-extras.cmake
[6.476s] -- Up-to-date: /home/shivam/arduinobot_ws/install/arduinobot_controller/share/arduinobot_controller/cmake/ament_cmake_export_dependencies-extras.cmake
[6.476s] -- Up-to-date: /home/shivam/arduinobot_ws/install/arduinobot_controller/share/arduinobot_controller/cmake/arduinobot_controllerConfig.cmake
[6.476s] -- Up-to-date: /home/shivam/arduinobot_ws/install/arduinobot_controller/share/arduinobot_controller/cmake/arduinobot_controllerConfig-version.cmake
[6.476s] -- Up-to-date: /home/shivam/arduinobot_ws/install/arduinobot_controller/share/arduinobot_controller/package.xml
[6.478s] Invoked command in '/home/shivam/arduinobot_ws/build/arduinobot_controller' returned '0': CMAKE_PREFIX_PATH=/opt/ros/humble /usr/bin/cmake --install /home/shivam/arduinobot_ws/build/arduinobot_controller
