[0.159s] Invoking command in '/home/shivam/arduinobot_ws/build/arduinobot_firmware': CMAKE_PREFIX_PATH=/opt/ros/humble /usr/bin/cmake --build /home/shivam/arduinobot_ws/build/arduinobot_firmware -- -j12 -l12
[0.286s] [ 50%] Built target simple_serial_receiver
[0.334s] [ 50%] Built target ament_cmake_python_copy_arduinobot_firmware
[0.373s] [100%] Built target simple_serial_transmitter
[0.954s] running egg_info
[0.956s] writing arduinobot_firmware.egg-info/PKG-INFO
[0.963s] writing dependency_links to arduinobot_firmware.egg-info/dependency_links.txt
[0.964s] writing top-level names to arduinobot_firmware.egg-info/top_level.txt
[0.964s] reading manifest file 'arduinobot_firmware.egg-info/SOURCES.txt'
[0.964s] writing manifest file 'arduinobot_firmware.egg-info/SOURCES.txt'
[1.029s] [100%] Built target ament_cmake_python_build_arduinobot_firmware_egg
[1.219s] Invoked command in '/home/shivam/arduinobot_ws/build/arduinobot_firmware' returned '0': CMAKE_PREFIX_PATH=/opt/ros/humble /usr/bin/cmake --build /home/shivam/arduinobot_ws/build/arduinobot_firmware -- -j12 -l12
[1.263s] Invoking command in '/home/shivam/arduinobot_ws/build/arduinobot_firmware': CMAKE_PREFIX_PATH=/opt/ros/humble /usr/bin/cmake --install /home/shivam/arduinobot_ws/build/arduinobot_firmware
[1.283s] -- Install configuration: ""
[1.283s] -- Up-to-date: /home/shivam/arduinobot_ws/install/arduinobot_firmware/share/arduinobot_firmware/environment/pythonpath.sh
[1.284s] -- Up-to-date: /home/shivam/arduinobot_ws/install/arduinobot_firmware/share/arduinobot_firmware/environment/pythonpath.dsv
[1.284s] -- Up-to-date: /home/shivam/arduinobot_ws/install/arduinobot_firmware/local/lib/python3.10/dist-packages/arduinobot_firmware-0.0.0-py3.10.egg-info
[1.284s] -- Installing: /home/shivam/arduinobot_ws/install/arduinobot_firmware/local/lib/python3.10/dist-packages/arduinobot_firmware-0.0.0-py3.10.egg-info/PKG-INFO
[1.284s] -- Installing: /home/shivam/arduinobot_ws/install/arduinobot_firmware/local/lib/python3.10/dist-packages/arduinobot_firmware-0.0.0-py3.10.egg-info/dependency_links.txt
[1.284s] -- Installing: /home/shivam/arduinobot_ws/install/arduinobot_firmware/local/lib/python3.10/dist-packages/arduinobot_firmware-0.0.0-py3.10.egg-info/top_level.txt
[1.284s] -- Installing: /home/shivam/arduinobot_ws/install/arduinobot_firmware/local/lib/python3.10/dist-packages/arduinobot_firmware-0.0.0-py3.10.egg-info/SOURCES.txt
[1.284s] -- Up-to-date: /home/shivam/arduinobot_ws/install/arduinobot_firmware/local/lib/python3.10/dist-packages/arduinobot_firmware
[1.284s] -- Up-to-date: /home/shivam/arduinobot_ws/install/arduinobot_firmware/local/lib/python3.10/dist-packages/arduinobot_firmware/__init__.py
[1.284s] -- Up-to-date: /home/shivam/arduinobot_ws/install/arduinobot_firmware/local/lib/python3.10/dist-packages/arduinobot_firmware/simple_serial_transmitter.py
[1.284s] -- Up-to-date: /home/shivam/arduinobot_ws/install/arduinobot_firmware/local/lib/python3.10/dist-packages/arduinobot_firmware/simple_serial_receiver.py
[1.344s] Listing '/home/shivam/arduinobot_ws/install/arduinobot_firmware/local/lib/python3.10/dist-packages/arduinobot_firmware'...
[1.351s] -- Up-to-date: /home/shivam/arduinobot_ws/install/arduinobot_firmware/lib/arduinobot_firmware/simple_serial_receiver
[1.354s] -- Up-to-date: /home/shivam/arduinobot_ws/install/arduinobot_firmware/lib/arduinobot_firmware/simple_serial_transmitter
[1.354s] -- Up-to-date: /home/shivam/arduinobot_ws/install/arduinobot_firmware/lib/arduinobot_firmware/simple_serial_transmitter.py
[1.355s] -- Up-to-date: /home/shivam/arduinobot_ws/install/arduinobot_firmware/lib/arduinobot_firmware/simple_serial_receiver.py
[1.355s] -- Up-to-date: /home/shivam/arduinobot_ws/install/arduinobot_firmware/share/ament_index/resource_index/package_run_dependencies/arduinobot_firmware
[1.355s] -- Up-to-date: /home/shivam/arduinobot_ws/install/arduinobot_firmware/share/ament_index/resource_index/parent_prefix_path/arduinobot_firmware
[1.355s] -- Up-to-date: /home/shivam/arduinobot_ws/install/arduinobot_firmware/share/arduinobot_firmware/environment/ament_prefix_path.sh
[1.355s] -- Up-to-date: /home/shivam/arduinobot_ws/install/arduinobot_firmware/share/arduinobot_firmware/environment/ament_prefix_path.dsv
[1.355s] -- Up-to-date: /home/shivam/arduinobot_ws/install/arduinobot_firmware/share/arduinobot_firmware/environment/path.sh
[1.355s] -- Up-to-date: /home/shivam/arduinobot_ws/install/arduinobot_firmware/share/arduinobot_firmware/environment/path.dsv
[1.355s] -- Up-to-date: /home/shivam/arduinobot_ws/install/arduinobot_firmware/share/arduinobot_firmware/local_setup.bash
[1.356s] -- Up-to-date: /home/shivam/arduinobot_ws/install/arduinobot_firmware/share/arduinobot_firmware/local_setup.sh
[1.356s] -- Up-to-date: /home/shivam/arduinobot_ws/install/arduinobot_firmware/share/arduinobot_firmware/local_setup.zsh
[1.356s] -- Up-to-date: /home/shivam/arduinobot_ws/install/arduinobot_firmware/share/arduinobot_firmware/local_setup.dsv
[1.356s] -- Installing: /home/shivam/arduinobot_ws/install/arduinobot_firmware/share/arduinobot_firmware/package.dsv
[1.356s] -- Up-to-date: /home/shivam/arduinobot_ws/install/arduinobot_firmware/share/ament_index/resource_index/packages/arduinobot_firmware
[1.356s] -- Up-to-date: /home/shivam/arduinobot_ws/install/arduinobot_firmware/share/arduinobot_firmware/cmake/arduinobot_firmwareConfig.cmake
[1.356s] -- Up-to-date: /home/shivam/arduinobot_ws/install/arduinobot_firmware/share/arduinobot_firmware/cmake/arduinobot_firmwareConfig-version.cmake
[1.356s] -- Up-to-date: /home/shivam/arduinobot_ws/install/arduinobot_firmware/share/arduinobot_firmware/package.xml
[1.359s] Invoked command in '/home/shivam/arduinobot_ws/build/arduinobot_firmware' returned '0': CMAKE_PREFIX_PATH=/opt/ros/humble /usr/bin/cmake --install /home/shivam/arduinobot_ws/build/arduinobot_firmware
