-- Found ament_cmake: 1.3.8 (/opt/ros/humble/share/ament_cmake/cmake)
-- Found trajectory_msgs: 4.2.3 (/opt/ros/humble/share/trajectory_msgs/cmake)
-- Found rosidl_generator_c: 3.1.5 (/opt/ros/humble/share/rosidl_generator_c/cmake)
-- Found rosidl_adapter: 3.1.5 (/opt/ros/humble/share/rosidl_adapter/cmake)
-- Found rosidl_generator_cpp: 3.1.5 (/opt/ros/humble/share/rosidl_generator_cpp/cmake)
-- Using all available rosidl_typesupport_c: rosidl_typesupport_fastrtps_c;rosidl_typesupport_introspection_c
-- Using all available rosidl_typesupport_cpp: rosidl_typesupport_fastrtps_cpp;rosidl_typesupport_introspection_cpp
-- Found sensor_msgs: 4.2.3 (/opt/ros/humble/share/sensor_msgs/cmake)
-- Found rclcpp: 16.0.8 (/opt/ros/humble/share/rclcpp/cmake)
-- Found rmw_implementation_cmake: 6.1.1 (/opt/ros/humble/share/rmw_implementation_cmake/cmake)
-- Found rmw_fastrtps_cpp: 6.2.6 (/opt/ros/humble/share/rmw_fastrtps_cpp/cmake)
-- Using RMW implementation 'rmw_fastrtps_cpp' as default
-- Found rclpy: 3.3.12 (/opt/ros/humble/share/rclpy/cmake)
-- Found hardware_interface: 2.40.0 (/opt/ros/humble/share/hardware_interface/cmake)
-- Configuring done
-- Generating done
-- Build files have been written to: /home/shivam/arduinobot_ws/build/arduinobot_controller
[35m[1mConsolidate compiler generated dependencies of target slider_control[0m
[35m[1mConsolidate compiler generated dependencies of target arduinobot_controller[0m
[  0%] Built target ament_cmake_python_copy_arduinobot_controller
[ 25%] [32mBuilding CXX object CMakeFiles/slider_control.dir/src/slider_control.cpp.o[0m
[ 75%] Built target arduinobot_controller
running egg_info
writing arduinobot_controller.egg-info/PKG-INFO
writing dependency_links to arduinobot_controller.egg-info/dependency_links.txt
writing top-level names to arduinobot_controller.egg-info/top_level.txt
reading manifest file 'arduinobot_controller.egg-info/SOURCES.txt'
writing manifest file 'arduinobot_controller.egg-info/SOURCES.txt'
[ 75%] Built target ament_cmake_python_build_arduinobot_controller_egg
[100%] [32m[1mLinking CXX executable slider_control[0m
[100%] Built target slider_control
-- Install configuration: ""
-- Up-to-date: /home/shivam/arduinobot_ws/install/arduinobot_controller/share/arduinobot_controller/arduinobot_controller.xml
-- Up-to-date: /home/shivam/arduinobot_ws/install/arduinobot_controller/share/arduinobot_controller/environment/pythonpath.sh
-- Installing: /home/shivam/arduinobot_ws/install/arduinobot_controller/share/arduinobot_controller/environment/pythonpath.dsv
-- Up-to-date: /home/shivam/arduinobot_ws/install/arduinobot_controller/local/lib/python3.10/dist-packages/arduinobot_controller-0.0.0-py3.10.egg-info
-- Installing: /home/shivam/arduinobot_ws/install/arduinobot_controller/local/lib/python3.10/dist-packages/arduinobot_controller-0.0.0-py3.10.egg-info/SOURCES.txt
-- Installing: /home/shivam/arduinobot_ws/install/arduinobot_controller/local/lib/python3.10/dist-packages/arduinobot_controller-0.0.0-py3.10.egg-info/dependency_links.txt
-- Installing: /home/shivam/arduinobot_ws/install/arduinobot_controller/local/lib/python3.10/dist-packages/arduinobot_controller-0.0.0-py3.10.egg-info/top_level.txt
-- Installing: /home/shivam/arduinobot_ws/install/arduinobot_controller/local/lib/python3.10/dist-packages/arduinobot_controller-0.0.0-py3.10.egg-info/PKG-INFO
-- Up-to-date: /home/shivam/arduinobot_ws/install/arduinobot_controller/local/lib/python3.10/dist-packages/arduinobot_controller
-- Up-to-date: /home/shivam/arduinobot_ws/install/arduinobot_controller/local/lib/python3.10/dist-packages/arduinobot_controller/__init__.py
-- Up-to-date: /home/shivam/arduinobot_ws/install/arduinobot_controller/local/lib/python3.10/dist-packages/arduinobot_controller/slider_control.py
Listing '/home/shivam/arduinobot_ws/install/arduinobot_controller/local/lib/python3.10/dist-packages/arduinobot_controller'...
-- Installing: /home/shivam/arduinobot_ws/install/arduinobot_controller/lib/arduinobot_controller/slider_control
-- Set runtime path of "/home/shivam/arduinobot_ws/install/arduinobot_controller/lib/arduinobot_controller/slider_control" to ""
-- Up-to-date: /home/shivam/arduinobot_ws/install/arduinobot_controller/lib/libarduinobot_controller.so
-- Up-to-date: /home/shivam/arduinobot_ws/install/arduinobot_controller/include/include
-- Up-to-date: /home/shivam/arduinobot_ws/install/arduinobot_controller/include/include/arduinobot_controller
-- Up-to-date: /home/shivam/arduinobot_ws/install/arduinobot_controller/include/include/arduinobot_controller/arduinobot_interface.hpp
-- Up-to-date: /home/shivam/arduinobot_ws/install/arduinobot_controller/share/arduinobot_controller/launch
-- Up-to-date: /home/shivam/arduinobot_ws/install/arduinobot_controller/share/arduinobot_controller/launch/controller.launch.py
-- Up-to-date: /home/shivam/arduinobot_ws/install/arduinobot_controller/share/arduinobot_controller/launch/slider_controller.launch.py
-- Up-to-date: /home/shivam/arduinobot_ws/install/arduinobot_controller/share/arduinobot_controller/config
-- Up-to-date: /home/shivam/arduinobot_ws/install/arduinobot_controller/share/arduinobot_controller/config/arduinobot_controllers.yaml
-- Up-to-date: /home/shivam/arduinobot_ws/install/arduinobot_controller/lib/arduinobot_controller/slider_control.py
-- Up-to-date: /home/shivam/arduinobot_ws/install/arduinobot_controller/share/arduinobot_controller/environment/library_path.sh
-- Installing: /home/shivam/arduinobot_ws/install/arduinobot_controller/share/arduinobot_controller/environment/library_path.dsv
-- Up-to-date: /home/shivam/arduinobot_ws/install/arduinobot_controller/share/ament_index/resource_index/package_run_dependencies/arduinobot_controller
-- Up-to-date: /home/shivam/arduinobot_ws/install/arduinobot_controller/share/ament_index/resource_index/parent_prefix_path/arduinobot_controller
-- Up-to-date: /home/shivam/arduinobot_ws/install/arduinobot_controller/share/arduinobot_controller/environment/ament_prefix_path.sh
-- Installing: /home/shivam/arduinobot_ws/install/arduinobot_controller/share/arduinobot_controller/environment/ament_prefix_path.dsv
-- Up-to-date: /home/shivam/arduinobot_ws/install/arduinobot_controller/share/arduinobot_controller/environment/path.sh
-- Installing: /home/shivam/arduinobot_ws/install/arduinobot_controller/share/arduinobot_controller/environment/path.dsv
-- Up-to-date: /home/shivam/arduinobot_ws/install/arduinobot_controller/share/arduinobot_controller/local_setup.bash
-- Up-to-date: /home/shivam/arduinobot_ws/install/arduinobot_controller/share/arduinobot_controller/local_setup.sh
-- Up-to-date: /home/shivam/arduinobot_ws/install/arduinobot_controller/share/arduinobot_controller/local_setup.zsh
-- Installing: /home/shivam/arduinobot_ws/install/arduinobot_controller/share/arduinobot_controller/local_setup.dsv
-- Installing: /home/shivam/arduinobot_ws/install/arduinobot_controller/share/arduinobot_controller/package.dsv
-- Up-to-date: /home/shivam/arduinobot_ws/install/arduinobot_controller/share/ament_index/resource_index/packages/arduinobot_controller
-- Up-to-date: /home/shivam/arduinobot_ws/install/arduinobot_controller/share/ament_index/resource_index/hardware_interface__pluginlib__plugin/arduinobot_controller
-- Up-to-date: /home/shivam/arduinobot_ws/install/arduinobot_controller/share/arduinobot_controller/cmake/ament_cmake_export_include_directories-extras.cmake
-- Up-to-date: /home/shivam/arduinobot_ws/install/arduinobot_controller/share/arduinobot_controller/cmake/ament_cmake_export_libraries-extras.cmake
-- Up-to-date: /home/shivam/arduinobot_ws/install/arduinobot_controller/share/arduinobot_controller/cmake/ament_cmake_export_dependencies-extras.cmake
-- Up-to-date: /home/shivam/arduinobot_ws/install/arduinobot_controller/share/arduinobot_controller/cmake/arduinobot_controllerConfig.cmake
-- Up-to-date: /home/shivam/arduinobot_ws/install/arduinobot_controller/share/arduinobot_controller/cmake/arduinobot_controllerConfig-version.cmake
-- Up-to-date: /home/shivam/arduinobot_ws/install/arduinobot_controller/share/arduinobot_controller/package.xml
