Traceback (most recent call last):
  File "/home/shivam/arduinobot_ws/build/arduinobot_remote/ament_cmake_python/arduinobot_remote/setup.py", line 1, in <module>
    from setuptools import find_packages
  File "/usr/lib/python3/dist-packages/setuptools/__init__.py", line 242, in <module>
    monkey.patch_all()
  File "/usr/lib/python3/dist-packages/setuptools/monkey.py", line 99, in patch_all
    patch_for_msvc_specialized_compiler()
  File "/usr/lib/python3/dist-packages/setuptools/monkey.py", line 136, in patch_for_msvc_specialized_compiler
    msvc = import_module('setuptools.msvc')
  File "/usr/lib/python3.10/importlib/__init__.py", line 126, in import_module
    return _bootstrap._gcd_import(name[level:], package, level)
  File "/usr/lib/python3/dist-packages/setuptools/msvc.py", line 22, in <module>
    import json
  File "/usr/lib/python3.10/json/__init__.py", line 106, in <module>
    from .decoder import JSONDecoder, JSONDecodeError
  File "/usr/lib/python3.10/json/decoder.py", line 5, in <module>
    from json import scanner
  File "<frozen importlib._bootstrap>", line 1027, in _find_and_load
  File "<frozen importlib._bootstrap>", line 1006, in _find_and_load_unlocked
  File "<frozen importlib._bootstrap>", line 688, in _load_unlocked
  File "<frozen importlib._bootstrap_external>", line 879, in exec_module
  File "<frozen importlib._bootstrap_external>", line 985, in get_code
KeyboardInterrupt
gmake[2]: *** [CMakeFiles/ament_cmake_python_build_arduinobot_remote_egg.dir/build.make:70: CMakeFiles/ament_cmake_python_build_arduinobot_remote_egg] Interrupt
gmake[1]: *** [CMakeFiles/Makefile2:220: CMakeFiles/ament_cmake_python_build_arduinobot_remote_egg.dir/all] Interrupt
gmake: *** [Makefile:146: all] Interrupt
