[0.984s] Invoking command in '/home/shivam/arduinobot_ws/src/arduinobot_py_examples': PYTHONPATH=/home/shivam/arduinobot_ws/build/arduinobot_py_examples/prefix_override:/home/shivam/arduinobot_ws/install/arduinobot_py_examples/lib/python3.10/site-packages:${PYTHONPATH} /usr/bin/python3 setup.py egg_info --egg-base ../../build/arduinobot_py_examples build --build-base /home/shivam/arduinobot_ws/build/arduinobot_py_examples/build install --record /home/shivam/arduinobot_ws/build/arduinobot_py_examples/install.log --single-version-externally-managed
[1.274s] running egg_info
[1.274s] creating ../../build/arduinobot_py_examples/arduinobot_py_examples.egg-info
[1.275s] writing ../../build/arduinobot_py_examples/arduinobot_py_examples.egg-info/PKG-INFO
[1.275s] writing dependency_links to ../../build/arduinobot_py_examples/arduinobot_py_examples.egg-info/dependency_links.txt
[1.275s] writing entry points to ../../build/arduinobot_py_examples/arduinobot_py_examples.egg-info/entry_points.txt
[1.275s] writing requirements to ../../build/arduinobot_py_examples/arduinobot_py_examples.egg-info/requires.txt
[1.275s] writing top-level names to ../../build/arduinobot_py_examples/arduinobot_py_examples.egg-info/top_level.txt
[1.276s] writing manifest file '../../build/arduinobot_py_examples/arduinobot_py_examples.egg-info/SOURCES.txt'
[1.278s] reading manifest file '../../build/arduinobot_py_examples/arduinobot_py_examples.egg-info/SOURCES.txt'
[1.279s] writing manifest file '../../build/arduinobot_py_examples/arduinobot_py_examples.egg-info/SOURCES.txt'
[1.279s] running build
[1.279s] running build_py
[1.279s] creating /home/shivam/arduinobot_ws/build/arduinobot_py_examples/build
[1.280s] creating /home/shivam/arduinobot_ws/build/arduinobot_py_examples/build/lib
[1.280s] creating /home/shivam/arduinobot_ws/build/arduinobot_py_examples/build/lib/arduinobot_py_examples
[1.280s] copying arduinobot_py_examples/__init__.py -> /home/shivam/arduinobot_ws/build/arduinobot_py_examples/build/lib/arduinobot_py_examples
[1.280s] running install
[1.281s] running install_lib
[1.281s] creating /home/shivam/arduinobot_ws/install/arduinobot_py_examples/lib/python3.10/site-packages/arduinobot_py_examples
[1.281s] copying /home/shivam/arduinobot_ws/build/arduinobot_py_examples/build/lib/arduinobot_py_examples/__init__.py -> /home/shivam/arduinobot_ws/install/arduinobot_py_examples/lib/python3.10/site-packages/arduinobot_py_examples
[1.282s] byte-compiling /home/shivam/arduinobot_ws/install/arduinobot_py_examples/lib/python3.10/site-packages/arduinobot_py_examples/__init__.py to __init__.cpython-310.pyc
[1.282s] running install_data
[1.283s] creating /home/shivam/arduinobot_ws/install/arduinobot_py_examples/share/ament_index
[1.283s] creating /home/shivam/arduinobot_ws/install/arduinobot_py_examples/share/ament_index/resource_index
[1.284s] creating /home/shivam/arduinobot_ws/install/arduinobot_py_examples/share/ament_index/resource_index/packages
[1.284s] copying resource/arduinobot_py_examples -> /home/shivam/arduinobot_ws/install/arduinobot_py_examples/share/ament_index/resource_index/packages
[1.284s] copying package.xml -> /home/shivam/arduinobot_ws/install/arduinobot_py_examples/share/arduinobot_py_examples
[1.284s] running install_egg_info
[1.287s] Copying ../../build/arduinobot_py_examples/arduinobot_py_examples.egg-info to /home/shivam/arduinobot_ws/install/arduinobot_py_examples/lib/python3.10/site-packages/arduinobot_py_examples-0.0.0-py3.10.egg-info
[1.288s] running install_scripts
[1.310s] writing list of installed files to '/home/shivam/arduinobot_ws/build/arduinobot_py_examples/install.log'
[1.347s] Invoked command in '/home/shivam/arduinobot_ws/src/arduinobot_py_examples' returned '0': PYTHONPATH=/home/shivam/arduinobot_ws/build/arduinobot_py_examples/prefix_override:/home/shivam/arduinobot_ws/install/arduinobot_py_examples/lib/python3.10/site-packages:${PYTHONPATH} /usr/bin/python3 setup.py egg_info --egg-base ../../build/arduinobot_py_examples build --build-base /home/shivam/arduinobot_ws/build/arduinobot_py_examples/build install --record /home/shivam/arduinobot_ws/build/arduinobot_py_examples/install.log --single-version-externally-managed
