[1.088s] DEBUG:colcon:Command line arguments: ['/usr/bin/colcon', 'build']
[1.089s] DEBUG:colcon:Parsed command line arguments: Namespace(log_base=None, log_level=None, verb_name='build', build_base='build', install_base='install', merge_install=False, symlink_install=False, test_result_base=None, continue_on_error=False, executor='parallel', parallel_workers=12, event_handlers=None, ignore_user_meta=False, metas=['./colcon.meta'], base_paths=['.'], packages_ignore=None, packages_ignore_regex=None, paths=None, packages_up_to=None, packages_up_to_regex=None, packages_above=None, packages_above_and_dependencies=None, packages_above_depth=None, packages_select_by_dep=None, packages_skip_by_dep=None, packages_skip_up_to=None, packages_select_build_failed=False, packages_skip_build_finished=False, packages_select_test_failures=False, packages_skip_test_passed=False, packages_select=None, packages_skip=None, packages_select_regex=None, packages_skip_regex=None, packages_start=None, packages_end=None, allow_overriding=[], cmake_args=None, cmake_target=None, cmake_target_skip_unavailable=False, cmake_clean_cache=False, cmake_clean_first=False, cmake_force_configure=False, ament_cmake_args=None, catkin_cmake_args=None, catkin_skip_building_tests=False, verb_parser=<colcon_defaults.argument_parser.defaults.DefaultArgumentsDecorator object at 0x7fed237eaaa0>, verb_extension=<colcon_core.verb.build.BuildVerb object at 0x7fed2383ad40>, main=<bound method BuildVerb.main of <colcon_core.verb.build.BuildVerb object at 0x7fed2383ad40>>)
[1.139s] Level 1:colcon.colcon_core.package_discovery:discover_packages(colcon_meta) check parameters
[1.139s] Level 1:colcon.colcon_core.package_discovery:discover_packages(recursive) check parameters
[1.139s] Level 1:colcon.colcon_core.package_discovery:discover_packages(ignore) check parameters
[1.139s] Level 1:colcon.colcon_core.package_discovery:discover_packages(path) check parameters
[1.139s] Level 1:colcon.colcon_core.package_discovery:discover_packages(colcon_meta) discover
[1.140s] Level 1:colcon.colcon_core.package_discovery:discover_packages(recursive) discover
[1.140s] INFO:colcon.colcon_core.package_discovery:Crawling recursively for packages in '/home/shivam/arduinobot_ws/src/my_robot_bringup'
[1.140s] Level 1:colcon.colcon_core.package_identification:_identify(.) by extensions ['ignore', 'ignore_ament_install']
[1.140s] Level 1:colcon.colcon_core.package_identification:_identify(.) by extension 'ignore'
[1.140s] Level 1:colcon.colcon_core.package_identification:_identify(.) by extension 'ignore_ament_install'
[1.140s] Level 1:colcon.colcon_core.package_identification:_identify(.) by extensions ['colcon_pkg']
[1.140s] Level 1:colcon.colcon_core.package_identification:_identify(.) by extension 'colcon_pkg'
[1.140s] Level 1:colcon.colcon_core.package_identification:_identify(.) by extensions ['colcon_meta']
[1.140s] Level 1:colcon.colcon_core.package_identification:_identify(.) by extension 'colcon_meta'
[1.140s] Level 1:colcon.colcon_core.package_identification:_identify(.) by extensions ['ros']
[1.140s] Level 1:colcon.colcon_core.package_identification:_identify(.) by extension 'ros'
[1.156s] DEBUG:colcon.colcon_core.package_identification:Package '.' with type 'ros.ament_cmake' and name 'my_robot_bringup'
[1.156s] Level 1:colcon.colcon_core.package_discovery:discover_packages(recursive) using defaults
[1.156s] Level 1:colcon.colcon_core.package_discovery:discover_packages(ignore) discover
[1.156s] Level 1:colcon.colcon_core.package_discovery:discover_packages(ignore) using defaults
[1.156s] Level 1:colcon.colcon_core.package_discovery:discover_packages(path) discover
[1.156s] Level 1:colcon.colcon_core.package_discovery:discover_packages(path) using defaults
[1.256s] Level 1:colcon.colcon_core.package_discovery:discover_packages(prefix_path) check parameters
[1.256s] Level 1:colcon.colcon_core.package_discovery:discover_packages(prefix_path) discover
[1.286s] DEBUG:colcon.colcon_installed_package_information.package_discovery:Found 2 installed packages in /home/shivam/arduinobot_ws/install
[1.301s] DEBUG:colcon.colcon_installed_package_information.package_discovery:Found 289 installed packages in /opt/ros/humble
[1.302s] Level 1:colcon.colcon_core.package_discovery:discover_packages(prefix_path) using defaults
[1.413s] Level 5:colcon.colcon_core.verb:set package 'my_robot_bringup' build argument 'cmake_args' from command line to 'None'
[1.413s] Level 5:colcon.colcon_core.verb:set package 'my_robot_bringup' build argument 'cmake_target' from command line to 'None'
[1.413s] Level 5:colcon.colcon_core.verb:set package 'my_robot_bringup' build argument 'cmake_target_skip_unavailable' from command line to 'False'
[1.413s] Level 5:colcon.colcon_core.verb:set package 'my_robot_bringup' build argument 'cmake_clean_cache' from command line to 'False'
[1.413s] Level 5:colcon.colcon_core.verb:set package 'my_robot_bringup' build argument 'cmake_clean_first' from command line to 'False'
[1.413s] Level 5:colcon.colcon_core.verb:set package 'my_robot_bringup' build argument 'cmake_force_configure' from command line to 'False'
[1.413s] Level 5:colcon.colcon_core.verb:set package 'my_robot_bringup' build argument 'ament_cmake_args' from command line to 'None'
[1.413s] Level 5:colcon.colcon_core.verb:set package 'my_robot_bringup' build argument 'catkin_cmake_args' from command line to 'None'
[1.413s] Level 5:colcon.colcon_core.verb:set package 'my_robot_bringup' build argument 'catkin_skip_building_tests' from command line to 'False'
[1.414s] DEBUG:colcon.colcon_core.verb:Building package 'my_robot_bringup' with the following arguments: {'ament_cmake_args': None, 'build_base': '/home/shivam/arduinobot_ws/src/my_robot_bringup/build/my_robot_bringup', 'catkin_cmake_args': None, 'catkin_skip_building_tests': False, 'cmake_args': None, 'cmake_clean_cache': False, 'cmake_clean_first': False, 'cmake_force_configure': False, 'cmake_target': None, 'cmake_target_skip_unavailable': False, 'install_base': '/home/shivam/arduinobot_ws/src/my_robot_bringup/install/my_robot_bringup', 'merge_install': False, 'path': '/home/shivam/arduinobot_ws/src/my_robot_bringup', 'symlink_install': False, 'test_result_base': None}
[1.427s] INFO:colcon.colcon_core.executor:Executing jobs using 'parallel' executor
[1.448s] DEBUG:colcon.colcon_parallel_executor.executor.parallel:run_until_complete
[1.449s] INFO:colcon.colcon_ros.task.ament_cmake.build:Building ROS package in '/home/shivam/arduinobot_ws/src/my_robot_bringup' with build type 'ament_cmake'
[1.449s] INFO:colcon.colcon_cmake.task.cmake.build:Building CMake package in '/home/shivam/arduinobot_ws/src/my_robot_bringup'
[1.465s] INFO:colcon.colcon_core.plugin_system:Skipping extension 'colcon_core.shell.bat': Not used on non-Windows systems
[1.465s] INFO:colcon.colcon_core.shell:Skip shell extension 'powershell' for command environment: Not usable outside of PowerShell
[1.466s] DEBUG:colcon.colcon_core.shell:Skip shell extension 'dsv' for command environment
[1.544s] DEBUG:colcon.colcon_core.event_handler.log_command:Invoking command in '/home/shivam/arduinobot_ws/src/my_robot_bringup/build/my_robot_bringup': CMAKE_PREFIX_PATH=${CMAKE_PREFIX_PATH}:/home/shivam/arduinobot_ws/install/arduinobot_py_examples:/opt/ros/humble /usr/bin/cmake /home/shivam/arduinobot_ws/src/my_robot_bringup -DCMAKE_INSTALL_PREFIX=/home/shivam/arduinobot_ws/src/my_robot_bringup/install/my_robot_bringup
[3.954s] DEBUG:colcon.colcon_core.event_handler.log_command:Invoked command in '/home/shivam/arduinobot_ws/src/my_robot_bringup/build/my_robot_bringup' returned '0': CMAKE_PREFIX_PATH=${CMAKE_PREFIX_PATH}:/home/shivam/arduinobot_ws/install/arduinobot_py_examples:/opt/ros/humble /usr/bin/cmake /home/shivam/arduinobot_ws/src/my_robot_bringup -DCMAKE_INSTALL_PREFIX=/home/shivam/arduinobot_ws/src/my_robot_bringup/install/my_robot_bringup
[3.955s] DEBUG:colcon.colcon_core.event_handler.log_command:Invoking command in '/home/shivam/arduinobot_ws/src/my_robot_bringup/build/my_robot_bringup': CMAKE_PREFIX_PATH=${CMAKE_PREFIX_PATH}:/home/shivam/arduinobot_ws/install/arduinobot_py_examples:/opt/ros/humble /usr/bin/cmake --build /home/shivam/arduinobot_ws/src/my_robot_bringup/build/my_robot_bringup -- -j12 -l12
[4.006s] DEBUG:colcon.colcon_core.event_handler.log_command:Invoked command in '/home/shivam/arduinobot_ws/src/my_robot_bringup/build/my_robot_bringup' returned '0': CMAKE_PREFIX_PATH=${CMAKE_PREFIX_PATH}:/home/shivam/arduinobot_ws/install/arduinobot_py_examples:/opt/ros/humble /usr/bin/cmake --build /home/shivam/arduinobot_ws/src/my_robot_bringup/build/my_robot_bringup -- -j12 -l12
[4.043s] DEBUG:colcon.colcon_core.event_handler.log_command:Invoking command in '/home/shivam/arduinobot_ws/src/my_robot_bringup/build/my_robot_bringup': CMAKE_PREFIX_PATH=${CMAKE_PREFIX_PATH}:/home/shivam/arduinobot_ws/install/arduinobot_py_examples:/opt/ros/humble /usr/bin/cmake --install /home/shivam/arduinobot_ws/src/my_robot_bringup/build/my_robot_bringup
[4.061s] Level 1:colcon.colcon_core.environment:create_environment_scripts_only(my_robot_bringup)
[4.062s] DEBUG:colcon.colcon_core.event_handler.log_command:Invoked command in '/home/shivam/arduinobot_ws/src/my_robot_bringup/build/my_robot_bringup' returned '0': CMAKE_PREFIX_PATH=${CMAKE_PREFIX_PATH}:/home/shivam/arduinobot_ws/install/arduinobot_py_examples:/opt/ros/humble /usr/bin/cmake --install /home/shivam/arduinobot_ws/src/my_robot_bringup/build/my_robot_bringup
[4.077s] Level 1:colcon.colcon_core.environment:checking '/home/shivam/arduinobot_ws/src/my_robot_bringup/install/my_robot_bringup' for CMake module files
[4.078s] Level 1:colcon.colcon_core.environment:checking '/home/shivam/arduinobot_ws/src/my_robot_bringup/install/my_robot_bringup' for CMake config files
[4.078s] Level 1:colcon.colcon_core.shell:create_environment_hook('my_robot_bringup', 'cmake_prefix_path')
[4.094s] INFO:colcon.colcon_core.shell:Creating environment hook '/home/shivam/arduinobot_ws/src/my_robot_bringup/install/my_robot_bringup/share/my_robot_bringup/hook/cmake_prefix_path.ps1'
[4.104s] INFO:colcon.colcon_core.shell:Creating environment descriptor '/home/shivam/arduinobot_ws/src/my_robot_bringup/install/my_robot_bringup/share/my_robot_bringup/hook/cmake_prefix_path.dsv'
[4.112s] INFO:colcon.colcon_core.shell:Creating environment hook '/home/shivam/arduinobot_ws/src/my_robot_bringup/install/my_robot_bringup/share/my_robot_bringup/hook/cmake_prefix_path.sh'
[4.113s] Level 1:colcon.colcon_core.environment:checking '/home/shivam/arduinobot_ws/src/my_robot_bringup/install/my_robot_bringup/bin'
[4.114s] Level 1:colcon.colcon_core.environment:checking '/home/shivam/arduinobot_ws/src/my_robot_bringup/install/my_robot_bringup/lib/pkgconfig/my_robot_bringup.pc'
[4.114s] Level 1:colcon.colcon_core.environment:checking '/home/shivam/arduinobot_ws/src/my_robot_bringup/install/my_robot_bringup/lib/python3.10/site-packages'
[4.115s] Level 1:colcon.colcon_core.environment:checking '/home/shivam/arduinobot_ws/src/my_robot_bringup/install/my_robot_bringup/bin'
[4.160s] INFO:colcon.colcon_core.shell:Creating package script '/home/shivam/arduinobot_ws/src/my_robot_bringup/install/my_robot_bringup/share/my_robot_bringup/package.ps1'
[4.162s] INFO:colcon.colcon_core.shell:Creating package descriptor '/home/shivam/arduinobot_ws/src/my_robot_bringup/install/my_robot_bringup/share/my_robot_bringup/package.dsv'
[4.162s] INFO:colcon.colcon_core.shell:Creating package script '/home/shivam/arduinobot_ws/src/my_robot_bringup/install/my_robot_bringup/share/my_robot_bringup/package.sh'
[4.164s] INFO:colcon.colcon_core.shell:Creating package script '/home/shivam/arduinobot_ws/src/my_robot_bringup/install/my_robot_bringup/share/my_robot_bringup/package.bash'
[4.165s] INFO:colcon.colcon_core.shell:Creating package script '/home/shivam/arduinobot_ws/src/my_robot_bringup/install/my_robot_bringup/share/my_robot_bringup/package.zsh'
[4.166s] Level 1:colcon.colcon_core.environment:create_file_with_runtime_dependencies(/home/shivam/arduinobot_ws/src/my_robot_bringup/install/my_robot_bringup/share/colcon-core/packages/my_robot_bringup)
[4.206s] Level 1:colcon.colcon_core.environment:create_environment_scripts_only(my_robot_bringup)
[4.222s] Level 1:colcon.colcon_core.environment:checking '/home/shivam/arduinobot_ws/src/my_robot_bringup/install/my_robot_bringup' for CMake module files
[4.223s] Level 1:colcon.colcon_core.environment:checking '/home/shivam/arduinobot_ws/src/my_robot_bringup/install/my_robot_bringup' for CMake config files
[4.223s] Level 1:colcon.colcon_core.shell:create_environment_hook('my_robot_bringup', 'cmake_prefix_path')
[4.236s] INFO:colcon.colcon_core.shell:Creating environment hook '/home/shivam/arduinobot_ws/src/my_robot_bringup/install/my_robot_bringup/share/my_robot_bringup/hook/cmake_prefix_path.ps1'
[4.236s] INFO:colcon.colcon_core.shell:Creating environment descriptor '/home/shivam/arduinobot_ws/src/my_robot_bringup/install/my_robot_bringup/share/my_robot_bringup/hook/cmake_prefix_path.dsv'
[4.237s] INFO:colcon.colcon_core.shell:Creating environment hook '/home/shivam/arduinobot_ws/src/my_robot_bringup/install/my_robot_bringup/share/my_robot_bringup/hook/cmake_prefix_path.sh'
[4.237s] Level 1:colcon.colcon_core.environment:checking '/home/shivam/arduinobot_ws/src/my_robot_bringup/install/my_robot_bringup/bin'
[4.237s] Level 1:colcon.colcon_core.environment:checking '/home/shivam/arduinobot_ws/src/my_robot_bringup/install/my_robot_bringup/lib/pkgconfig/my_robot_bringup.pc'
[4.238s] Level 1:colcon.colcon_core.environment:checking '/home/shivam/arduinobot_ws/src/my_robot_bringup/install/my_robot_bringup/lib/python3.10/site-packages'
[4.238s] Level 1:colcon.colcon_core.environment:checking '/home/shivam/arduinobot_ws/src/my_robot_bringup/install/my_robot_bringup/bin'
[4.251s] INFO:colcon.colcon_core.shell:Creating package script '/home/shivam/arduinobot_ws/src/my_robot_bringup/install/my_robot_bringup/share/my_robot_bringup/package.ps1'
[4.252s] INFO:colcon.colcon_core.shell:Creating package descriptor '/home/shivam/arduinobot_ws/src/my_robot_bringup/install/my_robot_bringup/share/my_robot_bringup/package.dsv'
[4.253s] INFO:colcon.colcon_core.shell:Creating package script '/home/shivam/arduinobot_ws/src/my_robot_bringup/install/my_robot_bringup/share/my_robot_bringup/package.sh'
[4.253s] INFO:colcon.colcon_core.shell:Creating package script '/home/shivam/arduinobot_ws/src/my_robot_bringup/install/my_robot_bringup/share/my_robot_bringup/package.bash'
[4.254s] INFO:colcon.colcon_core.shell:Creating package script '/home/shivam/arduinobot_ws/src/my_robot_bringup/install/my_robot_bringup/share/my_robot_bringup/package.zsh'
[4.254s] Level 1:colcon.colcon_core.environment:create_file_with_runtime_dependencies(/home/shivam/arduinobot_ws/src/my_robot_bringup/install/my_robot_bringup/share/colcon-core/packages/my_robot_bringup)
[4.255s] DEBUG:colcon.colcon_parallel_executor.executor.parallel:closing loop
[4.255s] DEBUG:colcon.colcon_parallel_executor.executor.parallel:loop closed
[4.256s] DEBUG:colcon.colcon_parallel_executor.executor.parallel:run_until_complete finished with '0'
[4.256s] DEBUG:colcon.colcon_core.event_reactor:joining thread
[4.381s] INFO:colcon.colcon_core.plugin_system:Skipping extension 'colcon_notification.desktop_notification.notify_send': Could not find 'notify-send'
[4.382s] INFO:colcon.colcon_core.plugin_system:Skipping extension 'colcon_notification.desktop_notification.terminal_notifier': Not used on non-Darwin systems
[4.382s] INFO:colcon.colcon_core.plugin_system:Skipping extension 'colcon_notification.desktop_notification.win32': Not used on non-Windows systems
[4.382s] INFO:colcon.colcon_notification.desktop_notification:Sending desktop notification using 'notify2'
[4.384s] DEBUG:colcon.colcon_notification.desktop_notification.notify2:Failed to initialize notify2: org.freedesktop.DBus.Error.ServiceUnknown: The name org.freedesktop.Notifications was not provided by any .service files
[4.384s] DEBUG:colcon.colcon_core.event_reactor:joined thread
[4.408s] INFO:colcon.colcon_core.shell:Creating prefix script '/home/shivam/arduinobot_ws/src/my_robot_bringup/install/local_setup.ps1'
[4.409s] INFO:colcon.colcon_core.shell:Creating prefix util module '/home/shivam/arduinobot_ws/src/my_robot_bringup/install/_local_setup_util_ps1.py'
[4.411s] INFO:colcon.colcon_core.shell:Creating prefix chain script '/home/shivam/arduinobot_ws/src/my_robot_bringup/install/setup.ps1'
[4.426s] INFO:colcon.colcon_core.shell:Creating prefix script '/home/shivam/arduinobot_ws/src/my_robot_bringup/install/local_setup.sh'
[4.427s] INFO:colcon.colcon_core.shell:Creating prefix util module '/home/shivam/arduinobot_ws/src/my_robot_bringup/install/_local_setup_util_sh.py'
[4.428s] INFO:colcon.colcon_core.shell:Creating prefix chain script '/home/shivam/arduinobot_ws/src/my_robot_bringup/install/setup.sh'
[4.445s] INFO:colcon.colcon_core.shell:Creating prefix script '/home/shivam/arduinobot_ws/src/my_robot_bringup/install/local_setup.bash'
[4.446s] INFO:colcon.colcon_core.shell:Creating prefix chain script '/home/shivam/arduinobot_ws/src/my_robot_bringup/install/setup.bash'
[4.461s] INFO:colcon.colcon_core.shell:Creating prefix script '/home/shivam/arduinobot_ws/src/my_robot_bringup/install/local_setup.zsh'
[4.462s] INFO:colcon.colcon_core.shell:Creating prefix chain script '/home/shivam/arduinobot_ws/src/my_robot_bringup/install/setup.zsh'
