[0.632s] DEBUG:colcon:Command line arguments: ['/usr/bin/colcon', 'build']
[0.632s] DEBUG:colcon:Parsed command line arguments: Namespace(log_base=None, log_level=None, verb_name='build', build_base='build', install_base='install', merge_install=False, symlink_install=False, test_result_base=None, continue_on_error=False, executor='parallel', parallel_workers=12, event_handlers=None, ignore_user_meta=False, metas=['./colcon.meta'], base_paths=['.'], packages_ignore=None, packages_ignore_regex=None, paths=None, packages_up_to=None, packages_up_to_regex=None, packages_above=None, packages_above_and_dependencies=None, packages_above_depth=None, packages_select_by_dep=None, packages_skip_by_dep=None, packages_skip_up_to=None, packages_select_build_failed=False, packages_skip_build_finished=False, packages_select_test_failures=False, packages_skip_test_passed=False, packages_select=None, packages_skip=None, packages_select_regex=None, packages_skip_regex=None, packages_start=None, packages_end=None, allow_overriding=[], cmake_args=None, cmake_target=None, cmake_target_skip_unavailable=False, cmake_clean_cache=False, cmake_clean_first=False, cmake_force_configure=False, ament_cmake_args=None, catkin_cmake_args=None, catkin_skip_building_tests=False, verb_parser=<colcon_defaults.argument_parser.defaults.DefaultArgumentsDecorator object at 0x7f55a1ebf8b0>, verb_extension=<colcon_core.verb.build.BuildVerb object at 0x7f55a231ed70>, main=<bound method BuildVerb.main of <colcon_core.verb.build.BuildVerb object at 0x7f55a231ed70>>)
[0.666s] Level 1:colcon.colcon_core.package_discovery:discover_packages(colcon_meta) check parameters
[0.666s] Level 1:colcon.colcon_core.package_discovery:discover_packages(recursive) check parameters
[0.666s] Level 1:colcon.colcon_core.package_discovery:discover_packages(ignore) check parameters
[0.666s] Level 1:colcon.colcon_core.package_discovery:discover_packages(path) check parameters
[0.666s] Level 1:colcon.colcon_core.package_discovery:discover_packages(colcon_meta) discover
[0.666s] Level 1:colcon.colcon_core.package_discovery:discover_packages(recursive) discover
[0.666s] INFO:colcon.colcon_core.package_discovery:Crawling recursively for packages in '/home/shivam/arduinobot_ws'
[0.666s] Level 1:colcon.colcon_core.package_identification:_identify(.) by extensions ['ignore', 'ignore_ament_install']
[0.666s] Level 1:colcon.colcon_core.package_identification:_identify(.) by extension 'ignore'
[0.666s] Level 1:colcon.colcon_core.package_identification:_identify(.) by extension 'ignore_ament_install'
[0.666s] Level 1:colcon.colcon_core.package_identification:_identify(.) by extensions ['colcon_pkg']
[0.667s] Level 1:colcon.colcon_core.package_identification:_identify(.) by extension 'colcon_pkg'
[0.667s] Level 1:colcon.colcon_core.package_identification:_identify(.) by extensions ['colcon_meta']
[0.667s] Level 1:colcon.colcon_core.package_identification:_identify(.) by extension 'colcon_meta'
[0.667s] Level 1:colcon.colcon_core.package_identification:_identify(.) by extensions ['ros']
[0.667s] Level 1:colcon.colcon_core.package_identification:_identify(.) by extension 'ros'
[0.677s] Level 1:colcon.colcon_core.package_identification:_identify(.) by extensions ['cmake', 'python']
[0.677s] Level 1:colcon.colcon_core.package_identification:_identify(.) by extension 'cmake'
[0.677s] Level 1:colcon.colcon_core.package_identification:_identify(.) by extension 'python'
[0.677s] Level 1:colcon.colcon_core.package_identification:_identify(.) by extensions ['python_setup_py']
[0.677s] Level 1:colcon.colcon_core.package_identification:_identify(.) by extension 'python_setup_py'
[0.677s] Level 1:colcon.colcon_core.package_identification:_identify(build) by extensions ['ignore', 'ignore_ament_install']
[0.677s] Level 1:colcon.colcon_core.package_identification:_identify(build) by extension 'ignore'
[0.677s] Level 1:colcon.colcon_core.package_identification:_identify(build) ignored
[0.677s] Level 1:colcon.colcon_core.package_identification:_identify(install) by extensions ['ignore', 'ignore_ament_install']
[0.677s] Level 1:colcon.colcon_core.package_identification:_identify(install) by extension 'ignore'
[0.677s] Level 1:colcon.colcon_core.package_identification:_identify(install) ignored
[0.678s] Level 1:colcon.colcon_core.package_identification:_identify(log) by extensions ['ignore', 'ignore_ament_install']
[0.678s] Level 1:colcon.colcon_core.package_identification:_identify(log) by extension 'ignore'
[0.678s] Level 1:colcon.colcon_core.package_identification:_identify(log) ignored
[0.678s] Level 1:colcon.colcon_core.package_identification:_identify(src) by extensions ['ignore', 'ignore_ament_install']
[0.678s] Level 1:colcon.colcon_core.package_identification:_identify(src) by extension 'ignore'
[0.678s] Level 1:colcon.colcon_core.package_identification:_identify(src) by extension 'ignore_ament_install'
[0.678s] Level 1:colcon.colcon_core.package_identification:_identify(src) by extensions ['colcon_pkg']
[0.678s] Level 1:colcon.colcon_core.package_identification:_identify(src) by extension 'colcon_pkg'
[0.678s] Level 1:colcon.colcon_core.package_identification:_identify(src) by extensions ['colcon_meta']
[0.678s] Level 1:colcon.colcon_core.package_identification:_identify(src) by extension 'colcon_meta'
[0.678s] Level 1:colcon.colcon_core.package_identification:_identify(src) by extensions ['ros']
[0.678s] Level 1:colcon.colcon_core.package_identification:_identify(src) by extension 'ros'
[0.678s] Level 1:colcon.colcon_core.package_identification:_identify(src) by extensions ['cmake', 'python']
[0.678s] Level 1:colcon.colcon_core.package_identification:_identify(src) by extension 'cmake'
[0.678s] Level 1:colcon.colcon_core.package_identification:_identify(src) by extension 'python'
[0.678s] Level 1:colcon.colcon_core.package_identification:_identify(src) by extensions ['python_setup_py']
[0.678s] Level 1:colcon.colcon_core.package_identification:_identify(src) by extension 'python_setup_py'
[0.678s] Level 1:colcon.colcon_core.package_identification:_identify(src/arduinobot_controller) by extensions ['ignore', 'ignore_ament_install']
[0.679s] Level 1:colcon.colcon_core.package_identification:_identify(src/arduinobot_controller) by extension 'ignore'
[0.679s] Level 1:colcon.colcon_core.package_identification:_identify(src/arduinobot_controller) by extension 'ignore_ament_install'
[0.679s] Level 1:colcon.colcon_core.package_identification:_identify(src/arduinobot_controller) by extensions ['colcon_pkg']
[0.679s] Level 1:colcon.colcon_core.package_identification:_identify(src/arduinobot_controller) by extension 'colcon_pkg'
[0.679s] Level 1:colcon.colcon_core.package_identification:_identify(src/arduinobot_controller) by extensions ['colcon_meta']
[0.679s] Level 1:colcon.colcon_core.package_identification:_identify(src/arduinobot_controller) by extension 'colcon_meta'
[0.679s] Level 1:colcon.colcon_core.package_identification:_identify(src/arduinobot_controller) by extensions ['ros']
[0.679s] Level 1:colcon.colcon_core.package_identification:_identify(src/arduinobot_controller) by extension 'ros'
[0.681s] DEBUG:colcon.colcon_core.package_identification:Package 'src/arduinobot_controller' with type 'ros.ament_cmake' and name 'arduinobot_controller'
[0.681s] Level 1:colcon.colcon_core.package_identification:_identify(src/arduinobot_cpp_examples) by extensions ['ignore', 'ignore_ament_install']
[0.681s] Level 1:colcon.colcon_core.package_identification:_identify(src/arduinobot_cpp_examples) by extension 'ignore'
[0.681s] Level 1:colcon.colcon_core.package_identification:_identify(src/arduinobot_cpp_examples) by extension 'ignore_ament_install'
[0.681s] Level 1:colcon.colcon_core.package_identification:_identify(src/arduinobot_cpp_examples) by extensions ['colcon_pkg']
[0.681s] Level 1:colcon.colcon_core.package_identification:_identify(src/arduinobot_cpp_examples) by extension 'colcon_pkg'
[0.681s] Level 1:colcon.colcon_core.package_identification:_identify(src/arduinobot_cpp_examples) by extensions ['colcon_meta']
[0.681s] Level 1:colcon.colcon_core.package_identification:_identify(src/arduinobot_cpp_examples) by extension 'colcon_meta'
[0.681s] Level 1:colcon.colcon_core.package_identification:_identify(src/arduinobot_cpp_examples) by extensions ['ros']
[0.681s] Level 1:colcon.colcon_core.package_identification:_identify(src/arduinobot_cpp_examples) by extension 'ros'
[0.682s] DEBUG:colcon.colcon_core.package_identification:Package 'src/arduinobot_cpp_examples' with type 'ros.ament_cmake' and name 'arduinobot_cpp_examples'
[0.682s] Level 1:colcon.colcon_core.package_identification:_identify(src/arduinobot_description) by extensions ['ignore', 'ignore_ament_install']
[0.682s] Level 1:colcon.colcon_core.package_identification:_identify(src/arduinobot_description) by extension 'ignore'
[0.682s] Level 1:colcon.colcon_core.package_identification:_identify(src/arduinobot_description) by extension 'ignore_ament_install'
[0.682s] Level 1:colcon.colcon_core.package_identification:_identify(src/arduinobot_description) by extensions ['colcon_pkg']
[0.682s] Level 1:colcon.colcon_core.package_identification:_identify(src/arduinobot_description) by extension 'colcon_pkg'
[0.682s] Level 1:colcon.colcon_core.package_identification:_identify(src/arduinobot_description) by extensions ['colcon_meta']
[0.682s] Level 1:colcon.colcon_core.package_identification:_identify(src/arduinobot_description) by extension 'colcon_meta'
[0.682s] Level 1:colcon.colcon_core.package_identification:_identify(src/arduinobot_description) by extensions ['ros']
[0.682s] Level 1:colcon.colcon_core.package_identification:_identify(src/arduinobot_description) by extension 'ros'
[0.683s] DEBUG:colcon.colcon_core.package_identification:Package 'src/arduinobot_description' with type 'ros.ament_cmake' and name 'arduinobot_description'
[0.683s] Level 1:colcon.colcon_core.package_identification:_identify(src/arduinobot_msgs) by extensions ['ignore', 'ignore_ament_install']
[0.683s] Level 1:colcon.colcon_core.package_identification:_identify(src/arduinobot_msgs) by extension 'ignore'
[0.683s] Level 1:colcon.colcon_core.package_identification:_identify(src/arduinobot_msgs) by extension 'ignore_ament_install'
[0.683s] Level 1:colcon.colcon_core.package_identification:_identify(src/arduinobot_msgs) by extensions ['colcon_pkg']
[0.683s] Level 1:colcon.colcon_core.package_identification:_identify(src/arduinobot_msgs) by extension 'colcon_pkg'
[0.683s] Level 1:colcon.colcon_core.package_identification:_identify(src/arduinobot_msgs) by extensions ['colcon_meta']
[0.683s] Level 1:colcon.colcon_core.package_identification:_identify(src/arduinobot_msgs) by extension 'colcon_meta'
[0.683s] Level 1:colcon.colcon_core.package_identification:_identify(src/arduinobot_msgs) by extensions ['ros']
[0.683s] Level 1:colcon.colcon_core.package_identification:_identify(src/arduinobot_msgs) by extension 'ros'
[0.683s] DEBUG:colcon.colcon_core.package_identification:Package 'src/arduinobot_msgs' with type 'ros.ament_cmake' and name 'arduinobot_msgs'
[0.683s] Level 1:colcon.colcon_core.package_identification:_identify(src/arduinobot_py_examples) by extensions ['ignore', 'ignore_ament_install']
[0.683s] Level 1:colcon.colcon_core.package_identification:_identify(src/arduinobot_py_examples) by extension 'ignore'
[0.683s] Level 1:colcon.colcon_core.package_identification:_identify(src/arduinobot_py_examples) by extension 'ignore_ament_install'
[0.683s] Level 1:colcon.colcon_core.package_identification:_identify(src/arduinobot_py_examples) by extensions ['colcon_pkg']
[0.683s] Level 1:colcon.colcon_core.package_identification:_identify(src/arduinobot_py_examples) by extension 'colcon_pkg'
[0.683s] Level 1:colcon.colcon_core.package_identification:_identify(src/arduinobot_py_examples) by extensions ['colcon_meta']
[0.683s] Level 1:colcon.colcon_core.package_identification:_identify(src/arduinobot_py_examples) by extension 'colcon_meta'
[0.683s] Level 1:colcon.colcon_core.package_identification:_identify(src/arduinobot_py_examples) by extensions ['ros']
[0.683s] Level 1:colcon.colcon_core.package_identification:_identify(src/arduinobot_py_examples) by extension 'ros'
[0.684s] DEBUG:colcon.colcon_core.package_identification:Package 'src/arduinobot_py_examples' with type 'ros.ament_python' and name 'arduinobot_py_examples'
[0.684s] Level 1:colcon.colcon_core.package_identification:_identify(src/log) by extensions ['ignore', 'ignore_ament_install']
[0.684s] Level 1:colcon.colcon_core.package_identification:_identify(src/log) by extension 'ignore'
[0.684s] Level 1:colcon.colcon_core.package_identification:_identify(src/log) by extension 'ignore_ament_install'
[0.684s] Level 1:colcon.colcon_core.package_identification:_identify(src/log) by extensions ['colcon_pkg']
[0.684s] Level 1:colcon.colcon_core.package_identification:_identify(src/log) by extension 'colcon_pkg'
[0.684s] Level 1:colcon.colcon_core.package_identification:_identify(src/log) by extensions ['colcon_meta']
[0.684s] Level 1:colcon.colcon_core.package_identification:_identify(src/log) by extension 'colcon_meta'
[0.684s] Level 1:colcon.colcon_core.package_identification:_identify(src/log) by extensions ['ros']
[0.684s] Level 1:colcon.colcon_core.package_identification:_identify(src/log) by extension 'ros'
[0.684s] Level 1:colcon.colcon_core.package_identification:_identify(src/log) by extensions ['cmake', 'python']
[0.684s] Level 1:colcon.colcon_core.package_identification:_identify(src/log) by extension 'cmake'
[0.684s] Level 1:colcon.colcon_core.package_identification:_identify(src/log) by extension 'python'
[0.684s] Level 1:colcon.colcon_core.package_identification:_identify(src/log) by extensions ['python_setup_py']
[0.685s] Level 1:colcon.colcon_core.package_identification:_identify(src/log) by extension 'python_setup_py'
[0.685s] Level 1:colcon.colcon_core.package_discovery:discover_packages(recursive) using defaults
[0.685s] Level 1:colcon.colcon_core.package_discovery:discover_packages(ignore) discover
[0.685s] Level 1:colcon.colcon_core.package_discovery:discover_packages(ignore) using defaults
[0.685s] Level 1:colcon.colcon_core.package_discovery:discover_packages(path) discover
[0.685s] Level 1:colcon.colcon_core.package_discovery:discover_packages(path) using defaults
[0.745s] Level 1:colcon.colcon_core.package_discovery:discover_packages(prefix_path) check parameters
[0.745s] Level 1:colcon.colcon_core.package_discovery:discover_packages(prefix_path) discover
[0.763s] DEBUG:colcon.colcon_installed_package_information.package_discovery:Found 370 installed packages in /opt/ros/humble
[0.764s] Level 1:colcon.colcon_core.package_discovery:discover_packages(prefix_path) using defaults
[0.835s] Level 5:colcon.colcon_core.verb:set package 'arduinobot_controller' build argument 'cmake_args' from command line to 'None'
[0.835s] Level 5:colcon.colcon_core.verb:set package 'arduinobot_controller' build argument 'cmake_target' from command line to 'None'
[0.835s] Level 5:colcon.colcon_core.verb:set package 'arduinobot_controller' build argument 'cmake_target_skip_unavailable' from command line to 'False'
[0.835s] Level 5:colcon.colcon_core.verb:set package 'arduinobot_controller' build argument 'cmake_clean_cache' from command line to 'False'
[0.835s] Level 5:colcon.colcon_core.verb:set package 'arduinobot_controller' build argument 'cmake_clean_first' from command line to 'False'
[0.835s] Level 5:colcon.colcon_core.verb:set package 'arduinobot_controller' build argument 'cmake_force_configure' from command line to 'False'
[0.835s] Level 5:colcon.colcon_core.verb:set package 'arduinobot_controller' build argument 'ament_cmake_args' from command line to 'None'
[0.835s] Level 5:colcon.colcon_core.verb:set package 'arduinobot_controller' build argument 'catkin_cmake_args' from command line to 'None'
[0.835s] Level 5:colcon.colcon_core.verb:set package 'arduinobot_controller' build argument 'catkin_skip_building_tests' from command line to 'False'
[0.835s] DEBUG:colcon.colcon_core.verb:Building package 'arduinobot_controller' with the following arguments: {'ament_cmake_args': None, 'build_base': '/home/shivam/arduinobot_ws/build/arduinobot_controller', 'catkin_cmake_args': None, 'catkin_skip_building_tests': False, 'cmake_args': None, 'cmake_clean_cache': False, 'cmake_clean_first': False, 'cmake_force_configure': False, 'cmake_target': None, 'cmake_target_skip_unavailable': False, 'install_base': '/home/shivam/arduinobot_ws/install/arduinobot_controller', 'merge_install': False, 'path': '/home/shivam/arduinobot_ws/src/arduinobot_controller', 'symlink_install': False, 'test_result_base': None}
[0.843s] Level 5:colcon.colcon_core.verb:set package 'arduinobot_cpp_examples' build argument 'cmake_args' from command line to 'None'
[0.843s] Level 5:colcon.colcon_core.verb:set package 'arduinobot_cpp_examples' build argument 'cmake_target' from command line to 'None'
[0.843s] Level 5:colcon.colcon_core.verb:set package 'arduinobot_cpp_examples' build argument 'cmake_target_skip_unavailable' from command line to 'False'
[0.843s] Level 5:colcon.colcon_core.verb:set package 'arduinobot_cpp_examples' build argument 'cmake_clean_cache' from command line to 'False'
[0.843s] Level 5:colcon.colcon_core.verb:set package 'arduinobot_cpp_examples' build argument 'cmake_clean_first' from command line to 'False'
[0.843s] Level 5:colcon.colcon_core.verb:set package 'arduinobot_cpp_examples' build argument 'cmake_force_configure' from command line to 'False'
[0.843s] Level 5:colcon.colcon_core.verb:set package 'arduinobot_cpp_examples' build argument 'ament_cmake_args' from command line to 'None'
[0.843s] Level 5:colcon.colcon_core.verb:set package 'arduinobot_cpp_examples' build argument 'catkin_cmake_args' from command line to 'None'
[0.843s] Level 5:colcon.colcon_core.verb:set package 'arduinobot_cpp_examples' build argument 'catkin_skip_building_tests' from command line to 'False'
[0.843s] DEBUG:colcon.colcon_core.verb:Building package 'arduinobot_cpp_examples' with the following arguments: {'ament_cmake_args': None, 'build_base': '/home/shivam/arduinobot_ws/build/arduinobot_cpp_examples', 'catkin_cmake_args': None, 'catkin_skip_building_tests': False, 'cmake_args': None, 'cmake_clean_cache': False, 'cmake_clean_first': False, 'cmake_force_configure': False, 'cmake_target': None, 'cmake_target_skip_unavailable': False, 'install_base': '/home/shivam/arduinobot_ws/install/arduinobot_cpp_examples', 'merge_install': False, 'path': '/home/shivam/arduinobot_ws/src/arduinobot_cpp_examples', 'symlink_install': False, 'test_result_base': None}
[0.850s] Level 5:colcon.colcon_core.verb:set package 'arduinobot_description' build argument 'cmake_args' from command line to 'None'
[0.850s] Level 5:colcon.colcon_core.verb:set package 'arduinobot_description' build argument 'cmake_target' from command line to 'None'
[0.850s] Level 5:colcon.colcon_core.verb:set package 'arduinobot_description' build argument 'cmake_target_skip_unavailable' from command line to 'False'
[0.850s] Level 5:colcon.colcon_core.verb:set package 'arduinobot_description' build argument 'cmake_clean_cache' from command line to 'False'
[0.850s] Level 5:colcon.colcon_core.verb:set package 'arduinobot_description' build argument 'cmake_clean_first' from command line to 'False'
[0.850s] Level 5:colcon.colcon_core.verb:set package 'arduinobot_description' build argument 'cmake_force_configure' from command line to 'False'
[0.850s] Level 5:colcon.colcon_core.verb:set package 'arduinobot_description' build argument 'ament_cmake_args' from command line to 'None'
[0.850s] Level 5:colcon.colcon_core.verb:set package 'arduinobot_description' build argument 'catkin_cmake_args' from command line to 'None'
[0.850s] Level 5:colcon.colcon_core.verb:set package 'arduinobot_description' build argument 'catkin_skip_building_tests' from command line to 'False'
[0.850s] DEBUG:colcon.colcon_core.verb:Building package 'arduinobot_description' with the following arguments: {'ament_cmake_args': None, 'build_base': '/home/shivam/arduinobot_ws/build/arduinobot_description', 'catkin_cmake_args': None, 'catkin_skip_building_tests': False, 'cmake_args': None, 'cmake_clean_cache': False, 'cmake_clean_first': False, 'cmake_force_configure': False, 'cmake_target': None, 'cmake_target_skip_unavailable': False, 'install_base': '/home/shivam/arduinobot_ws/install/arduinobot_description', 'merge_install': False, 'path': '/home/shivam/arduinobot_ws/src/arduinobot_description', 'symlink_install': False, 'test_result_base': None}
[0.857s] Level 5:colcon.colcon_core.verb:set package 'arduinobot_msgs' build argument 'cmake_args' from command line to 'None'
[0.857s] Level 5:colcon.colcon_core.verb:set package 'arduinobot_msgs' build argument 'cmake_target' from command line to 'None'
[0.858s] Level 5:colcon.colcon_core.verb:set package 'arduinobot_msgs' build argument 'cmake_target_skip_unavailable' from command line to 'False'
[0.858s] Level 5:colcon.colcon_core.verb:set package 'arduinobot_msgs' build argument 'cmake_clean_cache' from command line to 'False'
[0.858s] Level 5:colcon.colcon_core.verb:set package 'arduinobot_msgs' build argument 'cmake_clean_first' from command line to 'False'
[0.858s] Level 5:colcon.colcon_core.verb:set package 'arduinobot_msgs' build argument 'cmake_force_configure' from command line to 'False'
[0.858s] Level 5:colcon.colcon_core.verb:set package 'arduinobot_msgs' build argument 'ament_cmake_args' from command line to 'None'
[0.858s] Level 5:colcon.colcon_core.verb:set package 'arduinobot_msgs' build argument 'catkin_cmake_args' from command line to 'None'
[0.858s] Level 5:colcon.colcon_core.verb:set package 'arduinobot_msgs' build argument 'catkin_skip_building_tests' from command line to 'False'
[0.858s] DEBUG:colcon.colcon_core.verb:Building package 'arduinobot_msgs' with the following arguments: {'ament_cmake_args': None, 'build_base': '/home/shivam/arduinobot_ws/build/arduinobot_msgs', 'catkin_cmake_args': None, 'catkin_skip_building_tests': False, 'cmake_args': None, 'cmake_clean_cache': False, 'cmake_clean_first': False, 'cmake_force_configure': False, 'cmake_target': None, 'cmake_target_skip_unavailable': False, 'install_base': '/home/shivam/arduinobot_ws/install/arduinobot_msgs', 'merge_install': False, 'path': '/home/shivam/arduinobot_ws/src/arduinobot_msgs', 'symlink_install': False, 'test_result_base': None}
[0.866s] Level 5:colcon.colcon_core.verb:set package 'arduinobot_py_examples' build argument 'cmake_args' from command line to 'None'
[0.866s] Level 5:colcon.colcon_core.verb:set package 'arduinobot_py_examples' build argument 'cmake_target' from command line to 'None'
[0.866s] Level 5:colcon.colcon_core.verb:set package 'arduinobot_py_examples' build argument 'cmake_target_skip_unavailable' from command line to 'False'
[0.866s] Level 5:colcon.colcon_core.verb:set package 'arduinobot_py_examples' build argument 'cmake_clean_cache' from command line to 'False'
[0.866s] Level 5:colcon.colcon_core.verb:set package 'arduinobot_py_examples' build argument 'cmake_clean_first' from command line to 'False'
[0.866s] Level 5:colcon.colcon_core.verb:set package 'arduinobot_py_examples' build argument 'cmake_force_configure' from command line to 'False'
[0.866s] Level 5:colcon.colcon_core.verb:set package 'arduinobot_py_examples' build argument 'ament_cmake_args' from command line to 'None'
[0.866s] Level 5:colcon.colcon_core.verb:set package 'arduinobot_py_examples' build argument 'catkin_cmake_args' from command line to 'None'
[0.867s] Level 5:colcon.colcon_core.verb:set package 'arduinobot_py_examples' build argument 'catkin_skip_building_tests' from command line to 'False'
[0.867s] DEBUG:colcon.colcon_core.verb:Building package 'arduinobot_py_examples' with the following arguments: {'ament_cmake_args': None, 'build_base': '/home/shivam/arduinobot_ws/build/arduinobot_py_examples', 'catkin_cmake_args': None, 'catkin_skip_building_tests': False, 'cmake_args': None, 'cmake_clean_cache': False, 'cmake_clean_first': False, 'cmake_force_configure': False, 'cmake_target': None, 'cmake_target_skip_unavailable': False, 'install_base': '/home/shivam/arduinobot_ws/install/arduinobot_py_examples', 'merge_install': False, 'path': '/home/shivam/arduinobot_ws/src/arduinobot_py_examples', 'symlink_install': False, 'test_result_base': None}
[0.874s] INFO:colcon.colcon_core.executor:Executing jobs using 'parallel' executor
[0.882s] DEBUG:colcon.colcon_parallel_executor.executor.parallel:run_until_complete
[0.883s] INFO:colcon.colcon_ros.task.ament_cmake.build:Building ROS package in '/home/shivam/arduinobot_ws/src/arduinobot_controller' with build type 'ament_cmake'
[0.883s] INFO:colcon.colcon_cmake.task.cmake.build:Building CMake package in '/home/shivam/arduinobot_ws/src/arduinobot_controller'
[0.896s] INFO:colcon.colcon_core.plugin_system:Skipping extension 'colcon_core.shell.bat': Not used on non-Windows systems
[0.896s] INFO:colcon.colcon_core.shell:Skip shell extension 'powershell' for command environment: Not usable outside of PowerShell
[0.896s] DEBUG:colcon.colcon_core.shell:Skip shell extension 'dsv' for command environment
[0.916s] INFO:colcon.colcon_ros.task.ament_cmake.build:Building ROS package in '/home/shivam/arduinobot_ws/src/arduinobot_cpp_examples' with build type 'ament_cmake'
[0.916s] INFO:colcon.colcon_cmake.task.cmake.build:Building CMake package in '/home/shivam/arduinobot_ws/src/arduinobot_cpp_examples'
[0.925s] INFO:colcon.colcon_core.shell:Skip shell extension 'powershell' for command environment: Not usable outside of PowerShell
[0.925s] DEBUG:colcon.colcon_core.shell:Skip shell extension 'dsv' for command environment
[0.943s] INFO:colcon.colcon_ros.task.ament_cmake.build:Building ROS package in '/home/shivam/arduinobot_ws/src/arduinobot_description' with build type 'ament_cmake'
[0.943s] INFO:colcon.colcon_cmake.task.cmake.build:Building CMake package in '/home/shivam/arduinobot_ws/src/arduinobot_description'
[0.952s] INFO:colcon.colcon_core.shell:Skip shell extension 'powershell' for command environment: Not usable outside of PowerShell
[0.952s] DEBUG:colcon.colcon_core.shell:Skip shell extension 'dsv' for command environment
[0.970s] INFO:colcon.colcon_ros.task.ament_cmake.build:Building ROS package in '/home/shivam/arduinobot_ws/src/arduinobot_msgs' with build type 'ament_cmake'
[0.970s] INFO:colcon.colcon_cmake.task.cmake.build:Building CMake package in '/home/shivam/arduinobot_ws/src/arduinobot_msgs'
[0.978s] INFO:colcon.colcon_core.shell:Skip shell extension 'powershell' for command environment: Not usable outside of PowerShell
[0.978s] DEBUG:colcon.colcon_core.shell:Skip shell extension 'dsv' for command environment
[0.998s] INFO:colcon.colcon_ros.task.ament_python.build:Building ROS package in '/home/shivam/arduinobot_ws/src/arduinobot_py_examples' with build type 'ament_python'
[0.999s] Level 1:colcon.colcon_core.shell:create_environment_hook('arduinobot_py_examples', 'ament_prefix_path')
[1.006s] INFO:colcon.colcon_core.shell:Creating environment hook '/home/shivam/arduinobot_ws/install/arduinobot_py_examples/share/arduinobot_py_examples/hook/ament_prefix_path.ps1'
[1.007s] INFO:colcon.colcon_core.shell:Creating environment descriptor '/home/shivam/arduinobot_ws/install/arduinobot_py_examples/share/arduinobot_py_examples/hook/ament_prefix_path.dsv'
[1.007s] INFO:colcon.colcon_core.shell:Creating environment hook '/home/shivam/arduinobot_ws/install/arduinobot_py_examples/share/arduinobot_py_examples/hook/ament_prefix_path.sh'
[1.017s] INFO:colcon.colcon_core.shell:Skip shell extension 'powershell' for command environment: Not usable outside of PowerShell
[1.018s] DEBUG:colcon.colcon_core.shell:Skip shell extension 'dsv' for command environment
[1.040s] DEBUG:colcon.colcon_core.event_handler.log_command:Invoking command in '/home/shivam/arduinobot_ws/build/arduinobot_controller': CMAKE_PREFIX_PATH=/opt/ros/humble /usr/bin/cmake --build /home/shivam/arduinobot_ws/build/arduinobot_controller -- -j12 -l12
[1.044s] DEBUG:colcon.colcon_core.event_handler.log_command:Invoking command in '/home/shivam/arduinobot_ws/build/arduinobot_cpp_examples': CMAKE_PREFIX_PATH=/opt/ros/humble /usr/bin/cmake --build /home/shivam/arduinobot_ws/build/arduinobot_cpp_examples -- -j12 -l12
[1.047s] DEBUG:colcon.colcon_core.event_handler.log_command:Invoking command in '/home/shivam/arduinobot_ws/build/arduinobot_description': CMAKE_PREFIX_PATH=/opt/ros/humble /usr/bin/cmake --build /home/shivam/arduinobot_ws/build/arduinobot_description -- -j12 -l12
[1.050s] DEBUG:colcon.colcon_core.event_handler.log_command:Invoking command in '/home/shivam/arduinobot_ws/build/arduinobot_msgs': CMAKE_PREFIX_PATH=/opt/ros/humble /usr/bin/cmake /home/shivam/arduinobot_ws/src/arduinobot_msgs -DCMAKE_INSTALL_PREFIX=/home/shivam/arduinobot_ws/install/arduinobot_msgs
[1.355s] INFO:colcon.colcon_core.task.python.build:Building Python package in '/home/shivam/arduinobot_ws/src/arduinobot_py_examples'
[1.370s] INFO:colcon.colcon_core.shell:Skip shell extension 'powershell' for command environment: Not usable outside of PowerShell
[1.371s] DEBUG:colcon.colcon_core.shell:Skip shell extension 'dsv' for command environment
[1.408s] DEBUG:colcon.colcon_core.event_handler.log_command:Invoked command in '/home/shivam/arduinobot_ws/build/arduinobot_cpp_examples' returned '0': CMAKE_PREFIX_PATH=/opt/ros/humble /usr/bin/cmake --build /home/shivam/arduinobot_ws/build/arduinobot_cpp_examples -- -j12 -l12
[1.410s] DEBUG:colcon.colcon_core.event_handler.log_command:Invoked command in '/home/shivam/arduinobot_ws/build/arduinobot_description' returned '0': CMAKE_PREFIX_PATH=/opt/ros/humble /usr/bin/cmake --build /home/shivam/arduinobot_ws/build/arduinobot_description -- -j12 -l12
[1.426s] DEBUG:colcon.colcon_core.event_handler.log_command:Invoked command in '/home/shivam/arduinobot_ws/build/arduinobot_controller' returned '0': CMAKE_PREFIX_PATH=/opt/ros/humble /usr/bin/cmake --build /home/shivam/arduinobot_ws/build/arduinobot_controller -- -j12 -l12
[1.449s] DEBUG:colcon.colcon_core.event_handler.log_command:Invoking command in '/home/shivam/arduinobot_ws/build/arduinobot_description': CMAKE_PREFIX_PATH=/opt/ros/humble /usr/bin/cmake --install /home/shivam/arduinobot_ws/build/arduinobot_description
[1.453s] DEBUG:colcon.colcon_core.event_handler.log_command:Invoking command in '/home/shivam/arduinobot_ws/build/arduinobot_cpp_examples': CMAKE_PREFIX_PATH=/opt/ros/humble /usr/bin/cmake --install /home/shivam/arduinobot_ws/build/arduinobot_cpp_examples
[1.463s] DEBUG:colcon.colcon_core.event_handler.log_command:Invoking command in '/home/shivam/arduinobot_ws/build/arduinobot_controller': CMAKE_PREFIX_PATH=/opt/ros/humble /usr/bin/cmake --install /home/shivam/arduinobot_ws/build/arduinobot_controller
[1.471s] Level 1:colcon.colcon_core.environment:create_environment_scripts_only(arduinobot_cpp_examples)
[1.472s] DEBUG:colcon.colcon_core.event_handler.log_command:Invoked command in '/home/shivam/arduinobot_ws/build/arduinobot_cpp_examples' returned '0': CMAKE_PREFIX_PATH=/opt/ros/humble /usr/bin/cmake --install /home/shivam/arduinobot_ws/build/arduinobot_cpp_examples
[1.493s] Level 1:colcon.colcon_core.environment:checking '/home/shivam/arduinobot_ws/install/arduinobot_cpp_examples' for CMake module files
[1.493s] Level 1:colcon.colcon_core.environment:checking '/home/shivam/arduinobot_ws/install/arduinobot_cpp_examples' for CMake config files
[1.493s] Level 1:colcon.colcon_core.shell:create_environment_hook('arduinobot_cpp_examples', 'cmake_prefix_path')
[1.512s] INFO:colcon.colcon_core.shell:Creating environment hook '/home/shivam/arduinobot_ws/install/arduinobot_cpp_examples/share/arduinobot_cpp_examples/hook/cmake_prefix_path.ps1'
[1.514s] INFO:colcon.colcon_core.shell:Creating environment descriptor '/home/shivam/arduinobot_ws/install/arduinobot_cpp_examples/share/arduinobot_cpp_examples/hook/cmake_prefix_path.dsv'
[1.514s] INFO:colcon.colcon_core.shell:Creating environment hook '/home/shivam/arduinobot_ws/install/arduinobot_cpp_examples/share/arduinobot_cpp_examples/hook/cmake_prefix_path.sh'
[1.515s] Level 1:colcon.colcon_core.environment:checking '/home/shivam/arduinobot_ws/install/arduinobot_cpp_examples/lib'
[1.515s] Level 1:colcon.colcon_core.environment:checking '/home/shivam/arduinobot_ws/install/arduinobot_cpp_examples/bin'
[1.515s] Level 1:colcon.colcon_core.environment:checking '/home/shivam/arduinobot_ws/install/arduinobot_cpp_examples/lib/pkgconfig/arduinobot_cpp_examples.pc'
[1.515s] Level 1:colcon.colcon_core.environment:checking '/home/shivam/arduinobot_ws/install/arduinobot_cpp_examples/lib/python3.10/site-packages'
[1.516s] Level 1:colcon.colcon_core.environment:checking '/home/shivam/arduinobot_ws/install/arduinobot_cpp_examples/bin'
[1.529s] INFO:colcon.colcon_core.shell:Creating package script '/home/shivam/arduinobot_ws/install/arduinobot_cpp_examples/share/arduinobot_cpp_examples/package.ps1'
[1.530s] INFO:colcon.colcon_core.shell:Creating package descriptor '/home/shivam/arduinobot_ws/install/arduinobot_cpp_examples/share/arduinobot_cpp_examples/package.dsv'
[1.531s] INFO:colcon.colcon_core.shell:Creating package script '/home/shivam/arduinobot_ws/install/arduinobot_cpp_examples/share/arduinobot_cpp_examples/package.sh'
[1.533s] INFO:colcon.colcon_core.shell:Creating package script '/home/shivam/arduinobot_ws/install/arduinobot_cpp_examples/share/arduinobot_cpp_examples/package.bash'
[1.534s] INFO:colcon.colcon_core.shell:Creating package script '/home/shivam/arduinobot_ws/install/arduinobot_cpp_examples/share/arduinobot_cpp_examples/package.zsh'
[1.534s] Level 1:colcon.colcon_core.environment:create_file_with_runtime_dependencies(/home/shivam/arduinobot_ws/install/arduinobot_cpp_examples/share/colcon-core/packages/arduinobot_cpp_examples)
[1.536s] Level 1:colcon.colcon_core.environment:create_environment_scripts_only(arduinobot_description)
[1.537s] DEBUG:colcon.colcon_core.event_handler.log_command:Invoked command in '/home/shivam/arduinobot_ws/build/arduinobot_description' returned '0': CMAKE_PREFIX_PATH=/opt/ros/humble /usr/bin/cmake --install /home/shivam/arduinobot_ws/build/arduinobot_description
[1.557s] Level 1:colcon.colcon_core.environment:checking '/home/shivam/arduinobot_ws/install/arduinobot_description' for CMake module files
[1.557s] Level 1:colcon.colcon_core.environment:checking '/home/shivam/arduinobot_ws/install/arduinobot_description' for CMake config files
[1.558s] Level 1:colcon.colcon_core.shell:create_environment_hook('arduinobot_description', 'cmake_prefix_path')
[1.573s] INFO:colcon.colcon_core.shell:Creating environment hook '/home/shivam/arduinobot_ws/install/arduinobot_description/share/arduinobot_description/hook/cmake_prefix_path.ps1'
[1.574s] INFO:colcon.colcon_core.shell:Creating environment descriptor '/home/shivam/arduinobot_ws/install/arduinobot_description/share/arduinobot_description/hook/cmake_prefix_path.dsv'
[1.574s] INFO:colcon.colcon_core.shell:Creating environment hook '/home/shivam/arduinobot_ws/install/arduinobot_description/share/arduinobot_description/hook/cmake_prefix_path.sh'
[1.575s] Level 1:colcon.colcon_core.environment:checking '/home/shivam/arduinobot_ws/install/arduinobot_description/bin'
[1.575s] Level 1:colcon.colcon_core.environment:checking '/home/shivam/arduinobot_ws/install/arduinobot_description/lib/pkgconfig/arduinobot_description.pc'
[1.576s] Level 1:colcon.colcon_core.environment:checking '/home/shivam/arduinobot_ws/install/arduinobot_description/lib/python3.10/site-packages'
[1.576s] Level 1:colcon.colcon_core.environment:checking '/home/shivam/arduinobot_ws/install/arduinobot_description/bin'
[1.587s] INFO:colcon.colcon_core.shell:Creating package script '/home/shivam/arduinobot_ws/install/arduinobot_description/share/arduinobot_description/package.ps1'
[1.588s] INFO:colcon.colcon_core.shell:Creating package descriptor '/home/shivam/arduinobot_ws/install/arduinobot_description/share/arduinobot_description/package.dsv'
[1.588s] INFO:colcon.colcon_core.shell:Creating package script '/home/shivam/arduinobot_ws/install/arduinobot_description/share/arduinobot_description/package.sh'
[1.589s] INFO:colcon.colcon_core.shell:Creating package script '/home/shivam/arduinobot_ws/install/arduinobot_description/share/arduinobot_description/package.bash'
[1.589s] INFO:colcon.colcon_core.shell:Creating package script '/home/shivam/arduinobot_ws/install/arduinobot_description/share/arduinobot_description/package.zsh'
[1.590s] Level 1:colcon.colcon_core.environment:create_file_with_runtime_dependencies(/home/shivam/arduinobot_ws/install/arduinobot_description/share/colcon-core/packages/arduinobot_description)
[1.593s] Level 1:colcon.colcon_core.environment:create_environment_scripts_only(arduinobot_controller)
[1.594s] DEBUG:colcon.colcon_core.event_handler.log_command:Invoked command in '/home/shivam/arduinobot_ws/build/arduinobot_controller' returned '0': CMAKE_PREFIX_PATH=/opt/ros/humble /usr/bin/cmake --install /home/shivam/arduinobot_ws/build/arduinobot_controller
[1.609s] Level 1:colcon.colcon_core.environment:checking '/home/shivam/arduinobot_ws/install/arduinobot_controller' for CMake module files
[1.609s] Level 1:colcon.colcon_core.environment:checking '/home/shivam/arduinobot_ws/install/arduinobot_controller' for CMake config files
[1.610s] Level 1:colcon.colcon_core.shell:create_environment_hook('arduinobot_controller', 'cmake_prefix_path')
[1.620s] INFO:colcon.colcon_core.shell:Creating environment hook '/home/shivam/arduinobot_ws/install/arduinobot_controller/share/arduinobot_controller/hook/cmake_prefix_path.ps1'
[1.621s] INFO:colcon.colcon_core.shell:Creating environment descriptor '/home/shivam/arduinobot_ws/install/arduinobot_controller/share/arduinobot_controller/hook/cmake_prefix_path.dsv'
[1.621s] INFO:colcon.colcon_core.shell:Creating environment hook '/home/shivam/arduinobot_ws/install/arduinobot_controller/share/arduinobot_controller/hook/cmake_prefix_path.sh'
[1.622s] Level 1:colcon.colcon_core.environment:checking '/home/shivam/arduinobot_ws/install/arduinobot_controller/lib'
[1.622s] Level 1:colcon.colcon_core.environment:checking '/home/shivam/arduinobot_ws/install/arduinobot_controller/bin'
[1.622s] Level 1:colcon.colcon_core.environment:checking '/home/shivam/arduinobot_ws/install/arduinobot_controller/lib/pkgconfig/arduinobot_controller.pc'
[1.622s] Level 1:colcon.colcon_core.environment:checking '/home/shivam/arduinobot_ws/install/arduinobot_controller/lib/python3.10/site-packages'
[1.622s] Level 1:colcon.colcon_core.environment:checking '/home/shivam/arduinobot_ws/install/arduinobot_controller/bin'
[1.635s] INFO:colcon.colcon_core.shell:Creating package script '/home/shivam/arduinobot_ws/install/arduinobot_controller/share/arduinobot_controller/package.ps1'
[1.636s] INFO:colcon.colcon_core.shell:Creating package descriptor '/home/shivam/arduinobot_ws/install/arduinobot_controller/share/arduinobot_controller/package.dsv'
[1.637s] INFO:colcon.colcon_core.shell:Creating package script '/home/shivam/arduinobot_ws/install/arduinobot_controller/share/arduinobot_controller/package.sh'
[1.637s] INFO:colcon.colcon_core.shell:Creating package script '/home/shivam/arduinobot_ws/install/arduinobot_controller/share/arduinobot_controller/package.bash'
[1.638s] INFO:colcon.colcon_core.shell:Creating package script '/home/shivam/arduinobot_ws/install/arduinobot_controller/share/arduinobot_controller/package.zsh'
[1.638s] Level 1:colcon.colcon_core.environment:create_file_with_runtime_dependencies(/home/shivam/arduinobot_ws/install/arduinobot_controller/share/colcon-core/packages/arduinobot_controller)
[1.659s] Level 1:colcon.colcon_core.environment:create_environment_scripts_only(arduinobot_cpp_examples)
[1.673s] Level 1:colcon.colcon_core.environment:checking '/home/shivam/arduinobot_ws/install/arduinobot_cpp_examples' for CMake module files
[1.673s] Level 1:colcon.colcon_core.environment:checking '/home/shivam/arduinobot_ws/install/arduinobot_cpp_examples' for CMake config files
[1.673s] Level 1:colcon.colcon_core.shell:create_environment_hook('arduinobot_cpp_examples', 'cmake_prefix_path')
[1.687s] INFO:colcon.colcon_core.shell:Creating environment hook '/home/shivam/arduinobot_ws/install/arduinobot_cpp_examples/share/arduinobot_cpp_examples/hook/cmake_prefix_path.ps1'
[1.687s] INFO:colcon.colcon_core.shell:Creating environment descriptor '/home/shivam/arduinobot_ws/install/arduinobot_cpp_examples/share/arduinobot_cpp_examples/hook/cmake_prefix_path.dsv'
[1.688s] INFO:colcon.colcon_core.shell:Creating environment hook '/home/shivam/arduinobot_ws/install/arduinobot_cpp_examples/share/arduinobot_cpp_examples/hook/cmake_prefix_path.sh'
[1.689s] Level 1:colcon.colcon_core.environment:checking '/home/shivam/arduinobot_ws/install/arduinobot_cpp_examples/lib'
[1.689s] Level 1:colcon.colcon_core.environment:checking '/home/shivam/arduinobot_ws/install/arduinobot_cpp_examples/bin'
[1.689s] Level 1:colcon.colcon_core.environment:checking '/home/shivam/arduinobot_ws/install/arduinobot_cpp_examples/lib/pkgconfig/arduinobot_cpp_examples.pc'
[1.689s] Level 1:colcon.colcon_core.environment:checking '/home/shivam/arduinobot_ws/install/arduinobot_cpp_examples/lib/python3.10/site-packages'
[1.689s] Level 1:colcon.colcon_core.environment:checking '/home/shivam/arduinobot_ws/install/arduinobot_cpp_examples/bin'
[1.705s] INFO:colcon.colcon_core.shell:Creating package script '/home/shivam/arduinobot_ws/install/arduinobot_cpp_examples/share/arduinobot_cpp_examples/package.ps1'
[1.707s] INFO:colcon.colcon_core.shell:Creating package descriptor '/home/shivam/arduinobot_ws/install/arduinobot_cpp_examples/share/arduinobot_cpp_examples/package.dsv'
[1.709s] INFO:colcon.colcon_core.shell:Creating package script '/home/shivam/arduinobot_ws/install/arduinobot_cpp_examples/share/arduinobot_cpp_examples/package.sh'
[1.709s] INFO:colcon.colcon_core.shell:Creating package script '/home/shivam/arduinobot_ws/install/arduinobot_cpp_examples/share/arduinobot_cpp_examples/package.bash'
[1.709s] INFO:colcon.colcon_core.shell:Creating package script '/home/shivam/arduinobot_ws/install/arduinobot_cpp_examples/share/arduinobot_cpp_examples/package.zsh'
[1.710s] Level 1:colcon.colcon_core.environment:create_file_with_runtime_dependencies(/home/shivam/arduinobot_ws/install/arduinobot_cpp_examples/share/colcon-core/packages/arduinobot_cpp_examples)
[1.725s] Level 1:colcon.colcon_core.environment:create_environment_scripts_only(arduinobot_description)
[1.739s] Level 1:colcon.colcon_core.environment:checking '/home/shivam/arduinobot_ws/install/arduinobot_description' for CMake module files
[1.740s] Level 1:colcon.colcon_core.environment:checking '/home/shivam/arduinobot_ws/install/arduinobot_description' for CMake config files
[1.740s] Level 1:colcon.colcon_core.shell:create_environment_hook('arduinobot_description', 'cmake_prefix_path')
[1.755s] INFO:colcon.colcon_core.shell:Creating environment hook '/home/shivam/arduinobot_ws/install/arduinobot_description/share/arduinobot_description/hook/cmake_prefix_path.ps1'
[1.756s] INFO:colcon.colcon_core.shell:Creating environment descriptor '/home/shivam/arduinobot_ws/install/arduinobot_description/share/arduinobot_description/hook/cmake_prefix_path.dsv'
[1.756s] INFO:colcon.colcon_core.shell:Creating environment hook '/home/shivam/arduinobot_ws/install/arduinobot_description/share/arduinobot_description/hook/cmake_prefix_path.sh'
[1.757s] Level 1:colcon.colcon_core.environment:checking '/home/shivam/arduinobot_ws/install/arduinobot_description/bin'
[1.757s] Level 1:colcon.colcon_core.environment:checking '/home/shivam/arduinobot_ws/install/arduinobot_description/lib/pkgconfig/arduinobot_description.pc'
[1.757s] Level 1:colcon.colcon_core.environment:checking '/home/shivam/arduinobot_ws/install/arduinobot_description/lib/python3.10/site-packages'
[1.757s] Level 1:colcon.colcon_core.environment:checking '/home/shivam/arduinobot_ws/install/arduinobot_description/bin'
[1.777s] INFO:colcon.colcon_core.shell:Creating package script '/home/shivam/arduinobot_ws/install/arduinobot_description/share/arduinobot_description/package.ps1'
[1.778s] INFO:colcon.colcon_core.shell:Creating package descriptor '/home/shivam/arduinobot_ws/install/arduinobot_description/share/arduinobot_description/package.dsv'
[1.779s] INFO:colcon.colcon_core.shell:Creating package script '/home/shivam/arduinobot_ws/install/arduinobot_description/share/arduinobot_description/package.sh'
[1.779s] INFO:colcon.colcon_core.shell:Creating package script '/home/shivam/arduinobot_ws/install/arduinobot_description/share/arduinobot_description/package.bash'
[1.780s] INFO:colcon.colcon_core.shell:Creating package script '/home/shivam/arduinobot_ws/install/arduinobot_description/share/arduinobot_description/package.zsh'
[1.780s] Level 1:colcon.colcon_core.environment:create_file_with_runtime_dependencies(/home/shivam/arduinobot_ws/install/arduinobot_description/share/colcon-core/packages/arduinobot_description)
[1.797s] Level 1:colcon.colcon_core.environment:create_environment_scripts_only(arduinobot_controller)
[1.811s] Level 1:colcon.colcon_core.environment:checking '/home/shivam/arduinobot_ws/install/arduinobot_controller' for CMake module files
[1.811s] Level 1:colcon.colcon_core.environment:checking '/home/shivam/arduinobot_ws/install/arduinobot_controller' for CMake config files
[1.812s] Level 1:colcon.colcon_core.shell:create_environment_hook('arduinobot_controller', 'cmake_prefix_path')
[1.830s] INFO:colcon.colcon_core.shell:Creating environment hook '/home/shivam/arduinobot_ws/install/arduinobot_controller/share/arduinobot_controller/hook/cmake_prefix_path.ps1'
[1.830s] INFO:colcon.colcon_core.shell:Creating environment descriptor '/home/shivam/arduinobot_ws/install/arduinobot_controller/share/arduinobot_controller/hook/cmake_prefix_path.dsv'
[1.831s] INFO:colcon.colcon_core.shell:Creating environment hook '/home/shivam/arduinobot_ws/install/arduinobot_controller/share/arduinobot_controller/hook/cmake_prefix_path.sh'
[1.831s] Level 1:colcon.colcon_core.environment:checking '/home/shivam/arduinobot_ws/install/arduinobot_controller/lib'
[1.832s] Level 1:colcon.colcon_core.environment:checking '/home/shivam/arduinobot_ws/install/arduinobot_controller/bin'
[1.832s] Level 1:colcon.colcon_core.environment:checking '/home/shivam/arduinobot_ws/install/arduinobot_controller/lib/pkgconfig/arduinobot_controller.pc'
[1.832s] Level 1:colcon.colcon_core.environment:checking '/home/shivam/arduinobot_ws/install/arduinobot_controller/lib/python3.10/site-packages'
[1.832s] Level 1:colcon.colcon_core.environment:checking '/home/shivam/arduinobot_ws/install/arduinobot_controller/bin'
[1.845s] INFO:colcon.colcon_core.shell:Creating package script '/home/shivam/arduinobot_ws/install/arduinobot_controller/share/arduinobot_controller/package.ps1'
[1.846s] INFO:colcon.colcon_core.shell:Creating package descriptor '/home/shivam/arduinobot_ws/install/arduinobot_controller/share/arduinobot_controller/package.dsv'
[1.847s] INFO:colcon.colcon_core.shell:Creating package script '/home/shivam/arduinobot_ws/install/arduinobot_controller/share/arduinobot_controller/package.sh'
[1.847s] INFO:colcon.colcon_core.shell:Creating package script '/home/shivam/arduinobot_ws/install/arduinobot_controller/share/arduinobot_controller/package.bash'
[1.847s] INFO:colcon.colcon_core.shell:Creating package script '/home/shivam/arduinobot_ws/install/arduinobot_controller/share/arduinobot_controller/package.zsh'
[1.848s] Level 1:colcon.colcon_core.environment:create_file_with_runtime_dependencies(/home/shivam/arduinobot_ws/install/arduinobot_controller/share/colcon-core/packages/arduinobot_controller)
[1.851s] DEBUG:colcon.colcon_core.event_handler.log_command:Invoking command in '/home/shivam/arduinobot_ws/src/arduinobot_py_examples': PYTHONPATH=/home/shivam/arduinobot_ws/build/arduinobot_py_examples/prefix_override:/home/shivam/arduinobot_ws/install/arduinobot_py_examples/lib/python3.10/site-packages:${PYTHONPATH} /usr/bin/python3 setup.py egg_info --egg-base ../../build/arduinobot_py_examples build --build-base /home/shivam/arduinobot_ws/build/arduinobot_py_examples/build install --record /home/shivam/arduinobot_ws/build/arduinobot_py_examples/install.log --single-version-externally-managed
[2.109s] DEBUG:colcon.colcon_core.event_handler.log_command:Invoked command in '/home/shivam/arduinobot_ws/src/arduinobot_py_examples' returned '0': PYTHONPATH=/home/shivam/arduinobot_ws/build/arduinobot_py_examples/prefix_override:/home/shivam/arduinobot_ws/install/arduinobot_py_examples/lib/python3.10/site-packages:${PYTHONPATH} /usr/bin/python3 setup.py egg_info --egg-base ../../build/arduinobot_py_examples build --build-base /home/shivam/arduinobot_ws/build/arduinobot_py_examples/build install --record /home/shivam/arduinobot_ws/build/arduinobot_py_examples/install.log --single-version-externally-managed
[2.119s] Level 1:colcon.colcon_core.environment:checking '/home/shivam/arduinobot_ws/install/arduinobot_py_examples' for CMake module files
[2.119s] Level 1:colcon.colcon_core.environment:checking '/home/shivam/arduinobot_ws/install/arduinobot_py_examples' for CMake config files
[2.120s] Level 1:colcon.colcon_core.environment:checking '/home/shivam/arduinobot_ws/install/arduinobot_py_examples/lib'
[2.120s] Level 1:colcon.colcon_core.environment:checking '/home/shivam/arduinobot_ws/install/arduinobot_py_examples/bin'
[2.120s] Level 1:colcon.colcon_core.environment:checking '/home/shivam/arduinobot_ws/install/arduinobot_py_examples/lib/pkgconfig/arduinobot_py_examples.pc'
[2.120s] Level 1:colcon.colcon_core.environment:checking '/home/shivam/arduinobot_ws/install/arduinobot_py_examples/lib/python3.10/site-packages'
[2.121s] Level 1:colcon.colcon_core.shell:create_environment_hook('arduinobot_py_examples', 'pythonpath')
[2.137s] INFO:colcon.colcon_core.shell:Creating environment hook '/home/shivam/arduinobot_ws/install/arduinobot_py_examples/share/arduinobot_py_examples/hook/pythonpath.ps1'
[2.138s] INFO:colcon.colcon_core.shell:Creating environment descriptor '/home/shivam/arduinobot_ws/install/arduinobot_py_examples/share/arduinobot_py_examples/hook/pythonpath.dsv'
[2.139s] INFO:colcon.colcon_core.shell:Creating environment hook '/home/shivam/arduinobot_ws/install/arduinobot_py_examples/share/arduinobot_py_examples/hook/pythonpath.sh'
[2.139s] Level 1:colcon.colcon_core.environment:checking '/home/shivam/arduinobot_ws/install/arduinobot_py_examples/bin'
[2.139s] Level 1:colcon.colcon_core.environment:create_environment_scripts_only(arduinobot_py_examples)
[2.150s] INFO:colcon.colcon_core.shell:Creating package script '/home/shivam/arduinobot_ws/install/arduinobot_py_examples/share/arduinobot_py_examples/package.ps1'
[2.151s] INFO:colcon.colcon_core.shell:Creating package descriptor '/home/shivam/arduinobot_ws/install/arduinobot_py_examples/share/arduinobot_py_examples/package.dsv'
[2.151s] INFO:colcon.colcon_core.shell:Creating package script '/home/shivam/arduinobot_ws/install/arduinobot_py_examples/share/arduinobot_py_examples/package.sh'
[2.152s] INFO:colcon.colcon_core.shell:Creating package script '/home/shivam/arduinobot_ws/install/arduinobot_py_examples/share/arduinobot_py_examples/package.bash'
[2.152s] INFO:colcon.colcon_core.shell:Creating package script '/home/shivam/arduinobot_ws/install/arduinobot_py_examples/share/arduinobot_py_examples/package.zsh'
[2.152s] Level 1:colcon.colcon_core.environment:create_file_with_runtime_dependencies(/home/shivam/arduinobot_ws/install/arduinobot_py_examples/share/colcon-core/packages/arduinobot_py_examples)
[2.456s] DEBUG:colcon.colcon_core.event_handler.log_command:Invoked command in '/home/shivam/arduinobot_ws/build/arduinobot_msgs' returned '0': CMAKE_PREFIX_PATH=/opt/ros/humble /usr/bin/cmake /home/shivam/arduinobot_ws/src/arduinobot_msgs -DCMAKE_INSTALL_PREFIX=/home/shivam/arduinobot_ws/install/arduinobot_msgs
[2.458s] DEBUG:colcon.colcon_core.event_handler.log_command:Invoking command in '/home/shivam/arduinobot_ws/build/arduinobot_msgs': CMAKE_PREFIX_PATH=/opt/ros/humble /usr/bin/cmake --build /home/shivam/arduinobot_ws/build/arduinobot_msgs -- -j12 -l12
[2.479s] DEBUG:colcon.colcon_core.event_handler.log_command:Invoked command in '/home/shivam/arduinobot_ws/build/arduinobot_msgs' returned '0': CMAKE_PREFIX_PATH=/opt/ros/humble /usr/bin/cmake --build /home/shivam/arduinobot_ws/build/arduinobot_msgs -- -j12 -l12
[2.493s] DEBUG:colcon.colcon_core.event_handler.log_command:Invoking command in '/home/shivam/arduinobot_ws/build/arduinobot_msgs': CMAKE_PREFIX_PATH=/opt/ros/humble /usr/bin/cmake --install /home/shivam/arduinobot_ws/build/arduinobot_msgs
[2.500s] Level 1:colcon.colcon_core.environment:create_environment_scripts_only(arduinobot_msgs)
[2.501s] DEBUG:colcon.colcon_core.event_handler.log_command:Invoked command in '/home/shivam/arduinobot_ws/build/arduinobot_msgs' returned '0': CMAKE_PREFIX_PATH=/opt/ros/humble /usr/bin/cmake --install /home/shivam/arduinobot_ws/build/arduinobot_msgs
[2.517s] Level 1:colcon.colcon_core.environment:checking '/home/shivam/arduinobot_ws/install/arduinobot_msgs' for CMake module files
[2.517s] Level 1:colcon.colcon_core.environment:checking '/home/shivam/arduinobot_ws/install/arduinobot_msgs' for CMake config files
[2.517s] Level 1:colcon.colcon_core.shell:create_environment_hook('arduinobot_msgs', 'cmake_prefix_path')
[2.525s] INFO:colcon.colcon_core.shell:Creating environment hook '/home/shivam/arduinobot_ws/install/arduinobot_msgs/share/arduinobot_msgs/hook/cmake_prefix_path.ps1'
[2.526s] INFO:colcon.colcon_core.shell:Creating environment descriptor '/home/shivam/arduinobot_ws/install/arduinobot_msgs/share/arduinobot_msgs/hook/cmake_prefix_path.dsv'
[2.526s] INFO:colcon.colcon_core.shell:Creating environment hook '/home/shivam/arduinobot_ws/install/arduinobot_msgs/share/arduinobot_msgs/hook/cmake_prefix_path.sh'
[2.526s] Level 1:colcon.colcon_core.environment:checking '/home/shivam/arduinobot_ws/install/arduinobot_msgs/bin'
[2.526s] Level 1:colcon.colcon_core.environment:checking '/home/shivam/arduinobot_ws/install/arduinobot_msgs/lib/pkgconfig/arduinobot_msgs.pc'
[2.527s] Level 1:colcon.colcon_core.environment:checking '/home/shivam/arduinobot_ws/install/arduinobot_msgs/lib/python3.10/site-packages'
[2.527s] Level 1:colcon.colcon_core.environment:checking '/home/shivam/arduinobot_ws/install/arduinobot_msgs/bin'
[2.534s] INFO:colcon.colcon_core.shell:Creating package script '/home/shivam/arduinobot_ws/install/arduinobot_msgs/share/arduinobot_msgs/package.ps1'
[2.535s] INFO:colcon.colcon_core.shell:Creating package descriptor '/home/shivam/arduinobot_ws/install/arduinobot_msgs/share/arduinobot_msgs/package.dsv'
[2.535s] INFO:colcon.colcon_core.shell:Creating package script '/home/shivam/arduinobot_ws/install/arduinobot_msgs/share/arduinobot_msgs/package.sh'
[2.535s] INFO:colcon.colcon_core.shell:Creating package script '/home/shivam/arduinobot_ws/install/arduinobot_msgs/share/arduinobot_msgs/package.bash'
[2.535s] INFO:colcon.colcon_core.shell:Creating package script '/home/shivam/arduinobot_ws/install/arduinobot_msgs/share/arduinobot_msgs/package.zsh'
[2.536s] Level 1:colcon.colcon_core.environment:create_file_with_runtime_dependencies(/home/shivam/arduinobot_ws/install/arduinobot_msgs/share/colcon-core/packages/arduinobot_msgs)
[2.557s] Level 1:colcon.colcon_core.environment:create_environment_scripts_only(arduinobot_msgs)
[2.564s] Level 1:colcon.colcon_core.environment:checking '/home/shivam/arduinobot_ws/install/arduinobot_msgs' for CMake module files
[2.565s] Level 1:colcon.colcon_core.environment:checking '/home/shivam/arduinobot_ws/install/arduinobot_msgs' for CMake config files
[2.565s] Level 1:colcon.colcon_core.shell:create_environment_hook('arduinobot_msgs', 'cmake_prefix_path')
[2.572s] INFO:colcon.colcon_core.shell:Creating environment hook '/home/shivam/arduinobot_ws/install/arduinobot_msgs/share/arduinobot_msgs/hook/cmake_prefix_path.ps1'
[2.572s] INFO:colcon.colcon_core.shell:Creating environment descriptor '/home/shivam/arduinobot_ws/install/arduinobot_msgs/share/arduinobot_msgs/hook/cmake_prefix_path.dsv'
[2.573s] INFO:colcon.colcon_core.shell:Creating environment hook '/home/shivam/arduinobot_ws/install/arduinobot_msgs/share/arduinobot_msgs/hook/cmake_prefix_path.sh'
[2.573s] Level 1:colcon.colcon_core.environment:checking '/home/shivam/arduinobot_ws/install/arduinobot_msgs/bin'
[2.573s] Level 1:colcon.colcon_core.environment:checking '/home/shivam/arduinobot_ws/install/arduinobot_msgs/lib/pkgconfig/arduinobot_msgs.pc'
[2.573s] Level 1:colcon.colcon_core.environment:checking '/home/shivam/arduinobot_ws/install/arduinobot_msgs/lib/python3.10/site-packages'
[2.573s] Level 1:colcon.colcon_core.environment:checking '/home/shivam/arduinobot_ws/install/arduinobot_msgs/bin'
[2.581s] INFO:colcon.colcon_core.shell:Creating package script '/home/shivam/arduinobot_ws/install/arduinobot_msgs/share/arduinobot_msgs/package.ps1'
[2.581s] INFO:colcon.colcon_core.shell:Creating package descriptor '/home/shivam/arduinobot_ws/install/arduinobot_msgs/share/arduinobot_msgs/package.dsv'
[2.582s] INFO:colcon.colcon_core.shell:Creating package script '/home/shivam/arduinobot_ws/install/arduinobot_msgs/share/arduinobot_msgs/package.sh'
[2.582s] INFO:colcon.colcon_core.shell:Creating package script '/home/shivam/arduinobot_ws/install/arduinobot_msgs/share/arduinobot_msgs/package.bash'
[2.582s] INFO:colcon.colcon_core.shell:Creating package script '/home/shivam/arduinobot_ws/install/arduinobot_msgs/share/arduinobot_msgs/package.zsh'
[2.582s] Level 1:colcon.colcon_core.environment:create_file_with_runtime_dependencies(/home/shivam/arduinobot_ws/install/arduinobot_msgs/share/colcon-core/packages/arduinobot_msgs)
[2.583s] DEBUG:colcon.colcon_parallel_executor.executor.parallel:closing loop
[2.583s] DEBUG:colcon.colcon_parallel_executor.executor.parallel:loop closed
[2.583s] DEBUG:colcon.colcon_parallel_executor.executor.parallel:run_until_complete finished with '0'
[2.583s] DEBUG:colcon.colcon_core.event_reactor:joining thread
[2.637s] INFO:colcon.colcon_core.plugin_system:Skipping extension 'colcon_notification.desktop_notification.notify_send': Could not find 'notify-send'
[2.637s] INFO:colcon.colcon_core.plugin_system:Skipping extension 'colcon_notification.desktop_notification.terminal_notifier': Not used on non-Darwin systems
[2.637s] INFO:colcon.colcon_core.plugin_system:Skipping extension 'colcon_notification.desktop_notification.win32': Not used on non-Windows systems
[2.637s] INFO:colcon.colcon_notification.desktop_notification:Sending desktop notification using 'notify2'
[2.639s] DEBUG:colcon.colcon_notification.desktop_notification.notify2:Failed to initialize notify2: org.freedesktop.DBus.Error.ServiceUnknown: The name org.freedesktop.Notifications was not provided by any .service files
[2.639s] DEBUG:colcon.colcon_core.event_reactor:joined thread
[2.647s] INFO:colcon.colcon_core.shell:Creating prefix script '/home/shivam/arduinobot_ws/install/local_setup.ps1'
[2.648s] INFO:colcon.colcon_core.shell:Creating prefix util module '/home/shivam/arduinobot_ws/install/_local_setup_util_ps1.py'
[2.650s] INFO:colcon.colcon_core.shell:Creating prefix chain script '/home/shivam/arduinobot_ws/install/setup.ps1'
[2.664s] INFO:colcon.colcon_core.shell:Creating prefix script '/home/shivam/arduinobot_ws/install/local_setup.sh'
[2.664s] INFO:colcon.colcon_core.shell:Creating prefix util module '/home/shivam/arduinobot_ws/install/_local_setup_util_sh.py'
[2.665s] INFO:colcon.colcon_core.shell:Creating prefix chain script '/home/shivam/arduinobot_ws/install/setup.sh'
[2.675s] INFO:colcon.colcon_core.shell:Creating prefix script '/home/shivam/arduinobot_ws/install/local_setup.bash'
[2.676s] INFO:colcon.colcon_core.shell:Creating prefix chain script '/home/shivam/arduinobot_ws/install/setup.bash'
[2.690s] INFO:colcon.colcon_core.shell:Creating prefix script '/home/shivam/arduinobot_ws/install/local_setup.zsh'
[2.691s] INFO:colcon.colcon_core.shell:Creating prefix chain script '/home/shivam/arduinobot_ws/install/setup.zsh'
