[0.071s] Invoking command in '/home/shivam/arduinobot_ws/src/build/arduinobot_description': CMAKE_PREFIX_PATH=${CMAKE_PREFIX_PATH}:/home/shivam/arduinobot_ws/install/arduinobot_py_examples:/opt/ros/humble /usr/bin/cmake /home/shivam/arduinobot_ws/src/arduinobot_description -DCMAKE_INSTALL_PREFIX=/home/shivam/arduinobot_ws/src/install/arduinobot_description
[0.192s] -- The C compiler identification is GNU 11.4.0
[0.562s] -- The CXX compiler identification is GNU 11.4.0
[0.839s] -- Detecting C compiler ABI info
[0.956s] -- Detecting C compiler ABI info - done
[0.960s] -- Check for working C compiler: /usr/bin/cc - skipped
[0.962s] -- Detecting C compile features
[0.963s] -- Detecting C compile features - done
[0.965s] -- Detecting CXX compiler ABI info
[1.062s] -- Detecting CXX compiler ABI info - done
[1.067s] -- Check for working CXX compiler: /usr/bin/c++ - skipped
[1.067s] -- Detecting CXX compile features
[1.067s] -- Detecting CXX compile features - done
[1.070s] -- Found ament_cmake: 1.3.6 (/opt/ros/humble/share/ament_cmake/cmake)
[1.169s] -- Found Python3: /usr/bin/python3.10 (found version "3.10.12") found components: Interpreter 
[1.221s] -- Found ament_lint_auto: 0.12.9 (/opt/ros/humble/share/ament_lint_auto/cmake)
[1.268s] -- Added test 'lint_cmake' to check CMake code style
[1.269s] -- Added test 'xmllint' to check XML markup files
[1.270s] -- Configuring done
[1.271s] -- Generating done
[1.272s] -- Build files have been written to: /home/shivam/arduinobot_ws/src/build/arduinobot_description
[1.275s] Invoked command in '/home/shivam/arduinobot_ws/src/build/arduinobot_description' returned '0': CMAKE_PREFIX_PATH=${CMAKE_PREFIX_PATH}:/home/shivam/arduinobot_ws/install/arduinobot_py_examples:/opt/ros/humble /usr/bin/cmake /home/shivam/arduinobot_ws/src/arduinobot_description -DCMAKE_INSTALL_PREFIX=/home/shivam/arduinobot_ws/src/install/arduinobot_description
[1.276s] Invoking command in '/home/shivam/arduinobot_ws/src/build/arduinobot_description': CMAKE_PREFIX_PATH=${CMAKE_PREFIX_PATH}:/home/shivam/arduinobot_ws/install/arduinobot_py_examples:/opt/ros/humble /usr/bin/cmake --build /home/shivam/arduinobot_ws/src/build/arduinobot_description -- -j12 -l12
[1.296s] Invoked command in '/home/shivam/arduinobot_ws/src/build/arduinobot_description' returned '0': CMAKE_PREFIX_PATH=${CMAKE_PREFIX_PATH}:/home/shivam/arduinobot_ws/install/arduinobot_py_examples:/opt/ros/humble /usr/bin/cmake --build /home/shivam/arduinobot_ws/src/build/arduinobot_description -- -j12 -l12
[1.312s] Invoking command in '/home/shivam/arduinobot_ws/src/build/arduinobot_description': CMAKE_PREFIX_PATH=${CMAKE_PREFIX_PATH}:/home/shivam/arduinobot_ws/install/arduinobot_py_examples:/opt/ros/humble /usr/bin/cmake --install /home/shivam/arduinobot_ws/src/build/arduinobot_description
[1.315s] -- Install configuration: ""
[1.315s] -- Installing: /home/shivam/arduinobot_ws/src/install/arduinobot_description/share/arduinobot_description/meshes
[1.315s] -- Installing: /home/shivam/arduinobot_ws/src/install/arduinobot_description/share/arduinobot_description/meshes/round_plate.STL:Zone.Identifier
[1.315s] -- Installing: /home/shivam/arduinobot_ws/src/install/arduinobot_description/share/arduinobot_description/meshes/right_finger.STL
[1.316s] -- Installing: /home/shivam/arduinobot_ws/src/install/arduinobot_description/share/arduinobot_description/meshes/link.STL:Zone.Identifier
[1.316s] -- Installing: /home/shivam/arduinobot_ws/src/install/arduinobot_description/share/arduinobot_description/meshes/forward_drive_arm.STL:Zone.Identifier
[1.316s] -- Installing: /home/shivam/arduinobot_ws/src/install/arduinobot_description/share/arduinobot_description/meshes/driven_gear.STL:Zone.Identifier
[1.316s] -- Installing: /home/shivam/arduinobot_ws/src/install/arduinobot_description/share/arduinobot_description/meshes/claw_support.STL:Zone.Identifier
[1.316s] -- Installing: /home/shivam/arduinobot_ws/src/install/arduinobot_description/share/arduinobot_description/meshes/vertical_drive_arm.STL:Zone.Identifier
[1.316s] -- Installing: /home/shivam/arduinobot_ws/src/install/arduinobot_description/share/arduinobot_description/meshes/plate.STL
[1.318s] -- Installing: /home/shivam/arduinobot_ws/src/install/arduinobot_description/share/arduinobot_description/meshes/left_finger.STL
[1.318s] -- Installing: /home/shivam/arduinobot_ws/src/install/arduinobot_description/share/arduinobot_description/meshes/horizontal_arm.STL:Zone.Identifier
[1.318s] -- Installing: /home/shivam/arduinobot_ws/src/install/arduinobot_description/share/arduinobot_description/meshes/round_plate.STL
[1.318s] -- Installing: /home/shivam/arduinobot_ws/src/install/arduinobot_description/share/arduinobot_description/meshes/servo_plate.STL
[1.318s] -- Installing: /home/shivam/arduinobot_ws/src/install/arduinobot_description/share/arduinobot_description/meshes/triangular_link.STL
[1.319s] -- Installing: /home/shivam/arduinobot_ws/src/install/arduinobot_description/share/arduinobot_description/meshes/forward_drive_arm.STL
[1.320s] -- Installing: /home/shivam/arduinobot_ws/src/install/arduinobot_description/share/arduinobot_description/meshes/right_finger.STL:Zone.Identifier
[1.320s] -- Installing: /home/shivam/arduinobot_ws/src/install/arduinobot_description/share/arduinobot_description/meshes/driven_gear.STL
[1.320s] -- Installing: /home/shivam/arduinobot_ws/src/install/arduinobot_description/share/arduinobot_description/meshes/drive_gear.STL
[1.320s] -- Installing: /home/shivam/arduinobot_ws/src/install/arduinobot_description/share/arduinobot_description/meshes/claw_support.STL
[1.321s] -- Installing: /home/shivam/arduinobot_ws/src/install/arduinobot_description/share/arduinobot_description/meshes/base_plate.STL
[1.322s] -- Installing: /home/shivam/arduinobot_ws/src/install/arduinobot_description/share/arduinobot_description/meshes/left_finger.STL:Zone.Identifier
[1.322s] -- Installing: /home/shivam/arduinobot_ws/src/install/arduinobot_description/share/arduinobot_description/meshes/link.STL
[1.323s] -- Installing: /home/shivam/arduinobot_ws/src/install/arduinobot_description/share/arduinobot_description/meshes/basement.STL
[1.323s] -- Installing: /home/shivam/arduinobot_ws/src/install/arduinobot_description/share/arduinobot_description/meshes/triangular_link.STL:Zone.Identifier
[1.323s] -- Installing: /home/shivam/arduinobot_ws/src/install/arduinobot_description/share/arduinobot_description/meshes/horizontal_arm.STL
[1.324s] -- Installing: /home/shivam/arduinobot_ws/src/install/arduinobot_description/share/arduinobot_description/meshes/drive_gear.STL:Zone.Identifier
[1.324s] -- Installing: /home/shivam/arduinobot_ws/src/install/arduinobot_description/share/arduinobot_description/meshes/plate.STL:Zone.Identifier
[1.324s] -- Installing: /home/shivam/arduinobot_ws/src/install/arduinobot_description/share/arduinobot_description/meshes/basement.STL:Zone.Identifier
[1.324s] -- Installing: /home/shivam/arduinobot_ws/src/install/arduinobot_description/share/arduinobot_description/meshes/base_plate.STL:Zone.Identifier
[1.324s] -- Installing: /home/shivam/arduinobot_ws/src/install/arduinobot_description/share/arduinobot_description/meshes/vertical_drive_arm.STL
[1.325s] -- Installing: /home/shivam/arduinobot_ws/src/install/arduinobot_description/share/arduinobot_description/meshes/servo_plate.STL:Zone.Identifier
[1.325s] -- Installing: /home/shivam/arduinobot_ws/src/install/arduinobot_description/share/arduinobot_description/urdf
[1.325s] -- Installing: /home/shivam/arduinobot_ws/src/install/arduinobot_description/share/arduinobot_description/urdf/arduinobot.urdf.xacro
[1.325s] -- Installing: /home/shivam/arduinobot_ws/src/install/arduinobot_description/share/ament_index/resource_index/package_run_dependencies/arduinobot_description
[1.325s] -- Installing: /home/shivam/arduinobot_ws/src/install/arduinobot_description/share/ament_index/resource_index/parent_prefix_path/arduinobot_description
[1.325s] -- Installing: /home/shivam/arduinobot_ws/src/install/arduinobot_description/share/arduinobot_description/environment/ament_prefix_path.sh
[1.326s] -- Installing: /home/shivam/arduinobot_ws/src/install/arduinobot_description/share/arduinobot_description/environment/ament_prefix_path.dsv
[1.326s] -- Installing: /home/shivam/arduinobot_ws/src/install/arduinobot_description/share/arduinobot_description/environment/path.sh
[1.326s] -- Installing: /home/shivam/arduinobot_ws/src/install/arduinobot_description/share/arduinobot_description/environment/path.dsv
[1.326s] -- Installing: /home/shivam/arduinobot_ws/src/install/arduinobot_description/share/arduinobot_description/local_setup.bash
[1.326s] -- Installing: /home/shivam/arduinobot_ws/src/install/arduinobot_description/share/arduinobot_description/local_setup.sh
[1.326s] -- Installing: /home/shivam/arduinobot_ws/src/install/arduinobot_description/share/arduinobot_description/local_setup.zsh
[1.326s] -- Installing: /home/shivam/arduinobot_ws/src/install/arduinobot_description/share/arduinobot_description/local_setup.dsv
[1.326s] -- Installing: /home/shivam/arduinobot_ws/src/install/arduinobot_description/share/arduinobot_description/package.dsv
[1.326s] -- Installing: /home/shivam/arduinobot_ws/src/install/arduinobot_description/share/ament_index/resource_index/packages/arduinobot_description
[1.326s] -- Installing: /home/shivam/arduinobot_ws/src/install/arduinobot_description/share/arduinobot_description/cmake/arduinobot_descriptionConfig.cmake
[1.327s] -- Installing: /home/shivam/arduinobot_ws/src/install/arduinobot_description/share/arduinobot_description/cmake/arduinobot_descriptionConfig-version.cmake
[1.327s] -- Installing: /home/shivam/arduinobot_ws/src/install/arduinobot_description/share/arduinobot_description/package.xml
[1.328s] Invoked command in '/home/shivam/arduinobot_ws/src/build/arduinobot_description' returned '0': CMAKE_PREFIX_PATH=${CMAKE_PREFIX_PATH}:/home/shivam/arduinobot_ws/install/arduinobot_py_examples:/opt/ros/humble /usr/bin/cmake --install /home/shivam/arduinobot_ws/src/build/arduinobot_description
