-- The C compiler identification is GNU 11.4.0
-- The CXX compiler identification is GNU 11.4.0
-- Detecting C compiler ABI info
-- Detecting C compiler ABI info - done
-- Check for working C compiler: /usr/bin/cc - skipped
-- Detecting C compile features
-- Detecting C compile features - done
-- Detecting CXX compiler ABI info
-- Detecting CXX compiler ABI info - done
-- Check for working CXX compiler: /usr/bin/c++ - skipped
-- Detecting CXX compile features
-- Detecting CXX compile features - done
-- Found ament_cmake: 1.3.8 (/opt/ros/humble/share/ament_cmake/cmake)
-- Found Python3: /usr/bin/python3 (found version "3.10.12") found components: Interpreter 
-- Found ament_lint_auto: 0.12.10 (/opt/ros/humble/share/ament_lint_auto/cmake)
-- Added test 'lint_cmake' to check CMake code style
-- Added test 'xmllint' to check XML markup files
-- Configuring done
-- Generating done
-- Build files have been written to: /home/shivam/arduinobot_ws/build/arduinobot_msgs
-- Install configuration: ""
-- Installing: /home/shivam/arduinobot_ws/install/arduinobot_msgs/share/ament_index/resource_index/package_run_dependencies/arduinobot_msgs
-- Installing: /home/shivam/arduinobot_ws/install/arduinobot_msgs/share/ament_index/resource_index/parent_prefix_path/arduinobot_msgs
-- Installing: /home/shivam/arduinobot_ws/install/arduinobot_msgs/share/arduinobot_msgs/environment/ament_prefix_path.sh
-- Installing: /home/shivam/arduinobot_ws/install/arduinobot_msgs/share/arduinobot_msgs/environment/ament_prefix_path.dsv
-- Installing: /home/shivam/arduinobot_ws/install/arduinobot_msgs/share/arduinobot_msgs/environment/path.sh
-- Installing: /home/shivam/arduinobot_ws/install/arduinobot_msgs/share/arduinobot_msgs/environment/path.dsv
-- Installing: /home/shivam/arduinobot_ws/install/arduinobot_msgs/share/arduinobot_msgs/local_setup.bash
-- Installing: /home/shivam/arduinobot_ws/install/arduinobot_msgs/share/arduinobot_msgs/local_setup.sh
-- Installing: /home/shivam/arduinobot_ws/install/arduinobot_msgs/share/arduinobot_msgs/local_setup.zsh
-- Installing: /home/shivam/arduinobot_ws/install/arduinobot_msgs/share/arduinobot_msgs/local_setup.dsv
-- Installing: /home/shivam/arduinobot_ws/install/arduinobot_msgs/share/arduinobot_msgs/package.dsv
-- Installing: /home/shivam/arduinobot_ws/install/arduinobot_msgs/share/ament_index/resource_index/packages/arduinobot_msgs
-- Installing: /home/shivam/arduinobot_ws/install/arduinobot_msgs/share/arduinobot_msgs/cmake/arduinobot_msgsConfig.cmake
-- Installing: /home/shivam/arduinobot_ws/install/arduinobot_msgs/share/arduinobot_msgs/cmake/arduinobot_msgsConfig-version.cmake
-- Installing: /home/shivam/arduinobot_ws/install/arduinobot_msgs/share/arduinobot_msgs/package.xml
