[0.341s] Invoking command in '/home/shivam/arduinobot_ws/build/arduinobot_utils': AMENT_PREFIX_PATH=/home/shivam/arduinobot_ws/install/arduinobot_msgs:${AMENT_PREFIX_PATH} CMAKE_PREFIX_PATH=/home/shivam/arduinobot_ws/install/arduinobot_msgs:/opt/ros/humble /usr/bin/cmake /home/shivam/arduinobot_ws/src/arduinobot_utils -DCMAKE_INSTALL_PREFIX=/home/shivam/arduinobot_ws/install/arduinobot_utils
[0.449s] -- The C compiler identification is GNU 11.4.0
[0.823s] -- The CXX compiler identification is GNU 11.4.0
[1.077s] -- Detecting C compiler ABI info
[1.183s] -- Detecting C compiler ABI info - done
[1.187s] -- Check for working C compiler: /usr/bin/cc - skipped
[1.187s] -- Detecting C compile features
[1.188s] -- Detecting C compile features - done
[1.193s] -- Detecting CXX compiler ABI info
[1.297s] -- Detecting CXX compiler ABI info - done
[1.301s] -- Check for working CXX compiler: /usr/bin/c++ - skipped
[1.301s] -- Detecting CXX compile features
[1.302s] -- Detecting CXX compile features - done
[1.304s] -- Found ament_cmake: 1.3.8 (/opt/ros/humble/share/ament_cmake/cmake)
[1.400s] -- Found Python3: /usr/bin/python3 (found version "3.10.12") found components: Interpreter 
[1.459s] -- Found rclcpp: 16.0.8 (/opt/ros/humble/share/rclcpp/cmake)
[1.747s] -- Found rosidl_generator_c: 3.1.5 (/opt/ros/humble/share/rosidl_generator_c/cmake)
[1.755s] -- Found rosidl_adapter: 3.1.5 (/opt/ros/humble/share/rosidl_adapter/cmake)
[1.770s] -- Found rosidl_generator_cpp: 3.1.5 (/opt/ros/humble/share/rosidl_generator_cpp/cmake)
[1.796s] -- Using all available rosidl_typesupport_c: rosidl_typesupport_fastrtps_c;rosidl_typesupport_introspection_c
[1.823s] -- Using all available rosidl_typesupport_cpp: rosidl_typesupport_fastrtps_cpp;rosidl_typesupport_introspection_cpp
[1.909s] -- Found rmw_implementation_cmake: 6.1.1 (/opt/ros/humble/share/rmw_implementation_cmake/cmake)
[1.915s] -- Found rmw_fastrtps_cpp: 6.2.6 (/opt/ros/humble/share/rmw_fastrtps_cpp/cmake)
[3.013s] -- Found OpenSSL: /usr/lib/x86_64-linux-gnu/libcrypto.so (found version "3.0.2")  
[4.158s] -- Found FastRTPS: /opt/ros/humble/include  
[5.921s] -- Using RMW implementation 'rmw_fastrtps_cpp' as default
[5.931s] -- Looking for pthread.h
[6.052s] -- Looking for pthread.h - found
[6.052s] -- Performing Test CMAKE_HAVE_LIBC_PTHREAD
[6.264s] -- Performing Test CMAKE_HAVE_LIBC_PTHREAD - Success
[6.265s] -- Found Threads: TRUE  
[6.404s] -- Found rclpy: 3.3.12 (/opt/ros/humble/share/rclpy/cmake)
[6.404s] -- Found arduinobot_msgs: 0.0.0 (/home/shivam/arduinobot_ws/install/arduinobot_msgs/share/arduinobot_msgs/cmake)
[6.412s] -- Found tf2: 0.25.6 (/opt/ros/humble/share/tf2/cmake)
[6.574s] -- Configuring done
[6.581s] -- Generating done
[6.582s] -- Build files have been written to: /home/shivam/arduinobot_ws/build/arduinobot_utils
[6.590s] Invoked command in '/home/shivam/arduinobot_ws/build/arduinobot_utils' returned '0': AMENT_PREFIX_PATH=/home/shivam/arduinobot_ws/install/arduinobot_msgs:${AMENT_PREFIX_PATH} CMAKE_PREFIX_PATH=/home/shivam/arduinobot_ws/install/arduinobot_msgs:/opt/ros/humble /usr/bin/cmake /home/shivam/arduinobot_ws/src/arduinobot_utils -DCMAKE_INSTALL_PREFIX=/home/shivam/arduinobot_ws/install/arduinobot_utils
[6.591s] Invoking command in '/home/shivam/arduinobot_ws/build/arduinobot_utils': AMENT_PREFIX_PATH=/home/shivam/arduinobot_ws/install/arduinobot_msgs:${AMENT_PREFIX_PATH} CMAKE_PREFIX_PATH=/home/shivam/arduinobot_ws/install/arduinobot_msgs:/opt/ros/humble /usr/bin/cmake --build /home/shivam/arduinobot_ws/build/arduinobot_utils -- -j12 -l12
[6.619s] [ 50%] [32mBuilding CXX object CMakeFiles/angle_conversion.dir/src/angle_conversion.cpp.o[0m
[6.626s] [ 50%] Built target ament_cmake_python_copy_arduinobot_utils
[6.785s] running egg_info
[6.785s] creating arduinobot_utils.egg-info
[6.786s] writing arduinobot_utils.egg-info/PKG-INFO
[6.786s] writing dependency_links to arduinobot_utils.egg-info/dependency_links.txt
[6.786s] writing top-level names to arduinobot_utils.egg-info/top_level.txt
[6.786s] writing manifest file 'arduinobot_utils.egg-info/SOURCES.txt'
[6.787s] reading manifest file 'arduinobot_utils.egg-info/SOURCES.txt'
[6.787s] writing manifest file 'arduinobot_utils.egg-info/SOURCES.txt'
[6.806s] [ 50%] Built target ament_cmake_python_build_arduinobot_utils_egg
[6.980s] [01m[K/home/shivam/arduinobot_ws/src/arduinobot_utils/src/angle_conversion.cpp:2:10:[m[K [01;31m[Kfatal error: [m[Karduinobot_msgs/srv/euler_to_quaternion.hpp: No such file or directory
[6.980s]     2 | #include [01;31m[K"arduinobot_msgs/srv/euler_to_quaternion.hpp"[m[K
[6.980s]       |          [01;31m[K^~~~~~~~~~~~~~~~~~~~~~~~~~~~~~~~~~~~~~~~~~~~~[m[K
[6.980s] compilation terminated.
[6.981s] gmake[2]: *** [CMakeFiles/angle_conversion.dir/build.make:76: CMakeFiles/angle_conversion.dir/src/angle_conversion.cpp.o] Error 1
[6.981s] gmake[1]: *** [CMakeFiles/Makefile2:140: CMakeFiles/angle_conversion.dir/all] Error 2
[6.982s] gmake: *** [Makefile:146: all] Error 2
[6.984s] Invoked command in '/home/shivam/arduinobot_ws/build/arduinobot_utils' returned '2': AMENT_PREFIX_PATH=/home/shivam/arduinobot_ws/install/arduinobot_msgs:${AMENT_PREFIX_PATH} CMAKE_PREFIX_PATH=/home/shivam/arduinobot_ws/install/arduinobot_msgs:/opt/ros/humble /usr/bin/cmake --build /home/shivam/arduinobot_ws/build/arduinobot_utils -- -j12 -l12
