[0.037s] Invoking command in '/home/shivam/arduinobot_ws/build/arduinobot_msgs': CMAKE_PREFIX_PATH=/opt/ros/humble /usr/bin/cmake --build /home/shivam/arduinobot_ws/build/arduinobot_msgs -- -j12 -l12
[0.178s] [  1%] Built target arduinobot_msgs__cpp
[0.215s] [35m[1mConsolidate compiler generated dependencies of target arduinobot_msgs__rosidl_generator_c[0m
[0.223s] [35m[1mConsolidate compiler generated dependencies of target arduinobot_msgs__rosidl_typesupport_cpp[0m
[0.232s] [35m[1mConsolidate compiler generated dependencies of target arduinobot_msgs__rosidl_typesupport_fastrtps_cpp[0m
[0.235s] [35m[1mConsolidate compiler generated dependencies of target arduinobot_msgs__rosidl_typesupport_introspection_cpp[0m
[0.235s] [  1%] Built target ament_cmake_python_copy_arduinobot_msgs
[0.235s] [ 12%] Built target arduinobot_msgs__rosidl_generator_c
[0.242s] [ 23%] Built target arduinobot_msgs__rosidl_typesupport_cpp
[0.245s] [ 34%] Built target arduinobot_msgs__rosidl_typesupport_fastrtps_cpp
[0.254s] [ 46%] Built target arduinobot_msgs__rosidl_typesupport_introspection_cpp
[0.257s] [35m[1mConsolidate compiler generated dependencies of target arduinobot_msgs__rosidl_typesupport_introspection_c[0m
[0.260s] [35m[1mConsolidate compiler generated dependencies of target arduinobot_msgs__rosidl_typesupport_c[0m
[0.261s] [35m[1mConsolidate compiler generated dependencies of target arduinobot_msgs__rosidl_typesupport_fastrtps_c[0m
[0.275s] [ 57%] Built target arduinobot_msgs__rosidl_typesupport_introspection_c
[0.280s] [ 68%] Built target arduinobot_msgs__rosidl_typesupport_c
[0.284s] [ 79%] Built target arduinobot_msgs__rosidl_typesupport_fastrtps_c
[0.310s] [ 79%] Built target arduinobot_msgs
[0.330s] [ 80%] Built target arduinobot_msgs__py
[0.346s] [35m[1mConsolidate compiler generated dependencies of target arduinobot_msgs__rosidl_generator_py[0m
[0.363s] [ 90%] Built target arduinobot_msgs__rosidl_generator_py
[0.375s] [35m[1mConsolidate compiler generated dependencies of target arduinobot_msgs__rosidl_typesupport_introspection_c__pyext[0m
[0.375s] [35m[1mConsolidate compiler generated dependencies of target arduinobot_msgs__rosidl_typesupport_c__pyext[0m
[0.375s] [35m[1mConsolidate compiler generated dependencies of target arduinobot_msgs__rosidl_typesupport_fastrtps_c__pyext[0m
[0.387s] [100%] Built target arduinobot_msgs__rosidl_typesupport_introspection_c__pyext
[0.388s] [100%] Built target arduinobot_msgs__rosidl_typesupport_fastrtps_c__pyext
[0.388s] [100%] Built target arduinobot_msgs__rosidl_typesupport_c__pyext
[0.502s] running egg_info
[0.503s] writing arduinobot_msgs.egg-info/PKG-INFO
[0.504s] writing dependency_links to arduinobot_msgs.egg-info/dependency_links.txt
[0.504s] writing top-level names to arduinobot_msgs.egg-info/top_level.txt
[0.507s] reading manifest file 'arduinobot_msgs.egg-info/SOURCES.txt'
[0.508s] writing manifest file 'arduinobot_msgs.egg-info/SOURCES.txt'
[0.537s] [100%] Built target ament_cmake_python_build_arduinobot_msgs_egg
[0.552s] Invoked command in '/home/shivam/arduinobot_ws/build/arduinobot_msgs' returned '0': CMAKE_PREFIX_PATH=/opt/ros/humble /usr/bin/cmake --build /home/shivam/arduinobot_ws/build/arduinobot_msgs -- -j12 -l12
[0.678s] Invoking command in '/home/shivam/arduinobot_ws/build/arduinobot_msgs': CMAKE_PREFIX_PATH=/opt/ros/humble /usr/bin/cmake --install /home/shivam/arduinobot_ws/build/arduinobot_msgs
[0.685s] -- Install configuration: ""
[0.687s] -- Up-to-date: /home/shivam/arduinobot_ws/install/arduinobot_msgs/share/ament_index/resource_index/rosidl_interfaces/arduinobot_msgs
[0.688s] -- Up-to-date: /home/shivam/arduinobot_ws/install/arduinobot_msgs/include/arduinobot_msgs/arduinobot_msgs
[0.688s] -- Up-to-date: /home/shivam/arduinobot_ws/install/arduinobot_msgs/include/arduinobot_msgs/arduinobot_msgs/srv
[0.688s] -- Up-to-date: /home/shivam/arduinobot_ws/install/arduinobot_msgs/include/arduinobot_msgs/arduinobot_msgs/srv/quaternion_to_euler.h
[0.688s] -- Up-to-date: /home/shivam/arduinobot_ws/install/arduinobot_msgs/include/arduinobot_msgs/arduinobot_msgs/srv/detail
[0.689s] -- Up-to-date: /home/shivam/arduinobot_ws/install/arduinobot_msgs/include/arduinobot_msgs/arduinobot_msgs/srv/detail/euler_to_quaternion__functions.h
[0.689s] -- Up-to-date: /home/shivam/arduinobot_ws/install/arduinobot_msgs/include/arduinobot_msgs/arduinobot_msgs/srv/detail/add_two_ints__struct.h
[0.689s] -- Up-to-date: /home/shivam/arduinobot_ws/install/arduinobot_msgs/include/arduinobot_msgs/arduinobot_msgs/srv/detail/euler_to_quaternion__functions.c
[0.689s] -- Up-to-date: /home/shivam/arduinobot_ws/install/arduinobot_msgs/include/arduinobot_msgs/arduinobot_msgs/srv/detail/euler_to_quaternion__type_support.h
[0.690s] -- Up-to-date: /home/shivam/arduinobot_ws/install/arduinobot_msgs/include/arduinobot_msgs/arduinobot_msgs/srv/detail/quaternion_to_euler__functions.c
[0.690s] -- Up-to-date: /home/shivam/arduinobot_ws/install/arduinobot_msgs/include/arduinobot_msgs/arduinobot_msgs/srv/detail/quaternion_to_euler__type_support.h
[0.690s] -- Up-to-date: /home/shivam/arduinobot_ws/install/arduinobot_msgs/include/arduinobot_msgs/arduinobot_msgs/srv/detail/add_two_ints__functions.c
[0.690s] -- Up-to-date: /home/shivam/arduinobot_ws/install/arduinobot_msgs/include/arduinobot_msgs/arduinobot_msgs/srv/detail/add_two_ints__functions.h
[0.690s] -- Up-to-date: /home/shivam/arduinobot_ws/install/arduinobot_msgs/include/arduinobot_msgs/arduinobot_msgs/srv/detail/add_two_ints__type_support.h
[0.691s] -- Up-to-date: /home/shivam/arduinobot_ws/install/arduinobot_msgs/include/arduinobot_msgs/arduinobot_msgs/srv/detail/euler_to_quaternion__struct.h
[0.691s] -- Up-to-date: /home/shivam/arduinobot_ws/install/arduinobot_msgs/include/arduinobot_msgs/arduinobot_msgs/srv/detail/quaternion_to_euler__struct.h
[0.691s] -- Up-to-date: /home/shivam/arduinobot_ws/install/arduinobot_msgs/include/arduinobot_msgs/arduinobot_msgs/srv/detail/quaternion_to_euler__functions.h
[0.692s] -- Up-to-date: /home/shivam/arduinobot_ws/install/arduinobot_msgs/include/arduinobot_msgs/arduinobot_msgs/srv/add_two_ints.h
[0.692s] -- Up-to-date: /home/shivam/arduinobot_ws/install/arduinobot_msgs/include/arduinobot_msgs/arduinobot_msgs/srv/euler_to_quaternion.h
[0.692s] -- Up-to-date: /home/shivam/arduinobot_ws/install/arduinobot_msgs/include/arduinobot_msgs/arduinobot_msgs/msg
[0.693s] -- Up-to-date: /home/shivam/arduinobot_ws/install/arduinobot_msgs/include/arduinobot_msgs/arduinobot_msgs/msg/rosidl_generator_c__visibility_control.h
[0.693s] -- Up-to-date: /home/shivam/arduinobot_ws/install/arduinobot_msgs/include/arduinobot_msgs/arduinobot_msgs/action
[0.693s] -- Up-to-date: /home/shivam/arduinobot_ws/install/arduinobot_msgs/include/arduinobot_msgs/arduinobot_msgs/action/arduinobot_task.h
[0.693s] -- Up-to-date: /home/shivam/arduinobot_ws/install/arduinobot_msgs/include/arduinobot_msgs/arduinobot_msgs/action/detail
[0.693s] -- Up-to-date: /home/shivam/arduinobot_ws/install/arduinobot_msgs/include/arduinobot_msgs/arduinobot_msgs/action/detail/arduinobot_task__type_support.h
[0.694s] -- Up-to-date: /home/shivam/arduinobot_ws/install/arduinobot_msgs/include/arduinobot_msgs/arduinobot_msgs/action/detail/arduinobot_task__struct.h
[0.694s] -- Up-to-date: /home/shivam/arduinobot_ws/install/arduinobot_msgs/include/arduinobot_msgs/arduinobot_msgs/action/detail/arduinobot_task__functions.h
[0.694s] -- Up-to-date: /home/shivam/arduinobot_ws/install/arduinobot_msgs/include/arduinobot_msgs/arduinobot_msgs/action/detail/fibonacci__functions.h
[0.694s] -- Up-to-date: /home/shivam/arduinobot_ws/install/arduinobot_msgs/include/arduinobot_msgs/arduinobot_msgs/action/detail/arduinobot_task__functions.c
[0.695s] -- Up-to-date: /home/shivam/arduinobot_ws/install/arduinobot_msgs/include/arduinobot_msgs/arduinobot_msgs/action/detail/fibonacci__struct.h
[0.695s] -- Up-to-date: /home/shivam/arduinobot_ws/install/arduinobot_msgs/include/arduinobot_msgs/arduinobot_msgs/action/detail/fibonacci__type_support.h
[0.695s] -- Up-to-date: /home/shivam/arduinobot_ws/install/arduinobot_msgs/include/arduinobot_msgs/arduinobot_msgs/action/detail/fibonacci__functions.c
[0.695s] -- Up-to-date: /home/shivam/arduinobot_ws/install/arduinobot_msgs/include/arduinobot_msgs/arduinobot_msgs/action/fibonacci.h
[0.696s] -- Up-to-date: /home/shivam/arduinobot_ws/install/arduinobot_msgs/share/arduinobot_msgs/environment/library_path.sh
[0.696s] -- Up-to-date: /home/shivam/arduinobot_ws/install/arduinobot_msgs/share/arduinobot_msgs/environment/library_path.dsv
[0.696s] -- Up-to-date: /home/shivam/arduinobot_ws/install/arduinobot_msgs/lib/libarduinobot_msgs__rosidl_generator_c.so
[0.697s] -- Up-to-date: /home/shivam/arduinobot_ws/install/arduinobot_msgs/include/arduinobot_msgs/arduinobot_msgs
[0.697s] -- Up-to-date: /home/shivam/arduinobot_ws/install/arduinobot_msgs/include/arduinobot_msgs/arduinobot_msgs/srv
[0.697s] -- Up-to-date: /home/shivam/arduinobot_ws/install/arduinobot_msgs/include/arduinobot_msgs/arduinobot_msgs/srv/detail
[0.697s] -- Up-to-date: /home/shivam/arduinobot_ws/install/arduinobot_msgs/include/arduinobot_msgs/arduinobot_msgs/srv/detail/euler_to_quaternion__rosidl_typesupport_fastrtps_c.h
[0.697s] -- Up-to-date: /home/shivam/arduinobot_ws/install/arduinobot_msgs/include/arduinobot_msgs/arduinobot_msgs/srv/detail/quaternion_to_euler__rosidl_typesupport_fastrtps_c.h
[0.697s] -- Up-to-date: /home/shivam/arduinobot_ws/install/arduinobot_msgs/include/arduinobot_msgs/arduinobot_msgs/srv/detail/add_two_ints__rosidl_typesupport_fastrtps_c.h
[0.698s] -- Up-to-date: /home/shivam/arduinobot_ws/install/arduinobot_msgs/include/arduinobot_msgs/arduinobot_msgs/msg
[0.698s] -- Up-to-date: /home/shivam/arduinobot_ws/install/arduinobot_msgs/include/arduinobot_msgs/arduinobot_msgs/msg/rosidl_typesupport_fastrtps_c__visibility_control.h
[0.698s] -- Up-to-date: /home/shivam/arduinobot_ws/install/arduinobot_msgs/include/arduinobot_msgs/arduinobot_msgs/action
[0.699s] -- Up-to-date: /home/shivam/arduinobot_ws/install/arduinobot_msgs/include/arduinobot_msgs/arduinobot_msgs/action/detail
[0.699s] -- Up-to-date: /home/shivam/arduinobot_ws/install/arduinobot_msgs/include/arduinobot_msgs/arduinobot_msgs/action/detail/fibonacci__rosidl_typesupport_fastrtps_c.h
[0.699s] -- Up-to-date: /home/shivam/arduinobot_ws/install/arduinobot_msgs/include/arduinobot_msgs/arduinobot_msgs/action/detail/arduinobot_task__rosidl_typesupport_fastrtps_c.h
[0.699s] -- Up-to-date: /home/shivam/arduinobot_ws/install/arduinobot_msgs/lib/libarduinobot_msgs__rosidl_typesupport_fastrtps_c.so
[0.699s] -- Up-to-date: /home/shivam/arduinobot_ws/install/arduinobot_msgs/include/arduinobot_msgs/arduinobot_msgs
[0.699s] -- Up-to-date: /home/shivam/arduinobot_ws/install/arduinobot_msgs/include/arduinobot_msgs/arduinobot_msgs/srv
[0.699s] -- Up-to-date: /home/shivam/arduinobot_ws/install/arduinobot_msgs/include/arduinobot_msgs/arduinobot_msgs/srv/detail
[0.700s] -- Up-to-date: /home/shivam/arduinobot_ws/install/arduinobot_msgs/include/arduinobot_msgs/arduinobot_msgs/srv/detail/euler_to_quaternion__traits.hpp
[0.700s] -- Up-to-date: /home/shivam/arduinobot_ws/install/arduinobot_msgs/include/arduinobot_msgs/arduinobot_msgs/srv/detail/add_two_ints__builder.hpp
[0.701s] -- Up-to-date: /home/shivam/arduinobot_ws/install/arduinobot_msgs/include/arduinobot_msgs/arduinobot_msgs/srv/detail/euler_to_quaternion__builder.hpp
[0.701s] -- Up-to-date: /home/shivam/arduinobot_ws/install/arduinobot_msgs/include/arduinobot_msgs/arduinobot_msgs/srv/detail/add_two_ints__traits.hpp
[0.701s] -- Up-to-date: /home/shivam/arduinobot_ws/install/arduinobot_msgs/include/arduinobot_msgs/arduinobot_msgs/srv/detail/euler_to_quaternion__struct.hpp
[0.701s] -- Up-to-date: /home/shivam/arduinobot_ws/install/arduinobot_msgs/include/arduinobot_msgs/arduinobot_msgs/srv/detail/quaternion_to_euler__struct.hpp
[0.701s] -- Up-to-date: /home/shivam/arduinobot_ws/install/arduinobot_msgs/include/arduinobot_msgs/arduinobot_msgs/srv/detail/quaternion_to_euler__traits.hpp
[0.701s] -- Up-to-date: /home/shivam/arduinobot_ws/install/arduinobot_msgs/include/arduinobot_msgs/arduinobot_msgs/srv/detail/quaternion_to_euler__builder.hpp
[0.702s] -- Up-to-date: /home/shivam/arduinobot_ws/install/arduinobot_msgs/include/arduinobot_msgs/arduinobot_msgs/srv/detail/add_two_ints__struct.hpp
[0.702s] -- Up-to-date: /home/shivam/arduinobot_ws/install/arduinobot_msgs/include/arduinobot_msgs/arduinobot_msgs/srv/quaternion_to_euler.hpp
[0.703s] -- Up-to-date: /home/shivam/arduinobot_ws/install/arduinobot_msgs/include/arduinobot_msgs/arduinobot_msgs/srv/add_two_ints.hpp
[0.703s] -- Up-to-date: /home/shivam/arduinobot_ws/install/arduinobot_msgs/include/arduinobot_msgs/arduinobot_msgs/srv/euler_to_quaternion.hpp
[0.703s] -- Up-to-date: /home/shivam/arduinobot_ws/install/arduinobot_msgs/include/arduinobot_msgs/arduinobot_msgs/action
[0.703s] -- Up-to-date: /home/shivam/arduinobot_ws/install/arduinobot_msgs/include/arduinobot_msgs/arduinobot_msgs/action/detail
[0.703s] -- Up-to-date: /home/shivam/arduinobot_ws/install/arduinobot_msgs/include/arduinobot_msgs/arduinobot_msgs/action/detail/arduinobot_task__builder.hpp
[0.703s] -- Up-to-date: /home/shivam/arduinobot_ws/install/arduinobot_msgs/include/arduinobot_msgs/arduinobot_msgs/action/detail/fibonacci__struct.hpp
[0.703s] -- Up-to-date: /home/shivam/arduinobot_ws/install/arduinobot_msgs/include/arduinobot_msgs/arduinobot_msgs/action/detail/fibonacci__traits.hpp
[0.703s] -- Up-to-date: /home/shivam/arduinobot_ws/install/arduinobot_msgs/include/arduinobot_msgs/arduinobot_msgs/action/detail/fibonacci__builder.hpp
[0.704s] -- Up-to-date: /home/shivam/arduinobot_ws/install/arduinobot_msgs/include/arduinobot_msgs/arduinobot_msgs/action/detail/arduinobot_task__traits.hpp
[0.704s] -- Up-to-date: /home/shivam/arduinobot_ws/install/arduinobot_msgs/include/arduinobot_msgs/arduinobot_msgs/action/detail/arduinobot_task__struct.hpp
[0.704s] -- Up-to-date: /home/shivam/arduinobot_ws/install/arduinobot_msgs/include/arduinobot_msgs/arduinobot_msgs/action/arduinobot_task.hpp
[0.704s] -- Up-to-date: /home/shivam/arduinobot_ws/install/arduinobot_msgs/include/arduinobot_msgs/arduinobot_msgs/action/fibonacci.hpp
[0.704s] -- Up-to-date: /home/shivam/arduinobot_ws/install/arduinobot_msgs/include/arduinobot_msgs/arduinobot_msgs
[0.704s] -- Up-to-date: /home/shivam/arduinobot_ws/install/arduinobot_msgs/include/arduinobot_msgs/arduinobot_msgs/srv
[0.704s] -- Up-to-date: /home/shivam/arduinobot_ws/install/arduinobot_msgs/include/arduinobot_msgs/arduinobot_msgs/srv/detail
[0.704s] -- Up-to-date: /home/shivam/arduinobot_ws/install/arduinobot_msgs/include/arduinobot_msgs/arduinobot_msgs/srv/detail/dds_fastrtps
[0.704s] -- Up-to-date: /home/shivam/arduinobot_ws/install/arduinobot_msgs/include/arduinobot_msgs/arduinobot_msgs/srv/detail/euler_to_quaternion__rosidl_typesupport_fastrtps_cpp.hpp
[0.704s] -- Up-to-date: /home/shivam/arduinobot_ws/install/arduinobot_msgs/include/arduinobot_msgs/arduinobot_msgs/srv/detail/quaternion_to_euler__rosidl_typesupport_fastrtps_cpp.hpp
[0.704s] -- Up-to-date: /home/shivam/arduinobot_ws/install/arduinobot_msgs/include/arduinobot_msgs/arduinobot_msgs/srv/detail/add_two_ints__rosidl_typesupport_fastrtps_cpp.hpp
[0.704s] -- Up-to-date: /home/shivam/arduinobot_ws/install/arduinobot_msgs/include/arduinobot_msgs/arduinobot_msgs/msg
[0.704s] -- Up-to-date: /home/shivam/arduinobot_ws/install/arduinobot_msgs/include/arduinobot_msgs/arduinobot_msgs/msg/rosidl_typesupport_fastrtps_cpp__visibility_control.h
[0.704s] -- Up-to-date: /home/shivam/arduinobot_ws/install/arduinobot_msgs/include/arduinobot_msgs/arduinobot_msgs/action
[0.704s] -- Up-to-date: /home/shivam/arduinobot_ws/install/arduinobot_msgs/include/arduinobot_msgs/arduinobot_msgs/action/detail
[0.704s] -- Up-to-date: /home/shivam/arduinobot_ws/install/arduinobot_msgs/include/arduinobot_msgs/arduinobot_msgs/action/detail/dds_fastrtps
[0.704s] -- Up-to-date: /home/shivam/arduinobot_ws/install/arduinobot_msgs/include/arduinobot_msgs/arduinobot_msgs/action/detail/arduinobot_task__rosidl_typesupport_fastrtps_cpp.hpp
[0.705s] -- Up-to-date: /home/shivam/arduinobot_ws/install/arduinobot_msgs/include/arduinobot_msgs/arduinobot_msgs/action/detail/fibonacci__rosidl_typesupport_fastrtps_cpp.hpp
[0.705s] -- Up-to-date: /home/shivam/arduinobot_ws/install/arduinobot_msgs/lib/libarduinobot_msgs__rosidl_typesupport_fastrtps_cpp.so
[0.705s] -- Up-to-date: /home/shivam/arduinobot_ws/install/arduinobot_msgs/include/arduinobot_msgs/arduinobot_msgs
[0.705s] -- Up-to-date: /home/shivam/arduinobot_ws/install/arduinobot_msgs/include/arduinobot_msgs/arduinobot_msgs/srv
[0.705s] -- Up-to-date: /home/shivam/arduinobot_ws/install/arduinobot_msgs/include/arduinobot_msgs/arduinobot_msgs/srv/detail
[0.705s] -- Up-to-date: /home/shivam/arduinobot_ws/install/arduinobot_msgs/include/arduinobot_msgs/arduinobot_msgs/srv/detail/euler_to_quaternion__rosidl_typesupport_introspection_c.h
[0.705s] -- Up-to-date: /home/shivam/arduinobot_ws/install/arduinobot_msgs/include/arduinobot_msgs/arduinobot_msgs/srv/detail/quaternion_to_euler__type_support.c
[0.705s] -- Up-to-date: /home/shivam/arduinobot_ws/install/arduinobot_msgs/include/arduinobot_msgs/arduinobot_msgs/srv/detail/quaternion_to_euler__rosidl_typesupport_introspection_c.h
[0.705s] -- Up-to-date: /home/shivam/arduinobot_ws/install/arduinobot_msgs/include/arduinobot_msgs/arduinobot_msgs/srv/detail/add_two_ints__type_support.c
[0.705s] -- Up-to-date: /home/shivam/arduinobot_ws/install/arduinobot_msgs/include/arduinobot_msgs/arduinobot_msgs/srv/detail/euler_to_quaternion__type_support.c
[0.705s] -- Up-to-date: /home/shivam/arduinobot_ws/install/arduinobot_msgs/include/arduinobot_msgs/arduinobot_msgs/srv/detail/add_two_ints__rosidl_typesupport_introspection_c.h
[0.705s] -- Up-to-date: /home/shivam/arduinobot_ws/install/arduinobot_msgs/include/arduinobot_msgs/arduinobot_msgs/msg
[0.705s] -- Up-to-date: /home/shivam/arduinobot_ws/install/arduinobot_msgs/include/arduinobot_msgs/arduinobot_msgs/msg/rosidl_typesupport_introspection_c__visibility_control.h
[0.705s] -- Up-to-date: /home/shivam/arduinobot_ws/install/arduinobot_msgs/include/arduinobot_msgs/arduinobot_msgs/action
[0.705s] -- Up-to-date: /home/shivam/arduinobot_ws/install/arduinobot_msgs/include/arduinobot_msgs/arduinobot_msgs/action/detail
[0.705s] -- Up-to-date: /home/shivam/arduinobot_ws/install/arduinobot_msgs/include/arduinobot_msgs/arduinobot_msgs/action/detail/arduinobot_task__rosidl_typesupport_introspection_c.h
[0.705s] -- Up-to-date: /home/shivam/arduinobot_ws/install/arduinobot_msgs/include/arduinobot_msgs/arduinobot_msgs/action/detail/fibonacci__rosidl_typesupport_introspection_c.h
[0.705s] -- Up-to-date: /home/shivam/arduinobot_ws/install/arduinobot_msgs/include/arduinobot_msgs/arduinobot_msgs/action/detail/arduinobot_task__type_support.c
[0.705s] -- Up-to-date: /home/shivam/arduinobot_ws/install/arduinobot_msgs/include/arduinobot_msgs/arduinobot_msgs/action/detail/fibonacci__type_support.c
[0.705s] -- Up-to-date: /home/shivam/arduinobot_ws/install/arduinobot_msgs/lib/libarduinobot_msgs__rosidl_typesupport_introspection_c.so
[0.705s] -- Up-to-date: /home/shivam/arduinobot_ws/install/arduinobot_msgs/lib/libarduinobot_msgs__rosidl_typesupport_c.so
[0.705s] -- Up-to-date: /home/shivam/arduinobot_ws/install/arduinobot_msgs/include/arduinobot_msgs/arduinobot_msgs
[0.705s] -- Up-to-date: /home/shivam/arduinobot_ws/install/arduinobot_msgs/include/arduinobot_msgs/arduinobot_msgs/srv
[0.705s] -- Up-to-date: /home/shivam/arduinobot_ws/install/arduinobot_msgs/include/arduinobot_msgs/arduinobot_msgs/srv/detail
[0.705s] -- Up-to-date: /home/shivam/arduinobot_ws/install/arduinobot_msgs/include/arduinobot_msgs/arduinobot_msgs/srv/detail/quaternion_to_euler__rosidl_typesupport_introspection_cpp.hpp
[0.705s] -- Up-to-date: /home/shivam/arduinobot_ws/install/arduinobot_msgs/include/arduinobot_msgs/arduinobot_msgs/srv/detail/euler_to_quaternion__rosidl_typesupport_introspection_cpp.hpp
[0.705s] -- Up-to-date: /home/shivam/arduinobot_ws/install/arduinobot_msgs/include/arduinobot_msgs/arduinobot_msgs/srv/detail/quaternion_to_euler__type_support.cpp
[0.705s] -- Up-to-date: /home/shivam/arduinobot_ws/install/arduinobot_msgs/include/arduinobot_msgs/arduinobot_msgs/srv/detail/euler_to_quaternion__type_support.cpp
[0.705s] -- Up-to-date: /home/shivam/arduinobot_ws/install/arduinobot_msgs/include/arduinobot_msgs/arduinobot_msgs/srv/detail/add_two_ints__type_support.cpp
[0.705s] -- Up-to-date: /home/shivam/arduinobot_ws/install/arduinobot_msgs/include/arduinobot_msgs/arduinobot_msgs/srv/detail/add_two_ints__rosidl_typesupport_introspection_cpp.hpp
[0.705s] -- Up-to-date: /home/shivam/arduinobot_ws/install/arduinobot_msgs/include/arduinobot_msgs/arduinobot_msgs/action
[0.706s] -- Up-to-date: /home/shivam/arduinobot_ws/install/arduinobot_msgs/include/arduinobot_msgs/arduinobot_msgs/action/detail
[0.706s] -- Up-to-date: /home/shivam/arduinobot_ws/install/arduinobot_msgs/include/arduinobot_msgs/arduinobot_msgs/action/detail/arduinobot_task__rosidl_typesupport_introspection_cpp.hpp
[0.706s] -- Up-to-date: /home/shivam/arduinobot_ws/install/arduinobot_msgs/include/arduinobot_msgs/arduinobot_msgs/action/detail/fibonacci__rosidl_typesupport_introspection_cpp.hpp
[0.706s] -- Up-to-date: /home/shivam/arduinobot_ws/install/arduinobot_msgs/include/arduinobot_msgs/arduinobot_msgs/action/detail/arduinobot_task__type_support.cpp
[0.706s] -- Up-to-date: /home/shivam/arduinobot_ws/install/arduinobot_msgs/include/arduinobot_msgs/arduinobot_msgs/action/detail/fibonacci__type_support.cpp
[0.706s] -- Up-to-date: /home/shivam/arduinobot_ws/install/arduinobot_msgs/lib/libarduinobot_msgs__rosidl_typesupport_introspection_cpp.so
[0.706s] -- Up-to-date: /home/shivam/arduinobot_ws/install/arduinobot_msgs/lib/libarduinobot_msgs__rosidl_typesupport_cpp.so
[0.706s] -- Up-to-date: /home/shivam/arduinobot_ws/install/arduinobot_msgs/share/arduinobot_msgs/environment/pythonpath.sh
[0.706s] -- Up-to-date: /home/shivam/arduinobot_ws/install/arduinobot_msgs/share/arduinobot_msgs/environment/pythonpath.dsv
[0.706s] -- Up-to-date: /home/shivam/arduinobot_ws/install/arduinobot_msgs/local/lib/python3.10/dist-packages/arduinobot_msgs-0.0.0-py3.10.egg-info
[0.706s] -- Installing: /home/shivam/arduinobot_ws/install/arduinobot_msgs/local/lib/python3.10/dist-packages/arduinobot_msgs-0.0.0-py3.10.egg-info/SOURCES.txt
[0.706s] -- Installing: /home/shivam/arduinobot_ws/install/arduinobot_msgs/local/lib/python3.10/dist-packages/arduinobot_msgs-0.0.0-py3.10.egg-info/dependency_links.txt
[0.706s] -- Installing: /home/shivam/arduinobot_ws/install/arduinobot_msgs/local/lib/python3.10/dist-packages/arduinobot_msgs-0.0.0-py3.10.egg-info/top_level.txt
[0.706s] -- Installing: /home/shivam/arduinobot_ws/install/arduinobot_msgs/local/lib/python3.10/dist-packages/arduinobot_msgs-0.0.0-py3.10.egg-info/PKG-INFO
[0.706s] -- Up-to-date: /home/shivam/arduinobot_ws/install/arduinobot_msgs/local/lib/python3.10/dist-packages/arduinobot_msgs
[0.706s] -- Up-to-date: /home/shivam/arduinobot_ws/install/arduinobot_msgs/local/lib/python3.10/dist-packages/arduinobot_msgs/_arduinobot_msgs_s.ep.rosidl_typesupport_introspection_c.c
[0.706s] -- Up-to-date: /home/shivam/arduinobot_ws/install/arduinobot_msgs/local/lib/python3.10/dist-packages/arduinobot_msgs/_arduinobot_msgs_s.ep.rosidl_typesupport_c.c
[0.706s] -- Up-to-date: /home/shivam/arduinobot_ws/install/arduinobot_msgs/local/lib/python3.10/dist-packages/arduinobot_msgs/arduinobot_msgs_s__rosidl_typesupport_fastrtps_c.cpython-310-x86_64-linux-gnu.so
[0.706s] -- Up-to-date: /home/shivam/arduinobot_ws/install/arduinobot_msgs/local/lib/python3.10/dist-packages/arduinobot_msgs/arduinobot_msgs_s__rosidl_typesupport_introspection_c.cpython-310-x86_64-linux-gnu.so
[0.707s] -- Up-to-date: /home/shivam/arduinobot_ws/install/arduinobot_msgs/local/lib/python3.10/dist-packages/arduinobot_msgs/__init__.py
[0.707s] -- Up-to-date: /home/shivam/arduinobot_ws/install/arduinobot_msgs/local/lib/python3.10/dist-packages/arduinobot_msgs/libarduinobot_msgs__rosidl_generator_py.so
[0.707s] -- Up-to-date: /home/shivam/arduinobot_ws/install/arduinobot_msgs/local/lib/python3.10/dist-packages/arduinobot_msgs/srv
[0.707s] -- Up-to-date: /home/shivam/arduinobot_ws/install/arduinobot_msgs/local/lib/python3.10/dist-packages/arduinobot_msgs/srv/_euler_to_quaternion.py
[0.707s] -- Up-to-date: /home/shivam/arduinobot_ws/install/arduinobot_msgs/local/lib/python3.10/dist-packages/arduinobot_msgs/srv/_add_two_ints_s.c
[0.707s] -- Up-to-date: /home/shivam/arduinobot_ws/install/arduinobot_msgs/local/lib/python3.10/dist-packages/arduinobot_msgs/srv/__init__.py
[0.707s] -- Up-to-date: /home/shivam/arduinobot_ws/install/arduinobot_msgs/local/lib/python3.10/dist-packages/arduinobot_msgs/srv/_quaternion_to_euler_s.c
[0.707s] -- Up-to-date: /home/shivam/arduinobot_ws/install/arduinobot_msgs/local/lib/python3.10/dist-packages/arduinobot_msgs/srv/_euler_to_quaternion_s.c
[0.707s] -- Up-to-date: /home/shivam/arduinobot_ws/install/arduinobot_msgs/local/lib/python3.10/dist-packages/arduinobot_msgs/srv/_add_two_ints.py
[0.707s] -- Up-to-date: /home/shivam/arduinobot_ws/install/arduinobot_msgs/local/lib/python3.10/dist-packages/arduinobot_msgs/srv/_quaternion_to_euler.py
[0.707s] -- Up-to-date: /home/shivam/arduinobot_ws/install/arduinobot_msgs/local/lib/python3.10/dist-packages/arduinobot_msgs/_arduinobot_msgs_s.ep.rosidl_typesupport_fastrtps_c.c
[0.707s] -- Up-to-date: /home/shivam/arduinobot_ws/install/arduinobot_msgs/local/lib/python3.10/dist-packages/arduinobot_msgs/arduinobot_msgs_s__rosidl_typesupport_c.cpython-310-x86_64-linux-gnu.so
[0.707s] -- Up-to-date: /home/shivam/arduinobot_ws/install/arduinobot_msgs/local/lib/python3.10/dist-packages/arduinobot_msgs/action
[0.707s] -- Up-to-date: /home/shivam/arduinobot_ws/install/arduinobot_msgs/local/lib/python3.10/dist-packages/arduinobot_msgs/action/_arduinobot_task_s.c
[0.707s] -- Up-to-date: /home/shivam/arduinobot_ws/install/arduinobot_msgs/local/lib/python3.10/dist-packages/arduinobot_msgs/action/__init__.py
[0.707s] -- Up-to-date: /home/shivam/arduinobot_ws/install/arduinobot_msgs/local/lib/python3.10/dist-packages/arduinobot_msgs/action/_arduinobot_task.py
[0.707s] -- Up-to-date: /home/shivam/arduinobot_ws/install/arduinobot_msgs/local/lib/python3.10/dist-packages/arduinobot_msgs/action/_fibonacci.py
[0.707s] -- Up-to-date: /home/shivam/arduinobot_ws/install/arduinobot_msgs/local/lib/python3.10/dist-packages/arduinobot_msgs/action/_fibonacci_s.c
[0.732s] Listing '/home/shivam/arduinobot_ws/install/arduinobot_msgs/local/lib/python3.10/dist-packages/arduinobot_msgs'...
[0.732s] Listing '/home/shivam/arduinobot_ws/install/arduinobot_msgs/local/lib/python3.10/dist-packages/arduinobot_msgs/action'...
[0.732s] Listing '/home/shivam/arduinobot_ws/install/arduinobot_msgs/local/lib/python3.10/dist-packages/arduinobot_msgs/srv'...
[0.738s] -- Up-to-date: /home/shivam/arduinobot_ws/install/arduinobot_msgs/local/lib/python3.10/dist-packages/arduinobot_msgs/arduinobot_msgs_s__rosidl_typesupport_fastrtps_c.cpython-310-x86_64-linux-gnu.so
[0.740s] -- Up-to-date: /home/shivam/arduinobot_ws/install/arduinobot_msgs/local/lib/python3.10/dist-packages/arduinobot_msgs/arduinobot_msgs_s__rosidl_typesupport_introspection_c.cpython-310-x86_64-linux-gnu.so
[0.741s] -- Up-to-date: /home/shivam/arduinobot_ws/install/arduinobot_msgs/local/lib/python3.10/dist-packages/arduinobot_msgs/arduinobot_msgs_s__rosidl_typesupport_c.cpython-310-x86_64-linux-gnu.so
[0.743s] -- Up-to-date: /home/shivam/arduinobot_ws/install/arduinobot_msgs/lib/libarduinobot_msgs__rosidl_generator_py.so
[0.744s] -- Up-to-date: /home/shivam/arduinobot_ws/install/arduinobot_msgs/share/arduinobot_msgs/srv/AddTwoInts.idl
[0.744s] -- Up-to-date: /home/shivam/arduinobot_ws/install/arduinobot_msgs/share/arduinobot_msgs/srv/EulerToQuaternion.idl
[0.744s] -- Up-to-date: /home/shivam/arduinobot_ws/install/arduinobot_msgs/share/arduinobot_msgs/srv/QuaternionToEuler.idl
[0.745s] -- Up-to-date: /home/shivam/arduinobot_ws/install/arduinobot_msgs/share/arduinobot_msgs/action/Fibonacci.idl
[0.745s] -- Up-to-date: /home/shivam/arduinobot_ws/install/arduinobot_msgs/share/arduinobot_msgs/action/ArduinobotTask.idl
[0.745s] -- Up-to-date: /home/shivam/arduinobot_ws/install/arduinobot_msgs/share/arduinobot_msgs/srv/AddTwoInts.srv
[0.745s] -- Up-to-date: /home/shivam/arduinobot_ws/install/arduinobot_msgs/share/arduinobot_msgs/srv/AddTwoInts_Request.msg
[0.745s] -- Up-to-date: /home/shivam/arduinobot_ws/install/arduinobot_msgs/share/arduinobot_msgs/srv/AddTwoInts_Response.msg
[0.745s] -- Up-to-date: /home/shivam/arduinobot_ws/install/arduinobot_msgs/share/arduinobot_msgs/srv/EulerToQuaternion.srv
[0.746s] -- Up-to-date: /home/shivam/arduinobot_ws/install/arduinobot_msgs/share/arduinobot_msgs/srv/EulerToQuaternion_Request.msg
[0.746s] -- Up-to-date: /home/shivam/arduinobot_ws/install/arduinobot_msgs/share/arduinobot_msgs/srv/EulerToQuaternion_Response.msg
[0.746s] -- Up-to-date: /home/shivam/arduinobot_ws/install/arduinobot_msgs/share/arduinobot_msgs/srv/QuaternionToEuler.srv
[0.746s] -- Up-to-date: /home/shivam/arduinobot_ws/install/arduinobot_msgs/share/arduinobot_msgs/srv/QuaternionToEuler_Request.msg
[0.746s] -- Up-to-date: /home/shivam/arduinobot_ws/install/arduinobot_msgs/share/arduinobot_msgs/srv/QuaternionToEuler_Response.msg
[0.746s] -- Up-to-date: /home/shivam/arduinobot_ws/install/arduinobot_msgs/share/arduinobot_msgs/action/Fibonacci.action
[0.746s] -- Up-to-date: /home/shivam/arduinobot_ws/install/arduinobot_msgs/share/arduinobot_msgs/action/ArduinobotTask.action
[0.746s] -- Up-to-date: /home/shivam/arduinobot_ws/install/arduinobot_msgs/share/ament_index/resource_index/package_run_dependencies/arduinobot_msgs
[0.746s] -- Up-to-date: /home/shivam/arduinobot_ws/install/arduinobot_msgs/share/ament_index/resource_index/parent_prefix_path/arduinobot_msgs
[0.746s] -- Up-to-date: /home/shivam/arduinobot_ws/install/arduinobot_msgs/share/arduinobot_msgs/environment/ament_prefix_path.sh
[0.747s] -- Up-to-date: /home/shivam/arduinobot_ws/install/arduinobot_msgs/share/arduinobot_msgs/environment/ament_prefix_path.dsv
[0.747s] -- Up-to-date: /home/shivam/arduinobot_ws/install/arduinobot_msgs/share/arduinobot_msgs/environment/path.sh
[0.747s] -- Up-to-date: /home/shivam/arduinobot_ws/install/arduinobot_msgs/share/arduinobot_msgs/environment/path.dsv
[0.747s] -- Up-to-date: /home/shivam/arduinobot_ws/install/arduinobot_msgs/share/arduinobot_msgs/local_setup.bash
[0.747s] -- Up-to-date: /home/shivam/arduinobot_ws/install/arduinobot_msgs/share/arduinobot_msgs/local_setup.sh
[0.747s] -- Up-to-date: /home/shivam/arduinobot_ws/install/arduinobot_msgs/share/arduinobot_msgs/local_setup.zsh
[0.747s] -- Up-to-date: /home/shivam/arduinobot_ws/install/arduinobot_msgs/share/arduinobot_msgs/local_setup.dsv
[0.747s] -- Installing: /home/shivam/arduinobot_ws/install/arduinobot_msgs/share/arduinobot_msgs/package.dsv
[0.748s] -- Up-to-date: /home/shivam/arduinobot_ws/install/arduinobot_msgs/share/ament_index/resource_index/packages/arduinobot_msgs
[0.752s] -- Up-to-date: /home/shivam/arduinobot_ws/install/arduinobot_msgs/share/arduinobot_msgs/cmake/export_arduinobot_msgs__rosidl_generator_cExport.cmake
[0.752s] -- Up-to-date: /home/shivam/arduinobot_ws/install/arduinobot_msgs/share/arduinobot_msgs/cmake/export_arduinobot_msgs__rosidl_generator_cExport-noconfig.cmake
[0.753s] -- Up-to-date: /home/shivam/arduinobot_ws/install/arduinobot_msgs/share/arduinobot_msgs/cmake/export_arduinobot_msgs__rosidl_typesupport_fastrtps_cExport.cmake
[0.753s] -- Up-to-date: /home/shivam/arduinobot_ws/install/arduinobot_msgs/share/arduinobot_msgs/cmake/export_arduinobot_msgs__rosidl_typesupport_fastrtps_cExport-noconfig.cmake
[0.755s] -- Up-to-date: /home/shivam/arduinobot_ws/install/arduinobot_msgs/share/arduinobot_msgs/cmake/export_arduinobot_msgs__rosidl_generator_cppExport.cmake
[0.756s] -- Up-to-date: /home/shivam/arduinobot_ws/install/arduinobot_msgs/share/arduinobot_msgs/cmake/export_arduinobot_msgs__rosidl_typesupport_fastrtps_cppExport.cmake
[0.757s] -- Up-to-date: /home/shivam/arduinobot_ws/install/arduinobot_msgs/share/arduinobot_msgs/cmake/export_arduinobot_msgs__rosidl_typesupport_fastrtps_cppExport-noconfig.cmake
[0.758s] -- Up-to-date: /home/shivam/arduinobot_ws/install/arduinobot_msgs/share/arduinobot_msgs/cmake/arduinobot_msgs__rosidl_typesupport_introspection_cExport.cmake
[0.758s] -- Up-to-date: /home/shivam/arduinobot_ws/install/arduinobot_msgs/share/arduinobot_msgs/cmake/arduinobot_msgs__rosidl_typesupport_introspection_cExport-noconfig.cmake
[0.759s] -- Up-to-date: /home/shivam/arduinobot_ws/install/arduinobot_msgs/share/arduinobot_msgs/cmake/arduinobot_msgs__rosidl_typesupport_cExport.cmake
[0.760s] -- Up-to-date: /home/shivam/arduinobot_ws/install/arduinobot_msgs/share/arduinobot_msgs/cmake/arduinobot_msgs__rosidl_typesupport_cExport-noconfig.cmake
[0.761s] -- Up-to-date: /home/shivam/arduinobot_ws/install/arduinobot_msgs/share/arduinobot_msgs/cmake/arduinobot_msgs__rosidl_typesupport_introspection_cppExport.cmake
[0.761s] -- Up-to-date: /home/shivam/arduinobot_ws/install/arduinobot_msgs/share/arduinobot_msgs/cmake/arduinobot_msgs__rosidl_typesupport_introspection_cppExport-noconfig.cmake
[0.762s] -- Up-to-date: /home/shivam/arduinobot_ws/install/arduinobot_msgs/share/arduinobot_msgs/cmake/arduinobot_msgs__rosidl_typesupport_cppExport.cmake
[0.762s] -- Up-to-date: /home/shivam/arduinobot_ws/install/arduinobot_msgs/share/arduinobot_msgs/cmake/arduinobot_msgs__rosidl_typesupport_cppExport-noconfig.cmake
[0.764s] -- Up-to-date: /home/shivam/arduinobot_ws/install/arduinobot_msgs/share/arduinobot_msgs/cmake/export_arduinobot_msgs__rosidl_generator_pyExport.cmake
[0.764s] -- Up-to-date: /home/shivam/arduinobot_ws/install/arduinobot_msgs/share/arduinobot_msgs/cmake/export_arduinobot_msgs__rosidl_generator_pyExport-noconfig.cmake
[0.764s] -- Up-to-date: /home/shivam/arduinobot_ws/install/arduinobot_msgs/share/arduinobot_msgs/cmake/rosidl_cmake-extras.cmake
[0.764s] -- Up-to-date: /home/shivam/arduinobot_ws/install/arduinobot_msgs/share/arduinobot_msgs/cmake/ament_cmake_export_dependencies-extras.cmake
[0.764s] -- Up-to-date: /home/shivam/arduinobot_ws/install/arduinobot_msgs/share/arduinobot_msgs/cmake/ament_cmake_export_include_directories-extras.cmake
[0.764s] -- Up-to-date: /home/shivam/arduinobot_ws/install/arduinobot_msgs/share/arduinobot_msgs/cmake/ament_cmake_export_libraries-extras.cmake
[0.764s] -- Up-to-date: /home/shivam/arduinobot_ws/install/arduinobot_msgs/share/arduinobot_msgs/cmake/ament_cmake_export_targets-extras.cmake
[0.764s] -- Up-to-date: /home/shivam/arduinobot_ws/install/arduinobot_msgs/share/arduinobot_msgs/cmake/rosidl_cmake_export_typesupport_targets-extras.cmake
[0.764s] -- Up-to-date: /home/shivam/arduinobot_ws/install/arduinobot_msgs/share/arduinobot_msgs/cmake/rosidl_cmake_export_typesupport_libraries-extras.cmake
[0.764s] -- Up-to-date: /home/shivam/arduinobot_ws/install/arduinobot_msgs/share/arduinobot_msgs/cmake/arduinobot_msgsConfig.cmake
[0.764s] -- Up-to-date: /home/shivam/arduinobot_ws/install/arduinobot_msgs/share/arduinobot_msgs/cmake/arduinobot_msgsConfig-version.cmake
[0.764s] -- Up-to-date: /home/shivam/arduinobot_ws/install/arduinobot_msgs/share/arduinobot_msgs/package.xml
[0.768s] Invoked command in '/home/shivam/arduinobot_ws/build/arduinobot_msgs' returned '0': CMAKE_PREFIX_PATH=/opt/ros/humble /usr/bin/cmake --install /home/shivam/arduinobot_ws/build/arduinobot_msgs
