[0.463s] Invoking command in '/home/shivam/arduinobot_ws/src/arduinobot_py_examples': PYTHONPATH=/home/shivam/arduinobot_ws/src/build/arduinobot_py_examples/prefix_override:/home/shivam/arduinobot_ws/src/install/arduinobot_py_examples/lib/python3.10/site-packages:${PYTHONPATH} /usr/bin/python3 setup.py egg_info --egg-base ../build/arduinobot_py_examples build --build-base /home/shivam/arduinobot_ws/src/build/arduinobot_py_examples/build install --record /home/shivam/arduinobot_ws/src/build/arduinobot_py_examples/install.log --single-version-externally-managed
[0.614s] running egg_info
[0.614s] creating ../build/arduinobot_py_examples/arduinobot_py_examples.egg-info
[0.614s] writing ../build/arduinobot_py_examples/arduinobot_py_examples.egg-info/PKG-INFO
[0.615s] writing dependency_links to ../build/arduinobot_py_examples/arduinobot_py_examples.egg-info/dependency_links.txt
[0.615s] writing entry points to ../build/arduinobot_py_examples/arduinobot_py_examples.egg-info/entry_points.txt
[0.615s] writing requirements to ../build/arduinobot_py_examples/arduinobot_py_examples.egg-info/requires.txt
[0.615s] writing top-level names to ../build/arduinobot_py_examples/arduinobot_py_examples.egg-info/top_level.txt
[0.615s] writing manifest file '../build/arduinobot_py_examples/arduinobot_py_examples.egg-info/SOURCES.txt'
[0.617s] reading manifest file '../build/arduinobot_py_examples/arduinobot_py_examples.egg-info/SOURCES.txt'
[0.617s] writing manifest file '../build/arduinobot_py_examples/arduinobot_py_examples.egg-info/SOURCES.txt'
[0.617s] running build
[0.617s] running build_py
[0.618s] creating /home/shivam/arduinobot_ws/src/build/arduinobot_py_examples/build
[0.618s] creating /home/shivam/arduinobot_ws/src/build/arduinobot_py_examples/build/lib
[0.618s] creating /home/shivam/arduinobot_ws/src/build/arduinobot_py_examples/build/lib/arduinobot_py_examples
[0.618s] copying arduinobot_py_examples/simple_publisher.py -> /home/shivam/arduinobot_ws/src/build/arduinobot_py_examples/build/lib/arduinobot_py_examples
[0.618s] copying arduinobot_py_examples/__init__.py -> /home/shivam/arduinobot_ws/src/build/arduinobot_py_examples/build/lib/arduinobot_py_examples
[0.618s] copying arduinobot_py_examples/simple_subscriber.py -> /home/shivam/arduinobot_ws/src/build/arduinobot_py_examples/build/lib/arduinobot_py_examples
[0.618s] running install
[0.619s] running install_lib
[0.619s] creating /home/shivam/arduinobot_ws/src/install/arduinobot_py_examples/lib/python3.10/site-packages/arduinobot_py_examples
[0.620s] copying /home/shivam/arduinobot_ws/src/build/arduinobot_py_examples/build/lib/arduinobot_py_examples/simple_publisher.py -> /home/shivam/arduinobot_ws/src/install/arduinobot_py_examples/lib/python3.10/site-packages/arduinobot_py_examples
[0.620s] copying /home/shivam/arduinobot_ws/src/build/arduinobot_py_examples/build/lib/arduinobot_py_examples/__init__.py -> /home/shivam/arduinobot_ws/src/install/arduinobot_py_examples/lib/python3.10/site-packages/arduinobot_py_examples
[0.620s] copying /home/shivam/arduinobot_ws/src/build/arduinobot_py_examples/build/lib/arduinobot_py_examples/simple_subscriber.py -> /home/shivam/arduinobot_ws/src/install/arduinobot_py_examples/lib/python3.10/site-packages/arduinobot_py_examples
[0.620s] byte-compiling /home/shivam/arduinobot_ws/src/install/arduinobot_py_examples/lib/python3.10/site-packages/arduinobot_py_examples/simple_publisher.py to simple_publisher.cpython-310.pyc
[0.621s] byte-compiling /home/shivam/arduinobot_ws/src/install/arduinobot_py_examples/lib/python3.10/site-packages/arduinobot_py_examples/__init__.py to __init__.cpython-310.pyc
[0.621s] byte-compiling /home/shivam/arduinobot_ws/src/install/arduinobot_py_examples/lib/python3.10/site-packages/arduinobot_py_examples/simple_subscriber.py to simple_subscriber.cpython-310.pyc
[0.621s] running install_data
[0.621s] creating /home/shivam/arduinobot_ws/src/install/arduinobot_py_examples/share/ament_index
[0.621s] creating /home/shivam/arduinobot_ws/src/install/arduinobot_py_examples/share/ament_index/resource_index
[0.622s] creating /home/shivam/arduinobot_ws/src/install/arduinobot_py_examples/share/ament_index/resource_index/packages
[0.622s] copying resource/arduinobot_py_examples -> /home/shivam/arduinobot_ws/src/install/arduinobot_py_examples/share/ament_index/resource_index/packages
[0.622s] copying package.xml -> /home/shivam/arduinobot_ws/src/install/arduinobot_py_examples/share/arduinobot_py_examples
[0.622s] running install_egg_info
[0.623s] Copying ../build/arduinobot_py_examples/arduinobot_py_examples.egg-info to /home/shivam/arduinobot_ws/src/install/arduinobot_py_examples/lib/python3.10/site-packages/arduinobot_py_examples-0.0.0-py3.10.egg-info
[0.623s] running install_scripts
[0.637s] Installing simple_publisher script to /home/shivam/arduinobot_ws/src/install/arduinobot_py_examples/lib/arduinobot_py_examples
[0.638s] Installing simple_subscriber script to /home/shivam/arduinobot_ws/src/install/arduinobot_py_examples/lib/arduinobot_py_examples
[0.638s] writing list of installed files to '/home/shivam/arduinobot_ws/src/build/arduinobot_py_examples/install.log'
[0.656s] Invoked command in '/home/shivam/arduinobot_ws/src/arduinobot_py_examples' returned '0': PYTHONPATH=/home/shivam/arduinobot_ws/src/build/arduinobot_py_examples/prefix_override:/home/shivam/arduinobot_ws/src/install/arduinobot_py_examples/lib/python3.10/site-packages:${PYTHONPATH} /usr/bin/python3 setup.py egg_info --egg-base ../build/arduinobot_py_examples build --build-base /home/shivam/arduinobot_ws/src/build/arduinobot_py_examples/build install --record /home/shivam/arduinobot_ws/src/build/arduinobot_py_examples/install.log --single-version-externally-managed
