[0.038s] Invoking command in '/home/shivam/arduinobot_ws/build/arduinobot_moveit': CMAKE_PREFIX_PATH=/opt/ros/humble /usr/bin/cmake --build /home/shivam/arduinobot_ws/build/arduinobot_moveit -- -j12 -l12
[0.117s] Invoked command in '/home/shivam/arduinobot_ws/build/arduinobot_moveit' returned '0': CMAKE_PREFIX_PATH=/opt/ros/humble /usr/bin/cmake --build /home/shivam/arduinobot_ws/build/arduinobot_moveit -- -j12 -l12
[0.186s] Invoking command in '/home/shivam/arduinobot_ws/build/arduinobot_moveit': CMAKE_PREFIX_PATH=/opt/ros/humble /usr/bin/cmake --install /home/shivam/arduinobot_ws/build/arduinobot_moveit
[0.198s] -- Install configuration: ""
[0.198s] -- Up-to-date: /home/shivam/arduinobot_ws/install/arduinobot_moveit/share/arduinobot_moveit/launch
[0.198s] -- Up-to-date: /home/shivam/arduinobot_ws/install/arduinobot_moveit/share/arduinobot_moveit/launch/moveit.launch.py
[0.199s] -- Up-to-date: /home/shivam/arduinobot_ws/install/arduinobot_moveit/share/arduinobot_moveit/config
[0.201s] -- Up-to-date: /home/shivam/arduinobot_ws/install/arduinobot_moveit/share/arduinobot_moveit/config/moveit.rviz
[0.201s] -- Up-to-date: /home/shivam/arduinobot_ws/install/arduinobot_moveit/share/arduinobot_moveit/config/arduinobot.srdf
[0.201s] -- Up-to-date: /home/shivam/arduinobot_ws/install/arduinobot_moveit/share/arduinobot_moveit/config/moveit_controllers.yaml
[0.201s] -- Up-to-date: /home/shivam/arduinobot_ws/install/arduinobot_moveit/share/arduinobot_moveit/config/initial_positions.yaml
[0.203s] -- Up-to-date: /home/shivam/arduinobot_ws/install/arduinobot_moveit/share/arduinobot_moveit/config/kinematics.yaml
[0.203s] -- Up-to-date: /home/shivam/arduinobot_ws/install/arduinobot_moveit/share/arduinobot_moveit/config/pilz_cartesian_limits.yaml
[0.204s] -- Up-to-date: /home/shivam/arduinobot_ws/install/arduinobot_moveit/share/arduinobot_moveit/config/joint_limits.yaml
[0.205s] -- Up-to-date: /home/shivam/arduinobot_ws/install/arduinobot_moveit/share/ament_index/resource_index/package_run_dependencies/arduinobot_moveit
[0.205s] -- Up-to-date: /home/shivam/arduinobot_ws/install/arduinobot_moveit/share/ament_index/resource_index/parent_prefix_path/arduinobot_moveit
[0.206s] -- Up-to-date: /home/shivam/arduinobot_ws/install/arduinobot_moveit/share/arduinobot_moveit/environment/ament_prefix_path.sh
[0.206s] -- Up-to-date: /home/shivam/arduinobot_ws/install/arduinobot_moveit/share/arduinobot_moveit/environment/ament_prefix_path.dsv
[0.206s] -- Up-to-date: /home/shivam/arduinobot_ws/install/arduinobot_moveit/share/arduinobot_moveit/environment/path.sh
[0.207s] -- Up-to-date: /home/shivam/arduinobot_ws/install/arduinobot_moveit/share/arduinobot_moveit/environment/path.dsv
[0.207s] -- Up-to-date: /home/shivam/arduinobot_ws/install/arduinobot_moveit/share/arduinobot_moveit/local_setup.bash
[0.207s] -- Up-to-date: /home/shivam/arduinobot_ws/install/arduinobot_moveit/share/arduinobot_moveit/local_setup.sh
[0.207s] -- Up-to-date: /home/shivam/arduinobot_ws/install/arduinobot_moveit/share/arduinobot_moveit/local_setup.zsh
[0.207s] -- Up-to-date: /home/shivam/arduinobot_ws/install/arduinobot_moveit/share/arduinobot_moveit/local_setup.dsv
[0.207s] -- Installing: /home/shivam/arduinobot_ws/install/arduinobot_moveit/share/arduinobot_moveit/package.dsv
[0.207s] -- Up-to-date: /home/shivam/arduinobot_ws/install/arduinobot_moveit/share/ament_index/resource_index/packages/arduinobot_moveit
[0.207s] -- Up-to-date: /home/shivam/arduinobot_ws/install/arduinobot_moveit/share/arduinobot_moveit/cmake/arduinobot_moveitConfig.cmake
[0.207s] -- Up-to-date: /home/shivam/arduinobot_ws/install/arduinobot_moveit/share/arduinobot_moveit/cmake/arduinobot_moveitConfig-version.cmake
[0.207s] -- Up-to-date: /home/shivam/arduinobot_ws/install/arduinobot_moveit/share/arduinobot_moveit/package.xml
[0.254s] Invoked command in '/home/shivam/arduinobot_ws/build/arduinobot_moveit' returned '0': CMAKE_PREFIX_PATH=/opt/ros/humble /usr/bin/cmake --install /home/shivam/arduinobot_ws/build/arduinobot_moveit
