[1.292s] Invoking command in '/home/shivam/arduinobot_ws/src/arduinobot_py_examples': PYTHONPATH=/home/shivam/arduinobot_ws/build/arduinobot_py_examples/prefix_override:/home/shivam/arduinobot_ws/install/arduinobot_py_examples/lib/python3.10/site-packages:${PYTHONPATH} /usr/bin/python3 setup.py egg_info --egg-base ../../build/arduinobot_py_examples build --build-base /home/shivam/arduinobot_ws/build/arduinobot_py_examples/build install --record /home/shivam/arduinobot_ws/build/arduinobot_py_examples/install.log --single-version-externally-managed
[1.542s] running egg_info
[1.543s] writing ../../build/arduinobot_py_examples/arduinobot_py_examples.egg-info/PKG-INFO
[1.545s] writing dependency_links to ../../build/arduinobot_py_examples/arduinobot_py_examples.egg-info/dependency_links.txt
[1.546s] writing entry points to ../../build/arduinobot_py_examples/arduinobot_py_examples.egg-info/entry_points.txt
[1.547s] writing requirements to ../../build/arduinobot_py_examples/arduinobot_py_examples.egg-info/requires.txt
[1.547s] writing top-level names to ../../build/arduinobot_py_examples/arduinobot_py_examples.egg-info/top_level.txt
[1.551s] reading manifest file '../../build/arduinobot_py_examples/arduinobot_py_examples.egg-info/SOURCES.txt'
[1.552s] writing manifest file '../../build/arduinobot_py_examples/arduinobot_py_examples.egg-info/SOURCES.txt'
[1.552s] running build
[1.552s] running build_py
[1.554s] running install
[1.555s] /usr/lib/python3/dist-packages/setuptools/command/install.py:34: SetuptoolsDeprecationWarning: setup.py install is deprecated. Use build and pip and other standards-based tools.
[1.555s]   warnings.warn(
[1.555s] running install_lib
[1.558s] running install_data
[1.562s] running install_egg_info
[1.564s] removing '/home/shivam/arduinobot_ws/install/arduinobot_py_examples/lib/python3.10/site-packages/arduinobot_py_examples-0.0.0-py3.10.egg-info' (and everything under it)
[1.565s] Copying ../../build/arduinobot_py_examples/arduinobot_py_examples.egg-info to /home/shivam/arduinobot_ws/install/arduinobot_py_examples/lib/python3.10/site-packages/arduinobot_py_examples-0.0.0-py3.10.egg-info
[1.566s] running install_scripts
[1.590s] Installing simple_parameter script to /home/shivam/arduinobot_ws/install/arduinobot_py_examples/lib/arduinobot_py_examples
[1.591s] Installing simple_publisher script to /home/shivam/arduinobot_ws/install/arduinobot_py_examples/lib/arduinobot_py_examples
[1.591s] Installing simple_subscriber script to /home/shivam/arduinobot_ws/install/arduinobot_py_examples/lib/arduinobot_py_examples
[1.592s] writing list of installed files to '/home/shivam/arduinobot_ws/build/arduinobot_py_examples/install.log'
[1.624s] Invoked command in '/home/shivam/arduinobot_ws/src/arduinobot_py_examples' returned '0': PYTHONPATH=/home/shivam/arduinobot_ws/build/arduinobot_py_examples/prefix_override:/home/shivam/arduinobot_ws/install/arduinobot_py_examples/lib/python3.10/site-packages:${PYTHONPATH} /usr/bin/python3 setup.py egg_info --egg-base ../../build/arduinobot_py_examples build --build-base /home/shivam/arduinobot_ws/build/arduinobot_py_examples/build install --record /home/shivam/arduinobot_ws/build/arduinobot_py_examples/install.log --single-version-externally-managed
