[1.367s] Invoking command in '/home/shivam/arduinobot_ws/src/arduinobot_py_examples': PYTHONPATH=/home/shivam/arduinobot_ws/build/arduinobot_py_examples/prefix_override:/home/shivam/arduinobot_ws/install/arduinobot_py_examples/lib/python3.10/site-packages:${PYTHONPATH} /usr/bin/python3 setup.py egg_info --egg-base ../../build/arduinobot_py_examples build --build-base /home/shivam/arduinobot_ws/build/arduinobot_py_examples/build install --record /home/shivam/arduinobot_ws/build/arduinobot_py_examples/install.log --single-version-externally-managed
[1.760s] running egg_info
[1.761s] writing ../../build/arduinobot_py_examples/arduinobot_py_examples.egg-info/PKG-INFO
[1.761s] writing dependency_links to ../../build/arduinobot_py_examples/arduinobot_py_examples.egg-info/dependency_links.txt
[1.762s] writing entry points to ../../build/arduinobot_py_examples/arduinobot_py_examples.egg-info/entry_points.txt
[1.763s] writing requirements to ../../build/arduinobot_py_examples/arduinobot_py_examples.egg-info/requires.txt
[1.763s] writing top-level names to ../../build/arduinobot_py_examples/arduinobot_py_examples.egg-info/top_level.txt
[1.769s] reading manifest file '../../build/arduinobot_py_examples/arduinobot_py_examples.egg-info/SOURCES.txt'
[1.769s] writing manifest file '../../build/arduinobot_py_examples/arduinobot_py_examples.egg-info/SOURCES.txt'
[1.769s] running build
[1.769s] running build_py
[1.770s] running install
[1.771s] running install_lib
[1.773s] running install_data
[1.773s] running install_egg_info
[1.776s] removing '/home/shivam/arduinobot_ws/install/arduinobot_py_examples/lib/python3.10/site-packages/arduinobot_py_examples-0.0.0-py3.10.egg-info' (and everything under it)
[1.777s] Copying ../../build/arduinobot_py_examples/arduinobot_py_examples.egg-info to /home/shivam/arduinobot_ws/install/arduinobot_py_examples/lib/python3.10/site-packages/arduinobot_py_examples-0.0.0-py3.10.egg-info
[1.777s] running install_scripts
[1.811s] Installing simple_publisher script to /home/shivam/arduinobot_ws/install/arduinobot_py_examples/lib/arduinobot_py_examples
[1.812s] Installing simple_subscriber script to /home/shivam/arduinobot_ws/install/arduinobot_py_examples/lib/arduinobot_py_examples
[1.812s] writing list of installed files to '/home/shivam/arduinobot_ws/build/arduinobot_py_examples/install.log'
[1.860s] Invoked command in '/home/shivam/arduinobot_ws/src/arduinobot_py_examples' returned '0': PYTHONPATH=/home/shivam/arduinobot_ws/build/arduinobot_py_examples/prefix_override:/home/shivam/arduinobot_ws/install/arduinobot_py_examples/lib/python3.10/site-packages:${PYTHONPATH} /usr/bin/python3 setup.py egg_info --egg-base ../../build/arduinobot_py_examples build --build-base /home/shivam/arduinobot_ws/build/arduinobot_py_examples/build install --record /home/shivam/arduinobot_ws/build/arduinobot_py_examples/install.log --single-version-externally-managed
