[0.404s] Invoking command in '/home/shivam/arduinobot_ws/build/arduinobot_bringup': CMAKE_PREFIX_PATH=/opt/ros/humble /usr/bin/cmake /home/shivam/arduinobot_ws/src/arduinobot_bringup -DCMAKE_INSTALL_PREFIX=/home/shivam/arduinobot_ws/install/arduinobot_bringup
[0.748s] -- The C compiler identification is GNU 11.4.0
[1.679s] -- The CXX compiler identification is GNU 11.4.0
[2.250s] -- Detecting C compiler ABI info
[2.397s] -- Detecting C compiler ABI info - done
[2.407s] -- Check for working C compiler: /usr/bin/cc - skipped
[2.407s] -- Detecting C compile features
[2.407s] -- Detecting C compile features - done
[2.412s] -- Detecting CXX compiler ABI info
[2.585s] -- Detecting CXX compiler ABI info - done
[2.600s] -- Check for working CXX compiler: /usr/bin/c++ - skipped
[2.601s] -- Detecting CXX compile features
[2.602s] -- Detecting CXX compile features - done
[2.604s] -- Found ament_cmake: 1.3.8 (/opt/ros/humble/share/ament_cmake/cmake)
[2.812s] -- Found Python3: /usr/bin/python3 (found version "3.10.12") found components: Interpreter 
[3.017s] -- Configuring done
[3.021s] -- Generating done
[3.023s] -- Build files have been written to: /home/shivam/arduinobot_ws/build/arduinobot_bringup
[3.028s] Invoked command in '/home/shivam/arduinobot_ws/build/arduinobot_bringup' returned '0': CMAKE_PREFIX_PATH=/opt/ros/humble /usr/bin/cmake /home/shivam/arduinobot_ws/src/arduinobot_bringup -DCMAKE_INSTALL_PREFIX=/home/shivam/arduinobot_ws/install/arduinobot_bringup
[3.031s] Invoking command in '/home/shivam/arduinobot_ws/build/arduinobot_bringup': CMAKE_PREFIX_PATH=/opt/ros/humble /usr/bin/cmake --build /home/shivam/arduinobot_ws/build/arduinobot_bringup -- -j12 -l12
[3.075s] Invoked command in '/home/shivam/arduinobot_ws/build/arduinobot_bringup' returned '0': CMAKE_PREFIX_PATH=/opt/ros/humble /usr/bin/cmake --build /home/shivam/arduinobot_ws/build/arduinobot_bringup -- -j12 -l12
[3.105s] Invoking command in '/home/shivam/arduinobot_ws/build/arduinobot_bringup': CMAKE_PREFIX_PATH=/opt/ros/humble /usr/bin/cmake --install /home/shivam/arduinobot_ws/build/arduinobot_bringup
[3.113s] -- Install configuration: ""
[3.117s] -- Installing: /home/shivam/arduinobot_ws/install/arduinobot_bringup/share/arduinobot_bringup/launch
[3.118s] -- Installing: /home/shivam/arduinobot_ws/install/arduinobot_bringup/share/arduinobot_bringup/launch/real_robot.launch.py
[3.119s] -- Installing: /home/shivam/arduinobot_ws/install/arduinobot_bringup/share/arduinobot_bringup/launch/simulated_robot.launch.py
[3.121s] -- Installing: /home/shivam/arduinobot_ws/install/arduinobot_bringup/share/ament_index/resource_index/package_run_dependencies/arduinobot_bringup
[3.122s] -- Installing: /home/shivam/arduinobot_ws/install/arduinobot_bringup/share/ament_index/resource_index/parent_prefix_path/arduinobot_bringup
[3.122s] -- Installing: /home/shivam/arduinobot_ws/install/arduinobot_bringup/share/arduinobot_bringup/environment/ament_prefix_path.sh
[3.122s] -- Installing: /home/shivam/arduinobot_ws/install/arduinobot_bringup/share/arduinobot_bringup/environment/ament_prefix_path.dsv
[3.123s] -- Installing: /home/shivam/arduinobot_ws/install/arduinobot_bringup/share/arduinobot_bringup/environment/path.sh
[3.124s] -- Installing: /home/shivam/arduinobot_ws/install/arduinobot_bringup/share/arduinobot_bringup/environment/path.dsv
[3.124s] -- Installing: /home/shivam/arduinobot_ws/install/arduinobot_bringup/share/arduinobot_bringup/local_setup.bash
[3.125s] -- Installing: /home/shivam/arduinobot_ws/install/arduinobot_bringup/share/arduinobot_bringup/local_setup.sh
[3.125s] -- Installing: /home/shivam/arduinobot_ws/install/arduinobot_bringup/share/arduinobot_bringup/local_setup.zsh
[3.125s] -- Installing: /home/shivam/arduinobot_ws/install/arduinobot_bringup/share/arduinobot_bringup/local_setup.dsv
[3.125s] -- Installing: /home/shivam/arduinobot_ws/install/arduinobot_bringup/share/arduinobot_bringup/package.dsv
[3.125s] -- Installing: /home/shivam/arduinobot_ws/install/arduinobot_bringup/share/ament_index/resource_index/packages/arduinobot_bringup
[3.125s] -- Installing: /home/shivam/arduinobot_ws/install/arduinobot_bringup/share/arduinobot_bringup/cmake/arduinobot_bringupConfig.cmake
[3.126s] -- Installing: /home/shivam/arduinobot_ws/install/arduinobot_bringup/share/arduinobot_bringup/cmake/arduinobot_bringupConfig-version.cmake
[3.127s] -- Installing: /home/shivam/arduinobot_ws/install/arduinobot_bringup/share/arduinobot_bringup/package.xml
[3.128s] Invoked command in '/home/shivam/arduinobot_ws/build/arduinobot_bringup' returned '0': CMAKE_PREFIX_PATH=/opt/ros/humble /usr/bin/cmake --install /home/shivam/arduinobot_ws/build/arduinobot_bringup
