[0.285s] Invoking command in '/home/shivam/arduinobot_ws/build/arduinobot_controller': CMAKE_PREFIX_PATH=/opt/ros/humble /usr/bin/cmake --build /home/shivam/arduinobot_ws/build/arduinobot_controller -- -j12 -l12
[0.470s] [35m[1mConsolidate compiler generated dependencies of target arduinobot_controller[0m
[0.470s] [35m[1mConsolidate compiler generated dependencies of target slider_control[0m
[0.470s] [  0%] Built target ament_cmake_python_copy_arduinobot_controller
[0.533s] [ 50%] Built target slider_control
[0.569s] [100%] Built target arduinobot_controller
[1.337s] running egg_info
[1.337s] writing arduinobot_controller.egg-info/PKG-INFO
[1.337s] writing dependency_links to arduinobot_controller.egg-info/dependency_links.txt
[1.338s] writing top-level names to arduinobot_controller.egg-info/top_level.txt
[1.342s] reading manifest file 'arduinobot_controller.egg-info/SOURCES.txt'
[1.342s] writing manifest file 'arduinobot_controller.egg-info/SOURCES.txt'
[1.378s] [100%] Built target ament_cmake_python_build_arduinobot_controller_egg
[1.524s] Invoked command in '/home/shivam/arduinobot_ws/build/arduinobot_controller' returned '0': CMAKE_PREFIX_PATH=/opt/ros/humble /usr/bin/cmake --build /home/shivam/arduinobot_ws/build/arduinobot_controller -- -j12 -l12
[1.650s] Invoking command in '/home/shivam/arduinobot_ws/build/arduinobot_controller': CMAKE_PREFIX_PATH=/opt/ros/humble /usr/bin/cmake --install /home/shivam/arduinobot_ws/build/arduinobot_controller
[1.667s] -- Install configuration: ""
[1.667s] -- Up-to-date: /home/shivam/arduinobot_ws/install/arduinobot_controller/share/arduinobot_controller/arduinobot_controller.xml
[1.671s] -- Up-to-date: /home/shivam/arduinobot_ws/install/arduinobot_controller/share/arduinobot_controller/environment/pythonpath.sh
[1.672s] -- Up-to-date: /home/shivam/arduinobot_ws/install/arduinobot_controller/share/arduinobot_controller/environment/pythonpath.dsv
[1.673s] -- Up-to-date: /home/shivam/arduinobot_ws/install/arduinobot_controller/local/lib/python3.10/dist-packages/arduinobot_controller-0.0.0-py3.10.egg-info
[1.673s] -- Installing: /home/shivam/arduinobot_ws/install/arduinobot_controller/local/lib/python3.10/dist-packages/arduinobot_controller-0.0.0-py3.10.egg-info/PKG-INFO
[1.673s] -- Installing: /home/shivam/arduinobot_ws/install/arduinobot_controller/local/lib/python3.10/dist-packages/arduinobot_controller-0.0.0-py3.10.egg-info/dependency_links.txt
[1.673s] -- Installing: /home/shivam/arduinobot_ws/install/arduinobot_controller/local/lib/python3.10/dist-packages/arduinobot_controller-0.0.0-py3.10.egg-info/top_level.txt
[1.674s] -- Installing: /home/shivam/arduinobot_ws/install/arduinobot_controller/local/lib/python3.10/dist-packages/arduinobot_controller-0.0.0-py3.10.egg-info/SOURCES.txt
[1.674s] -- Up-to-date: /home/shivam/arduinobot_ws/install/arduinobot_controller/local/lib/python3.10/dist-packages/arduinobot_controller
[1.674s] -- Up-to-date: /home/shivam/arduinobot_ws/install/arduinobot_controller/local/lib/python3.10/dist-packages/arduinobot_controller/slider_control.py
[1.674s] -- Up-to-date: /home/shivam/arduinobot_ws/install/arduinobot_controller/local/lib/python3.10/dist-packages/arduinobot_controller/__init__.py
[1.717s] Listing '/home/shivam/arduinobot_ws/install/arduinobot_controller/local/lib/python3.10/dist-packages/arduinobot_controller'...
[1.726s] -- Up-to-date: /home/shivam/arduinobot_ws/install/arduinobot_controller/lib/arduinobot_controller/slider_control
[1.727s] -- Up-to-date: /home/shivam/arduinobot_ws/install/arduinobot_controller/lib/libarduinobot_controller.so
[1.728s] -- Up-to-date: /home/shivam/arduinobot_ws/install/arduinobot_controller/include/include
[1.728s] -- Up-to-date: /home/shivam/arduinobot_ws/install/arduinobot_controller/include/include/arduinobot_controller
[1.729s] -- Up-to-date: /home/shivam/arduinobot_ws/install/arduinobot_controller/include/include/arduinobot_controller/arduinobot_interface.hpp
[1.730s] -- Up-to-date: /home/shivam/arduinobot_ws/install/arduinobot_controller/share/arduinobot_controller/launch
[1.731s] -- Up-to-date: /home/shivam/arduinobot_ws/install/arduinobot_controller/share/arduinobot_controller/launch/slider_controller.launch.py
[1.731s] -- Up-to-date: /home/shivam/arduinobot_ws/install/arduinobot_controller/share/arduinobot_controller/launch/controller.launch.py
[1.732s] -- Up-to-date: /home/shivam/arduinobot_ws/install/arduinobot_controller/share/arduinobot_controller/config
[1.732s] -- Up-to-date: /home/shivam/arduinobot_ws/install/arduinobot_controller/share/arduinobot_controller/config/arduinobot_controllers.yaml
[1.733s] -- Up-to-date: /home/shivam/arduinobot_ws/install/arduinobot_controller/lib/arduinobot_controller/slider_control.py
[1.733s] -- Up-to-date: /home/shivam/arduinobot_ws/install/arduinobot_controller/share/arduinobot_controller/environment/library_path.sh
[1.734s] -- Up-to-date: /home/shivam/arduinobot_ws/install/arduinobot_controller/share/arduinobot_controller/environment/library_path.dsv
[1.734s] -- Up-to-date: /home/shivam/arduinobot_ws/install/arduinobot_controller/share/ament_index/resource_index/package_run_dependencies/arduinobot_controller
[1.734s] -- Up-to-date: /home/shivam/arduinobot_ws/install/arduinobot_controller/share/ament_index/resource_index/parent_prefix_path/arduinobot_controller
[1.735s] -- Up-to-date: /home/shivam/arduinobot_ws/install/arduinobot_controller/share/arduinobot_controller/environment/ament_prefix_path.sh
[1.735s] -- Up-to-date: /home/shivam/arduinobot_ws/install/arduinobot_controller/share/arduinobot_controller/environment/ament_prefix_path.dsv
[1.735s] -- Up-to-date: /home/shivam/arduinobot_ws/install/arduinobot_controller/share/arduinobot_controller/environment/path.sh
[1.736s] -- Up-to-date: /home/shivam/arduinobot_ws/install/arduinobot_controller/share/arduinobot_controller/environment/path.dsv
[1.736s] -- Up-to-date: /home/shivam/arduinobot_ws/install/arduinobot_controller/share/arduinobot_controller/local_setup.bash
[1.736s] -- Up-to-date: /home/shivam/arduinobot_ws/install/arduinobot_controller/share/arduinobot_controller/local_setup.sh
[1.739s] -- Up-to-date: /home/shivam/arduinobot_ws/install/arduinobot_controller/share/arduinobot_controller/local_setup.zsh
[1.739s] -- Up-to-date: /home/shivam/arduinobot_ws/install/arduinobot_controller/share/arduinobot_controller/local_setup.dsv
[1.741s] -- Installing: /home/shivam/arduinobot_ws/install/arduinobot_controller/share/arduinobot_controller/package.dsv
[1.743s] -- Up-to-date: /home/shivam/arduinobot_ws/install/arduinobot_controller/share/ament_index/resource_index/packages/arduinobot_controller
[1.743s] -- Up-to-date: /home/shivam/arduinobot_ws/install/arduinobot_controller/share/ament_index/resource_index/hardware_interface__pluginlib__plugin/arduinobot_controller
[1.743s] -- Up-to-date: /home/shivam/arduinobot_ws/install/arduinobot_controller/share/arduinobot_controller/cmake/ament_cmake_export_include_directories-extras.cmake
[1.749s] -- Up-to-date: /home/shivam/arduinobot_ws/install/arduinobot_controller/share/arduinobot_controller/cmake/ament_cmake_export_libraries-extras.cmake
[1.751s] -- Up-to-date: /home/shivam/arduinobot_ws/install/arduinobot_controller/share/arduinobot_controller/cmake/ament_cmake_export_dependencies-extras.cmake
[1.752s] -- Up-to-date: /home/shivam/arduinobot_ws/install/arduinobot_controller/share/arduinobot_controller/cmake/arduinobot_controllerConfig.cmake
[1.752s] -- Up-to-date: /home/shivam/arduinobot_ws/install/arduinobot_controller/share/arduinobot_controller/cmake/arduinobot_controllerConfig-version.cmake
[1.752s] -- Up-to-date: /home/shivam/arduinobot_ws/install/arduinobot_controller/share/arduinobot_controller/package.xml
[1.755s] Invoked command in '/home/shivam/arduinobot_ws/build/arduinobot_controller' returned '0': CMAKE_PREFIX_PATH=/opt/ros/humble /usr/bin/cmake --install /home/shivam/arduinobot_ws/build/arduinobot_controller
