[0.043s] Invoking command in '/home/shivam/arduinobot_ws/build/arduinobot_controller': CMAKE_PREFIX_PATH=/opt/ros/humble /usr/bin/cmake --build /home/shivam/arduinobot_ws/build/arduinobot_controller -- -j12 -l12
[0.237s] [35m[1mConsolidate compiler generated dependencies of target slider_control[0m
[0.241s] [35m[1mConsolidate compiler generated dependencies of target arduinobot_controller[0m
[0.270s] [  0%] Built target ament_cmake_python_copy_arduinobot_controller
[0.505s] [ 50%] Built target slider_control
[0.522s] [100%] Built target arduinobot_controller
[0.868s] running egg_info
[0.869s] writing arduinobot_controller.egg-info/PKG-INFO
[0.869s] writing dependency_links to arduinobot_controller.egg-info/dependency_links.txt
[0.870s] writing top-level names to arduinobot_controller.egg-info/top_level.txt
[0.874s] reading manifest file 'arduinobot_controller.egg-info/SOURCES.txt'
[0.875s] writing manifest file 'arduinobot_controller.egg-info/SOURCES.txt'
[0.908s] [100%] Built target ament_cmake_python_build_arduinobot_controller_egg
[0.921s] Invoked command in '/home/shivam/arduinobot_ws/build/arduinobot_controller' returned '0': CMAKE_PREFIX_PATH=/opt/ros/humble /usr/bin/cmake --build /home/shivam/arduinobot_ws/build/arduinobot_controller -- -j12 -l12
[0.961s] Invoking command in '/home/shivam/arduinobot_ws/build/arduinobot_controller': CMAKE_PREFIX_PATH=/opt/ros/humble /usr/bin/cmake --install /home/shivam/arduinobot_ws/build/arduinobot_controller
[0.970s] -- Install configuration: ""
[0.971s] -- Up-to-date: /home/shivam/arduinobot_ws/install/arduinobot_controller/share/arduinobot_controller/arduinobot_controller.xml
[0.972s] -- Up-to-date: /home/shivam/arduinobot_ws/install/arduinobot_controller/share/arduinobot_controller/environment/pythonpath.sh
[0.972s] -- Up-to-date: /home/shivam/arduinobot_ws/install/arduinobot_controller/share/arduinobot_controller/environment/pythonpath.dsv
[0.973s] -- Up-to-date: /home/shivam/arduinobot_ws/install/arduinobot_controller/local/lib/python3.10/dist-packages/arduinobot_controller-0.0.0-py3.10.egg-info
[0.975s] -- Installing: /home/shivam/arduinobot_ws/install/arduinobot_controller/local/lib/python3.10/dist-packages/arduinobot_controller-0.0.0-py3.10.egg-info/SOURCES.txt
[0.976s] -- Installing: /home/shivam/arduinobot_ws/install/arduinobot_controller/local/lib/python3.10/dist-packages/arduinobot_controller-0.0.0-py3.10.egg-info/dependency_links.txt
[0.976s] -- Installing: /home/shivam/arduinobot_ws/install/arduinobot_controller/local/lib/python3.10/dist-packages/arduinobot_controller-0.0.0-py3.10.egg-info/top_level.txt
[0.976s] -- Installing: /home/shivam/arduinobot_ws/install/arduinobot_controller/local/lib/python3.10/dist-packages/arduinobot_controller-0.0.0-py3.10.egg-info/PKG-INFO
[0.976s] -- Up-to-date: /home/shivam/arduinobot_ws/install/arduinobot_controller/local/lib/python3.10/dist-packages/arduinobot_controller
[0.977s] -- Up-to-date: /home/shivam/arduinobot_ws/install/arduinobot_controller/local/lib/python3.10/dist-packages/arduinobot_controller/__init__.py
[0.977s] -- Up-to-date: /home/shivam/arduinobot_ws/install/arduinobot_controller/local/lib/python3.10/dist-packages/arduinobot_controller/slider_control.py
[1.027s] Listing '/home/shivam/arduinobot_ws/install/arduinobot_controller/local/lib/python3.10/dist-packages/arduinobot_controller'...
[1.036s] -- Up-to-date: /home/shivam/arduinobot_ws/install/arduinobot_controller/lib/arduinobot_controller/slider_control
[1.037s] -- Up-to-date: /home/shivam/arduinobot_ws/install/arduinobot_controller/lib/libarduinobot_controller.so
[1.038s] -- Up-to-date: /home/shivam/arduinobot_ws/install/arduinobot_controller/include/include
[1.038s] -- Up-to-date: /home/shivam/arduinobot_ws/install/arduinobot_controller/include/include/arduinobot_controller
[1.039s] -- Up-to-date: /home/shivam/arduinobot_ws/install/arduinobot_controller/include/include/arduinobot_controller/arduinobot_interface.hpp
[1.039s] -- Up-to-date: /home/shivam/arduinobot_ws/install/arduinobot_controller/share/arduinobot_controller/launch
[1.039s] -- Up-to-date: /home/shivam/arduinobot_ws/install/arduinobot_controller/share/arduinobot_controller/launch/controller.launch.py
[1.039s] -- Up-to-date: /home/shivam/arduinobot_ws/install/arduinobot_controller/share/arduinobot_controller/launch/slider_controller.launch.py
[1.040s] -- Up-to-date: /home/shivam/arduinobot_ws/install/arduinobot_controller/share/arduinobot_controller/config
[1.040s] -- Up-to-date: /home/shivam/arduinobot_ws/install/arduinobot_controller/share/arduinobot_controller/config/arduinobot_controllers.yaml
[1.040s] -- Up-to-date: /home/shivam/arduinobot_ws/install/arduinobot_controller/lib/arduinobot_controller/slider_control.py
[1.041s] -- Up-to-date: /home/shivam/arduinobot_ws/install/arduinobot_controller/share/arduinobot_controller/environment/library_path.sh
[1.041s] -- Up-to-date: /home/shivam/arduinobot_ws/install/arduinobot_controller/share/arduinobot_controller/environment/library_path.dsv
[1.041s] -- Up-to-date: /home/shivam/arduinobot_ws/install/arduinobot_controller/share/ament_index/resource_index/package_run_dependencies/arduinobot_controller
[1.041s] -- Up-to-date: /home/shivam/arduinobot_ws/install/arduinobot_controller/share/ament_index/resource_index/parent_prefix_path/arduinobot_controller
[1.042s] -- Up-to-date: /home/shivam/arduinobot_ws/install/arduinobot_controller/share/arduinobot_controller/environment/ament_prefix_path.sh
[1.042s] -- Up-to-date: /home/shivam/arduinobot_ws/install/arduinobot_controller/share/arduinobot_controller/environment/ament_prefix_path.dsv
[1.042s] -- Up-to-date: /home/shivam/arduinobot_ws/install/arduinobot_controller/share/arduinobot_controller/environment/path.sh
[1.042s] -- Up-to-date: /home/shivam/arduinobot_ws/install/arduinobot_controller/share/arduinobot_controller/environment/path.dsv
[1.045s] -- Up-to-date: /home/shivam/arduinobot_ws/install/arduinobot_controller/share/arduinobot_controller/local_setup.bash
[1.045s] -- Up-to-date: /home/shivam/arduinobot_ws/install/arduinobot_controller/share/arduinobot_controller/local_setup.sh
[1.045s] -- Up-to-date: /home/shivam/arduinobot_ws/install/arduinobot_controller/share/arduinobot_controller/local_setup.zsh
[1.047s] -- Up-to-date: /home/shivam/arduinobot_ws/install/arduinobot_controller/share/arduinobot_controller/local_setup.dsv
[1.048s] -- Installing: /home/shivam/arduinobot_ws/install/arduinobot_controller/share/arduinobot_controller/package.dsv
[1.048s] -- Up-to-date: /home/shivam/arduinobot_ws/install/arduinobot_controller/share/ament_index/resource_index/packages/arduinobot_controller
[1.048s] -- Up-to-date: /home/shivam/arduinobot_ws/install/arduinobot_controller/share/ament_index/resource_index/hardware_interface__pluginlib__plugin/arduinobot_controller
[1.050s] -- Up-to-date: /home/shivam/arduinobot_ws/install/arduinobot_controller/share/arduinobot_controller/cmake/ament_cmake_export_include_directories-extras.cmake
[1.050s] -- Up-to-date: /home/shivam/arduinobot_ws/install/arduinobot_controller/share/arduinobot_controller/cmake/ament_cmake_export_libraries-extras.cmake
[1.050s] -- Up-to-date: /home/shivam/arduinobot_ws/install/arduinobot_controller/share/arduinobot_controller/cmake/ament_cmake_export_dependencies-extras.cmake
[1.050s] -- Up-to-date: /home/shivam/arduinobot_ws/install/arduinobot_controller/share/arduinobot_controller/cmake/arduinobot_controllerConfig.cmake
[1.051s] -- Up-to-date: /home/shivam/arduinobot_ws/install/arduinobot_controller/share/arduinobot_controller/cmake/arduinobot_controllerConfig-version.cmake
[1.051s] -- Up-to-date: /home/shivam/arduinobot_ws/install/arduinobot_controller/share/arduinobot_controller/package.xml
[1.056s] Invoked command in '/home/shivam/arduinobot_ws/build/arduinobot_controller' returned '0': CMAKE_PREFIX_PATH=/opt/ros/humble /usr/bin/cmake --install /home/shivam/arduinobot_ws/build/arduinobot_controller
