[0.070s] Invoking command in '/home/shivam/arduinobot_ws/build/ardinobot_description': CMAKE_PREFIX_PATH=/opt/ros/humble /usr/bin/cmake /home/shivam/arduinobot_ws/src/ardinobot_description -DCMAKE_INSTALL_PREFIX=/home/shivam/arduinobot_ws/install/ardinobot_description
[0.167s] -- The C compiler identification is GNU 11.4.0
[0.492s] -- The CXX compiler identification is GNU 11.4.0
[0.687s] -- Detecting C compiler ABI info
[0.789s] -- Detecting C compiler ABI info - done
[0.794s] -- Check for working C compiler: /usr/bin/cc - skipped
[0.794s] -- Detecting C compile features
[0.794s] -- Detecting C compile features - done
[0.796s] -- Detecting CXX compiler ABI info
[0.895s] -- Detecting CXX compiler ABI info - done
[0.900s] -- Check for working CXX compiler: /usr/bin/c++ - skipped
[0.901s] -- Detecting CXX compile features
[0.901s] -- Detecting CXX compile features - done
[0.902s] -- Found ament_cmake: 1.3.6 (/opt/ros/humble/share/ament_cmake/cmake)
[1.011s] -- Found Python3: /usr/bin/python3.10 (found version "3.10.12") found components: Interpreter 
[1.072s] -- Found ament_lint_auto: 0.12.9 (/opt/ros/humble/share/ament_lint_auto/cmake)
[1.121s] -- Added test 'lint_cmake' to check CMake code style
[1.122s] -- Added test 'xmllint' to check XML markup files
[1.123s] -- Configuring done
[1.126s] -- Generating done
[1.127s] -- Build files have been written to: /home/shivam/arduinobot_ws/build/ardinobot_description
[1.130s] Invoked command in '/home/shivam/arduinobot_ws/build/ardinobot_description' returned '0': CMAKE_PREFIX_PATH=/opt/ros/humble /usr/bin/cmake /home/shivam/arduinobot_ws/src/ardinobot_description -DCMAKE_INSTALL_PREFIX=/home/shivam/arduinobot_ws/install/ardinobot_description
[1.132s] Invoking command in '/home/shivam/arduinobot_ws/build/ardinobot_description': CMAKE_PREFIX_PATH=/opt/ros/humble /usr/bin/cmake --build /home/shivam/arduinobot_ws/build/ardinobot_description -- -j12 -l12
[1.153s] Invoked command in '/home/shivam/arduinobot_ws/build/ardinobot_description' returned '0': CMAKE_PREFIX_PATH=/opt/ros/humble /usr/bin/cmake --build /home/shivam/arduinobot_ws/build/ardinobot_description -- -j12 -l12
[1.171s] Invoking command in '/home/shivam/arduinobot_ws/build/ardinobot_description': CMAKE_PREFIX_PATH=/opt/ros/humble /usr/bin/cmake --install /home/shivam/arduinobot_ws/build/ardinobot_description
[1.176s] -- Install configuration: ""
[1.176s] -- Installing: /home/shivam/arduinobot_ws/install/ardinobot_description/share/ardinobot_description/meshes
[1.177s] -- Installing: /home/shivam/arduinobot_ws/install/ardinobot_description/share/ardinobot_description/meshes/round_plate.STL:Zone.Identifier
[1.177s] -- Installing: /home/shivam/arduinobot_ws/install/ardinobot_description/share/ardinobot_description/meshes/right_finger.STL
[1.177s] -- Installing: /home/shivam/arduinobot_ws/install/ardinobot_description/share/ardinobot_description/meshes/link.STL:Zone.Identifier
[1.177s] -- Installing: /home/shivam/arduinobot_ws/install/ardinobot_description/share/ardinobot_description/meshes/forward_drive_arm.STL:Zone.Identifier
[1.177s] -- Installing: /home/shivam/arduinobot_ws/install/ardinobot_description/share/ardinobot_description/meshes/driven_gear.STL:Zone.Identifier
[1.177s] -- Installing: /home/shivam/arduinobot_ws/install/ardinobot_description/share/ardinobot_description/meshes/claw_support.STL:Zone.Identifier
[1.177s] -- Installing: /home/shivam/arduinobot_ws/install/ardinobot_description/share/ardinobot_description/meshes/vertical_drive_arm.STL:Zone.Identifier
[1.177s] -- Installing: /home/shivam/arduinobot_ws/install/ardinobot_description/share/ardinobot_description/meshes/plate.STL
[1.179s] -- Installing: /home/shivam/arduinobot_ws/install/ardinobot_description/share/ardinobot_description/meshes/left_finger.STL
[1.179s] -- Installing: /home/shivam/arduinobot_ws/install/ardinobot_description/share/ardinobot_description/meshes/horizontal_arm.STL:Zone.Identifier
[1.179s] -- Installing: /home/shivam/arduinobot_ws/install/ardinobot_description/share/ardinobot_description/meshes/round_plate.STL
[1.180s] -- Installing: /home/shivam/arduinobot_ws/install/ardinobot_description/share/ardinobot_description/meshes/servo_plate.STL
[1.180s] -- Installing: /home/shivam/arduinobot_ws/install/ardinobot_description/share/ardinobot_description/meshes/triangular_link.STL
[1.181s] -- Installing: /home/shivam/arduinobot_ws/install/ardinobot_description/share/ardinobot_description/meshes/forward_drive_arm.STL
[1.182s] -- Installing: /home/shivam/arduinobot_ws/install/ardinobot_description/share/ardinobot_description/meshes/right_finger.STL:Zone.Identifier
[1.182s] -- Installing: /home/shivam/arduinobot_ws/install/ardinobot_description/share/ardinobot_description/meshes/driven_gear.STL
[1.183s] -- Installing: /home/shivam/arduinobot_ws/install/ardinobot_description/share/ardinobot_description/meshes/drive_gear.STL
[1.183s] -- Installing: /home/shivam/arduinobot_ws/install/ardinobot_description/share/ardinobot_description/meshes/claw_support.STL
[1.183s] -- Installing: /home/shivam/arduinobot_ws/install/ardinobot_description/share/ardinobot_description/meshes/base_plate.STL
[1.185s] -- Installing: /home/shivam/arduinobot_ws/install/ardinobot_description/share/ardinobot_description/meshes/left_finger.STL:Zone.Identifier
[1.185s] -- Installing: /home/shivam/arduinobot_ws/install/ardinobot_description/share/ardinobot_description/meshes/link.STL
[1.186s] -- Installing: /home/shivam/arduinobot_ws/install/ardinobot_description/share/ardinobot_description/meshes/basement.STL
[1.186s] -- Installing: /home/shivam/arduinobot_ws/install/ardinobot_description/share/ardinobot_description/meshes/triangular_link.STL:Zone.Identifier
[1.187s] -- Installing: /home/shivam/arduinobot_ws/install/ardinobot_description/share/ardinobot_description/meshes/horizontal_arm.STL
[1.188s] -- Installing: /home/shivam/arduinobot_ws/install/ardinobot_description/share/ardinobot_description/meshes/drive_gear.STL:Zone.Identifier
[1.188s] -- Installing: /home/shivam/arduinobot_ws/install/ardinobot_description/share/ardinobot_description/meshes/plate.STL:Zone.Identifier
[1.188s] -- Installing: /home/shivam/arduinobot_ws/install/ardinobot_description/share/ardinobot_description/meshes/basement.STL:Zone.Identifier
[1.188s] -- Installing: /home/shivam/arduinobot_ws/install/ardinobot_description/share/ardinobot_description/meshes/base_plate.STL:Zone.Identifier
[1.188s] -- Installing: /home/shivam/arduinobot_ws/install/ardinobot_description/share/ardinobot_description/meshes/vertical_drive_arm.STL
[1.189s] -- Installing: /home/shivam/arduinobot_ws/install/ardinobot_description/share/ardinobot_description/meshes/servo_plate.STL:Zone.Identifier
[1.189s] -- Installing: /home/shivam/arduinobot_ws/install/ardinobot_description/share/ardinobot_description/urdf
[1.189s] -- Installing: /home/shivam/arduinobot_ws/install/ardinobot_description/share/ardinobot_description/urdf/ardinobot.urdf.xacro
[1.189s] -- Installing: /home/shivam/arduinobot_ws/install/ardinobot_description/share/ament_index/resource_index/package_run_dependencies/ardinobot_description
[1.190s] -- Installing: /home/shivam/arduinobot_ws/install/ardinobot_description/share/ament_index/resource_index/parent_prefix_path/ardinobot_description
[1.190s] -- Installing: /home/shivam/arduinobot_ws/install/ardinobot_description/share/ardinobot_description/environment/ament_prefix_path.sh
[1.190s] -- Installing: /home/shivam/arduinobot_ws/install/ardinobot_description/share/ardinobot_description/environment/ament_prefix_path.dsv
[1.190s] -- Installing: /home/shivam/arduinobot_ws/install/ardinobot_description/share/ardinobot_description/environment/path.sh
[1.190s] -- Installing: /home/shivam/arduinobot_ws/install/ardinobot_description/share/ardinobot_description/environment/path.dsv
[1.190s] -- Installing: /home/shivam/arduinobot_ws/install/ardinobot_description/share/ardinobot_description/local_setup.bash
[1.191s] -- Installing: /home/shivam/arduinobot_ws/install/ardinobot_description/share/ardinobot_description/local_setup.sh
[1.191s] -- Installing: /home/shivam/arduinobot_ws/install/ardinobot_description/share/ardinobot_description/local_setup.zsh
[1.191s] -- Installing: /home/shivam/arduinobot_ws/install/ardinobot_description/share/ardinobot_description/local_setup.dsv
[1.191s] -- Installing: /home/shivam/arduinobot_ws/install/ardinobot_description/share/ardinobot_description/package.dsv
[1.191s] -- Installing: /home/shivam/arduinobot_ws/install/ardinobot_description/share/ament_index/resource_index/packages/ardinobot_description
[1.191s] -- Installing: /home/shivam/arduinobot_ws/install/ardinobot_description/share/ardinobot_description/cmake/ardinobot_descriptionConfig.cmake
[1.191s] -- Installing: /home/shivam/arduinobot_ws/install/ardinobot_description/share/ardinobot_description/cmake/ardinobot_descriptionConfig-version.cmake
[1.191s] -- Installing: /home/shivam/arduinobot_ws/install/ardinobot_description/share/ardinobot_description/package.xml
[1.193s] Invoked command in '/home/shivam/arduinobot_ws/build/ardinobot_description' returned '0': CMAKE_PREFIX_PATH=/opt/ros/humble /usr/bin/cmake --install /home/shivam/arduinobot_ws/build/ardinobot_description
