[0.207s] Invoking command in '/home/shivam/arduinobot_ws/build/arduinobot_description': CMAKE_PREFIX_PATH=/home/shivam/ros2Workspace04/install/automatedManipulator:/home/shivam/ros2Workspace04/install/arduinobot_py_examples:/home/shivam/arduinobot_ws/install/arduinobot_py_examples:/opt/ros/humble /usr/bin/cmake /home/shivam/arduinobot_ws/src/arduinobot_description -DCMAKE_INSTALL_PREFIX=/home/shivam/arduinobot_ws/install/arduinobot_description
[0.474s] -- The C compiler identification is GNU 11.4.0
[1.075s] -- The CXX compiler identification is GNU 11.4.0
[1.501s] -- Detecting C compiler ABI info
[1.687s] -- Detecting C compiler ABI info - done
[1.702s] -- Check for working C compiler: /usr/bin/cc - skipped
[1.706s] -- Detecting C compile features
[1.707s] -- Detecting C compile features - done
[1.714s] -- Detecting CXX compiler ABI info
[1.942s] -- Detecting CXX compiler ABI info - done
[1.957s] -- Check for working CXX compiler: /usr/bin/c++ - skipped
[1.958s] -- Detecting CXX compile features
[1.959s] -- Detecting CXX compile features - done
[1.986s] -- Found ament_cmake: 1.3.6 (/opt/ros/humble/share/ament_cmake/cmake)
[2.377s] -- Found Python3: /usr/bin/python3.10 (found version "3.10.12") found components: Interpreter 
[2.550s] -- Found ament_lint_auto: 0.12.9 (/opt/ros/humble/share/ament_lint_auto/cmake)
[2.706s] -- Added test 'lint_cmake' to check CMake code style
[2.711s] -- Added test 'xmllint' to check XML markup files
[2.715s] -- Configuring done
[2.721s] -- Generating done
[2.725s] -- Build files have been written to: /home/shivam/arduinobot_ws/build/arduinobot_description
[2.733s] Invoked command in '/home/shivam/arduinobot_ws/build/arduinobot_description' returned '0': CMAKE_PREFIX_PATH=/home/shivam/ros2Workspace04/install/automatedManipulator:/home/shivam/ros2Workspace04/install/arduinobot_py_examples:/home/shivam/arduinobot_ws/install/arduinobot_py_examples:/opt/ros/humble /usr/bin/cmake /home/shivam/arduinobot_ws/src/arduinobot_description -DCMAKE_INSTALL_PREFIX=/home/shivam/arduinobot_ws/install/arduinobot_description
[2.737s] Invoking command in '/home/shivam/arduinobot_ws/build/arduinobot_description': CMAKE_PREFIX_PATH=/home/shivam/ros2Workspace04/install/automatedManipulator:/home/shivam/ros2Workspace04/install/arduinobot_py_examples:/home/shivam/arduinobot_ws/install/arduinobot_py_examples:/opt/ros/humble /usr/bin/cmake --build /home/shivam/arduinobot_ws/build/arduinobot_description -- -j12 -l12
[2.810s] Invoked command in '/home/shivam/arduinobot_ws/build/arduinobot_description' returned '0': CMAKE_PREFIX_PATH=/home/shivam/ros2Workspace04/install/automatedManipulator:/home/shivam/ros2Workspace04/install/arduinobot_py_examples:/home/shivam/arduinobot_ws/install/arduinobot_py_examples:/opt/ros/humble /usr/bin/cmake --build /home/shivam/arduinobot_ws/build/arduinobot_description -- -j12 -l12
[2.844s] Invoking command in '/home/shivam/arduinobot_ws/build/arduinobot_description': CMAKE_PREFIX_PATH=/home/shivam/ros2Workspace04/install/automatedManipulator:/home/shivam/ros2Workspace04/install/arduinobot_py_examples:/home/shivam/arduinobot_ws/install/arduinobot_py_examples:/opt/ros/humble /usr/bin/cmake --install /home/shivam/arduinobot_ws/build/arduinobot_description
[2.854s] -- Install configuration: ""
[2.855s] [31mCMake Error at cmake_install.cmake:46 (file):
[2.855s]   file INSTALL cannot find
[2.855s]   "/home/shivam/arduinobot_ws/src/arduinobot_description/launch": No such
[2.855s]   file or directory.
[2.856s] 
[2.856s] [0m
[2.857s] Invoked command in '/home/shivam/arduinobot_ws/build/arduinobot_description' returned '1': CMAKE_PREFIX_PATH=/home/shivam/ros2Workspace04/install/automatedManipulator:/home/shivam/ros2Workspace04/install/arduinobot_py_examples:/home/shivam/arduinobot_ws/install/arduinobot_py_examples:/opt/ros/humble /usr/bin/cmake --install /home/shivam/arduinobot_ws/build/arduinobot_description
