[0.448s] Invoking command in '/home/shivam/arduinobot_ws/build/arduinobot_utils': AMENT_PREFIX_PATH=/home/shivam/arduinobot_ws/install/arduinobot_msgs:${AMENT_PREFIX_PATH} CMAKE_PREFIX_PATH=/home/shivam/arduinobot_ws/install/arduinobot_msgs:/opt/ros/humble LD_LIBRARY_PATH=/home/shivam/arduinobot_ws/install/arduinobot_msgs/lib:${LD_LIBRARY_PATH} PYTHONPATH=/home/shivam/arduinobot_ws/install/arduinobot_msgs/local/lib/python3.10/dist-packages:${PYTHONPATH} /usr/bin/cmake --build /home/shivam/arduinobot_ws/build/arduinobot_utils -- -j12 -l12
[0.526s] [  0%] Built target ament_cmake_python_copy_arduinobot_utils
[0.533s] [100%] Built target angle_conversion
[0.781s] running egg_info
[0.781s] writing arduinobot_utils.egg-info/PKG-INFO
[0.782s] writing dependency_links to arduinobot_utils.egg-info/dependency_links.txt
[0.783s] writing top-level names to arduinobot_utils.egg-info/top_level.txt
[0.786s] reading manifest file 'arduinobot_utils.egg-info/SOURCES.txt'
[0.786s] writing manifest file 'arduinobot_utils.egg-info/SOURCES.txt'
[0.820s] [100%] Built target ament_cmake_python_build_arduinobot_utils_egg
[0.833s] Invoked command in '/home/shivam/arduinobot_ws/build/arduinobot_utils' returned '0': AMENT_PREFIX_PATH=/home/shivam/arduinobot_ws/install/arduinobot_msgs:${AMENT_PREFIX_PATH} CMAKE_PREFIX_PATH=/home/shivam/arduinobot_ws/install/arduinobot_msgs:/opt/ros/humble LD_LIBRARY_PATH=/home/shivam/arduinobot_ws/install/arduinobot_msgs/lib:${LD_LIBRARY_PATH} PYTHONPATH=/home/shivam/arduinobot_ws/install/arduinobot_msgs/local/lib/python3.10/dist-packages:${PYTHONPATH} /usr/bin/cmake --build /home/shivam/arduinobot_ws/build/arduinobot_utils -- -j12 -l12
[0.859s] Invoking command in '/home/shivam/arduinobot_ws/build/arduinobot_utils': AMENT_PREFIX_PATH=/home/shivam/arduinobot_ws/install/arduinobot_msgs:${AMENT_PREFIX_PATH} CMAKE_PREFIX_PATH=/home/shivam/arduinobot_ws/install/arduinobot_msgs:/opt/ros/humble LD_LIBRARY_PATH=/home/shivam/arduinobot_ws/install/arduinobot_msgs/lib:${LD_LIBRARY_PATH} PYTHONPATH=/home/shivam/arduinobot_ws/install/arduinobot_msgs/local/lib/python3.10/dist-packages:${PYTHONPATH} /usr/bin/cmake --install /home/shivam/arduinobot_ws/build/arduinobot_utils
[0.868s] -- Install configuration: ""
[0.868s] -- Up-to-date: /home/shivam/arduinobot_ws/install/arduinobot_utils/share/arduinobot_utils/environment/pythonpath.sh
[0.869s] -- Up-to-date: /home/shivam/arduinobot_ws/install/arduinobot_utils/share/arduinobot_utils/environment/pythonpath.dsv
[0.869s] -- Up-to-date: /home/shivam/arduinobot_ws/install/arduinobot_utils/local/lib/python3.10/dist-packages/arduinobot_utils-0.0.0-py3.10.egg-info
[0.869s] -- Installing: /home/shivam/arduinobot_ws/install/arduinobot_utils/local/lib/python3.10/dist-packages/arduinobot_utils-0.0.0-py3.10.egg-info/PKG-INFO
[0.869s] -- Installing: /home/shivam/arduinobot_ws/install/arduinobot_utils/local/lib/python3.10/dist-packages/arduinobot_utils-0.0.0-py3.10.egg-info/dependency_links.txt
[0.869s] -- Installing: /home/shivam/arduinobot_ws/install/arduinobot_utils/local/lib/python3.10/dist-packages/arduinobot_utils-0.0.0-py3.10.egg-info/top_level.txt
[0.869s] -- Installing: /home/shivam/arduinobot_ws/install/arduinobot_utils/local/lib/python3.10/dist-packages/arduinobot_utils-0.0.0-py3.10.egg-info/SOURCES.txt
[0.869s] -- Up-to-date: /home/shivam/arduinobot_ws/install/arduinobot_utils/local/lib/python3.10/dist-packages/arduinobot_utils
[0.869s] -- Up-to-date: /home/shivam/arduinobot_ws/install/arduinobot_utils/local/lib/python3.10/dist-packages/arduinobot_utils/angle_conversion.py
[0.870s] -- Up-to-date: /home/shivam/arduinobot_ws/install/arduinobot_utils/local/lib/python3.10/dist-packages/arduinobot_utils/__init__.py
[0.902s] Listing '/home/shivam/arduinobot_ws/install/arduinobot_utils/local/lib/python3.10/dist-packages/arduinobot_utils'...
[0.908s] -- Up-to-date: /home/shivam/arduinobot_ws/install/arduinobot_utils/lib/arduinobot_utils/angle_conversion
[0.909s] -- Up-to-date: /home/shivam/arduinobot_ws/install/arduinobot_utils/lib/arduinobot_utils/angle_conversion.py
[0.909s] -- Up-to-date: /home/shivam/arduinobot_ws/install/arduinobot_utils/share/ament_index/resource_index/package_run_dependencies/arduinobot_utils
[0.909s] -- Up-to-date: /home/shivam/arduinobot_ws/install/arduinobot_utils/share/ament_index/resource_index/parent_prefix_path/arduinobot_utils
[0.910s] -- Up-to-date: /home/shivam/arduinobot_ws/install/arduinobot_utils/share/arduinobot_utils/environment/ament_prefix_path.sh
[0.910s] -- Up-to-date: /home/shivam/arduinobot_ws/install/arduinobot_utils/share/arduinobot_utils/environment/ament_prefix_path.dsv
[0.910s] -- Up-to-date: /home/shivam/arduinobot_ws/install/arduinobot_utils/share/arduinobot_utils/environment/path.sh
[0.910s] -- Up-to-date: /home/shivam/arduinobot_ws/install/arduinobot_utils/share/arduinobot_utils/environment/path.dsv
[0.910s] -- Up-to-date: /home/shivam/arduinobot_ws/install/arduinobot_utils/share/arduinobot_utils/local_setup.bash
[0.910s] -- Up-to-date: /home/shivam/arduinobot_ws/install/arduinobot_utils/share/arduinobot_utils/local_setup.sh
[0.910s] -- Up-to-date: /home/shivam/arduinobot_ws/install/arduinobot_utils/share/arduinobot_utils/local_setup.zsh
[0.910s] -- Up-to-date: /home/shivam/arduinobot_ws/install/arduinobot_utils/share/arduinobot_utils/local_setup.dsv
[0.910s] -- Installing: /home/shivam/arduinobot_ws/install/arduinobot_utils/share/arduinobot_utils/package.dsv
[0.910s] -- Up-to-date: /home/shivam/arduinobot_ws/install/arduinobot_utils/share/ament_index/resource_index/packages/arduinobot_utils
[0.910s] -- Up-to-date: /home/shivam/arduinobot_ws/install/arduinobot_utils/share/arduinobot_utils/cmake/arduinobot_utilsConfig.cmake
[0.910s] -- Up-to-date: /home/shivam/arduinobot_ws/install/arduinobot_utils/share/arduinobot_utils/cmake/arduinobot_utilsConfig-version.cmake
[0.910s] -- Up-to-date: /home/shivam/arduinobot_ws/install/arduinobot_utils/share/arduinobot_utils/package.xml
[0.913s] Invoked command in '/home/shivam/arduinobot_ws/build/arduinobot_utils' returned '0': AMENT_PREFIX_PATH=/home/shivam/arduinobot_ws/install/arduinobot_msgs:${AMENT_PREFIX_PATH} CMAKE_PREFIX_PATH=/home/shivam/arduinobot_ws/install/arduinobot_msgs:/opt/ros/humble LD_LIBRARY_PATH=/home/shivam/arduinobot_ws/install/arduinobot_msgs/lib:${LD_LIBRARY_PATH} PYTHONPATH=/home/shivam/arduinobot_ws/install/arduinobot_msgs/local/lib/python3.10/dist-packages:${PYTHONPATH} /usr/bin/cmake --install /home/shivam/arduinobot_ws/build/arduinobot_utils
