[0.252s] Invoking command in '/home/shivam/arduinobot_ws/build/arduinobot_description': CMAKE_PREFIX_PATH=/opt/ros/humble /usr/bin/cmake /home/shivam/arduinobot_ws/src/arduinobot_description -DCMAKE_INSTALL_PREFIX=/home/shivam/arduinobot_ws/install/arduinobot_description
[0.583s] -- The C compiler identification is GNU 11.4.0
[1.412s] -- The CXX compiler identification is GNU 11.4.0
[1.972s] -- Detecting C compiler ABI info
[2.162s] -- Detecting C compiler ABI info - done
[2.170s] -- Check for working C compiler: /usr/bin/cc - skipped
[2.170s] -- Detecting C compile features
[2.171s] -- Detecting C compile features - done
[2.174s] -- Detecting CXX compiler ABI info
[2.337s] -- Detecting CXX compiler ABI info - done
[2.346s] -- Check for working CXX compiler: /usr/bin/c++ - skipped
[2.346s] -- Detecting CXX compile features
[2.346s] -- Detecting CXX compile features - done
[2.353s] -- Found ament_cmake: 1.3.8 (/opt/ros/humble/share/ament_cmake/cmake)
[2.585s] -- Found Python3: /usr/bin/python3 (found version "3.10.12") found components: Interpreter 
[2.743s] -- Found urdf: 2.6.0 (/opt/ros/humble/share/urdf/cmake)
[5.372s] -- Found ament_lint_auto: 0.12.10 (/opt/ros/humble/share/ament_lint_auto/cmake)
[5.480s] -- Added test 'copyright' to check source files copyright and LICENSE
[5.485s] -- Added test 'flake8' to check Python code syntax and style conventions
[5.485s] -- Added test 'lint_cmake' to check CMake code style
[5.485s] -- Added test 'pep257' to check Python code against some of the docstring style conventions in PEP 257
[5.485s] -- Added test 'xmllint' to check XML markup files
[5.489s] -- Configuring done
[5.496s] -- Generating done
[5.496s] -- Build files have been written to: /home/shivam/arduinobot_ws/build/arduinobot_description
[5.507s] Invoked command in '/home/shivam/arduinobot_ws/build/arduinobot_description' returned '0': CMAKE_PREFIX_PATH=/opt/ros/humble /usr/bin/cmake /home/shivam/arduinobot_ws/src/arduinobot_description -DCMAKE_INSTALL_PREFIX=/home/shivam/arduinobot_ws/install/arduinobot_description
[5.511s] Invoking command in '/home/shivam/arduinobot_ws/build/arduinobot_description': CMAKE_PREFIX_PATH=/opt/ros/humble /usr/bin/cmake --build /home/shivam/arduinobot_ws/build/arduinobot_description -- -j12 -l12
[5.551s] Invoked command in '/home/shivam/arduinobot_ws/build/arduinobot_description' returned '0': CMAKE_PREFIX_PATH=/opt/ros/humble /usr/bin/cmake --build /home/shivam/arduinobot_ws/build/arduinobot_description -- -j12 -l12
[5.578s] Invoking command in '/home/shivam/arduinobot_ws/build/arduinobot_description': CMAKE_PREFIX_PATH=/opt/ros/humble /usr/bin/cmake --install /home/shivam/arduinobot_ws/build/arduinobot_description
[5.585s] -- Install configuration: ""
[5.585s] -- Up-to-date: /home/shivam/arduinobot_ws/install/arduinobot_description/share/arduinobot_description/launch
[5.586s] -- Up-to-date: /home/shivam/arduinobot_ws/install/arduinobot_description/share/arduinobot_description/meshes
[5.586s] -- Up-to-date: /home/shivam/arduinobot_ws/install/arduinobot_description/share/arduinobot_description/models
[5.586s] -- Installing: /home/shivam/arduinobot_ws/install/arduinobot_description/share/arduinobot_description/models/sun
[5.586s] -- Installing: /home/shivam/arduinobot_ws/install/arduinobot_description/share/arduinobot_description/models/sun/model-1_3.sdf
[5.586s] -- Installing: /home/shivam/arduinobot_ws/install/arduinobot_description/share/arduinobot_description/models/sun/model-1_4.sdf
[5.587s] -- Installing: /home/shivam/arduinobot_ws/install/arduinobot_description/share/arduinobot_description/models/sun/model-1_2.sdf
[5.587s] -- Installing: /home/shivam/arduinobot_ws/install/arduinobot_description/share/arduinobot_description/models/sun/model.sdf
[5.587s] -- Installing: /home/shivam/arduinobot_ws/install/arduinobot_description/share/arduinobot_description/models/sun/model.config
[5.588s] -- Installing: /home/shivam/arduinobot_ws/install/arduinobot_description/share/arduinobot_description/models/ground_plane
[5.588s] -- Installing: /home/shivam/arduinobot_ws/install/arduinobot_description/share/arduinobot_description/models/ground_plane/model-1_3.sdf
[5.588s] -- Installing: /home/shivam/arduinobot_ws/install/arduinobot_description/share/arduinobot_description/models/ground_plane/model-1_4.sdf
[5.588s] -- Installing: /home/shivam/arduinobot_ws/install/arduinobot_description/share/arduinobot_description/models/ground_plane/model-1_2.sdf
[5.589s] -- Installing: /home/shivam/arduinobot_ws/install/arduinobot_description/share/arduinobot_description/models/ground_plane/model.sdf
[5.589s] -- Installing: /home/shivam/arduinobot_ws/install/arduinobot_description/share/arduinobot_description/models/ground_plane/model.config
[5.589s] -- Up-to-date: /home/shivam/arduinobot_ws/install/arduinobot_description/share/arduinobot_description/urdf
[5.590s] -- Installing: /home/shivam/arduinobot_ws/install/arduinobot_description/share/arduinobot_description/urdf/arduinobot_ros2_control.xacro
[5.590s] -- Installing: /home/shivam/arduinobot_ws/install/arduinobot_description/share/arduinobot_description/urdf/arduinobot_gazebo.xacro
[5.591s] -- Up-to-date: /home/shivam/arduinobot_ws/install/arduinobot_description/share/arduinobot_description/rviz
[5.591s] -- Installing: /home/shivam/arduinobot_ws/install/arduinobot_description/share/arduinobot_description/package.dsv
[5.595s] Invoked command in '/home/shivam/arduinobot_ws/build/arduinobot_description' returned '0': CMAKE_PREFIX_PATH=/opt/ros/humble /usr/bin/cmake --install /home/shivam/arduinobot_ws/build/arduinobot_description
