[1.099s] DEBUG:colcon:Command line arguments: ['/usr/bin/colcon', 'build']
[1.099s] DEBUG:colcon:Parsed command line arguments: Namespace(log_base=None, log_level=None, verb_name='build', build_base='build', install_base='install', merge_install=False, symlink_install=False, test_result_base=None, continue_on_error=False, executor='parallel', parallel_workers=12, event_handlers=None, ignore_user_meta=False, metas=['./colcon.meta'], base_paths=['.'], packages_ignore=None, packages_ignore_regex=None, paths=None, packages_up_to=None, packages_up_to_regex=None, packages_above=None, packages_above_and_dependencies=None, packages_above_depth=None, packages_select_by_dep=None, packages_skip_by_dep=None, packages_skip_up_to=None, packages_select_build_failed=False, packages_skip_build_finished=False, packages_select_test_failures=False, packages_skip_test_passed=False, packages_select=None, packages_skip=None, packages_select_regex=None, packages_skip_regex=None, packages_start=None, packages_end=None, allow_overriding=[], cmake_args=None, cmake_target=None, cmake_target_skip_unavailable=False, cmake_clean_cache=False, cmake_clean_first=False, cmake_force_configure=False, ament_cmake_args=None, catkin_cmake_args=None, catkin_skip_building_tests=False, verb_parser=<colcon_defaults.argument_parser.defaults.DefaultArgumentsDecorator object at 0x7f5bd20dd660>, verb_extension=<colcon_core.verb.build.BuildVerb object at 0x7f5bd252ae00>, main=<bound method BuildVerb.main of <colcon_core.verb.build.BuildVerb object at 0x7f5bd252ae00>>)
[1.151s] Level 1:colcon.colcon_core.package_discovery:discover_packages(colcon_meta) check parameters
[1.151s] Level 1:colcon.colcon_core.package_discovery:discover_packages(recursive) check parameters
[1.151s] Level 1:colcon.colcon_core.package_discovery:discover_packages(ignore) check parameters
[1.152s] Level 1:colcon.colcon_core.package_discovery:discover_packages(path) check parameters
[1.152s] Level 1:colcon.colcon_core.package_discovery:discover_packages(colcon_meta) discover
[1.152s] Level 1:colcon.colcon_core.package_discovery:discover_packages(recursive) discover
[1.152s] INFO:colcon.colcon_core.package_discovery:Crawling recursively for packages in '/home/shivam/arduinobot_ws'
[1.152s] Level 1:colcon.colcon_core.package_identification:_identify(.) by extensions ['ignore', 'ignore_ament_install']
[1.152s] Level 1:colcon.colcon_core.package_identification:_identify(.) by extension 'ignore'
[1.152s] Level 1:colcon.colcon_core.package_identification:_identify(.) by extension 'ignore_ament_install'
[1.152s] Level 1:colcon.colcon_core.package_identification:_identify(.) by extensions ['colcon_pkg']
[1.152s] Level 1:colcon.colcon_core.package_identification:_identify(.) by extension 'colcon_pkg'
[1.152s] Level 1:colcon.colcon_core.package_identification:_identify(.) by extensions ['colcon_meta']
[1.152s] Level 1:colcon.colcon_core.package_identification:_identify(.) by extension 'colcon_meta'
[1.152s] Level 1:colcon.colcon_core.package_identification:_identify(.) by extensions ['ros']
[1.152s] Level 1:colcon.colcon_core.package_identification:_identify(.) by extension 'ros'
[1.166s] Level 1:colcon.colcon_core.package_identification:_identify(.) by extensions ['cmake', 'python']
[1.167s] Level 1:colcon.colcon_core.package_identification:_identify(.) by extension 'cmake'
[1.167s] Level 1:colcon.colcon_core.package_identification:_identify(.) by extension 'python'
[1.167s] Level 1:colcon.colcon_core.package_identification:_identify(.) by extensions ['python_setup_py']
[1.167s] Level 1:colcon.colcon_core.package_identification:_identify(.) by extension 'python_setup_py'
[1.167s] Level 1:colcon.colcon_core.package_identification:_identify(build) by extensions ['ignore', 'ignore_ament_install']
[1.167s] Level 1:colcon.colcon_core.package_identification:_identify(build) by extension 'ignore'
[1.167s] Level 1:colcon.colcon_core.package_identification:_identify(build) ignored
[1.167s] Level 1:colcon.colcon_core.package_identification:_identify(install) by extensions ['ignore', 'ignore_ament_install']
[1.167s] Level 1:colcon.colcon_core.package_identification:_identify(install) by extension 'ignore'
[1.167s] Level 1:colcon.colcon_core.package_identification:_identify(install) ignored
[1.167s] Level 1:colcon.colcon_core.package_identification:_identify(log) by extensions ['ignore', 'ignore_ament_install']
[1.167s] Level 1:colcon.colcon_core.package_identification:_identify(log) by extension 'ignore'
[1.167s] Level 1:colcon.colcon_core.package_identification:_identify(log) ignored
[1.168s] Level 1:colcon.colcon_core.package_identification:_identify(src) by extensions ['ignore', 'ignore_ament_install']
[1.168s] Level 1:colcon.colcon_core.package_identification:_identify(src) by extension 'ignore'
[1.168s] Level 1:colcon.colcon_core.package_identification:_identify(src) by extension 'ignore_ament_install'
[1.168s] Level 1:colcon.colcon_core.package_identification:_identify(src) by extensions ['colcon_pkg']
[1.168s] Level 1:colcon.colcon_core.package_identification:_identify(src) by extension 'colcon_pkg'
[1.168s] Level 1:colcon.colcon_core.package_identification:_identify(src) by extensions ['colcon_meta']
[1.168s] Level 1:colcon.colcon_core.package_identification:_identify(src) by extension 'colcon_meta'
[1.168s] Level 1:colcon.colcon_core.package_identification:_identify(src) by extensions ['ros']
[1.168s] Level 1:colcon.colcon_core.package_identification:_identify(src) by extension 'ros'
[1.168s] Level 1:colcon.colcon_core.package_identification:_identify(src) by extensions ['cmake', 'python']
[1.168s] Level 1:colcon.colcon_core.package_identification:_identify(src) by extension 'cmake'
[1.168s] Level 1:colcon.colcon_core.package_identification:_identify(src) by extension 'python'
[1.168s] Level 1:colcon.colcon_core.package_identification:_identify(src) by extensions ['python_setup_py']
[1.168s] Level 1:colcon.colcon_core.package_identification:_identify(src) by extension 'python_setup_py'
[1.169s] Level 1:colcon.colcon_core.package_identification:_identify(src/arduinobot_controller) by extensions ['ignore', 'ignore_ament_install']
[1.169s] Level 1:colcon.colcon_core.package_identification:_identify(src/arduinobot_controller) by extension 'ignore'
[1.169s] Level 1:colcon.colcon_core.package_identification:_identify(src/arduinobot_controller) by extension 'ignore_ament_install'
[1.169s] Level 1:colcon.colcon_core.package_identification:_identify(src/arduinobot_controller) by extensions ['colcon_pkg']
[1.169s] Level 1:colcon.colcon_core.package_identification:_identify(src/arduinobot_controller) by extension 'colcon_pkg'
[1.169s] Level 1:colcon.colcon_core.package_identification:_identify(src/arduinobot_controller) by extensions ['colcon_meta']
[1.169s] Level 1:colcon.colcon_core.package_identification:_identify(src/arduinobot_controller) by extension 'colcon_meta'
[1.169s] Level 1:colcon.colcon_core.package_identification:_identify(src/arduinobot_controller) by extensions ['ros']
[1.169s] Level 1:colcon.colcon_core.package_identification:_identify(src/arduinobot_controller) by extension 'ros'
[1.172s] DEBUG:colcon.colcon_core.package_identification:Package 'src/arduinobot_controller' with type 'ros.ament_cmake' and name 'arduinobot_controller'
[1.173s] Level 1:colcon.colcon_core.package_identification:_identify(src/arduinobot_cpp_examples) by extensions ['ignore', 'ignore_ament_install']
[1.173s] Level 1:colcon.colcon_core.package_identification:_identify(src/arduinobot_cpp_examples) by extension 'ignore'
[1.173s] Level 1:colcon.colcon_core.package_identification:_identify(src/arduinobot_cpp_examples) by extension 'ignore_ament_install'
[1.173s] Level 1:colcon.colcon_core.package_identification:_identify(src/arduinobot_cpp_examples) by extensions ['colcon_pkg']
[1.173s] Level 1:colcon.colcon_core.package_identification:_identify(src/arduinobot_cpp_examples) by extension 'colcon_pkg'
[1.173s] Level 1:colcon.colcon_core.package_identification:_identify(src/arduinobot_cpp_examples) by extensions ['colcon_meta']
[1.173s] Level 1:colcon.colcon_core.package_identification:_identify(src/arduinobot_cpp_examples) by extension 'colcon_meta'
[1.173s] Level 1:colcon.colcon_core.package_identification:_identify(src/arduinobot_cpp_examples) by extensions ['ros']
[1.173s] Level 1:colcon.colcon_core.package_identification:_identify(src/arduinobot_cpp_examples) by extension 'ros'
[1.174s] DEBUG:colcon.colcon_core.package_identification:Package 'src/arduinobot_cpp_examples' with type 'ros.ament_cmake' and name 'arduinobot_cpp_examples'
[1.174s] Level 1:colcon.colcon_core.package_identification:_identify(src/arduinobot_description) by extensions ['ignore', 'ignore_ament_install']
[1.174s] Level 1:colcon.colcon_core.package_identification:_identify(src/arduinobot_description) by extension 'ignore'
[1.174s] Level 1:colcon.colcon_core.package_identification:_identify(src/arduinobot_description) by extension 'ignore_ament_install'
[1.174s] Level 1:colcon.colcon_core.package_identification:_identify(src/arduinobot_description) by extensions ['colcon_pkg']
[1.174s] Level 1:colcon.colcon_core.package_identification:_identify(src/arduinobot_description) by extension 'colcon_pkg'
[1.174s] Level 1:colcon.colcon_core.package_identification:_identify(src/arduinobot_description) by extensions ['colcon_meta']
[1.174s] Level 1:colcon.colcon_core.package_identification:_identify(src/arduinobot_description) by extension 'colcon_meta'
[1.174s] Level 1:colcon.colcon_core.package_identification:_identify(src/arduinobot_description) by extensions ['ros']
[1.174s] Level 1:colcon.colcon_core.package_identification:_identify(src/arduinobot_description) by extension 'ros'
[1.175s] DEBUG:colcon.colcon_core.package_identification:Package 'src/arduinobot_description' with type 'ros.ament_cmake' and name 'arduinobot_description'
[1.175s] Level 1:colcon.colcon_core.package_identification:_identify(src/arduinobot_py_examples) by extensions ['ignore', 'ignore_ament_install']
[1.175s] Level 1:colcon.colcon_core.package_identification:_identify(src/arduinobot_py_examples) by extension 'ignore'
[1.176s] Level 1:colcon.colcon_core.package_identification:_identify(src/arduinobot_py_examples) by extension 'ignore_ament_install'
[1.176s] Level 1:colcon.colcon_core.package_identification:_identify(src/arduinobot_py_examples) by extensions ['colcon_pkg']
[1.176s] Level 1:colcon.colcon_core.package_identification:_identify(src/arduinobot_py_examples) by extension 'colcon_pkg'
[1.176s] Level 1:colcon.colcon_core.package_identification:_identify(src/arduinobot_py_examples) by extensions ['colcon_meta']
[1.176s] Level 1:colcon.colcon_core.package_identification:_identify(src/arduinobot_py_examples) by extension 'colcon_meta'
[1.176s] Level 1:colcon.colcon_core.package_identification:_identify(src/arduinobot_py_examples) by extensions ['ros']
[1.176s] Level 1:colcon.colcon_core.package_identification:_identify(src/arduinobot_py_examples) by extension 'ros'
[1.177s] DEBUG:colcon.colcon_core.package_identification:Package 'src/arduinobot_py_examples' with type 'ros.ament_python' and name 'arduinobot_py_examples'
[1.177s] Level 1:colcon.colcon_core.package_discovery:discover_packages(recursive) using defaults
[1.177s] Level 1:colcon.colcon_core.package_discovery:discover_packages(ignore) discover
[1.177s] Level 1:colcon.colcon_core.package_discovery:discover_packages(ignore) using defaults
[1.177s] Level 1:colcon.colcon_core.package_discovery:discover_packages(path) discover
[1.177s] Level 1:colcon.colcon_core.package_discovery:discover_packages(path) using defaults
[1.269s] Level 1:colcon.colcon_core.package_discovery:discover_packages(prefix_path) check parameters
[1.269s] Level 1:colcon.colcon_core.package_discovery:discover_packages(prefix_path) discover
[1.295s] DEBUG:colcon.colcon_installed_package_information.package_discovery:Found 369 installed packages in /opt/ros/humble
[1.297s] Level 1:colcon.colcon_core.package_discovery:discover_packages(prefix_path) using defaults
[1.417s] Level 5:colcon.colcon_core.verb:set package 'arduinobot_controller' build argument 'cmake_args' from command line to 'None'
[1.417s] Level 5:colcon.colcon_core.verb:set package 'arduinobot_controller' build argument 'cmake_target' from command line to 'None'
[1.417s] Level 5:colcon.colcon_core.verb:set package 'arduinobot_controller' build argument 'cmake_target_skip_unavailable' from command line to 'False'
[1.417s] Level 5:colcon.colcon_core.verb:set package 'arduinobot_controller' build argument 'cmake_clean_cache' from command line to 'False'
[1.417s] Level 5:colcon.colcon_core.verb:set package 'arduinobot_controller' build argument 'cmake_clean_first' from command line to 'False'
[1.417s] Level 5:colcon.colcon_core.verb:set package 'arduinobot_controller' build argument 'cmake_force_configure' from command line to 'False'
[1.417s] Level 5:colcon.colcon_core.verb:set package 'arduinobot_controller' build argument 'ament_cmake_args' from command line to 'None'
[1.417s] Level 5:colcon.colcon_core.verb:set package 'arduinobot_controller' build argument 'catkin_cmake_args' from command line to 'None'
[1.417s] Level 5:colcon.colcon_core.verb:set package 'arduinobot_controller' build argument 'catkin_skip_building_tests' from command line to 'False'
[1.417s] DEBUG:colcon.colcon_core.verb:Building package 'arduinobot_controller' with the following arguments: {'ament_cmake_args': None, 'build_base': '/home/shivam/arduinobot_ws/build/arduinobot_controller', 'catkin_cmake_args': None, 'catkin_skip_building_tests': False, 'cmake_args': None, 'cmake_clean_cache': False, 'cmake_clean_first': False, 'cmake_force_configure': False, 'cmake_target': None, 'cmake_target_skip_unavailable': False, 'install_base': '/home/shivam/arduinobot_ws/install/arduinobot_controller', 'merge_install': False, 'path': '/home/shivam/arduinobot_ws/src/arduinobot_controller', 'symlink_install': False, 'test_result_base': None}
[1.432s] Level 5:colcon.colcon_core.verb:set package 'arduinobot_cpp_examples' build argument 'cmake_args' from command line to 'None'
[1.432s] Level 5:colcon.colcon_core.verb:set package 'arduinobot_cpp_examples' build argument 'cmake_target' from command line to 'None'
[1.432s] Level 5:colcon.colcon_core.verb:set package 'arduinobot_cpp_examples' build argument 'cmake_target_skip_unavailable' from command line to 'False'
[1.432s] Level 5:colcon.colcon_core.verb:set package 'arduinobot_cpp_examples' build argument 'cmake_clean_cache' from command line to 'False'
[1.432s] Level 5:colcon.colcon_core.verb:set package 'arduinobot_cpp_examples' build argument 'cmake_clean_first' from command line to 'False'
[1.432s] Level 5:colcon.colcon_core.verb:set package 'arduinobot_cpp_examples' build argument 'cmake_force_configure' from command line to 'False'
[1.432s] Level 5:colcon.colcon_core.verb:set package 'arduinobot_cpp_examples' build argument 'ament_cmake_args' from command line to 'None'
[1.433s] Level 5:colcon.colcon_core.verb:set package 'arduinobot_cpp_examples' build argument 'catkin_cmake_args' from command line to 'None'
[1.433s] Level 5:colcon.colcon_core.verb:set package 'arduinobot_cpp_examples' build argument 'catkin_skip_building_tests' from command line to 'False'
[1.433s] DEBUG:colcon.colcon_core.verb:Building package 'arduinobot_cpp_examples' with the following arguments: {'ament_cmake_args': None, 'build_base': '/home/shivam/arduinobot_ws/build/arduinobot_cpp_examples', 'catkin_cmake_args': None, 'catkin_skip_building_tests': False, 'cmake_args': None, 'cmake_clean_cache': False, 'cmake_clean_first': False, 'cmake_force_configure': False, 'cmake_target': None, 'cmake_target_skip_unavailable': False, 'install_base': '/home/shivam/arduinobot_ws/install/arduinobot_cpp_examples', 'merge_install': False, 'path': '/home/shivam/arduinobot_ws/src/arduinobot_cpp_examples', 'symlink_install': False, 'test_result_base': None}
[1.446s] Level 5:colcon.colcon_core.verb:set package 'arduinobot_description' build argument 'cmake_args' from command line to 'None'
[1.446s] Level 5:colcon.colcon_core.verb:set package 'arduinobot_description' build argument 'cmake_target' from command line to 'None'
[1.446s] Level 5:colcon.colcon_core.verb:set package 'arduinobot_description' build argument 'cmake_target_skip_unavailable' from command line to 'False'
[1.446s] Level 5:colcon.colcon_core.verb:set package 'arduinobot_description' build argument 'cmake_clean_cache' from command line to 'False'
[1.446s] Level 5:colcon.colcon_core.verb:set package 'arduinobot_description' build argument 'cmake_clean_first' from command line to 'False'
[1.447s] Level 5:colcon.colcon_core.verb:set package 'arduinobot_description' build argument 'cmake_force_configure' from command line to 'False'
[1.447s] Level 5:colcon.colcon_core.verb:set package 'arduinobot_description' build argument 'ament_cmake_args' from command line to 'None'
[1.447s] Level 5:colcon.colcon_core.verb:set package 'arduinobot_description' build argument 'catkin_cmake_args' from command line to 'None'
[1.447s] Level 5:colcon.colcon_core.verb:set package 'arduinobot_description' build argument 'catkin_skip_building_tests' from command line to 'False'
[1.447s] DEBUG:colcon.colcon_core.verb:Building package 'arduinobot_description' with the following arguments: {'ament_cmake_args': None, 'build_base': '/home/shivam/arduinobot_ws/build/arduinobot_description', 'catkin_cmake_args': None, 'catkin_skip_building_tests': False, 'cmake_args': None, 'cmake_clean_cache': False, 'cmake_clean_first': False, 'cmake_force_configure': False, 'cmake_target': None, 'cmake_target_skip_unavailable': False, 'install_base': '/home/shivam/arduinobot_ws/install/arduinobot_description', 'merge_install': False, 'path': '/home/shivam/arduinobot_ws/src/arduinobot_description', 'symlink_install': False, 'test_result_base': None}
[1.463s] Level 5:colcon.colcon_core.verb:set package 'arduinobot_py_examples' build argument 'cmake_args' from command line to 'None'
[1.463s] Level 5:colcon.colcon_core.verb:set package 'arduinobot_py_examples' build argument 'cmake_target' from command line to 'None'
[1.463s] Level 5:colcon.colcon_core.verb:set package 'arduinobot_py_examples' build argument 'cmake_target_skip_unavailable' from command line to 'False'
[1.463s] Level 5:colcon.colcon_core.verb:set package 'arduinobot_py_examples' build argument 'cmake_clean_cache' from command line to 'False'
[1.463s] Level 5:colcon.colcon_core.verb:set package 'arduinobot_py_examples' build argument 'cmake_clean_first' from command line to 'False'
[1.463s] Level 5:colcon.colcon_core.verb:set package 'arduinobot_py_examples' build argument 'cmake_force_configure' from command line to 'False'
[1.463s] Level 5:colcon.colcon_core.verb:set package 'arduinobot_py_examples' build argument 'ament_cmake_args' from command line to 'None'
[1.463s] Level 5:colcon.colcon_core.verb:set package 'arduinobot_py_examples' build argument 'catkin_cmake_args' from command line to 'None'
[1.463s] Level 5:colcon.colcon_core.verb:set package 'arduinobot_py_examples' build argument 'catkin_skip_building_tests' from command line to 'False'
[1.463s] DEBUG:colcon.colcon_core.verb:Building package 'arduinobot_py_examples' with the following arguments: {'ament_cmake_args': None, 'build_base': '/home/shivam/arduinobot_ws/build/arduinobot_py_examples', 'catkin_cmake_args': None, 'catkin_skip_building_tests': False, 'cmake_args': None, 'cmake_clean_cache': False, 'cmake_clean_first': False, 'cmake_force_configure': False, 'cmake_target': None, 'cmake_target_skip_unavailable': False, 'install_base': '/home/shivam/arduinobot_ws/install/arduinobot_py_examples', 'merge_install': False, 'path': '/home/shivam/arduinobot_ws/src/arduinobot_py_examples', 'symlink_install': False, 'test_result_base': None}
[1.477s] INFO:colcon.colcon_core.executor:Executing jobs using 'parallel' executor
[1.491s] DEBUG:colcon.colcon_parallel_executor.executor.parallel:run_until_complete
[1.491s] INFO:colcon.colcon_ros.task.ament_cmake.build:Building ROS package in '/home/shivam/arduinobot_ws/src/arduinobot_controller' with build type 'ament_cmake'
[1.491s] INFO:colcon.colcon_cmake.task.cmake.build:Building CMake package in '/home/shivam/arduinobot_ws/src/arduinobot_controller'
[1.505s] INFO:colcon.colcon_core.plugin_system:Skipping extension 'colcon_core.shell.bat': Not used on non-Windows systems
[1.506s] INFO:colcon.colcon_core.shell:Skip shell extension 'powershell' for command environment: Not usable outside of PowerShell
[1.506s] DEBUG:colcon.colcon_core.shell:Skip shell extension 'dsv' for command environment
[1.542s] INFO:colcon.colcon_ros.task.ament_cmake.build:Building ROS package in '/home/shivam/arduinobot_ws/src/arduinobot_cpp_examples' with build type 'ament_cmake'
[1.542s] INFO:colcon.colcon_cmake.task.cmake.build:Building CMake package in '/home/shivam/arduinobot_ws/src/arduinobot_cpp_examples'
[1.558s] INFO:colcon.colcon_core.shell:Skip shell extension 'powershell' for command environment: Not usable outside of PowerShell
[1.558s] DEBUG:colcon.colcon_core.shell:Skip shell extension 'dsv' for command environment
[1.592s] INFO:colcon.colcon_ros.task.ament_cmake.build:Building ROS package in '/home/shivam/arduinobot_ws/src/arduinobot_description' with build type 'ament_cmake'
[1.592s] INFO:colcon.colcon_cmake.task.cmake.build:Building CMake package in '/home/shivam/arduinobot_ws/src/arduinobot_description'
[1.606s] INFO:colcon.colcon_core.shell:Skip shell extension 'powershell' for command environment: Not usable outside of PowerShell
[1.606s] DEBUG:colcon.colcon_core.shell:Skip shell extension 'dsv' for command environment
[1.639s] INFO:colcon.colcon_ros.task.ament_python.build:Building ROS package in '/home/shivam/arduinobot_ws/src/arduinobot_py_examples' with build type 'ament_python'
[1.639s] Level 1:colcon.colcon_core.shell:create_environment_hook('arduinobot_py_examples', 'ament_prefix_path')
[1.653s] INFO:colcon.colcon_core.shell:Creating environment hook '/home/shivam/arduinobot_ws/install/arduinobot_py_examples/share/arduinobot_py_examples/hook/ament_prefix_path.ps1'
[1.654s] INFO:colcon.colcon_core.shell:Creating environment descriptor '/home/shivam/arduinobot_ws/install/arduinobot_py_examples/share/arduinobot_py_examples/hook/ament_prefix_path.dsv'
[1.654s] INFO:colcon.colcon_core.shell:Creating environment hook '/home/shivam/arduinobot_ws/install/arduinobot_py_examples/share/arduinobot_py_examples/hook/ament_prefix_path.sh'
[1.670s] INFO:colcon.colcon_core.shell:Skip shell extension 'powershell' for command environment: Not usable outside of PowerShell
[1.670s] DEBUG:colcon.colcon_core.shell:Skip shell extension 'dsv' for command environment
[1.707s] DEBUG:colcon.colcon_core.event_handler.log_command:Invoking command in '/home/shivam/arduinobot_ws/build/arduinobot_controller': CMAKE_PREFIX_PATH=/opt/ros/humble /usr/bin/cmake --build /home/shivam/arduinobot_ws/build/arduinobot_controller -- -j12 -l12
[1.711s] DEBUG:colcon.colcon_core.event_handler.log_command:Invoking command in '/home/shivam/arduinobot_ws/build/arduinobot_cpp_examples': CMAKE_PREFIX_PATH=/opt/ros/humble /usr/bin/cmake --build /home/shivam/arduinobot_ws/build/arduinobot_cpp_examples -- -j12 -l12
[1.720s] DEBUG:colcon.colcon_core.event_handler.log_command:Invoking command in '/home/shivam/arduinobot_ws/build/arduinobot_description': CMAKE_PREFIX_PATH=/opt/ros/humble /usr/bin/cmake --build /home/shivam/arduinobot_ws/build/arduinobot_description -- -j12 -l12
[2.097s] INFO:colcon.colcon_core.task.python.build:Building Python package in '/home/shivam/arduinobot_ws/src/arduinobot_py_examples'
[2.118s] INFO:colcon.colcon_core.shell:Skip shell extension 'powershell' for command environment: Not usable outside of PowerShell
[2.118s] DEBUG:colcon.colcon_core.shell:Skip shell extension 'dsv' for command environment
[2.163s] DEBUG:colcon.colcon_core.event_handler.log_command:Invoked command in '/home/shivam/arduinobot_ws/build/arduinobot_description' returned '0': CMAKE_PREFIX_PATH=/opt/ros/humble /usr/bin/cmake --build /home/shivam/arduinobot_ws/build/arduinobot_description -- -j12 -l12
[2.164s] DEBUG:colcon.colcon_core.event_handler.log_command:Invoked command in '/home/shivam/arduinobot_ws/build/arduinobot_cpp_examples' returned '0': CMAKE_PREFIX_PATH=/opt/ros/humble /usr/bin/cmake --build /home/shivam/arduinobot_ws/build/arduinobot_cpp_examples -- -j12 -l12
[2.181s] DEBUG:colcon.colcon_core.event_handler.log_command:Invoked command in '/home/shivam/arduinobot_ws/build/arduinobot_controller' returned '0': CMAKE_PREFIX_PATH=/opt/ros/humble /usr/bin/cmake --build /home/shivam/arduinobot_ws/build/arduinobot_controller -- -j12 -l12
[2.208s] DEBUG:colcon.colcon_core.event_handler.log_command:Invoking command in '/home/shivam/arduinobot_ws/build/arduinobot_description': CMAKE_PREFIX_PATH=/opt/ros/humble /usr/bin/cmake --install /home/shivam/arduinobot_ws/build/arduinobot_description
[2.214s] DEBUG:colcon.colcon_core.event_handler.log_command:Invoking command in '/home/shivam/arduinobot_ws/build/arduinobot_cpp_examples': CMAKE_PREFIX_PATH=/opt/ros/humble /usr/bin/cmake --install /home/shivam/arduinobot_ws/build/arduinobot_cpp_examples
[2.234s] Level 1:colcon.colcon_core.environment:create_environment_scripts_only(arduinobot_description)
[2.240s] DEBUG:colcon.colcon_core.event_handler.log_command:Invoked command in '/home/shivam/arduinobot_ws/build/arduinobot_description' returned '0': CMAKE_PREFIX_PATH=/opt/ros/humble /usr/bin/cmake --install /home/shivam/arduinobot_ws/build/arduinobot_description
[2.257s] Level 1:colcon.colcon_core.environment:checking '/home/shivam/arduinobot_ws/install/arduinobot_description' for CMake module files
[2.257s] Level 1:colcon.colcon_core.environment:checking '/home/shivam/arduinobot_ws/install/arduinobot_description' for CMake config files
[2.258s] Level 1:colcon.colcon_core.shell:create_environment_hook('arduinobot_description', 'cmake_prefix_path')
[2.277s] INFO:colcon.colcon_core.shell:Creating environment hook '/home/shivam/arduinobot_ws/install/arduinobot_description/share/arduinobot_description/hook/cmake_prefix_path.ps1'
[2.278s] INFO:colcon.colcon_core.shell:Creating environment descriptor '/home/shivam/arduinobot_ws/install/arduinobot_description/share/arduinobot_description/hook/cmake_prefix_path.dsv'
[2.278s] INFO:colcon.colcon_core.shell:Creating environment hook '/home/shivam/arduinobot_ws/install/arduinobot_description/share/arduinobot_description/hook/cmake_prefix_path.sh'
[2.279s] Level 1:colcon.colcon_core.environment:checking '/home/shivam/arduinobot_ws/install/arduinobot_description/bin'
[2.279s] Level 1:colcon.colcon_core.environment:checking '/home/shivam/arduinobot_ws/install/arduinobot_description/lib/pkgconfig/arduinobot_description.pc'
[2.279s] Level 1:colcon.colcon_core.environment:checking '/home/shivam/arduinobot_ws/install/arduinobot_description/lib/python3.10/site-packages'
[2.279s] Level 1:colcon.colcon_core.environment:checking '/home/shivam/arduinobot_ws/install/arduinobot_description/bin'
[2.292s] INFO:colcon.colcon_core.shell:Creating package script '/home/shivam/arduinobot_ws/install/arduinobot_description/share/arduinobot_description/package.ps1'
[2.293s] INFO:colcon.colcon_core.shell:Creating package descriptor '/home/shivam/arduinobot_ws/install/arduinobot_description/share/arduinobot_description/package.dsv'
[2.294s] INFO:colcon.colcon_core.shell:Creating package script '/home/shivam/arduinobot_ws/install/arduinobot_description/share/arduinobot_description/package.sh'
[2.294s] INFO:colcon.colcon_core.shell:Creating package script '/home/shivam/arduinobot_ws/install/arduinobot_description/share/arduinobot_description/package.bash'
[2.295s] INFO:colcon.colcon_core.shell:Creating package script '/home/shivam/arduinobot_ws/install/arduinobot_description/share/arduinobot_description/package.zsh'
[2.295s] Level 1:colcon.colcon_core.environment:create_file_with_runtime_dependencies(/home/shivam/arduinobot_ws/install/arduinobot_description/share/colcon-core/packages/arduinobot_description)
[2.300s] DEBUG:colcon.colcon_core.event_handler.log_command:Invoking command in '/home/shivam/arduinobot_ws/build/arduinobot_controller': CMAKE_PREFIX_PATH=/opt/ros/humble /usr/bin/cmake --install /home/shivam/arduinobot_ws/build/arduinobot_controller
[2.301s] Level 1:colcon.colcon_core.environment:create_environment_scripts_only(arduinobot_cpp_examples)
[2.302s] DEBUG:colcon.colcon_core.event_handler.log_command:Invoked command in '/home/shivam/arduinobot_ws/build/arduinobot_cpp_examples' returned '0': CMAKE_PREFIX_PATH=/opt/ros/humble /usr/bin/cmake --install /home/shivam/arduinobot_ws/build/arduinobot_cpp_examples
[2.331s] Level 1:colcon.colcon_core.environment:checking '/home/shivam/arduinobot_ws/install/arduinobot_cpp_examples' for CMake module files
[2.332s] Level 1:colcon.colcon_core.environment:checking '/home/shivam/arduinobot_ws/install/arduinobot_cpp_examples' for CMake config files
[2.332s] Level 1:colcon.colcon_core.shell:create_environment_hook('arduinobot_cpp_examples', 'cmake_prefix_path')
[2.357s] INFO:colcon.colcon_core.shell:Creating environment hook '/home/shivam/arduinobot_ws/install/arduinobot_cpp_examples/share/arduinobot_cpp_examples/hook/cmake_prefix_path.ps1'
[2.360s] INFO:colcon.colcon_core.shell:Creating environment descriptor '/home/shivam/arduinobot_ws/install/arduinobot_cpp_examples/share/arduinobot_cpp_examples/hook/cmake_prefix_path.dsv'
[2.366s] INFO:colcon.colcon_core.shell:Creating environment hook '/home/shivam/arduinobot_ws/install/arduinobot_cpp_examples/share/arduinobot_cpp_examples/hook/cmake_prefix_path.sh'
[2.367s] Level 1:colcon.colcon_core.environment:checking '/home/shivam/arduinobot_ws/install/arduinobot_cpp_examples/lib'
[2.367s] Level 1:colcon.colcon_core.environment:checking '/home/shivam/arduinobot_ws/install/arduinobot_cpp_examples/bin'
[2.367s] Level 1:colcon.colcon_core.environment:checking '/home/shivam/arduinobot_ws/install/arduinobot_cpp_examples/lib/pkgconfig/arduinobot_cpp_examples.pc'
[2.368s] Level 1:colcon.colcon_core.environment:checking '/home/shivam/arduinobot_ws/install/arduinobot_cpp_examples/lib/python3.10/site-packages'
[2.368s] Level 1:colcon.colcon_core.environment:checking '/home/shivam/arduinobot_ws/install/arduinobot_cpp_examples/bin'
[2.381s] INFO:colcon.colcon_core.shell:Creating package script '/home/shivam/arduinobot_ws/install/arduinobot_cpp_examples/share/arduinobot_cpp_examples/package.ps1'
[2.381s] INFO:colcon.colcon_core.shell:Creating package descriptor '/home/shivam/arduinobot_ws/install/arduinobot_cpp_examples/share/arduinobot_cpp_examples/package.dsv'
[2.382s] INFO:colcon.colcon_core.shell:Creating package script '/home/shivam/arduinobot_ws/install/arduinobot_cpp_examples/share/arduinobot_cpp_examples/package.sh'
[2.382s] INFO:colcon.colcon_core.shell:Creating package script '/home/shivam/arduinobot_ws/install/arduinobot_cpp_examples/share/arduinobot_cpp_examples/package.bash'
[2.383s] INFO:colcon.colcon_core.shell:Creating package script '/home/shivam/arduinobot_ws/install/arduinobot_cpp_examples/share/arduinobot_cpp_examples/package.zsh'
[2.383s] Level 1:colcon.colcon_core.environment:create_file_with_runtime_dependencies(/home/shivam/arduinobot_ws/install/arduinobot_cpp_examples/share/colcon-core/packages/arduinobot_cpp_examples)
[2.407s] Level 1:colcon.colcon_core.environment:create_environment_scripts_only(arduinobot_description)
[2.428s] Level 1:colcon.colcon_core.environment:checking '/home/shivam/arduinobot_ws/install/arduinobot_description' for CMake module files
[2.429s] Level 1:colcon.colcon_core.environment:checking '/home/shivam/arduinobot_ws/install/arduinobot_description' for CMake config files
[2.429s] Level 1:colcon.colcon_core.shell:create_environment_hook('arduinobot_description', 'cmake_prefix_path')
[2.450s] INFO:colcon.colcon_core.shell:Creating environment hook '/home/shivam/arduinobot_ws/install/arduinobot_description/share/arduinobot_description/hook/cmake_prefix_path.ps1'
[2.450s] INFO:colcon.colcon_core.shell:Creating environment descriptor '/home/shivam/arduinobot_ws/install/arduinobot_description/share/arduinobot_description/hook/cmake_prefix_path.dsv'
[2.450s] INFO:colcon.colcon_core.shell:Creating environment hook '/home/shivam/arduinobot_ws/install/arduinobot_description/share/arduinobot_description/hook/cmake_prefix_path.sh'
[2.451s] Level 1:colcon.colcon_core.environment:checking '/home/shivam/arduinobot_ws/install/arduinobot_description/bin'
[2.451s] Level 1:colcon.colcon_core.environment:checking '/home/shivam/arduinobot_ws/install/arduinobot_description/lib/pkgconfig/arduinobot_description.pc'
[2.452s] Level 1:colcon.colcon_core.environment:checking '/home/shivam/arduinobot_ws/install/arduinobot_description/lib/python3.10/site-packages'
[2.452s] Level 1:colcon.colcon_core.environment:checking '/home/shivam/arduinobot_ws/install/arduinobot_description/bin'
[2.467s] INFO:colcon.colcon_core.shell:Creating package script '/home/shivam/arduinobot_ws/install/arduinobot_description/share/arduinobot_description/package.ps1'
[2.467s] INFO:colcon.colcon_core.shell:Creating package descriptor '/home/shivam/arduinobot_ws/install/arduinobot_description/share/arduinobot_description/package.dsv'
[2.468s] INFO:colcon.colcon_core.shell:Creating package script '/home/shivam/arduinobot_ws/install/arduinobot_description/share/arduinobot_description/package.sh'
[2.468s] INFO:colcon.colcon_core.shell:Creating package script '/home/shivam/arduinobot_ws/install/arduinobot_description/share/arduinobot_description/package.bash'
[2.468s] INFO:colcon.colcon_core.shell:Creating package script '/home/shivam/arduinobot_ws/install/arduinobot_description/share/arduinobot_description/package.zsh'
[2.469s] Level 1:colcon.colcon_core.environment:create_file_with_runtime_dependencies(/home/shivam/arduinobot_ws/install/arduinobot_description/share/colcon-core/packages/arduinobot_description)
[2.470s] Level 1:colcon.colcon_core.environment:create_environment_scripts_only(arduinobot_controller)
[2.474s] DEBUG:colcon.colcon_core.event_handler.log_command:Invoked command in '/home/shivam/arduinobot_ws/build/arduinobot_controller' returned '0': CMAKE_PREFIX_PATH=/opt/ros/humble /usr/bin/cmake --install /home/shivam/arduinobot_ws/build/arduinobot_controller
[2.485s] Level 1:colcon.colcon_core.environment:checking '/home/shivam/arduinobot_ws/install/arduinobot_controller' for CMake module files
[2.486s] Level 1:colcon.colcon_core.environment:checking '/home/shivam/arduinobot_ws/install/arduinobot_controller' for CMake config files
[2.486s] Level 1:colcon.colcon_core.shell:create_environment_hook('arduinobot_controller', 'cmake_prefix_path')
[2.501s] INFO:colcon.colcon_core.shell:Creating environment hook '/home/shivam/arduinobot_ws/install/arduinobot_controller/share/arduinobot_controller/hook/cmake_prefix_path.ps1'
[2.501s] INFO:colcon.colcon_core.shell:Creating environment descriptor '/home/shivam/arduinobot_ws/install/arduinobot_controller/share/arduinobot_controller/hook/cmake_prefix_path.dsv'
[2.502s] INFO:colcon.colcon_core.shell:Creating environment hook '/home/shivam/arduinobot_ws/install/arduinobot_controller/share/arduinobot_controller/hook/cmake_prefix_path.sh'
[2.502s] Level 1:colcon.colcon_core.environment:checking '/home/shivam/arduinobot_ws/install/arduinobot_controller/lib'
[2.502s] Level 1:colcon.colcon_core.environment:checking '/home/shivam/arduinobot_ws/install/arduinobot_controller/bin'
[2.503s] Level 1:colcon.colcon_core.environment:checking '/home/shivam/arduinobot_ws/install/arduinobot_controller/lib/pkgconfig/arduinobot_controller.pc'
[2.503s] Level 1:colcon.colcon_core.environment:checking '/home/shivam/arduinobot_ws/install/arduinobot_controller/lib/python3.10/site-packages'
[2.503s] Level 1:colcon.colcon_core.environment:checking '/home/shivam/arduinobot_ws/install/arduinobot_controller/bin'
[2.519s] INFO:colcon.colcon_core.shell:Creating package script '/home/shivam/arduinobot_ws/install/arduinobot_controller/share/arduinobot_controller/package.ps1'
[2.519s] INFO:colcon.colcon_core.shell:Creating package descriptor '/home/shivam/arduinobot_ws/install/arduinobot_controller/share/arduinobot_controller/package.dsv'
[2.520s] INFO:colcon.colcon_core.shell:Creating package script '/home/shivam/arduinobot_ws/install/arduinobot_controller/share/arduinobot_controller/package.sh'
[2.520s] INFO:colcon.colcon_core.shell:Creating package script '/home/shivam/arduinobot_ws/install/arduinobot_controller/share/arduinobot_controller/package.bash'
[2.520s] INFO:colcon.colcon_core.shell:Creating package script '/home/shivam/arduinobot_ws/install/arduinobot_controller/share/arduinobot_controller/package.zsh'
[2.522s] Level 1:colcon.colcon_core.environment:create_file_with_runtime_dependencies(/home/shivam/arduinobot_ws/install/arduinobot_controller/share/colcon-core/packages/arduinobot_controller)
[2.544s] Level 1:colcon.colcon_core.environment:create_environment_scripts_only(arduinobot_cpp_examples)
[2.567s] Level 1:colcon.colcon_core.environment:checking '/home/shivam/arduinobot_ws/install/arduinobot_cpp_examples' for CMake module files
[2.568s] Level 1:colcon.colcon_core.environment:checking '/home/shivam/arduinobot_ws/install/arduinobot_cpp_examples' for CMake config files
[2.568s] Level 1:colcon.colcon_core.shell:create_environment_hook('arduinobot_cpp_examples', 'cmake_prefix_path')
[2.586s] INFO:colcon.colcon_core.shell:Creating environment hook '/home/shivam/arduinobot_ws/install/arduinobot_cpp_examples/share/arduinobot_cpp_examples/hook/cmake_prefix_path.ps1'
[2.587s] INFO:colcon.colcon_core.shell:Creating environment descriptor '/home/shivam/arduinobot_ws/install/arduinobot_cpp_examples/share/arduinobot_cpp_examples/hook/cmake_prefix_path.dsv'
[2.587s] INFO:colcon.colcon_core.shell:Creating environment hook '/home/shivam/arduinobot_ws/install/arduinobot_cpp_examples/share/arduinobot_cpp_examples/hook/cmake_prefix_path.sh'
[2.587s] Level 1:colcon.colcon_core.environment:checking '/home/shivam/arduinobot_ws/install/arduinobot_cpp_examples/lib'
[2.588s] Level 1:colcon.colcon_core.environment:checking '/home/shivam/arduinobot_ws/install/arduinobot_cpp_examples/bin'
[2.588s] Level 1:colcon.colcon_core.environment:checking '/home/shivam/arduinobot_ws/install/arduinobot_cpp_examples/lib/pkgconfig/arduinobot_cpp_examples.pc'
[2.588s] Level 1:colcon.colcon_core.environment:checking '/home/shivam/arduinobot_ws/install/arduinobot_cpp_examples/lib/python3.10/site-packages'
[2.588s] Level 1:colcon.colcon_core.environment:checking '/home/shivam/arduinobot_ws/install/arduinobot_cpp_examples/bin'
[2.614s] INFO:colcon.colcon_core.shell:Creating package script '/home/shivam/arduinobot_ws/install/arduinobot_cpp_examples/share/arduinobot_cpp_examples/package.ps1'
[2.615s] INFO:colcon.colcon_core.shell:Creating package descriptor '/home/shivam/arduinobot_ws/install/arduinobot_cpp_examples/share/arduinobot_cpp_examples/package.dsv'
[2.615s] INFO:colcon.colcon_core.shell:Creating package script '/home/shivam/arduinobot_ws/install/arduinobot_cpp_examples/share/arduinobot_cpp_examples/package.sh'
[2.615s] INFO:colcon.colcon_core.shell:Creating package script '/home/shivam/arduinobot_ws/install/arduinobot_cpp_examples/share/arduinobot_cpp_examples/package.bash'
[2.616s] INFO:colcon.colcon_core.shell:Creating package script '/home/shivam/arduinobot_ws/install/arduinobot_cpp_examples/share/arduinobot_cpp_examples/package.zsh'
[2.616s] Level 1:colcon.colcon_core.environment:create_file_with_runtime_dependencies(/home/shivam/arduinobot_ws/install/arduinobot_cpp_examples/share/colcon-core/packages/arduinobot_cpp_examples)
[2.634s] Level 1:colcon.colcon_core.environment:create_environment_scripts_only(arduinobot_controller)
[2.648s] Level 1:colcon.colcon_core.environment:checking '/home/shivam/arduinobot_ws/install/arduinobot_controller' for CMake module files
[2.649s] Level 1:colcon.colcon_core.environment:checking '/home/shivam/arduinobot_ws/install/arduinobot_controller' for CMake config files
[2.650s] Level 1:colcon.colcon_core.shell:create_environment_hook('arduinobot_controller', 'cmake_prefix_path')
[2.666s] INFO:colcon.colcon_core.shell:Creating environment hook '/home/shivam/arduinobot_ws/install/arduinobot_controller/share/arduinobot_controller/hook/cmake_prefix_path.ps1'
[2.667s] INFO:colcon.colcon_core.shell:Creating environment descriptor '/home/shivam/arduinobot_ws/install/arduinobot_controller/share/arduinobot_controller/hook/cmake_prefix_path.dsv'
[2.667s] INFO:colcon.colcon_core.shell:Creating environment hook '/home/shivam/arduinobot_ws/install/arduinobot_controller/share/arduinobot_controller/hook/cmake_prefix_path.sh'
[2.668s] Level 1:colcon.colcon_core.environment:checking '/home/shivam/arduinobot_ws/install/arduinobot_controller/lib'
[2.668s] Level 1:colcon.colcon_core.environment:checking '/home/shivam/arduinobot_ws/install/arduinobot_controller/bin'
[2.668s] Level 1:colcon.colcon_core.environment:checking '/home/shivam/arduinobot_ws/install/arduinobot_controller/lib/pkgconfig/arduinobot_controller.pc'
[2.668s] Level 1:colcon.colcon_core.environment:checking '/home/shivam/arduinobot_ws/install/arduinobot_controller/lib/python3.10/site-packages'
[2.668s] Level 1:colcon.colcon_core.environment:checking '/home/shivam/arduinobot_ws/install/arduinobot_controller/bin'
[2.681s] INFO:colcon.colcon_core.shell:Creating package script '/home/shivam/arduinobot_ws/install/arduinobot_controller/share/arduinobot_controller/package.ps1'
[2.682s] INFO:colcon.colcon_core.shell:Creating package descriptor '/home/shivam/arduinobot_ws/install/arduinobot_controller/share/arduinobot_controller/package.dsv'
[2.682s] INFO:colcon.colcon_core.shell:Creating package script '/home/shivam/arduinobot_ws/install/arduinobot_controller/share/arduinobot_controller/package.sh'
[2.682s] INFO:colcon.colcon_core.shell:Creating package script '/home/shivam/arduinobot_ws/install/arduinobot_controller/share/arduinobot_controller/package.bash'
[2.682s] INFO:colcon.colcon_core.shell:Creating package script '/home/shivam/arduinobot_ws/install/arduinobot_controller/share/arduinobot_controller/package.zsh'
[2.683s] Level 1:colcon.colcon_core.environment:create_file_with_runtime_dependencies(/home/shivam/arduinobot_ws/install/arduinobot_controller/share/colcon-core/packages/arduinobot_controller)
[2.688s] DEBUG:colcon.colcon_core.event_handler.log_command:Invoking command in '/home/shivam/arduinobot_ws/src/arduinobot_py_examples': PYTHONPATH=/home/shivam/arduinobot_ws/build/arduinobot_py_examples/prefix_override:/home/shivam/arduinobot_ws/install/arduinobot_py_examples/lib/python3.10/site-packages:${PYTHONPATH} /usr/bin/python3 setup.py egg_info --egg-base ../../build/arduinobot_py_examples build --build-base /home/shivam/arduinobot_ws/build/arduinobot_py_examples/build install --record /home/shivam/arduinobot_ws/build/arduinobot_py_examples/install.log --single-version-externally-managed
[3.003s] DEBUG:colcon.colcon_core.event_handler.log_command:Invoked command in '/home/shivam/arduinobot_ws/src/arduinobot_py_examples' returned '0': PYTHONPATH=/home/shivam/arduinobot_ws/build/arduinobot_py_examples/prefix_override:/home/shivam/arduinobot_ws/install/arduinobot_py_examples/lib/python3.10/site-packages:${PYTHONPATH} /usr/bin/python3 setup.py egg_info --egg-base ../../build/arduinobot_py_examples build --build-base /home/shivam/arduinobot_ws/build/arduinobot_py_examples/build install --record /home/shivam/arduinobot_ws/build/arduinobot_py_examples/install.log --single-version-externally-managed
[3.016s] Level 1:colcon.colcon_core.environment:checking '/home/shivam/arduinobot_ws/install/arduinobot_py_examples' for CMake module files
[3.016s] Level 1:colcon.colcon_core.environment:checking '/home/shivam/arduinobot_ws/install/arduinobot_py_examples' for CMake config files
[3.017s] Level 1:colcon.colcon_core.environment:checking '/home/shivam/arduinobot_ws/install/arduinobot_py_examples/lib'
[3.017s] Level 1:colcon.colcon_core.environment:checking '/home/shivam/arduinobot_ws/install/arduinobot_py_examples/bin'
[3.017s] Level 1:colcon.colcon_core.environment:checking '/home/shivam/arduinobot_ws/install/arduinobot_py_examples/lib/pkgconfig/arduinobot_py_examples.pc'
[3.017s] Level 1:colcon.colcon_core.environment:checking '/home/shivam/arduinobot_ws/install/arduinobot_py_examples/lib/python3.10/site-packages'
[3.017s] Level 1:colcon.colcon_core.shell:create_environment_hook('arduinobot_py_examples', 'pythonpath')
[3.030s] INFO:colcon.colcon_core.shell:Creating environment hook '/home/shivam/arduinobot_ws/install/arduinobot_py_examples/share/arduinobot_py_examples/hook/pythonpath.ps1'
[3.031s] INFO:colcon.colcon_core.shell:Creating environment descriptor '/home/shivam/arduinobot_ws/install/arduinobot_py_examples/share/arduinobot_py_examples/hook/pythonpath.dsv'
[3.031s] INFO:colcon.colcon_core.shell:Creating environment hook '/home/shivam/arduinobot_ws/install/arduinobot_py_examples/share/arduinobot_py_examples/hook/pythonpath.sh'
[3.032s] Level 1:colcon.colcon_core.environment:checking '/home/shivam/arduinobot_ws/install/arduinobot_py_examples/bin'
[3.032s] Level 1:colcon.colcon_core.environment:create_environment_scripts_only(arduinobot_py_examples)
[3.045s] INFO:colcon.colcon_core.shell:Creating package script '/home/shivam/arduinobot_ws/install/arduinobot_py_examples/share/arduinobot_py_examples/package.ps1'
[3.046s] INFO:colcon.colcon_core.shell:Creating package descriptor '/home/shivam/arduinobot_ws/install/arduinobot_py_examples/share/arduinobot_py_examples/package.dsv'
[3.046s] INFO:colcon.colcon_core.shell:Creating package script '/home/shivam/arduinobot_ws/install/arduinobot_py_examples/share/arduinobot_py_examples/package.sh'
[3.046s] INFO:colcon.colcon_core.shell:Creating package script '/home/shivam/arduinobot_ws/install/arduinobot_py_examples/share/arduinobot_py_examples/package.bash'
[3.047s] INFO:colcon.colcon_core.shell:Creating package script '/home/shivam/arduinobot_ws/install/arduinobot_py_examples/share/arduinobot_py_examples/package.zsh'
[3.047s] Level 1:colcon.colcon_core.environment:create_file_with_runtime_dependencies(/home/shivam/arduinobot_ws/install/arduinobot_py_examples/share/colcon-core/packages/arduinobot_py_examples)
[3.047s] DEBUG:colcon.colcon_parallel_executor.executor.parallel:closing loop
[3.048s] DEBUG:colcon.colcon_parallel_executor.executor.parallel:loop closed
[3.048s] DEBUG:colcon.colcon_parallel_executor.executor.parallel:run_until_complete finished with '0'
[3.048s] DEBUG:colcon.colcon_core.event_reactor:joining thread
[3.119s] INFO:colcon.colcon_core.plugin_system:Skipping extension 'colcon_notification.desktop_notification.notify_send': Could not find 'notify-send'
[3.120s] INFO:colcon.colcon_core.plugin_system:Skipping extension 'colcon_notification.desktop_notification.terminal_notifier': Not used on non-Darwin systems
[3.120s] INFO:colcon.colcon_core.plugin_system:Skipping extension 'colcon_notification.desktop_notification.win32': Not used on non-Windows systems
[3.120s] INFO:colcon.colcon_notification.desktop_notification:Sending desktop notification using 'notify2'
[3.121s] DEBUG:colcon.colcon_notification.desktop_notification.notify2:Failed to initialize notify2: org.freedesktop.DBus.Error.ServiceUnknown: The name org.freedesktop.Notifications was not provided by any .service files
[3.121s] DEBUG:colcon.colcon_core.event_reactor:joined thread
[3.135s] INFO:colcon.colcon_core.shell:Creating prefix script '/home/shivam/arduinobot_ws/install/local_setup.ps1'
[3.136s] INFO:colcon.colcon_core.shell:Creating prefix util module '/home/shivam/arduinobot_ws/install/_local_setup_util_ps1.py'
[3.137s] INFO:colcon.colcon_core.shell:Creating prefix chain script '/home/shivam/arduinobot_ws/install/setup.ps1'
[3.152s] INFO:colcon.colcon_core.shell:Creating prefix script '/home/shivam/arduinobot_ws/install/local_setup.sh'
[3.152s] INFO:colcon.colcon_core.shell:Creating prefix util module '/home/shivam/arduinobot_ws/install/_local_setup_util_sh.py'
[3.152s] INFO:colcon.colcon_core.shell:Creating prefix chain script '/home/shivam/arduinobot_ws/install/setup.sh'
[3.167s] INFO:colcon.colcon_core.shell:Creating prefix script '/home/shivam/arduinobot_ws/install/local_setup.bash'
[3.168s] INFO:colcon.colcon_core.shell:Creating prefix chain script '/home/shivam/arduinobot_ws/install/setup.bash'
[3.200s] INFO:colcon.colcon_core.shell:Creating prefix script '/home/shivam/arduinobot_ws/install/local_setup.zsh'
[3.201s] INFO:colcon.colcon_core.shell:Creating prefix chain script '/home/shivam/arduinobot_ws/install/setup.zsh'
