[0.195s] Invoking command in '/home/shivam/arduinobot_ws/build/arduinobot_description': CMAKE_PREFIX_PATH=/home/shivam/ros2Workspace04/install/automatedManipulator:/home/shivam/ros2Workspace04/install/arduinobot_py_examples:/home/shivam/arduinobot_ws/install/arduinobot_py_examples:/opt/ros/humble /usr/bin/cmake --build /home/shivam/arduinobot_ws/build/arduinobot_description -- -j12 -l12
[0.221s] -- Found ament_cmake: 1.3.6 (/opt/ros/humble/share/ament_cmake/cmake)
[0.450s] -- Found ament_lint_auto: 0.12.9 (/opt/ros/humble/share/ament_lint_auto/cmake)
[0.562s] -- Added test 'lint_cmake' to check CMake code style
[0.565s] -- Added test 'xmllint' to check XML markup files
[0.566s] -- Configuring done
[0.570s] -- Generating done
[0.572s] -- Build files have been written to: /home/shivam/arduinobot_ws/build/arduinobot_description
[0.670s] Invoked command in '/home/shivam/arduinobot_ws/build/arduinobot_description' returned '0': CMAKE_PREFIX_PATH=/home/shivam/ros2Workspace04/install/automatedManipulator:/home/shivam/ros2Workspace04/install/arduinobot_py_examples:/home/shivam/arduinobot_ws/install/arduinobot_py_examples:/opt/ros/humble /usr/bin/cmake --build /home/shivam/arduinobot_ws/build/arduinobot_description -- -j12 -l12
[0.709s] Invoking command in '/home/shivam/arduinobot_ws/build/arduinobot_description': CMAKE_PREFIX_PATH=/home/shivam/ros2Workspace04/install/automatedManipulator:/home/shivam/ros2Workspace04/install/arduinobot_py_examples:/home/shivam/arduinobot_ws/install/arduinobot_py_examples:/opt/ros/humble /usr/bin/cmake --install /home/shivam/arduinobot_ws/build/arduinobot_description
[0.716s] -- Install configuration: ""
[0.716s] -- Installing: /home/shivam/arduinobot_ws/install/arduinobot_description/share/arduinobot_description/meshes
[0.717s] -- Installing: /home/shivam/arduinobot_ws/install/arduinobot_description/share/arduinobot_description/meshes/round_plate.STL:Zone.Identifier
[0.717s] -- Installing: /home/shivam/arduinobot_ws/install/arduinobot_description/share/arduinobot_description/meshes/right_finger.STL
[0.717s] -- Installing: /home/shivam/arduinobot_ws/install/arduinobot_description/share/arduinobot_description/meshes/link.STL:Zone.Identifier
[0.717s] -- Installing: /home/shivam/arduinobot_ws/install/arduinobot_description/share/arduinobot_description/meshes/forward_drive_arm.STL:Zone.Identifier
[0.717s] -- Installing: /home/shivam/arduinobot_ws/install/arduinobot_description/share/arduinobot_description/meshes/driven_gear.STL:Zone.Identifier
[0.718s] -- Installing: /home/shivam/arduinobot_ws/install/arduinobot_description/share/arduinobot_description/meshes/claw_support.STL:Zone.Identifier
[0.718s] -- Installing: /home/shivam/arduinobot_ws/install/arduinobot_description/share/arduinobot_description/meshes/vertical_drive_arm.STL:Zone.Identifier
[0.718s] -- Installing: /home/shivam/arduinobot_ws/install/arduinobot_description/share/arduinobot_description/meshes/plate.STL
[0.723s] -- Installing: /home/shivam/arduinobot_ws/install/arduinobot_description/share/arduinobot_description/meshes/left_finger.STL
[0.723s] -- Installing: /home/shivam/arduinobot_ws/install/arduinobot_description/share/arduinobot_description/meshes/horizontal_arm.STL:Zone.Identifier
[0.723s] -- Installing: /home/shivam/arduinobot_ws/install/arduinobot_description/share/arduinobot_description/meshes/round_plate.STL
[0.724s] -- Installing: /home/shivam/arduinobot_ws/install/arduinobot_description/share/arduinobot_description/meshes/servo_plate.STL
[0.724s] -- Installing: /home/shivam/arduinobot_ws/install/arduinobot_description/share/arduinobot_description/meshes/triangular_link.STL
[0.726s] -- Installing: /home/shivam/arduinobot_ws/install/arduinobot_description/share/arduinobot_description/meshes/forward_drive_arm.STL
[0.731s] -- Installing: /home/shivam/arduinobot_ws/install/arduinobot_description/share/arduinobot_description/meshes/right_finger.STL:Zone.Identifier
[0.732s] -- Installing: /home/shivam/arduinobot_ws/install/arduinobot_description/share/arduinobot_description/meshes/driven_gear.STL
[0.732s] -- Installing: /home/shivam/arduinobot_ws/install/arduinobot_description/share/arduinobot_description/meshes/drive_gear.STL
[0.733s] -- Installing: /home/shivam/arduinobot_ws/install/arduinobot_description/share/arduinobot_description/meshes/claw_support.STL
[0.736s] -- Installing: /home/shivam/arduinobot_ws/install/arduinobot_description/share/arduinobot_description/meshes/base_plate.STL
[0.742s] -- Installing: /home/shivam/arduinobot_ws/install/arduinobot_description/share/arduinobot_description/meshes/left_finger.STL:Zone.Identifier
[0.742s] -- Installing: /home/shivam/arduinobot_ws/install/arduinobot_description/share/arduinobot_description/meshes/link.STL
[0.748s] -- Installing: /home/shivam/arduinobot_ws/install/arduinobot_description/share/arduinobot_description/meshes/basement.STL
[0.748s] -- Installing: /home/shivam/arduinobot_ws/install/arduinobot_description/share/arduinobot_description/meshes/triangular_link.STL:Zone.Identifier
[0.748s] -- Installing: /home/shivam/arduinobot_ws/install/arduinobot_description/share/arduinobot_description/meshes/horizontal_arm.STL
[0.749s] -- Installing: /home/shivam/arduinobot_ws/install/arduinobot_description/share/arduinobot_description/meshes/drive_gear.STL:Zone.Identifier
[0.749s] -- Installing: /home/shivam/arduinobot_ws/install/arduinobot_description/share/arduinobot_description/meshes/plate.STL:Zone.Identifier
[0.749s] -- Installing: /home/shivam/arduinobot_ws/install/arduinobot_description/share/arduinobot_description/meshes/basement.STL:Zone.Identifier
[0.749s] -- Installing: /home/shivam/arduinobot_ws/install/arduinobot_description/share/arduinobot_description/meshes/base_plate.STL:Zone.Identifier
[0.750s] -- Installing: /home/shivam/arduinobot_ws/install/arduinobot_description/share/arduinobot_description/meshes/vertical_drive_arm.STL
[0.757s] -- Installing: /home/shivam/arduinobot_ws/install/arduinobot_description/share/arduinobot_description/meshes/servo_plate.STL:Zone.Identifier
[0.757s] -- Installing: /home/shivam/arduinobot_ws/install/arduinobot_description/share/arduinobot_description/urdf
[0.758s] -- Installing: /home/shivam/arduinobot_ws/install/arduinobot_description/share/arduinobot_description/urdf/arduinobot.urdf.xacro
[0.759s] -- Installing: /home/shivam/arduinobot_ws/install/arduinobot_description/share/ament_index/resource_index/package_run_dependencies/arduinobot_description
[0.759s] -- Installing: /home/shivam/arduinobot_ws/install/arduinobot_description/share/ament_index/resource_index/parent_prefix_path/arduinobot_description
[0.760s] -- Installing: /home/shivam/arduinobot_ws/install/arduinobot_description/share/arduinobot_description/environment/ament_prefix_path.sh
[0.760s] -- Installing: /home/shivam/arduinobot_ws/install/arduinobot_description/share/arduinobot_description/environment/ament_prefix_path.dsv
[0.761s] -- Installing: /home/shivam/arduinobot_ws/install/arduinobot_description/share/arduinobot_description/environment/path.sh
[0.761s] -- Installing: /home/shivam/arduinobot_ws/install/arduinobot_description/share/arduinobot_description/environment/path.dsv
[0.761s] -- Installing: /home/shivam/arduinobot_ws/install/arduinobot_description/share/arduinobot_description/local_setup.bash
[0.761s] -- Installing: /home/shivam/arduinobot_ws/install/arduinobot_description/share/arduinobot_description/local_setup.sh
[0.761s] -- Installing: /home/shivam/arduinobot_ws/install/arduinobot_description/share/arduinobot_description/local_setup.zsh
[0.761s] -- Installing: /home/shivam/arduinobot_ws/install/arduinobot_description/share/arduinobot_description/local_setup.dsv
[0.762s] -- Installing: /home/shivam/arduinobot_ws/install/arduinobot_description/share/arduinobot_description/package.dsv
[0.762s] -- Installing: /home/shivam/arduinobot_ws/install/arduinobot_description/share/ament_index/resource_index/packages/arduinobot_description
[0.762s] -- Installing: /home/shivam/arduinobot_ws/install/arduinobot_description/share/arduinobot_description/cmake/arduinobot_descriptionConfig.cmake
[0.762s] -- Installing: /home/shivam/arduinobot_ws/install/arduinobot_description/share/arduinobot_description/cmake/arduinobot_descriptionConfig-version.cmake
[0.762s] -- Installing: /home/shivam/arduinobot_ws/install/arduinobot_description/share/arduinobot_description/package.xml
[0.767s] Invoked command in '/home/shivam/arduinobot_ws/build/arduinobot_description' returned '0': CMAKE_PREFIX_PATH=/home/shivam/ros2Workspace04/install/automatedManipulator:/home/shivam/ros2Workspace04/install/arduinobot_py_examples:/home/shivam/arduinobot_ws/install/arduinobot_py_examples:/opt/ros/humble /usr/bin/cmake --install /home/shivam/arduinobot_ws/build/arduinobot_description
