[0.599s] Invoking command in '/home/shivam/arduinobot_ws/build/arduinobot_remote': AMENT_PREFIX_PATH=/home/shivam/arduinobot_ws/install/arduinobot_msgs:${AMENT_PREFIX_PATH} CMAKE_PREFIX_PATH=/home/shivam/arduinobot_ws/install/arduinobot_msgs:/opt/ros/humble LD_LIBRARY_PATH=/home/shivam/arduinobot_ws/install/arduinobot_msgs/lib:${LD_LIBRARY_PATH} PYTHONPATH=/home/shivam/arduinobot_ws/install/arduinobot_msgs/local/lib/python3.10/dist-packages:${PYTHONPATH} /usr/bin/cmake --build /home/shivam/arduinobot_ws/build/arduinobot_remote -- -j12 -l12
[0.664s] [  0%] Built target ament_cmake_python_copy_arduinobot_remote
[0.664s] [ 50%] Built target task_server_node
[0.678s] [100%] Built target task_server
[0.939s] running egg_info
[0.939s] writing arduinobot_remote.egg-info/PKG-INFO
[0.940s] writing dependency_links to arduinobot_remote.egg-info/dependency_links.txt
[0.940s] writing top-level names to arduinobot_remote.egg-info/top_level.txt
[0.943s] reading manifest file 'arduinobot_remote.egg-info/SOURCES.txt'
[0.943s] writing manifest file 'arduinobot_remote.egg-info/SOURCES.txt'
[0.976s] [100%] Built target ament_cmake_python_build_arduinobot_remote_egg
[0.990s] Invoked command in '/home/shivam/arduinobot_ws/build/arduinobot_remote' returned '0': AMENT_PREFIX_PATH=/home/shivam/arduinobot_ws/install/arduinobot_msgs:${AMENT_PREFIX_PATH} CMAKE_PREFIX_PATH=/home/shivam/arduinobot_ws/install/arduinobot_msgs:/opt/ros/humble LD_LIBRARY_PATH=/home/shivam/arduinobot_ws/install/arduinobot_msgs/lib:${LD_LIBRARY_PATH} PYTHONPATH=/home/shivam/arduinobot_ws/install/arduinobot_msgs/local/lib/python3.10/dist-packages:${PYTHONPATH} /usr/bin/cmake --build /home/shivam/arduinobot_ws/build/arduinobot_remote -- -j12 -l12
[1.023s] Invoking command in '/home/shivam/arduinobot_ws/build/arduinobot_remote': AMENT_PREFIX_PATH=/home/shivam/arduinobot_ws/install/arduinobot_msgs:${AMENT_PREFIX_PATH} CMAKE_PREFIX_PATH=/home/shivam/arduinobot_ws/install/arduinobot_msgs:/opt/ros/humble LD_LIBRARY_PATH=/home/shivam/arduinobot_ws/install/arduinobot_msgs/lib:${LD_LIBRARY_PATH} PYTHONPATH=/home/shivam/arduinobot_ws/install/arduinobot_msgs/local/lib/python3.10/dist-packages:${PYTHONPATH} /usr/bin/cmake --install /home/shivam/arduinobot_ws/build/arduinobot_remote
[1.029s] -- Install configuration: ""
[1.030s] -- Up-to-date: /home/shivam/arduinobot_ws/install/arduinobot_remote/lib/arduinobot_remote/task_server_node
[1.030s] -- Up-to-date: /home/shivam/arduinobot_ws/install/arduinobot_remote/share/arduinobot_remote/environment/pythonpath.sh
[1.031s] -- Up-to-date: /home/shivam/arduinobot_ws/install/arduinobot_remote/share/arduinobot_remote/environment/pythonpath.dsv
[1.031s] -- Up-to-date: /home/shivam/arduinobot_ws/install/arduinobot_remote/local/lib/python3.10/dist-packages/arduinobot_remote-0.0.0-py3.10.egg-info
[1.031s] -- Installing: /home/shivam/arduinobot_ws/install/arduinobot_remote/local/lib/python3.10/dist-packages/arduinobot_remote-0.0.0-py3.10.egg-info/PKG-INFO
[1.031s] -- Installing: /home/shivam/arduinobot_ws/install/arduinobot_remote/local/lib/python3.10/dist-packages/arduinobot_remote-0.0.0-py3.10.egg-info/dependency_links.txt
[1.031s] -- Installing: /home/shivam/arduinobot_ws/install/arduinobot_remote/local/lib/python3.10/dist-packages/arduinobot_remote-0.0.0-py3.10.egg-info/top_level.txt
[1.031s] -- Installing: /home/shivam/arduinobot_ws/install/arduinobot_remote/local/lib/python3.10/dist-packages/arduinobot_remote-0.0.0-py3.10.egg-info/SOURCES.txt
[1.031s] -- Up-to-date: /home/shivam/arduinobot_ws/install/arduinobot_remote/local/lib/python3.10/dist-packages/arduinobot_remote
[1.032s] -- Up-to-date: /home/shivam/arduinobot_ws/install/arduinobot_remote/local/lib/python3.10/dist-packages/arduinobot_remote/__init__.py
[1.032s] -- Up-to-date: /home/shivam/arduinobot_ws/install/arduinobot_remote/local/lib/python3.10/dist-packages/arduinobot_remote/alexa_interface.py
[1.072s] Listing '/home/shivam/arduinobot_ws/install/arduinobot_remote/local/lib/python3.10/dist-packages/arduinobot_remote'...
[1.079s] -- Up-to-date: /home/shivam/arduinobot_ws/install/arduinobot_remote/share/arduinobot_remote/launch
[1.079s] -- Up-to-date: /home/shivam/arduinobot_ws/install/arduinobot_remote/share/arduinobot_remote/launch/remote_interface.launch.py
[1.079s] -- Up-to-date: /home/shivam/arduinobot_ws/install/arduinobot_remote/lib/libtask_server.so
[1.080s] -- Up-to-date: /home/shivam/arduinobot_ws/install/arduinobot_remote/lib/arduinobot_remote/alexa_interface.py
[1.081s] -- Up-to-date: /home/shivam/arduinobot_ws/install/arduinobot_remote/share/ament_index/resource_index/package_run_dependencies/arduinobot_remote
[1.081s] -- Up-to-date: /home/shivam/arduinobot_ws/install/arduinobot_remote/share/ament_index/resource_index/parent_prefix_path/arduinobot_remote
[1.081s] -- Up-to-date: /home/shivam/arduinobot_ws/install/arduinobot_remote/share/arduinobot_remote/environment/ament_prefix_path.sh
[1.082s] -- Up-to-date: /home/shivam/arduinobot_ws/install/arduinobot_remote/share/arduinobot_remote/environment/ament_prefix_path.dsv
[1.083s] -- Up-to-date: /home/shivam/arduinobot_ws/install/arduinobot_remote/share/arduinobot_remote/environment/path.sh
[1.083s] -- Up-to-date: /home/shivam/arduinobot_ws/install/arduinobot_remote/share/arduinobot_remote/environment/path.dsv
[1.084s] -- Up-to-date: /home/shivam/arduinobot_ws/install/arduinobot_remote/share/arduinobot_remote/local_setup.bash
[1.084s] -- Up-to-date: /home/shivam/arduinobot_ws/install/arduinobot_remote/share/arduinobot_remote/local_setup.sh
[1.085s] -- Up-to-date: /home/shivam/arduinobot_ws/install/arduinobot_remote/share/arduinobot_remote/local_setup.zsh
[1.085s] -- Up-to-date: /home/shivam/arduinobot_ws/install/arduinobot_remote/share/arduinobot_remote/local_setup.dsv
[1.086s] -- Installing: /home/shivam/arduinobot_ws/install/arduinobot_remote/share/arduinobot_remote/package.dsv
[1.086s] -- Up-to-date: /home/shivam/arduinobot_ws/install/arduinobot_remote/share/ament_index/resource_index/packages/arduinobot_remote
[1.086s] -- Up-to-date: /home/shivam/arduinobot_ws/install/arduinobot_remote/share/ament_index/resource_index/rclcpp_components/arduinobot_remote
[1.087s] -- Up-to-date: /home/shivam/arduinobot_ws/install/arduinobot_remote/share/arduinobot_remote/cmake/arduinobot_remoteConfig.cmake
[1.087s] -- Up-to-date: /home/shivam/arduinobot_ws/install/arduinobot_remote/share/arduinobot_remote/cmake/arduinobot_remoteConfig-version.cmake
[1.088s] -- Up-to-date: /home/shivam/arduinobot_ws/install/arduinobot_remote/share/arduinobot_remote/package.xml
[1.088s] Invoked command in '/home/shivam/arduinobot_ws/build/arduinobot_remote' returned '0': AMENT_PREFIX_PATH=/home/shivam/arduinobot_ws/install/arduinobot_msgs:${AMENT_PREFIX_PATH} CMAKE_PREFIX_PATH=/home/shivam/arduinobot_ws/install/arduinobot_msgs:/opt/ros/humble LD_LIBRARY_PATH=/home/shivam/arduinobot_ws/install/arduinobot_msgs/lib:${LD_LIBRARY_PATH} PYTHONPATH=/home/shivam/arduinobot_ws/install/arduinobot_msgs/local/lib/python3.10/dist-packages:${PYTHONPATH} /usr/bin/cmake --install /home/shivam/arduinobot_ws/build/arduinobot_remote
