[0.632s] Invoking command in '/home/shivam/arduinobot_ws/src/arduinobot_py_examples': PYTHONPATH=/home/shivam/arduinobot_ws/src/build/arduinobot_py_examples/prefix_override:/home/shivam/arduinobot_ws/src/install/arduinobot_py_examples/lib/python3.10/site-packages:${PYTHONPATH} /usr/bin/python3 setup.py egg_info --egg-base ../build/arduinobot_py_examples build --build-base /home/shivam/arduinobot_ws/src/build/arduinobot_py_examples/build install --record /home/shivam/arduinobot_ws/src/build/arduinobot_py_examples/install.log --single-version-externally-managed
[0.806s] running egg_info
[0.806s] writing ../build/arduinobot_py_examples/arduinobot_py_examples.egg-info/PKG-INFO
[0.806s] writing dependency_links to ../build/arduinobot_py_examples/arduinobot_py_examples.egg-info/dependency_links.txt
[0.807s] writing entry points to ../build/arduinobot_py_examples/arduinobot_py_examples.egg-info/entry_points.txt
[0.807s] writing requirements to ../build/arduinobot_py_examples/arduinobot_py_examples.egg-info/requires.txt
[0.807s] writing top-level names to ../build/arduinobot_py_examples/arduinobot_py_examples.egg-info/top_level.txt
[0.808s] reading manifest file '../build/arduinobot_py_examples/arduinobot_py_examples.egg-info/SOURCES.txt'
[0.809s] writing manifest file '../build/arduinobot_py_examples/arduinobot_py_examples.egg-info/SOURCES.txt'
[0.809s] running build
[0.809s] running build_py
[0.809s] running install
[0.810s] running install_lib
[0.811s] running install_data
[0.811s] running install_egg_info
[0.815s] removing '/home/shivam/arduinobot_ws/src/install/arduinobot_py_examples/lib/python3.10/site-packages/arduinobot_py_examples-0.0.0-py3.10.egg-info' (and everything under it)
[0.815s] Copying ../build/arduinobot_py_examples/arduinobot_py_examples.egg-info to /home/shivam/arduinobot_ws/src/install/arduinobot_py_examples/lib/python3.10/site-packages/arduinobot_py_examples-0.0.0-py3.10.egg-info
[0.816s] running install_scripts
[0.834s] Installing simple_publisher script to /home/shivam/arduinobot_ws/src/install/arduinobot_py_examples/lib/arduinobot_py_examples
[0.834s] Installing simple_subscriber script to /home/shivam/arduinobot_ws/src/install/arduinobot_py_examples/lib/arduinobot_py_examples
[0.835s] writing list of installed files to '/home/shivam/arduinobot_ws/src/build/arduinobot_py_examples/install.log'
[0.856s] Invoked command in '/home/shivam/arduinobot_ws/src/arduinobot_py_examples' returned '0': PYTHONPATH=/home/shivam/arduinobot_ws/src/build/arduinobot_py_examples/prefix_override:/home/shivam/arduinobot_ws/src/install/arduinobot_py_examples/lib/python3.10/site-packages:${PYTHONPATH} /usr/bin/python3 setup.py egg_info --egg-base ../build/arduinobot_py_examples build --build-base /home/shivam/arduinobot_ws/src/build/arduinobot_py_examples/build install --record /home/shivam/arduinobot_ws/src/build/arduinobot_py_examples/install.log --single-version-externally-managed
