[0.074s] Invoking command in '/home/shivam/arduinobot_ws/src/build/ardinobot_description': CMAKE_PREFIX_PATH=/opt/ros/humble /usr/bin/cmake /home/shivam/arduinobot_ws/src/ardinobot_description -DCMAKE_INSTALL_PREFIX=/home/shivam/arduinobot_ws/src/install/ardinobot_description
[0.227s] -- The C compiler identification is GNU 11.4.0
[0.608s] -- The CXX compiler identification is GNU 11.4.0
[0.816s] -- Detecting C compiler ABI info
[0.930s] -- Detecting C compiler ABI info - done
[0.934s] -- Check for working C compiler: /usr/bin/cc - skipped
[0.935s] -- Detecting C compile features
[0.936s] -- Detecting C compile features - done
[0.941s] -- Detecting CXX compiler ABI info
[1.047s] -- Detecting CXX compiler ABI info - done
[1.052s] -- Check for working CXX compiler: /usr/bin/c++ - skipped
[1.052s] -- Detecting CXX compile features
[1.052s] -- Detecting CXX compile features - done
[1.058s] -- Found ament_cmake: 1.3.6 (/opt/ros/humble/share/ament_cmake/cmake)
[1.181s] -- Found Python3: /usr/bin/python3.10 (found version "3.10.12") found components: Interpreter 
[1.266s] -- Found ament_lint_auto: 0.12.9 (/opt/ros/humble/share/ament_lint_auto/cmake)
[1.347s] -- Added test 'lint_cmake' to check CMake code style
[1.349s] -- Added test 'xmllint' to check XML markup files
[1.352s] -- Configuring done
[1.358s] -- Generating done
[1.359s] -- Build files have been written to: /home/shivam/arduinobot_ws/src/build/ardinobot_description
[1.364s] Invoked command in '/home/shivam/arduinobot_ws/src/build/ardinobot_description' returned '0': CMAKE_PREFIX_PATH=/opt/ros/humble /usr/bin/cmake /home/shivam/arduinobot_ws/src/ardinobot_description -DCMAKE_INSTALL_PREFIX=/home/shivam/arduinobot_ws/src/install/ardinobot_description
[1.366s] Invoking command in '/home/shivam/arduinobot_ws/src/build/ardinobot_description': CMAKE_PREFIX_PATH=/opt/ros/humble /usr/bin/cmake --build /home/shivam/arduinobot_ws/src/build/ardinobot_description -- -j12 -l12
[1.388s] Invoked command in '/home/shivam/arduinobot_ws/src/build/ardinobot_description' returned '0': CMAKE_PREFIX_PATH=/opt/ros/humble /usr/bin/cmake --build /home/shivam/arduinobot_ws/src/build/ardinobot_description -- -j12 -l12
[1.407s] Invoking command in '/home/shivam/arduinobot_ws/src/build/ardinobot_description': CMAKE_PREFIX_PATH=/opt/ros/humble /usr/bin/cmake --install /home/shivam/arduinobot_ws/src/build/ardinobot_description
[1.411s] -- Install configuration: ""
[1.412s] -- Installing: /home/shivam/arduinobot_ws/src/install/ardinobot_description/share/ament_index/resource_index/package_run_dependencies/ardinobot_description
[1.412s] -- Installing: /home/shivam/arduinobot_ws/src/install/ardinobot_description/share/ament_index/resource_index/parent_prefix_path/ardinobot_description
[1.412s] -- Installing: /home/shivam/arduinobot_ws/src/install/ardinobot_description/share/ardinobot_description/environment/ament_prefix_path.sh
[1.412s] -- Installing: /home/shivam/arduinobot_ws/src/install/ardinobot_description/share/ardinobot_description/environment/ament_prefix_path.dsv
[1.413s] -- Installing: /home/shivam/arduinobot_ws/src/install/ardinobot_description/share/ardinobot_description/environment/path.sh
[1.413s] -- Installing: /home/shivam/arduinobot_ws/src/install/ardinobot_description/share/ardinobot_description/environment/path.dsv
[1.413s] -- Installing: /home/shivam/arduinobot_ws/src/install/ardinobot_description/share/ardinobot_description/local_setup.bash
[1.413s] -- Installing: /home/shivam/arduinobot_ws/src/install/ardinobot_description/share/ardinobot_description/local_setup.sh
[1.414s] -- Installing: /home/shivam/arduinobot_ws/src/install/ardinobot_description/share/ardinobot_description/local_setup.zsh
[1.414s] -- Installing: /home/shivam/arduinobot_ws/src/install/ardinobot_description/share/ardinobot_description/local_setup.dsv
[1.414s] -- Installing: /home/shivam/arduinobot_ws/src/install/ardinobot_description/share/ardinobot_description/package.dsv
[1.414s] -- Installing: /home/shivam/arduinobot_ws/src/install/ardinobot_description/share/ament_index/resource_index/packages/ardinobot_description
[1.414s] -- Installing: /home/shivam/arduinobot_ws/src/install/ardinobot_description/share/ardinobot_description/cmake/ardinobot_descriptionConfig.cmake
[1.414s] -- Installing: /home/shivam/arduinobot_ws/src/install/ardinobot_description/share/ardinobot_description/cmake/ardinobot_descriptionConfig-version.cmake
[1.414s] -- Installing: /home/shivam/arduinobot_ws/src/install/ardinobot_description/share/ardinobot_description/package.xml
[1.416s] Invoked command in '/home/shivam/arduinobot_ws/src/build/ardinobot_description' returned '0': CMAKE_PREFIX_PATH=/opt/ros/humble /usr/bin/cmake --install /home/shivam/arduinobot_ws/src/build/ardinobot_description
