[0.120s] Invoking command in '/home/shivam/arduinobot_ws/build/arduinobot_moveit': CMAKE_PREFIX_PATH=/opt/ros/humble /usr/bin/cmake --build /home/shivam/arduinobot_ws/build/arduinobot_moveit -- -j12 -l12
[0.890s] Invoked command in '/home/shivam/arduinobot_ws/build/arduinobot_moveit' returned '0': CMAKE_PREFIX_PATH=/opt/ros/humble /usr/bin/cmake --build /home/shivam/arduinobot_ws/build/arduinobot_moveit -- -j12 -l12
[1.247s] Invoking command in '/home/shivam/arduinobot_ws/build/arduinobot_moveit': CMAKE_PREFIX_PATH=/opt/ros/humble /usr/bin/cmake --install /home/shivam/arduinobot_ws/build/arduinobot_moveit
[1.278s] -- Install configuration: ""
[1.279s] -- Up-to-date: /home/shivam/arduinobot_ws/install/arduinobot_moveit/share/arduinobot_moveit/launch
[1.279s] -- Up-to-date: /home/shivam/arduinobot_ws/install/arduinobot_moveit/share/arduinobot_moveit/launch/moveit.launch.py
[1.280s] -- Up-to-date: /home/shivam/arduinobot_ws/install/arduinobot_moveit/share/arduinobot_moveit/config
[1.280s] -- Up-to-date: /home/shivam/arduinobot_ws/install/arduinobot_moveit/share/arduinobot_moveit/config/moveit.rviz
[1.280s] -- Up-to-date: /home/shivam/arduinobot_ws/install/arduinobot_moveit/share/arduinobot_moveit/config/arduinobot.srdf
[1.280s] -- Up-to-date: /home/shivam/arduinobot_ws/install/arduinobot_moveit/share/arduinobot_moveit/config/moveit_controllers.yaml
[1.280s] -- Up-to-date: /home/shivam/arduinobot_ws/install/arduinobot_moveit/share/arduinobot_moveit/config/initial_positions.yaml
[1.280s] -- Up-to-date: /home/shivam/arduinobot_ws/install/arduinobot_moveit/share/arduinobot_moveit/config/kinematics.yaml
[1.281s] -- Up-to-date: /home/shivam/arduinobot_ws/install/arduinobot_moveit/share/arduinobot_moveit/config/pilz_cartesian_limits.yaml
[1.281s] -- Up-to-date: /home/shivam/arduinobot_ws/install/arduinobot_moveit/share/arduinobot_moveit/config/joint_limits.yaml
[1.281s] -- Up-to-date: /home/shivam/arduinobot_ws/install/arduinobot_moveit/share/ament_index/resource_index/package_run_dependencies/arduinobot_moveit
[1.281s] -- Up-to-date: /home/shivam/arduinobot_ws/install/arduinobot_moveit/share/ament_index/resource_index/parent_prefix_path/arduinobot_moveit
[1.281s] -- Up-to-date: /home/shivam/arduinobot_ws/install/arduinobot_moveit/share/arduinobot_moveit/environment/ament_prefix_path.sh
[1.281s] -- Up-to-date: /home/shivam/arduinobot_ws/install/arduinobot_moveit/share/arduinobot_moveit/environment/ament_prefix_path.dsv
[1.281s] -- Up-to-date: /home/shivam/arduinobot_ws/install/arduinobot_moveit/share/arduinobot_moveit/environment/path.sh
[1.281s] -- Up-to-date: /home/shivam/arduinobot_ws/install/arduinobot_moveit/share/arduinobot_moveit/environment/path.dsv
[1.281s] -- Up-to-date: /home/shivam/arduinobot_ws/install/arduinobot_moveit/share/arduinobot_moveit/local_setup.bash
[1.281s] -- Up-to-date: /home/shivam/arduinobot_ws/install/arduinobot_moveit/share/arduinobot_moveit/local_setup.sh
[1.281s] -- Up-to-date: /home/shivam/arduinobot_ws/install/arduinobot_moveit/share/arduinobot_moveit/local_setup.zsh
[1.282s] -- Up-to-date: /home/shivam/arduinobot_ws/install/arduinobot_moveit/share/arduinobot_moveit/local_setup.dsv
[1.282s] -- Up-to-date: /home/shivam/arduinobot_ws/install/arduinobot_moveit/share/arduinobot_moveit/package.dsv
[1.282s] -- Up-to-date: /home/shivam/arduinobot_ws/install/arduinobot_moveit/share/ament_index/resource_index/packages/arduinobot_moveit
[1.282s] -- Up-to-date: /home/shivam/arduinobot_ws/install/arduinobot_moveit/share/arduinobot_moveit/cmake/arduinobot_moveitConfig.cmake
[1.282s] -- Up-to-date: /home/shivam/arduinobot_ws/install/arduinobot_moveit/share/arduinobot_moveit/cmake/arduinobot_moveitConfig-version.cmake
[1.282s] -- Up-to-date: /home/shivam/arduinobot_ws/install/arduinobot_moveit/share/arduinobot_moveit/package.xml
[1.285s] Invoked command in '/home/shivam/arduinobot_ws/build/arduinobot_moveit' returned '0': CMAKE_PREFIX_PATH=/opt/ros/humble /usr/bin/cmake --install /home/shivam/arduinobot_ws/build/arduinobot_moveit
