[0.320s] Invoking command in '/home/shivam/arduinobot_ws/build/arduinobot_controller': CMAKE_PREFIX_PATH=/opt/ros/humble /usr/bin/cmake /home/shivam/arduinobot_ws/src/arduinobot_controller -DCMAKE_INSTALL_PREFIX=/home/shivam/arduinobot_ws/install/arduinobot_controller
[0.667s] -- The C compiler identification is GNU 11.4.0
[1.494s] -- The CXX compiler identification is GNU 11.4.0
[2.052s] -- Detecting C compiler ABI info
[2.230s] -- Detecting C compiler ABI info - done
[2.239s] -- Check for working C compiler: /usr/bin/cc - skipped
[2.241s] -- Detecting C compile features
[2.242s] -- Detecting C compile features - done
[2.247s] -- Detecting CXX compiler ABI info
[2.418s] -- Detecting CXX compiler ABI info - done
[2.428s] -- Check for working CXX compiler: /usr/bin/c++ - skipped
[2.429s] -- Detecting CXX compile features
[2.429s] -- Detecting CXX compile features - done
[2.434s] -- Found ament_cmake: 1.3.8 (/opt/ros/humble/share/ament_cmake/cmake)
[2.657s] -- Found Python3: /usr/bin/python3 (found version "3.10.12") found components: Interpreter 
[2.820s] -- Found trajectory_msgs: 4.2.3 (/opt/ros/humble/share/trajectory_msgs/cmake)
[3.058s] -- Found rosidl_generator_c: 3.1.5 (/opt/ros/humble/share/rosidl_generator_c/cmake)
[3.064s] -- Found rosidl_adapter: 3.1.5 (/opt/ros/humble/share/rosidl_adapter/cmake)
[3.081s] -- Found rosidl_generator_cpp: 3.1.5 (/opt/ros/humble/share/rosidl_generator_cpp/cmake)
[3.108s] -- Using all available rosidl_typesupport_c: rosidl_typesupport_fastrtps_c;rosidl_typesupport_introspection_c
[3.145s] -- Using all available rosidl_typesupport_cpp: rosidl_typesupport_fastrtps_cpp;rosidl_typesupport_introspection_cpp
[3.451s] -- Found sensor_msgs: 4.2.3 (/opt/ros/humble/share/sensor_msgs/cmake)
[3.575s] -- Found rclcpp: 16.0.8 (/opt/ros/humble/share/rclcpp/cmake)
[3.668s] -- Found rmw_implementation_cmake: 6.1.1 (/opt/ros/humble/share/rmw_implementation_cmake/cmake)
[3.671s] -- Found rmw_fastrtps_cpp: 6.2.6 (/opt/ros/humble/share/rmw_fastrtps_cpp/cmake)
[6.406s] -- Found OpenSSL: /usr/lib/x86_64-linux-gnu/libcrypto.so (found version "3.0.2")  
[9.851s] -- Found FastRTPS: /opt/ros/humble/include  
[15.093s] -- Using RMW implementation 'rmw_fastrtps_cpp' as default
[15.104s] -- Looking for pthread.h
[15.331s] -- Looking for pthread.h - found
[15.331s] -- Performing Test CMAKE_HAVE_LIBC_PTHREAD
[15.484s] -- Performing Test CMAKE_HAVE_LIBC_PTHREAD - Success
[15.487s] -- Found Threads: TRUE  
[15.681s] -- Found rclpy: 3.3.12 (/opt/ros/humble/share/rclpy/cmake)
[15.684s] -- Found hardware_interface: 2.39.1 (/opt/ros/humble/share/hardware_interface/cmake)
[18.417s] -- Found PkgConfig: /usr/bin/pkg-config (found version "0.29.2") 
[18.418s] -- Checking for module 'libserial'
[18.431s] --   Found libserial, version 1.0.0
[18.806s] -- Configuring done
[18.908s] -- Generating done
[18.911s] -- Build files have been written to: /home/shivam/arduinobot_ws/build/arduinobot_controller
[18.927s] Invoked command in '/home/shivam/arduinobot_ws/build/arduinobot_controller' returned '0': CMAKE_PREFIX_PATH=/opt/ros/humble /usr/bin/cmake /home/shivam/arduinobot_ws/src/arduinobot_controller -DCMAKE_INSTALL_PREFIX=/home/shivam/arduinobot_ws/install/arduinobot_controller
[18.930s] Invoking command in '/home/shivam/arduinobot_ws/build/arduinobot_controller': CMAKE_PREFIX_PATH=/opt/ros/humble /usr/bin/cmake --build /home/shivam/arduinobot_ws/build/arduinobot_controller -- -j12 -l12
[18.989s] [ 25%] [32mBuilding CXX object CMakeFiles/arduinobot_controller.dir/src/arduinobot_interface.cpp.o[0m
[18.993s] [ 50%] [32mBuilding CXX object CMakeFiles/slider_control.dir/src/slider_control.cpp.o[0m
[19.000s] [ 50%] Built target ament_cmake_python_copy_arduinobot_controller
[19.392s] running egg_info
[19.394s] creating arduinobot_controller.egg-info
[19.394s] writing arduinobot_controller.egg-info/PKG-INFO
[19.394s] writing dependency_links to arduinobot_controller.egg-info/dependency_links.txt
[19.395s] writing top-level names to arduinobot_controller.egg-info/top_level.txt
[19.395s] writing manifest file 'arduinobot_controller.egg-info/SOURCES.txt'
[19.399s] reading manifest file 'arduinobot_controller.egg-info/SOURCES.txt'
[19.400s] writing manifest file 'arduinobot_controller.egg-info/SOURCES.txt'
[19.439s] [ 50%] Built target ament_cmake_python_build_arduinobot_controller_egg
[24.766s] [ 75%] [32m[1mLinking CXX shared library libarduinobot_controller.so[0m
[25.101s] [ 75%] Built target arduinobot_controller
[31.893s] [100%] [32m[1mLinking CXX executable slider_control[0m
[32.565s] [100%] Built target slider_control
[32.578s] Invoked command in '/home/shivam/arduinobot_ws/build/arduinobot_controller' returned '0': CMAKE_PREFIX_PATH=/opt/ros/humble /usr/bin/cmake --build /home/shivam/arduinobot_ws/build/arduinobot_controller -- -j12 -l12
[32.626s] Invoking command in '/home/shivam/arduinobot_ws/build/arduinobot_controller': CMAKE_PREFIX_PATH=/opt/ros/humble /usr/bin/cmake --install /home/shivam/arduinobot_ws/build/arduinobot_controller
[32.635s] -- Install configuration: ""
[32.635s] -- Installing: /home/shivam/arduinobot_ws/install/arduinobot_controller/share/arduinobot_controller/arduinobot_controller.xml
[32.636s] -- Installing: /home/shivam/arduinobot_ws/install/arduinobot_controller/share/arduinobot_controller/environment/pythonpath.sh
[32.637s] -- Installing: /home/shivam/arduinobot_ws/install/arduinobot_controller/share/arduinobot_controller/environment/pythonpath.dsv
[32.638s] -- Installing: /home/shivam/arduinobot_ws/install/arduinobot_controller/local/lib/python3.10/dist-packages/arduinobot_controller-0.0.0-py3.10.egg-info
[32.638s] -- Installing: /home/shivam/arduinobot_ws/install/arduinobot_controller/local/lib/python3.10/dist-packages/arduinobot_controller-0.0.0-py3.10.egg-info/PKG-INFO
[32.638s] -- Installing: /home/shivam/arduinobot_ws/install/arduinobot_controller/local/lib/python3.10/dist-packages/arduinobot_controller-0.0.0-py3.10.egg-info/dependency_links.txt
[32.638s] -- Installing: /home/shivam/arduinobot_ws/install/arduinobot_controller/local/lib/python3.10/dist-packages/arduinobot_controller-0.0.0-py3.10.egg-info/top_level.txt
[32.638s] -- Installing: /home/shivam/arduinobot_ws/install/arduinobot_controller/local/lib/python3.10/dist-packages/arduinobot_controller-0.0.0-py3.10.egg-info/SOURCES.txt
[32.639s] -- Installing: /home/shivam/arduinobot_ws/install/arduinobot_controller/local/lib/python3.10/dist-packages/arduinobot_controller
[32.639s] -- Installing: /home/shivam/arduinobot_ws/install/arduinobot_controller/local/lib/python3.10/dist-packages/arduinobot_controller/slider_control.py
[32.639s] -- Installing: /home/shivam/arduinobot_ws/install/arduinobot_controller/local/lib/python3.10/dist-packages/arduinobot_controller/__init__.py
[32.679s] Listing '/home/shivam/arduinobot_ws/install/arduinobot_controller/local/lib/python3.10/dist-packages/arduinobot_controller'...
[32.679s] Compiling '/home/shivam/arduinobot_ws/install/arduinobot_controller/local/lib/python3.10/dist-packages/arduinobot_controller/__init__.py'...
[32.679s] Compiling '/home/shivam/arduinobot_ws/install/arduinobot_controller/local/lib/python3.10/dist-packages/arduinobot_controller/slider_control.py'...
[32.686s] -- Installing: /home/shivam/arduinobot_ws/install/arduinobot_controller/lib/arduinobot_controller/slider_control
[32.690s] -- Set runtime path of "/home/shivam/arduinobot_ws/install/arduinobot_controller/lib/arduinobot_controller/slider_control" to ""
[32.690s] -- Installing: /home/shivam/arduinobot_ws/install/arduinobot_controller/lib/libarduinobot_controller.so
[32.691s] -- Set runtime path of "/home/shivam/arduinobot_ws/install/arduinobot_controller/lib/libarduinobot_controller.so" to ""
[32.691s] -- Installing: /home/shivam/arduinobot_ws/install/arduinobot_controller/include/include
[32.692s] -- Installing: /home/shivam/arduinobot_ws/install/arduinobot_controller/include/include/arduinobot_controller
[32.693s] -- Installing: /home/shivam/arduinobot_ws/install/arduinobot_controller/include/include/arduinobot_controller/arduinobot_interface.hpp
[32.694s] -- Installing: /home/shivam/arduinobot_ws/install/arduinobot_controller/share/arduinobot_controller/launch
[32.695s] -- Installing: /home/shivam/arduinobot_ws/install/arduinobot_controller/share/arduinobot_controller/launch/slider_controller.launch.py
[32.695s] -- Installing: /home/shivam/arduinobot_ws/install/arduinobot_controller/share/arduinobot_controller/launch/controller.launch.py
[32.695s] -- Installing: /home/shivam/arduinobot_ws/install/arduinobot_controller/share/arduinobot_controller/config
[32.695s] -- Installing: /home/shivam/arduinobot_ws/install/arduinobot_controller/share/arduinobot_controller/config/arduinobot_controllers.yaml
[32.695s] -- Installing: /home/shivam/arduinobot_ws/install/arduinobot_controller/lib/arduinobot_controller/slider_control.py
[32.695s] -- Installing: /home/shivam/arduinobot_ws/install/arduinobot_controller/share/arduinobot_controller/environment/library_path.sh
[32.696s] -- Installing: /home/shivam/arduinobot_ws/install/arduinobot_controller/share/arduinobot_controller/environment/library_path.dsv
[32.696s] -- Installing: /home/shivam/arduinobot_ws/install/arduinobot_controller/share/ament_index/resource_index/package_run_dependencies/arduinobot_controller
[32.696s] -- Installing: /home/shivam/arduinobot_ws/install/arduinobot_controller/share/ament_index/resource_index/parent_prefix_path/arduinobot_controller
[32.696s] -- Installing: /home/shivam/arduinobot_ws/install/arduinobot_controller/share/arduinobot_controller/environment/ament_prefix_path.sh
[32.697s] -- Installing: /home/shivam/arduinobot_ws/install/arduinobot_controller/share/arduinobot_controller/environment/ament_prefix_path.dsv
[32.698s] -- Installing: /home/shivam/arduinobot_ws/install/arduinobot_controller/share/arduinobot_controller/environment/path.sh
[32.698s] -- Installing: /home/shivam/arduinobot_ws/install/arduinobot_controller/share/arduinobot_controller/environment/path.dsv
[32.698s] -- Installing: /home/shivam/arduinobot_ws/install/arduinobot_controller/share/arduinobot_controller/local_setup.bash
[32.699s] -- Installing: /home/shivam/arduinobot_ws/install/arduinobot_controller/share/arduinobot_controller/local_setup.sh
[32.699s] -- Installing: /home/shivam/arduinobot_ws/install/arduinobot_controller/share/arduinobot_controller/local_setup.zsh
[32.699s] -- Installing: /home/shivam/arduinobot_ws/install/arduinobot_controller/share/arduinobot_controller/local_setup.dsv
[32.699s] -- Installing: /home/shivam/arduinobot_ws/install/arduinobot_controller/share/arduinobot_controller/package.dsv
[32.699s] -- Installing: /home/shivam/arduinobot_ws/install/arduinobot_controller/share/ament_index/resource_index/packages/arduinobot_controller
[32.699s] -- Installing: /home/shivam/arduinobot_ws/install/arduinobot_controller/share/ament_index/resource_index/hardware_interface__pluginlib__plugin/arduinobot_controller
[32.699s] -- Installing: /home/shivam/arduinobot_ws/install/arduinobot_controller/share/arduinobot_controller/cmake/ament_cmake_export_include_directories-extras.cmake
[32.699s] -- Installing: /home/shivam/arduinobot_ws/install/arduinobot_controller/share/arduinobot_controller/cmake/ament_cmake_export_libraries-extras.cmake
[32.699s] -- Installing: /home/shivam/arduinobot_ws/install/arduinobot_controller/share/arduinobot_controller/cmake/ament_cmake_export_dependencies-extras.cmake
[32.699s] -- Installing: /home/shivam/arduinobot_ws/install/arduinobot_controller/share/arduinobot_controller/cmake/arduinobot_controllerConfig.cmake
[32.699s] -- Installing: /home/shivam/arduinobot_ws/install/arduinobot_controller/share/arduinobot_controller/cmake/arduinobot_controllerConfig-version.cmake
[32.699s] -- Installing: /home/shivam/arduinobot_ws/install/arduinobot_controller/share/arduinobot_controller/package.xml
[32.702s] Invoked command in '/home/shivam/arduinobot_ws/build/arduinobot_controller' returned '0': CMAKE_PREFIX_PATH=/opt/ros/humble /usr/bin/cmake --install /home/shivam/arduinobot_ws/build/arduinobot_controller
