[0.203s] Invoking command in '/home/shivam/arduinobot_ws/build/arduinobot_description': CMAKE_PREFIX_PATH=/opt/ros/humble /usr/bin/cmake --build /home/shivam/arduinobot_ws/build/arduinobot_description -- -j12 -l12
[0.401s] Invoked command in '/home/shivam/arduinobot_ws/build/arduinobot_description' returned '0': CMAKE_PREFIX_PATH=/opt/ros/humble /usr/bin/cmake --build /home/shivam/arduinobot_ws/build/arduinobot_description -- -j12 -l12
[0.512s] Invoking command in '/home/shivam/arduinobot_ws/build/arduinobot_description': CMAKE_PREFIX_PATH=/opt/ros/humble /usr/bin/cmake --install /home/shivam/arduinobot_ws/build/arduinobot_description
[0.579s] -- Install configuration: ""
[0.579s] -- Up-to-date: /home/shivam/arduinobot_ws/install/arduinobot_description/share/arduinobot_description/launch
[0.611s] -- Up-to-date: /home/shivam/arduinobot_ws/install/arduinobot_description/share/arduinobot_description/meshes
[0.668s] -- Up-to-date: /home/shivam/arduinobot_ws/install/arduinobot_description/share/arduinobot_description/models
[0.669s] -- Up-to-date: /home/shivam/arduinobot_ws/install/arduinobot_description/share/arduinobot_description/models/sun
[0.670s] -- Up-to-date: /home/shivam/arduinobot_ws/install/arduinobot_description/share/arduinobot_description/models/sun/model-1_3.sdf
[0.670s] -- Up-to-date: /home/shivam/arduinobot_ws/install/arduinobot_description/share/arduinobot_description/models/sun/model-1_4.sdf
[0.670s] -- Up-to-date: /home/shivam/arduinobot_ws/install/arduinobot_description/share/arduinobot_description/models/sun/model-1_2.sdf
[0.670s] -- Up-to-date: /home/shivam/arduinobot_ws/install/arduinobot_description/share/arduinobot_description/models/sun/model.sdf
[0.671s] -- Up-to-date: /home/shivam/arduinobot_ws/install/arduinobot_description/share/arduinobot_description/models/sun/model.config
[0.671s] -- Up-to-date: /home/shivam/arduinobot_ws/install/arduinobot_description/share/arduinobot_description/models/ground_plane
[0.671s] -- Up-to-date: /home/shivam/arduinobot_ws/install/arduinobot_description/share/arduinobot_description/models/ground_plane/model-1_3.sdf
[0.671s] -- Up-to-date: /home/shivam/arduinobot_ws/install/arduinobot_description/share/arduinobot_description/models/ground_plane/model-1_4.sdf
[0.671s] -- Up-to-date: /home/shivam/arduinobot_ws/install/arduinobot_description/share/arduinobot_description/models/ground_plane/model-1_2.sdf
[0.671s] -- Up-to-date: /home/shivam/arduinobot_ws/install/arduinobot_description/share/arduinobot_description/models/ground_plane/model.sdf
[0.671s] -- Up-to-date: /home/shivam/arduinobot_ws/install/arduinobot_description/share/arduinobot_description/models/ground_plane/model.config
[0.671s] -- Up-to-date: /home/shivam/arduinobot_ws/install/arduinobot_description/share/arduinobot_description/urdf
[0.674s] -- Up-to-date: /home/shivam/arduinobot_ws/install/arduinobot_description/share/arduinobot_description/urdf/arduinobot_ros2_control.xacro
[0.674s] -- Up-to-date: /home/shivam/arduinobot_ws/install/arduinobot_description/share/arduinobot_description/urdf/arduinobot_gazebo.xacro
[0.674s] -- Up-to-date: /home/shivam/arduinobot_ws/install/arduinobot_description/share/arduinobot_description/rviz
[0.702s] -- Installing: /home/shivam/arduinobot_ws/install/arduinobot_description/share/arduinobot_description/package.dsv
[0.791s] Invoked command in '/home/shivam/arduinobot_ws/build/arduinobot_description' returned '0': CMAKE_PREFIX_PATH=/opt/ros/humble /usr/bin/cmake --install /home/shivam/arduinobot_ws/build/arduinobot_description
