[0.477s] Invoking command in '/home/shivam/arduinobot_ws/build/arduinobot_remote': AMENT_PREFIX_PATH=/home/shivam/arduinobot_ws/install/arduinobot_msgs:${AMENT_PREFIX_PATH} CMAKE_PREFIX_PATH=/home/shivam/arduinobot_ws/install/arduinobot_msgs:/opt/ros/humble LD_LIBRARY_PATH=/home/shivam/arduinobot_ws/install/arduinobot_msgs/lib:${LD_LIBRARY_PATH} PYTHONPATH=/home/shivam/arduinobot_ws/install/arduinobot_msgs/local/lib/python3.10/dist-packages:${PYTHONPATH} /usr/bin/cmake --build /home/shivam/arduinobot_ws/build/arduinobot_remote -- -j12 -l12
[0.526s] [35m[1mConsolidate compiler generated dependencies of target task_server[0m
[0.528s] [35m[1mConsolidate compiler generated dependencies of target task_server_node[0m
[0.545s] [  0%] Built target ament_cmake_python_copy_arduinobot_remote
[0.555s] [ 50%] Built target task_server
[0.558s] [100%] Built target task_server_node
[0.827s] running egg_info
[0.827s] writing arduinobot_remote.egg-info/PKG-INFO
[0.828s] writing dependency_links to arduinobot_remote.egg-info/dependency_links.txt
[0.828s] writing top-level names to arduinobot_remote.egg-info/top_level.txt
[0.831s] reading manifest file 'arduinobot_remote.egg-info/SOURCES.txt'
[0.831s] writing manifest file 'arduinobot_remote.egg-info/SOURCES.txt'
[0.866s] [100%] Built target ament_cmake_python_build_arduinobot_remote_egg
[0.881s] Invoked command in '/home/shivam/arduinobot_ws/build/arduinobot_remote' returned '0': AMENT_PREFIX_PATH=/home/shivam/arduinobot_ws/install/arduinobot_msgs:${AMENT_PREFIX_PATH} CMAKE_PREFIX_PATH=/home/shivam/arduinobot_ws/install/arduinobot_msgs:/opt/ros/humble LD_LIBRARY_PATH=/home/shivam/arduinobot_ws/install/arduinobot_msgs/lib:${LD_LIBRARY_PATH} PYTHONPATH=/home/shivam/arduinobot_ws/install/arduinobot_msgs/local/lib/python3.10/dist-packages:${PYTHONPATH} /usr/bin/cmake --build /home/shivam/arduinobot_ws/build/arduinobot_remote -- -j12 -l12
[0.924s] Invoking command in '/home/shivam/arduinobot_ws/build/arduinobot_remote': AMENT_PREFIX_PATH=/home/shivam/arduinobot_ws/install/arduinobot_msgs:${AMENT_PREFIX_PATH} CMAKE_PREFIX_PATH=/home/shivam/arduinobot_ws/install/arduinobot_msgs:/opt/ros/humble LD_LIBRARY_PATH=/home/shivam/arduinobot_ws/install/arduinobot_msgs/lib:${LD_LIBRARY_PATH} PYTHONPATH=/home/shivam/arduinobot_ws/install/arduinobot_msgs/local/lib/python3.10/dist-packages:${PYTHONPATH} /usr/bin/cmake --install /home/shivam/arduinobot_ws/build/arduinobot_remote
[0.927s] -- Install configuration: ""
[0.928s] -- Up-to-date: /home/shivam/arduinobot_ws/install/arduinobot_remote/lib/arduinobot_remote/task_server_node
[0.928s] -- Up-to-date: /home/shivam/arduinobot_ws/install/arduinobot_remote/share/arduinobot_remote/environment/pythonpath.sh
[0.928s] -- Up-to-date: /home/shivam/arduinobot_ws/install/arduinobot_remote/share/arduinobot_remote/environment/pythonpath.dsv
[0.929s] -- Up-to-date: /home/shivam/arduinobot_ws/install/arduinobot_remote/local/lib/python3.10/dist-packages/arduinobot_remote-0.0.0-py3.10.egg-info
[0.929s] -- Installing: /home/shivam/arduinobot_ws/install/arduinobot_remote/local/lib/python3.10/dist-packages/arduinobot_remote-0.0.0-py3.10.egg-info/PKG-INFO
[0.929s] -- Installing: /home/shivam/arduinobot_ws/install/arduinobot_remote/local/lib/python3.10/dist-packages/arduinobot_remote-0.0.0-py3.10.egg-info/dependency_links.txt
[0.929s] -- Installing: /home/shivam/arduinobot_ws/install/arduinobot_remote/local/lib/python3.10/dist-packages/arduinobot_remote-0.0.0-py3.10.egg-info/top_level.txt
[0.929s] -- Installing: /home/shivam/arduinobot_ws/install/arduinobot_remote/local/lib/python3.10/dist-packages/arduinobot_remote-0.0.0-py3.10.egg-info/SOURCES.txt
[0.929s] -- Up-to-date: /home/shivam/arduinobot_ws/install/arduinobot_remote/local/lib/python3.10/dist-packages/arduinobot_remote
[0.929s] -- Up-to-date: /home/shivam/arduinobot_ws/install/arduinobot_remote/local/lib/python3.10/dist-packages/arduinobot_remote/__init__.py
[0.929s] -- Up-to-date: /home/shivam/arduinobot_ws/install/arduinobot_remote/local/lib/python3.10/dist-packages/arduinobot_remote/alexa_interface.py
[0.961s] Listing '/home/shivam/arduinobot_ws/install/arduinobot_remote/local/lib/python3.10/dist-packages/arduinobot_remote'...
[0.967s] -- Up-to-date: /home/shivam/arduinobot_ws/install/arduinobot_remote/share/arduinobot_remote/launch
[0.967s] -- Up-to-date: /home/shivam/arduinobot_ws/install/arduinobot_remote/share/arduinobot_remote/launch/remote_interface.launch.py
[0.968s] -- Up-to-date: /home/shivam/arduinobot_ws/install/arduinobot_remote/lib/libtask_server.so
[0.969s] -- Up-to-date: /home/shivam/arduinobot_ws/install/arduinobot_remote/lib/arduinobot_remote/alexa_interface.py
[0.969s] -- Up-to-date: /home/shivam/arduinobot_ws/install/arduinobot_remote/share/ament_index/resource_index/package_run_dependencies/arduinobot_remote
[0.969s] -- Up-to-date: /home/shivam/arduinobot_ws/install/arduinobot_remote/share/ament_index/resource_index/parent_prefix_path/arduinobot_remote
[0.969s] -- Up-to-date: /home/shivam/arduinobot_ws/install/arduinobot_remote/share/arduinobot_remote/environment/ament_prefix_path.sh
[0.969s] -- Up-to-date: /home/shivam/arduinobot_ws/install/arduinobot_remote/share/arduinobot_remote/environment/ament_prefix_path.dsv
[0.970s] -- Up-to-date: /home/shivam/arduinobot_ws/install/arduinobot_remote/share/arduinobot_remote/environment/path.sh
[0.970s] -- Up-to-date: /home/shivam/arduinobot_ws/install/arduinobot_remote/share/arduinobot_remote/environment/path.dsv
[0.970s] -- Up-to-date: /home/shivam/arduinobot_ws/install/arduinobot_remote/share/arduinobot_remote/local_setup.bash
[0.970s] -- Up-to-date: /home/shivam/arduinobot_ws/install/arduinobot_remote/share/arduinobot_remote/local_setup.sh
[0.970s] -- Up-to-date: /home/shivam/arduinobot_ws/install/arduinobot_remote/share/arduinobot_remote/local_setup.zsh
[0.971s] -- Up-to-date: /home/shivam/arduinobot_ws/install/arduinobot_remote/share/arduinobot_remote/local_setup.dsv
[0.972s] -- Installing: /home/shivam/arduinobot_ws/install/arduinobot_remote/share/arduinobot_remote/package.dsv
[0.972s] -- Up-to-date: /home/shivam/arduinobot_ws/install/arduinobot_remote/share/ament_index/resource_index/packages/arduinobot_remote
[0.972s] -- Up-to-date: /home/shivam/arduinobot_ws/install/arduinobot_remote/share/ament_index/resource_index/rclcpp_components/arduinobot_remote
[0.973s] -- Up-to-date: /home/shivam/arduinobot_ws/install/arduinobot_remote/share/arduinobot_remote/cmake/arduinobot_remoteConfig.cmake
[0.973s] -- Up-to-date: /home/shivam/arduinobot_ws/install/arduinobot_remote/share/arduinobot_remote/cmake/arduinobot_remoteConfig-version.cmake
[0.973s] -- Up-to-date: /home/shivam/arduinobot_ws/install/arduinobot_remote/share/arduinobot_remote/package.xml
[1.027s] Invoked command in '/home/shivam/arduinobot_ws/build/arduinobot_remote' returned '0': AMENT_PREFIX_PATH=/home/shivam/arduinobot_ws/install/arduinobot_msgs:${AMENT_PREFIX_PATH} CMAKE_PREFIX_PATH=/home/shivam/arduinobot_ws/install/arduinobot_msgs:/opt/ros/humble LD_LIBRARY_PATH=/home/shivam/arduinobot_ws/install/arduinobot_msgs/lib:${LD_LIBRARY_PATH} PYTHONPATH=/home/shivam/arduinobot_ws/install/arduinobot_msgs/local/lib/python3.10/dist-packages:${PYTHONPATH} /usr/bin/cmake --install /home/shivam/arduinobot_ws/build/arduinobot_remote
