[0.275s] Invoking command in '/home/shivam/arduinobot_ws/build/arduinobot_controller': CMAKE_PREFIX_PATH=/opt/ros/humble /usr/bin/cmake --build /home/shivam/arduinobot_ws/build/arduinobot_controller -- -j12 -l12
[0.456s] [  0%] Built target ament_cmake_python_copy_arduinobot_controller
[0.523s] [100%] Built target slider_control
[0.801s] running egg_info
[0.802s] writing arduinobot_controller.egg-info/PKG-INFO
[0.805s] writing dependency_links to arduinobot_controller.egg-info/dependency_links.txt
[0.805s] writing top-level names to arduinobot_controller.egg-info/top_level.txt
[0.810s] reading manifest file 'arduinobot_controller.egg-info/SOURCES.txt'
[0.812s] writing manifest file 'arduinobot_controller.egg-info/SOURCES.txt'
[0.855s] [100%] Built target ament_cmake_python_build_arduinobot_controller_egg
[1.086s] Invoked command in '/home/shivam/arduinobot_ws/build/arduinobot_controller' returned '0': CMAKE_PREFIX_PATH=/opt/ros/humble /usr/bin/cmake --build /home/shivam/arduinobot_ws/build/arduinobot_controller -- -j12 -l12
[1.185s] Invoking command in '/home/shivam/arduinobot_ws/build/arduinobot_controller': CMAKE_PREFIX_PATH=/opt/ros/humble /usr/bin/cmake --install /home/shivam/arduinobot_ws/build/arduinobot_controller
[1.194s] -- Install configuration: ""
[1.195s] -- Up-to-date: /home/shivam/arduinobot_ws/install/arduinobot_controller/share/arduinobot_controller/environment/pythonpath.sh
[1.195s] -- Up-to-date: /home/shivam/arduinobot_ws/install/arduinobot_controller/share/arduinobot_controller/environment/pythonpath.dsv
[1.195s] -- Up-to-date: /home/shivam/arduinobot_ws/install/arduinobot_controller/local/lib/python3.10/dist-packages/arduinobot_controller-0.0.0-py3.10.egg-info
[1.196s] -- Installing: /home/shivam/arduinobot_ws/install/arduinobot_controller/local/lib/python3.10/dist-packages/arduinobot_controller-0.0.0-py3.10.egg-info/PKG-INFO
[1.196s] -- Installing: /home/shivam/arduinobot_ws/install/arduinobot_controller/local/lib/python3.10/dist-packages/arduinobot_controller-0.0.0-py3.10.egg-info/dependency_links.txt
[1.196s] -- Installing: /home/shivam/arduinobot_ws/install/arduinobot_controller/local/lib/python3.10/dist-packages/arduinobot_controller-0.0.0-py3.10.egg-info/top_level.txt
[1.196s] -- Installing: /home/shivam/arduinobot_ws/install/arduinobot_controller/local/lib/python3.10/dist-packages/arduinobot_controller-0.0.0-py3.10.egg-info/SOURCES.txt
[1.197s] -- Up-to-date: /home/shivam/arduinobot_ws/install/arduinobot_controller/local/lib/python3.10/dist-packages/arduinobot_controller
[1.197s] -- Up-to-date: /home/shivam/arduinobot_ws/install/arduinobot_controller/local/lib/python3.10/dist-packages/arduinobot_controller/slider_control.py
[1.197s] -- Up-to-date: /home/shivam/arduinobot_ws/install/arduinobot_controller/local/lib/python3.10/dist-packages/arduinobot_controller/__init__.py
[1.237s] Listing '/home/shivam/arduinobot_ws/install/arduinobot_controller/local/lib/python3.10/dist-packages/arduinobot_controller'...
[1.244s] -- Up-to-date: /home/shivam/arduinobot_ws/install/arduinobot_controller/lib/arduinobot_controller/slider_control
[1.244s] -- Up-to-date: /home/shivam/arduinobot_ws/install/arduinobot_controller/share/arduinobot_controller/launch
[1.244s] -- Up-to-date: /home/shivam/arduinobot_ws/install/arduinobot_controller/share/arduinobot_controller/launch/slider_controller.launch.py
[1.244s] -- Up-to-date: /home/shivam/arduinobot_ws/install/arduinobot_controller/share/arduinobot_controller/launch/controller.launch.py
[1.245s] -- Up-to-date: /home/shivam/arduinobot_ws/install/arduinobot_controller/share/arduinobot_controller/config
[1.245s] -- Up-to-date: /home/shivam/arduinobot_ws/install/arduinobot_controller/share/arduinobot_controller/config/arduinobot_controllers.yaml
[1.245s] -- Up-to-date: /home/shivam/arduinobot_ws/install/arduinobot_controller/lib/arduinobot_controller/slider_control.py
[1.246s] -- Up-to-date: /home/shivam/arduinobot_ws/install/arduinobot_controller/share/ament_index/resource_index/package_run_dependencies/arduinobot_controller
[1.246s] -- Up-to-date: /home/shivam/arduinobot_ws/install/arduinobot_controller/share/ament_index/resource_index/parent_prefix_path/arduinobot_controller
[1.247s] -- Up-to-date: /home/shivam/arduinobot_ws/install/arduinobot_controller/share/arduinobot_controller/environment/ament_prefix_path.sh
[1.247s] -- Up-to-date: /home/shivam/arduinobot_ws/install/arduinobot_controller/share/arduinobot_controller/environment/ament_prefix_path.dsv
[1.247s] -- Up-to-date: /home/shivam/arduinobot_ws/install/arduinobot_controller/share/arduinobot_controller/environment/path.sh
[1.247s] -- Up-to-date: /home/shivam/arduinobot_ws/install/arduinobot_controller/share/arduinobot_controller/environment/path.dsv
[1.247s] -- Up-to-date: /home/shivam/arduinobot_ws/install/arduinobot_controller/share/arduinobot_controller/local_setup.bash
[1.248s] -- Up-to-date: /home/shivam/arduinobot_ws/install/arduinobot_controller/share/arduinobot_controller/local_setup.sh
[1.248s] -- Up-to-date: /home/shivam/arduinobot_ws/install/arduinobot_controller/share/arduinobot_controller/local_setup.zsh
[1.248s] -- Up-to-date: /home/shivam/arduinobot_ws/install/arduinobot_controller/share/arduinobot_controller/local_setup.dsv
[1.248s] -- Installing: /home/shivam/arduinobot_ws/install/arduinobot_controller/share/arduinobot_controller/package.dsv
[1.248s] -- Up-to-date: /home/shivam/arduinobot_ws/install/arduinobot_controller/share/ament_index/resource_index/packages/arduinobot_controller
[1.248s] -- Up-to-date: /home/shivam/arduinobot_ws/install/arduinobot_controller/share/arduinobot_controller/cmake/arduinobot_controllerConfig.cmake
[1.249s] -- Up-to-date: /home/shivam/arduinobot_ws/install/arduinobot_controller/share/arduinobot_controller/cmake/arduinobot_controllerConfig-version.cmake
[1.249s] -- Up-to-date: /home/shivam/arduinobot_ws/install/arduinobot_controller/share/arduinobot_controller/package.xml
[1.252s] Invoked command in '/home/shivam/arduinobot_ws/build/arduinobot_controller' returned '0': CMAKE_PREFIX_PATH=/opt/ros/humble /usr/bin/cmake --install /home/shivam/arduinobot_ws/build/arduinobot_controller
