[0.158s] Invoking command in '/home/shivam/arduinobot_ws/build/arduinobot_firmware': CMAKE_PREFIX_PATH=/opt/ros/humble /usr/bin/cmake --build /home/shivam/arduinobot_ws/build/arduinobot_firmware -- -j12 -l12
[0.365s] [ 50%] Built target simple_serial_transmitter
[0.402s] [100%] Built target simple_serial_receiver
[0.474s] [100%] Built target ament_cmake_python_copy_arduinobot_firmware
[1.269s] running egg_info
[1.269s] writing arduinobot_firmware.egg-info/PKG-INFO
[1.269s] writing dependency_links to arduinobot_firmware.egg-info/dependency_links.txt
[1.270s] writing top-level names to arduinobot_firmware.egg-info/top_level.txt
[1.275s] reading manifest file 'arduinobot_firmware.egg-info/SOURCES.txt'
[1.276s] writing manifest file 'arduinobot_firmware.egg-info/SOURCES.txt'
[1.317s] [100%] Built target ament_cmake_python_build_arduinobot_firmware_egg
[1.394s] Invoked command in '/home/shivam/arduinobot_ws/build/arduinobot_firmware' returned '0': CMAKE_PREFIX_PATH=/opt/ros/humble /usr/bin/cmake --build /home/shivam/arduinobot_ws/build/arduinobot_firmware -- -j12 -l12
[1.522s] Invoking command in '/home/shivam/arduinobot_ws/build/arduinobot_firmware': CMAKE_PREFIX_PATH=/opt/ros/humble /usr/bin/cmake --install /home/shivam/arduinobot_ws/build/arduinobot_firmware
[1.527s] -- Install configuration: ""
[1.530s] -- Up-to-date: /home/shivam/arduinobot_ws/install/arduinobot_firmware/share/arduinobot_firmware/environment/pythonpath.sh
[1.530s] -- Up-to-date: /home/shivam/arduinobot_ws/install/arduinobot_firmware/share/arduinobot_firmware/environment/pythonpath.dsv
[1.530s] -- Up-to-date: /home/shivam/arduinobot_ws/install/arduinobot_firmware/local/lib/python3.10/dist-packages/arduinobot_firmware-0.0.0-py3.10.egg-info
[1.531s] -- Installing: /home/shivam/arduinobot_ws/install/arduinobot_firmware/local/lib/python3.10/dist-packages/arduinobot_firmware-0.0.0-py3.10.egg-info/PKG-INFO
[1.531s] -- Installing: /home/shivam/arduinobot_ws/install/arduinobot_firmware/local/lib/python3.10/dist-packages/arduinobot_firmware-0.0.0-py3.10.egg-info/dependency_links.txt
[1.531s] -- Installing: /home/shivam/arduinobot_ws/install/arduinobot_firmware/local/lib/python3.10/dist-packages/arduinobot_firmware-0.0.0-py3.10.egg-info/top_level.txt
[1.531s] -- Installing: /home/shivam/arduinobot_ws/install/arduinobot_firmware/local/lib/python3.10/dist-packages/arduinobot_firmware-0.0.0-py3.10.egg-info/SOURCES.txt
[1.531s] -- Up-to-date: /home/shivam/arduinobot_ws/install/arduinobot_firmware/local/lib/python3.10/dist-packages/arduinobot_firmware
[1.531s] -- Up-to-date: /home/shivam/arduinobot_ws/install/arduinobot_firmware/local/lib/python3.10/dist-packages/arduinobot_firmware/__init__.py
[1.532s] -- Up-to-date: /home/shivam/arduinobot_ws/install/arduinobot_firmware/local/lib/python3.10/dist-packages/arduinobot_firmware/simple_serial_transmitter.py
[1.532s] -- Up-to-date: /home/shivam/arduinobot_ws/install/arduinobot_firmware/local/lib/python3.10/dist-packages/arduinobot_firmware/simple_serial_receiver.py
[1.570s] Listing '/home/shivam/arduinobot_ws/install/arduinobot_firmware/local/lib/python3.10/dist-packages/arduinobot_firmware'...
[1.589s] -- Up-to-date: /home/shivam/arduinobot_ws/install/arduinobot_firmware/lib/arduinobot_firmware/simple_serial_receiver
[1.589s] -- Up-to-date: /home/shivam/arduinobot_ws/install/arduinobot_firmware/lib/arduinobot_firmware/simple_serial_transmitter
[1.594s] -- Up-to-date: /home/shivam/arduinobot_ws/install/arduinobot_firmware/lib/arduinobot_firmware/simple_serial_transmitter.py
[1.594s] -- Up-to-date: /home/shivam/arduinobot_ws/install/arduinobot_firmware/lib/arduinobot_firmware/simple_serial_receiver.py
[1.594s] -- Up-to-date: /home/shivam/arduinobot_ws/install/arduinobot_firmware/share/ament_index/resource_index/package_run_dependencies/arduinobot_firmware
[1.594s] -- Up-to-date: /home/shivam/arduinobot_ws/install/arduinobot_firmware/share/ament_index/resource_index/parent_prefix_path/arduinobot_firmware
[1.608s] -- Up-to-date: /home/shivam/arduinobot_ws/install/arduinobot_firmware/share/arduinobot_firmware/environment/ament_prefix_path.sh
[1.609s] -- Up-to-date: /home/shivam/arduinobot_ws/install/arduinobot_firmware/share/arduinobot_firmware/environment/ament_prefix_path.dsv
[1.609s] -- Up-to-date: /home/shivam/arduinobot_ws/install/arduinobot_firmware/share/arduinobot_firmware/environment/path.sh
[1.609s] -- Up-to-date: /home/shivam/arduinobot_ws/install/arduinobot_firmware/share/arduinobot_firmware/environment/path.dsv
[1.609s] -- Up-to-date: /home/shivam/arduinobot_ws/install/arduinobot_firmware/share/arduinobot_firmware/local_setup.bash
[1.609s] -- Up-to-date: /home/shivam/arduinobot_ws/install/arduinobot_firmware/share/arduinobot_firmware/local_setup.sh
[1.609s] -- Up-to-date: /home/shivam/arduinobot_ws/install/arduinobot_firmware/share/arduinobot_firmware/local_setup.zsh
[1.609s] -- Up-to-date: /home/shivam/arduinobot_ws/install/arduinobot_firmware/share/arduinobot_firmware/local_setup.dsv
[1.609s] -- Installing: /home/shivam/arduinobot_ws/install/arduinobot_firmware/share/arduinobot_firmware/package.dsv
[1.609s] -- Up-to-date: /home/shivam/arduinobot_ws/install/arduinobot_firmware/share/ament_index/resource_index/packages/arduinobot_firmware
[1.609s] -- Up-to-date: /home/shivam/arduinobot_ws/install/arduinobot_firmware/share/arduinobot_firmware/cmake/arduinobot_firmwareConfig.cmake
[1.609s] -- Up-to-date: /home/shivam/arduinobot_ws/install/arduinobot_firmware/share/arduinobot_firmware/cmake/arduinobot_firmwareConfig-version.cmake
[1.609s] -- Up-to-date: /home/shivam/arduinobot_ws/install/arduinobot_firmware/share/arduinobot_firmware/package.xml
[1.730s] Invoked command in '/home/shivam/arduinobot_ws/build/arduinobot_firmware' returned '0': CMAKE_PREFIX_PATH=/opt/ros/humble /usr/bin/cmake --install /home/shivam/arduinobot_ws/build/arduinobot_firmware
