[0.252s] Invoking command in '/home/shivam/arduinobot_ws/build/arduinobot_bringup': CMAKE_PREFIX_PATH=/opt/ros/humble /usr/bin/cmake --build /home/shivam/arduinobot_ws/build/arduinobot_bringup -- -j12 -l12
[0.339s] Invoked command in '/home/shivam/arduinobot_ws/build/arduinobot_bringup' returned '0': CMAKE_PREFIX_PATH=/opt/ros/humble /usr/bin/cmake --build /home/shivam/arduinobot_ws/build/arduinobot_bringup -- -j12 -l12
[0.496s] Invoking command in '/home/shivam/arduinobot_ws/build/arduinobot_bringup': CMAKE_PREFIX_PATH=/opt/ros/humble /usr/bin/cmake --install /home/shivam/arduinobot_ws/build/arduinobot_bringup
[0.562s] -- Install configuration: ""
[0.564s] -- Up-to-date: /home/shivam/arduinobot_ws/install/arduinobot_bringup/share/arduinobot_bringup/launch
[0.565s] -- Up-to-date: /home/shivam/arduinobot_ws/install/arduinobot_bringup/share/arduinobot_bringup/launch/real_robot.launch.py
[0.565s] -- Up-to-date: /home/shivam/arduinobot_ws/install/arduinobot_bringup/share/arduinobot_bringup/launch/simulated_robot.launch.py
[0.565s] -- Up-to-date: /home/shivam/arduinobot_ws/install/arduinobot_bringup/share/ament_index/resource_index/package_run_dependencies/arduinobot_bringup
[0.565s] -- Up-to-date: /home/shivam/arduinobot_ws/install/arduinobot_bringup/share/ament_index/resource_index/parent_prefix_path/arduinobot_bringup
[0.565s] -- Up-to-date: /home/shivam/arduinobot_ws/install/arduinobot_bringup/share/arduinobot_bringup/environment/ament_prefix_path.sh
[0.565s] -- Up-to-date: /home/shivam/arduinobot_ws/install/arduinobot_bringup/share/arduinobot_bringup/environment/ament_prefix_path.dsv
[0.566s] -- Up-to-date: /home/shivam/arduinobot_ws/install/arduinobot_bringup/share/arduinobot_bringup/environment/path.sh
[0.566s] -- Up-to-date: /home/shivam/arduinobot_ws/install/arduinobot_bringup/share/arduinobot_bringup/environment/path.dsv
[0.566s] -- Up-to-date: /home/shivam/arduinobot_ws/install/arduinobot_bringup/share/arduinobot_bringup/local_setup.bash
[0.566s] -- Up-to-date: /home/shivam/arduinobot_ws/install/arduinobot_bringup/share/arduinobot_bringup/local_setup.sh
[0.566s] -- Up-to-date: /home/shivam/arduinobot_ws/install/arduinobot_bringup/share/arduinobot_bringup/local_setup.zsh
[0.566s] -- Up-to-date: /home/shivam/arduinobot_ws/install/arduinobot_bringup/share/arduinobot_bringup/local_setup.dsv
[0.566s] -- Installing: /home/shivam/arduinobot_ws/install/arduinobot_bringup/share/arduinobot_bringup/package.dsv
[0.566s] -- Up-to-date: /home/shivam/arduinobot_ws/install/arduinobot_bringup/share/ament_index/resource_index/packages/arduinobot_bringup
[0.566s] -- Up-to-date: /home/shivam/arduinobot_ws/install/arduinobot_bringup/share/arduinobot_bringup/cmake/arduinobot_bringupConfig.cmake
[0.566s] -- Up-to-date: /home/shivam/arduinobot_ws/install/arduinobot_bringup/share/arduinobot_bringup/cmake/arduinobot_bringupConfig-version.cmake
[0.566s] -- Up-to-date: /home/shivam/arduinobot_ws/install/arduinobot_bringup/share/arduinobot_bringup/package.xml
[0.576s] Invoked command in '/home/shivam/arduinobot_ws/build/arduinobot_bringup' returned '0': CMAKE_PREFIX_PATH=/opt/ros/humble /usr/bin/cmake --install /home/shivam/arduinobot_ws/build/arduinobot_bringup
