[0.229s] Invoking command in '/home/shivam/arduinobot_ws/build/my_robot_bringup': CMAKE_PREFIX_PATH=/opt/ros/humble /usr/bin/cmake --build /home/shivam/arduinobot_ws/build/my_robot_bringup -- -j12 -l12
[0.256s] Invoked command in '/home/shivam/arduinobot_ws/build/my_robot_bringup' returned '0': CMAKE_PREFIX_PATH=/opt/ros/humble /usr/bin/cmake --build /home/shivam/arduinobot_ws/build/my_robot_bringup -- -j12 -l12
[0.276s] Invoking command in '/home/shivam/arduinobot_ws/build/my_robot_bringup': CMAKE_PREFIX_PATH=/opt/ros/humble /usr/bin/cmake --install /home/shivam/arduinobot_ws/build/my_robot_bringup
[0.281s] -- Install configuration: ""
[0.281s] -- Up-to-date: /home/shivam/arduinobot_ws/install/my_robot_bringup/share/my_robot_bringup/launch
[0.282s] -- Up-to-date: /home/shivam/arduinobot_ws/install/my_robot_bringup/share/my_robot_bringup/launch/demo.launch.py
[0.282s] -- Up-to-date: /home/shivam/arduinobot_ws/install/my_robot_bringup/share/ament_index/resource_index/package_run_dependencies/my_robot_bringup
[0.282s] -- Up-to-date: /home/shivam/arduinobot_ws/install/my_robot_bringup/share/ament_index/resource_index/parent_prefix_path/my_robot_bringup
[0.283s] -- Up-to-date: /home/shivam/arduinobot_ws/install/my_robot_bringup/share/my_robot_bringup/environment/ament_prefix_path.sh
[0.283s] -- Up-to-date: /home/shivam/arduinobot_ws/install/my_robot_bringup/share/my_robot_bringup/environment/ament_prefix_path.dsv
[0.283s] -- Up-to-date: /home/shivam/arduinobot_ws/install/my_robot_bringup/share/my_robot_bringup/environment/path.sh
[0.283s] -- Up-to-date: /home/shivam/arduinobot_ws/install/my_robot_bringup/share/my_robot_bringup/environment/path.dsv
[0.283s] -- Up-to-date: /home/shivam/arduinobot_ws/install/my_robot_bringup/share/my_robot_bringup/local_setup.bash
[0.283s] -- Up-to-date: /home/shivam/arduinobot_ws/install/my_robot_bringup/share/my_robot_bringup/local_setup.sh
[0.283s] -- Up-to-date: /home/shivam/arduinobot_ws/install/my_robot_bringup/share/my_robot_bringup/local_setup.zsh
[0.283s] -- Up-to-date: /home/shivam/arduinobot_ws/install/my_robot_bringup/share/my_robot_bringup/local_setup.dsv
[0.285s] -- Installing: /home/shivam/arduinobot_ws/install/my_robot_bringup/share/my_robot_bringup/package.dsv
[0.286s] -- Up-to-date: /home/shivam/arduinobot_ws/install/my_robot_bringup/share/ament_index/resource_index/packages/my_robot_bringup
[0.286s] -- Up-to-date: /home/shivam/arduinobot_ws/install/my_robot_bringup/share/my_robot_bringup/cmake/my_robot_bringupConfig.cmake
[0.286s] -- Up-to-date: /home/shivam/arduinobot_ws/install/my_robot_bringup/share/my_robot_bringup/cmake/my_robot_bringupConfig-version.cmake
[0.287s] -- Up-to-date: /home/shivam/arduinobot_ws/install/my_robot_bringup/share/my_robot_bringup/package.xml
[0.324s] Invoked command in '/home/shivam/arduinobot_ws/build/my_robot_bringup' returned '0': CMAKE_PREFIX_PATH=/opt/ros/humble /usr/bin/cmake --install /home/shivam/arduinobot_ws/build/my_robot_bringup
