[0.040s] Invoking command in '/home/shivam/arduinobot_ws/build/arduinobot_firmware': CMAKE_PREFIX_PATH=/opt/ros/humble /usr/bin/cmake --build /home/shivam/arduinobot_ws/build/arduinobot_firmware -- -j12 -l12
[0.178s] [  0%] Built target ament_cmake_python_copy_arduinobot_firmware
[0.180s] [ 50%] Built target simple_serial_receiver
[0.187s] [100%] Built target simple_serial_transmitter
[0.740s] running egg_info
[0.742s] writing arduinobot_firmware.egg-info/PKG-INFO
[0.743s] writing dependency_links to arduinobot_firmware.egg-info/dependency_links.txt
[0.743s] writing top-level names to arduinobot_firmware.egg-info/top_level.txt
[0.745s] reading manifest file 'arduinobot_firmware.egg-info/SOURCES.txt'
[0.746s] writing manifest file 'arduinobot_firmware.egg-info/SOURCES.txt'
[0.775s] [100%] Built target ament_cmake_python_build_arduinobot_firmware_egg
[0.786s] Invoked command in '/home/shivam/arduinobot_ws/build/arduinobot_firmware' returned '0': CMAKE_PREFIX_PATH=/opt/ros/humble /usr/bin/cmake --build /home/shivam/arduinobot_ws/build/arduinobot_firmware -- -j12 -l12
[0.814s] Invoking command in '/home/shivam/arduinobot_ws/build/arduinobot_firmware': CMAKE_PREFIX_PATH=/opt/ros/humble /usr/bin/cmake --install /home/shivam/arduinobot_ws/build/arduinobot_firmware
[0.821s] -- Install configuration: ""
[0.823s] -- Up-to-date: /home/shivam/arduinobot_ws/install/arduinobot_firmware/share/arduinobot_firmware/environment/pythonpath.sh
[0.823s] -- Up-to-date: /home/shivam/arduinobot_ws/install/arduinobot_firmware/share/arduinobot_firmware/environment/pythonpath.dsv
[0.824s] -- Up-to-date: /home/shivam/arduinobot_ws/install/arduinobot_firmware/local/lib/python3.10/dist-packages/arduinobot_firmware-0.0.0-py3.10.egg-info
[0.824s] -- Installing: /home/shivam/arduinobot_ws/install/arduinobot_firmware/local/lib/python3.10/dist-packages/arduinobot_firmware-0.0.0-py3.10.egg-info/SOURCES.txt
[0.824s] -- Installing: /home/shivam/arduinobot_ws/install/arduinobot_firmware/local/lib/python3.10/dist-packages/arduinobot_firmware-0.0.0-py3.10.egg-info/dependency_links.txt
[0.825s] -- Installing: /home/shivam/arduinobot_ws/install/arduinobot_firmware/local/lib/python3.10/dist-packages/arduinobot_firmware-0.0.0-py3.10.egg-info/top_level.txt
[0.826s] -- Installing: /home/shivam/arduinobot_ws/install/arduinobot_firmware/local/lib/python3.10/dist-packages/arduinobot_firmware-0.0.0-py3.10.egg-info/PKG-INFO
[0.826s] -- Up-to-date: /home/shivam/arduinobot_ws/install/arduinobot_firmware/local/lib/python3.10/dist-packages/arduinobot_firmware
[0.826s] -- Up-to-date: /home/shivam/arduinobot_ws/install/arduinobot_firmware/local/lib/python3.10/dist-packages/arduinobot_firmware/simple_serial_receiver.py
[0.826s] -- Up-to-date: /home/shivam/arduinobot_ws/install/arduinobot_firmware/local/lib/python3.10/dist-packages/arduinobot_firmware/simple_serial_transmitter.py
[0.826s] -- Up-to-date: /home/shivam/arduinobot_ws/install/arduinobot_firmware/local/lib/python3.10/dist-packages/arduinobot_firmware/__init__.py
[0.863s] Listing '/home/shivam/arduinobot_ws/install/arduinobot_firmware/local/lib/python3.10/dist-packages/arduinobot_firmware'...
[0.869s] -- Up-to-date: /home/shivam/arduinobot_ws/install/arduinobot_firmware/lib/arduinobot_firmware/simple_serial_receiver
[0.870s] -- Up-to-date: /home/shivam/arduinobot_ws/install/arduinobot_firmware/lib/arduinobot_firmware/simple_serial_transmitter
[0.870s] -- Up-to-date: /home/shivam/arduinobot_ws/install/arduinobot_firmware/lib/arduinobot_firmware/simple_serial_transmitter.py
[0.870s] -- Up-to-date: /home/shivam/arduinobot_ws/install/arduinobot_firmware/lib/arduinobot_firmware/simple_serial_receiver.py
[0.871s] -- Up-to-date: /home/shivam/arduinobot_ws/install/arduinobot_firmware/share/ament_index/resource_index/package_run_dependencies/arduinobot_firmware
[0.872s] -- Up-to-date: /home/shivam/arduinobot_ws/install/arduinobot_firmware/share/ament_index/resource_index/parent_prefix_path/arduinobot_firmware
[0.873s] -- Up-to-date: /home/shivam/arduinobot_ws/install/arduinobot_firmware/share/arduinobot_firmware/environment/ament_prefix_path.sh
[0.873s] -- Up-to-date: /home/shivam/arduinobot_ws/install/arduinobot_firmware/share/arduinobot_firmware/environment/ament_prefix_path.dsv
[0.874s] -- Up-to-date: /home/shivam/arduinobot_ws/install/arduinobot_firmware/share/arduinobot_firmware/environment/path.sh
[0.874s] -- Up-to-date: /home/shivam/arduinobot_ws/install/arduinobot_firmware/share/arduinobot_firmware/environment/path.dsv
[0.874s] -- Up-to-date: /home/shivam/arduinobot_ws/install/arduinobot_firmware/share/arduinobot_firmware/local_setup.bash
[0.875s] -- Up-to-date: /home/shivam/arduinobot_ws/install/arduinobot_firmware/share/arduinobot_firmware/local_setup.sh
[0.875s] -- Up-to-date: /home/shivam/arduinobot_ws/install/arduinobot_firmware/share/arduinobot_firmware/local_setup.zsh
[0.875s] -- Up-to-date: /home/shivam/arduinobot_ws/install/arduinobot_firmware/share/arduinobot_firmware/local_setup.dsv
[0.876s] -- Installing: /home/shivam/arduinobot_ws/install/arduinobot_firmware/share/arduinobot_firmware/package.dsv
[0.877s] -- Up-to-date: /home/shivam/arduinobot_ws/install/arduinobot_firmware/share/ament_index/resource_index/packages/arduinobot_firmware
[0.878s] -- Up-to-date: /home/shivam/arduinobot_ws/install/arduinobot_firmware/share/arduinobot_firmware/cmake/arduinobot_firmwareConfig.cmake
[0.879s] -- Up-to-date: /home/shivam/arduinobot_ws/install/arduinobot_firmware/share/arduinobot_firmware/cmake/arduinobot_firmwareConfig-version.cmake
[0.879s] -- Up-to-date: /home/shivam/arduinobot_ws/install/arduinobot_firmware/share/arduinobot_firmware/package.xml
[0.884s] Invoked command in '/home/shivam/arduinobot_ws/build/arduinobot_firmware' returned '0': CMAKE_PREFIX_PATH=/opt/ros/humble /usr/bin/cmake --install /home/shivam/arduinobot_ws/build/arduinobot_firmware
