[0.043s] Invoking command in '/home/shivam/arduinobot_ws/build/arduinobot_description': CMAKE_PREFIX_PATH=/opt/ros/humble /usr/bin/cmake --build /home/shivam/arduinobot_ws/build/arduinobot_description -- -j12 -l12
[0.215s] Invoked command in '/home/shivam/arduinobot_ws/build/arduinobot_description' returned '0': CMAKE_PREFIX_PATH=/opt/ros/humble /usr/bin/cmake --build /home/shivam/arduinobot_ws/build/arduinobot_description -- -j12 -l12
[0.301s] Invoking command in '/home/shivam/arduinobot_ws/build/arduinobot_description': CMAKE_PREFIX_PATH=/opt/ros/humble /usr/bin/cmake --install /home/shivam/arduinobot_ws/build/arduinobot_description
[0.330s] -- Install configuration: ""
[0.330s] -- Up-to-date: /home/shivam/arduinobot_ws/install/arduinobot_description/share/arduinobot_description/launch
[0.341s] -- Up-to-date: /home/shivam/arduinobot_ws/install/arduinobot_description/share/arduinobot_description/meshes
[0.350s] -- Up-to-date: /home/shivam/arduinobot_ws/install/arduinobot_description/share/arduinobot_description/meshes/pi_camera.STL:Zone.Identifier
[0.353s] -- Up-to-date: /home/shivam/arduinobot_ws/install/arduinobot_description/share/arduinobot_description/meshes/pi_camera.STL
[0.355s] -- Up-to-date: /home/shivam/arduinobot_ws/install/arduinobot_description/share/arduinobot_description/models
[0.357s] -- Up-to-date: /home/shivam/arduinobot_ws/install/arduinobot_description/share/arduinobot_description/models/ground_plane
[0.359s] -- Up-to-date: /home/shivam/arduinobot_ws/install/arduinobot_description/share/arduinobot_description/models/ground_plane/model-1_2.sdf
[0.359s] -- Up-to-date: /home/shivam/arduinobot_ws/install/arduinobot_description/share/arduinobot_description/models/ground_plane/model-1_4.sdf
[0.359s] -- Up-to-date: /home/shivam/arduinobot_ws/install/arduinobot_description/share/arduinobot_description/models/ground_plane/model.sdf
[0.359s] -- Up-to-date: /home/shivam/arduinobot_ws/install/arduinobot_description/share/arduinobot_description/models/ground_plane/model.config
[0.359s] -- Up-to-date: /home/shivam/arduinobot_ws/install/arduinobot_description/share/arduinobot_description/models/ground_plane/model-1_3.sdf
[0.359s] -- Up-to-date: /home/shivam/arduinobot_ws/install/arduinobot_description/share/arduinobot_description/models/sun
[0.364s] -- Up-to-date: /home/shivam/arduinobot_ws/install/arduinobot_description/share/arduinobot_description/models/sun/model-1_2.sdf
[0.365s] -- Up-to-date: /home/shivam/arduinobot_ws/install/arduinobot_description/share/arduinobot_description/models/sun/model-1_4.sdf
[0.365s] -- Up-to-date: /home/shivam/arduinobot_ws/install/arduinobot_description/share/arduinobot_description/models/sun/model.sdf
[0.365s] -- Up-to-date: /home/shivam/arduinobot_ws/install/arduinobot_description/share/arduinobot_description/models/sun/model.config
[0.365s] -- Up-to-date: /home/shivam/arduinobot_ws/install/arduinobot_description/share/arduinobot_description/models/sun/model-1_3.sdf
[0.365s] -- Up-to-date: /home/shivam/arduinobot_ws/install/arduinobot_description/share/arduinobot_description/urdf
[0.374s] -- Up-to-date: /home/shivam/arduinobot_ws/install/arduinobot_description/share/arduinobot_description/urdf/arduinobot_gazebo.xacro
[0.374s] -- Up-to-date: /home/shivam/arduinobot_ws/install/arduinobot_description/share/arduinobot_description/urdf/arduinobot_ros2_control.xacro
[0.374s] -- Up-to-date: /home/shivam/arduinobot_ws/install/arduinobot_description/share/arduinobot_description/rviz
[0.437s] -- Installing: /home/shivam/arduinobot_ws/install/arduinobot_description/share/arduinobot_description/package.dsv
[0.471s] Invoked command in '/home/shivam/arduinobot_ws/build/arduinobot_description' returned '0': CMAKE_PREFIX_PATH=/opt/ros/humble /usr/bin/cmake --install /home/shivam/arduinobot_ws/build/arduinobot_description
