[1.321s] DEBUG:colcon:Command line arguments: ['/usr/bin/colcon', 'list', '-p', '--base-paths', '/home/shivam/arduinobot_ws']
[1.321s] DEBUG:colcon:Parsed command line arguments: Namespace(log_base=None, log_level=None, verb_name='list', build_base='build', ignore_user_meta=False, metas=['./colcon.meta'], base_paths=['/home/shivam/arduinobot_ws'], packages_ignore=None, packages_ignore_regex=None, paths=None, packages_up_to=None, packages_up_to_regex=None, packages_above=None, packages_above_and_dependencies=None, packages_above_depth=None, packages_select_by_dep=None, packages_skip_by_dep=None, packages_skip_up_to=None, packages_select_build_failed=False, packages_skip_build_finished=False, packages_select_test_failures=False, packages_skip_test_passed=False, packages_select=None, packages_skip=None, packages_select_regex=None, packages_skip_regex=None, packages_start=None, packages_end=None, allow_overriding=[], topological_order=False, names_only=False, paths_only=True, topological_graph=False, topological_graph_dot=False, topological_graph_density=False, topological_graph_legend=False, topological_graph_dot_cluster=False, topological_graph_dot_include_skipped=False, verb_parser=<colcon_defaults.argument_parser.defaults.DefaultArgumentsDecorator object at 0x7fe58b70e410>, verb_extension=<colcon_package_information.verb.list.ListVerb object at 0x7fe58b759f60>, main=<bound method ListVerb.main of <colcon_package_information.verb.list.ListVerb object at 0x7fe58b759f60>>)
[1.371s] Level 1:colcon.colcon_core.package_discovery:discover_packages(colcon_meta) check parameters
[1.371s] Level 1:colcon.colcon_core.package_discovery:discover_packages(recursive) check parameters
[1.371s] Level 1:colcon.colcon_core.package_discovery:discover_packages(ignore) check parameters
[1.371s] Level 1:colcon.colcon_core.package_discovery:discover_packages(path) check parameters
[1.371s] Level 1:colcon.colcon_core.package_discovery:discover_packages(recursive) discover
[1.371s] INFO:colcon.colcon_core.package_discovery:Crawling recursively for packages in '/home/shivam/arduinobot_ws'
[1.371s] Level 1:colcon.colcon_core.package_identification:_identify(/home/shivam/arduinobot_ws) by extensions ['ignore', 'ignore_ament_install']
[1.371s] Level 1:colcon.colcon_core.package_identification:_identify(/home/shivam/arduinobot_ws) by extension 'ignore'
[1.371s] Level 1:colcon.colcon_core.package_identification:_identify(/home/shivam/arduinobot_ws) by extension 'ignore_ament_install'
[1.371s] Level 1:colcon.colcon_core.package_identification:_identify(/home/shivam/arduinobot_ws) by extensions ['colcon_pkg']
[1.371s] Level 1:colcon.colcon_core.package_identification:_identify(/home/shivam/arduinobot_ws) by extension 'colcon_pkg'
[1.372s] Level 1:colcon.colcon_core.package_identification:_identify(/home/shivam/arduinobot_ws) by extensions ['colcon_meta']
[1.372s] Level 1:colcon.colcon_core.package_identification:_identify(/home/shivam/arduinobot_ws) by extension 'colcon_meta'
[1.372s] Level 1:colcon.colcon_core.package_identification:_identify(/home/shivam/arduinobot_ws) by extensions ['ros']
[1.372s] Level 1:colcon.colcon_core.package_identification:_identify(/home/shivam/arduinobot_ws) by extension 'ros'
[1.384s] Level 1:colcon.colcon_core.package_identification:_identify(/home/shivam/arduinobot_ws) by extensions ['cmake', 'python']
[1.385s] Level 1:colcon.colcon_core.package_identification:_identify(/home/shivam/arduinobot_ws) by extension 'cmake'
[1.385s] Level 1:colcon.colcon_core.package_identification:_identify(/home/shivam/arduinobot_ws) by extension 'python'
[1.385s] Level 1:colcon.colcon_core.package_identification:_identify(/home/shivam/arduinobot_ws) by extensions ['python_setup_py']
[1.385s] Level 1:colcon.colcon_core.package_identification:_identify(/home/shivam/arduinobot_ws) by extension 'python_setup_py'
[1.385s] Level 1:colcon.colcon_core.package_identification:_identify(/home/shivam/arduinobot_ws/build) by extensions ['ignore', 'ignore_ament_install']
[1.385s] Level 1:colcon.colcon_core.package_identification:_identify(/home/shivam/arduinobot_ws/build) by extension 'ignore'
[1.385s] Level 1:colcon.colcon_core.package_identification:_identify(/home/shivam/arduinobot_ws/build) ignored
[1.385s] Level 1:colcon.colcon_core.package_identification:_identify(/home/shivam/arduinobot_ws/install) by extensions ['ignore', 'ignore_ament_install']
[1.385s] Level 1:colcon.colcon_core.package_identification:_identify(/home/shivam/arduinobot_ws/install) by extension 'ignore'
[1.385s] Level 1:colcon.colcon_core.package_identification:_identify(/home/shivam/arduinobot_ws/install) ignored
[1.386s] Level 1:colcon.colcon_core.package_identification:_identify(/home/shivam/arduinobot_ws/log) by extensions ['ignore', 'ignore_ament_install']
[1.386s] Level 1:colcon.colcon_core.package_identification:_identify(/home/shivam/arduinobot_ws/log) by extension 'ignore'
[1.386s] Level 1:colcon.colcon_core.package_identification:_identify(/home/shivam/arduinobot_ws/log) ignored
[1.386s] Level 1:colcon.colcon_core.package_identification:_identify(/home/shivam/arduinobot_ws/src) by extensions ['ignore', 'ignore_ament_install']
[1.386s] Level 1:colcon.colcon_core.package_identification:_identify(/home/shivam/arduinobot_ws/src) by extension 'ignore'
[1.386s] Level 1:colcon.colcon_core.package_identification:_identify(/home/shivam/arduinobot_ws/src) by extension 'ignore_ament_install'
[1.386s] Level 1:colcon.colcon_core.package_identification:_identify(/home/shivam/arduinobot_ws/src) by extensions ['colcon_pkg']
[1.386s] Level 1:colcon.colcon_core.package_identification:_identify(/home/shivam/arduinobot_ws/src) by extension 'colcon_pkg'
[1.386s] Level 1:colcon.colcon_core.package_identification:_identify(/home/shivam/arduinobot_ws/src) by extensions ['colcon_meta']
[1.386s] Level 1:colcon.colcon_core.package_identification:_identify(/home/shivam/arduinobot_ws/src) by extension 'colcon_meta'
[1.386s] Level 1:colcon.colcon_core.package_identification:_identify(/home/shivam/arduinobot_ws/src) by extensions ['ros']
[1.386s] Level 1:colcon.colcon_core.package_identification:_identify(/home/shivam/arduinobot_ws/src) by extension 'ros'
[1.386s] Level 1:colcon.colcon_core.package_identification:_identify(/home/shivam/arduinobot_ws/src) by extensions ['cmake', 'python']
[1.386s] Level 1:colcon.colcon_core.package_identification:_identify(/home/shivam/arduinobot_ws/src) by extension 'cmake'
[1.386s] Level 1:colcon.colcon_core.package_identification:_identify(/home/shivam/arduinobot_ws/src) by extension 'python'
[1.386s] Level 1:colcon.colcon_core.package_identification:_identify(/home/shivam/arduinobot_ws/src) by extensions ['python_setup_py']
[1.386s] Level 1:colcon.colcon_core.package_identification:_identify(/home/shivam/arduinobot_ws/src) by extension 'python_setup_py'
[1.387s] Level 1:colcon.colcon_core.package_identification:_identify(/home/shivam/arduinobot_ws/src/arduinobot_description) by extensions ['ignore', 'ignore_ament_install']
[1.387s] Level 1:colcon.colcon_core.package_identification:_identify(/home/shivam/arduinobot_ws/src/arduinobot_description) by extension 'ignore'
[1.387s] Level 1:colcon.colcon_core.package_identification:_identify(/home/shivam/arduinobot_ws/src/arduinobot_description) by extension 'ignore_ament_install'
[1.387s] Level 1:colcon.colcon_core.package_identification:_identify(/home/shivam/arduinobot_ws/src/arduinobot_description) by extensions ['colcon_pkg']
[1.387s] Level 1:colcon.colcon_core.package_identification:_identify(/home/shivam/arduinobot_ws/src/arduinobot_description) by extension 'colcon_pkg'
[1.387s] Level 1:colcon.colcon_core.package_identification:_identify(/home/shivam/arduinobot_ws/src/arduinobot_description) by extensions ['colcon_meta']
[1.387s] Level 1:colcon.colcon_core.package_identification:_identify(/home/shivam/arduinobot_ws/src/arduinobot_description) by extension 'colcon_meta'
[1.387s] Level 1:colcon.colcon_core.package_identification:_identify(/home/shivam/arduinobot_ws/src/arduinobot_description) by extensions ['ros']
[1.387s] Level 1:colcon.colcon_core.package_identification:_identify(/home/shivam/arduinobot_ws/src/arduinobot_description) by extension 'ros'
[1.390s] DEBUG:colcon.colcon_core.package_identification:Package '/home/shivam/arduinobot_ws/src/arduinobot_description' with type 'ros.ament_cmake' and name 'arduinobot_description'
[1.391s] Level 1:colcon.colcon_core.package_identification:_identify(/home/shivam/arduinobot_ws/src/arduinobot_py_examples) by extensions ['ignore', 'ignore_ament_install']
[1.391s] Level 1:colcon.colcon_core.package_identification:_identify(/home/shivam/arduinobot_ws/src/arduinobot_py_examples) by extension 'ignore'
[1.391s] Level 1:colcon.colcon_core.package_identification:_identify(/home/shivam/arduinobot_ws/src/arduinobot_py_examples) by extension 'ignore_ament_install'
[1.391s] Level 1:colcon.colcon_core.package_identification:_identify(/home/shivam/arduinobot_ws/src/arduinobot_py_examples) by extensions ['colcon_pkg']
[1.391s] Level 1:colcon.colcon_core.package_identification:_identify(/home/shivam/arduinobot_ws/src/arduinobot_py_examples) by extension 'colcon_pkg'
[1.391s] Level 1:colcon.colcon_core.package_identification:_identify(/home/shivam/arduinobot_ws/src/arduinobot_py_examples) by extensions ['colcon_meta']
[1.391s] Level 1:colcon.colcon_core.package_identification:_identify(/home/shivam/arduinobot_ws/src/arduinobot_py_examples) by extension 'colcon_meta'
[1.391s] Level 1:colcon.colcon_core.package_identification:_identify(/home/shivam/arduinobot_ws/src/arduinobot_py_examples) by extensions ['ros']
[1.391s] Level 1:colcon.colcon_core.package_identification:_identify(/home/shivam/arduinobot_ws/src/arduinobot_py_examples) by extension 'ros'
[1.393s] DEBUG:colcon.colcon_core.package_identification:Package '/home/shivam/arduinobot_ws/src/arduinobot_py_examples' with type 'ros.ament_python' and name 'arduinobot_py_examples'
[1.393s] Level 1:colcon.colcon_core.package_identification:_identify(/home/shivam/arduinobot_ws/src/build) by extensions ['ignore', 'ignore_ament_install']
[1.393s] Level 1:colcon.colcon_core.package_identification:_identify(/home/shivam/arduinobot_ws/src/build) by extension 'ignore'
[1.393s] Level 1:colcon.colcon_core.package_identification:_identify(/home/shivam/arduinobot_ws/src/build) ignored
[1.393s] Level 1:colcon.colcon_core.package_identification:_identify(/home/shivam/arduinobot_ws/src/install) by extensions ['ignore', 'ignore_ament_install']
[1.394s] Level 1:colcon.colcon_core.package_identification:_identify(/home/shivam/arduinobot_ws/src/install) by extension 'ignore'
[1.394s] Level 1:colcon.colcon_core.package_identification:_identify(/home/shivam/arduinobot_ws/src/install) ignored
[1.394s] Level 1:colcon.colcon_core.package_identification:_identify(/home/shivam/arduinobot_ws/src/log) by extensions ['ignore', 'ignore_ament_install']
[1.394s] Level 1:colcon.colcon_core.package_identification:_identify(/home/shivam/arduinobot_ws/src/log) by extension 'ignore'
[1.394s] Level 1:colcon.colcon_core.package_identification:_identify(/home/shivam/arduinobot_ws/src/log) ignored
[1.394s] Level 1:colcon.colcon_core.package_identification:_identify(/home/shivam/arduinobot_ws/src/my_robot_bringup) by extensions ['ignore', 'ignore_ament_install']
[1.394s] Level 1:colcon.colcon_core.package_identification:_identify(/home/shivam/arduinobot_ws/src/my_robot_bringup) by extension 'ignore'
[1.394s] Level 1:colcon.colcon_core.package_identification:_identify(/home/shivam/arduinobot_ws/src/my_robot_bringup) by extension 'ignore_ament_install'
[1.394s] Level 1:colcon.colcon_core.package_identification:_identify(/home/shivam/arduinobot_ws/src/my_robot_bringup) by extensions ['colcon_pkg']
[1.394s] Level 1:colcon.colcon_core.package_identification:_identify(/home/shivam/arduinobot_ws/src/my_robot_bringup) by extension 'colcon_pkg'
[1.394s] Level 1:colcon.colcon_core.package_identification:_identify(/home/shivam/arduinobot_ws/src/my_robot_bringup) by extensions ['colcon_meta']
[1.394s] Level 1:colcon.colcon_core.package_identification:_identify(/home/shivam/arduinobot_ws/src/my_robot_bringup) by extension 'colcon_meta'
[1.395s] Level 1:colcon.colcon_core.package_identification:_identify(/home/shivam/arduinobot_ws/src/my_robot_bringup) by extensions ['ros']
[1.395s] Level 1:colcon.colcon_core.package_identification:_identify(/home/shivam/arduinobot_ws/src/my_robot_bringup) by extension 'ros'
[1.395s] DEBUG:colcon.colcon_core.package_identification:Package '/home/shivam/arduinobot_ws/src/my_robot_bringup' with type 'ros.ament_cmake' and name 'my_robot_bringup'
[1.395s] Level 1:colcon.colcon_core.package_discovery:discover_packages(recursive) using defaults
