[0.044s] Invoking command in '/home/shivam/arduinobot_ws/build/arduinobot_controller': CMAKE_PREFIX_PATH=/opt/ros/humble /usr/bin/cmake --build /home/shivam/arduinobot_ws/build/arduinobot_controller -- -j12 -l12
[0.122s] -- Found ament_cmake: 1.3.8 (/opt/ros/humble/share/ament_cmake/cmake)
[0.463s] -- Found trajectory_msgs: 4.2.3 (/opt/ros/humble/share/trajectory_msgs/cmake)
[0.758s] -- Found rosidl_generator_c: 3.1.5 (/opt/ros/humble/share/rosidl_generator_c/cmake)
[0.758s] -- Found rosidl_adapter: 3.1.5 (/opt/ros/humble/share/rosidl_adapter/cmake)
[0.764s] -- Found rosidl_generator_cpp: 3.1.5 (/opt/ros/humble/share/rosidl_generator_cpp/cmake)
[0.796s] -- Using all available rosidl_typesupport_c: rosidl_typesupport_fastrtps_c;rosidl_typesupport_introspection_c
[0.824s] -- Using all available rosidl_typesupport_cpp: rosidl_typesupport_fastrtps_cpp;rosidl_typesupport_introspection_cpp
[1.258s] -- Found sensor_msgs: 4.2.3 (/opt/ros/humble/share/sensor_msgs/cmake)
[1.353s] -- Found rclcpp: 16.0.8 (/opt/ros/humble/share/rclcpp/cmake)
[1.405s] -- Found rmw_implementation_cmake: 6.1.1 (/opt/ros/humble/share/rmw_implementation_cmake/cmake)
[1.407s] -- Found rmw_fastrtps_cpp: 6.2.6 (/opt/ros/humble/share/rmw_fastrtps_cpp/cmake)
[13.948s] -- Using RMW implementation 'rmw_fastrtps_cpp' as default
[14.097s] -- Found rclpy: 3.3.12 (/opt/ros/humble/share/rclpy/cmake)
[14.097s] -- Found hardware_interface: 2.40.0 (/opt/ros/humble/share/hardware_interface/cmake)
[17.112s] -- Configuring done
[17.145s] -- Generating done
[17.147s] -- Build files have been written to: /home/shivam/arduinobot_ws/build/arduinobot_controller
[17.180s] [35m[1mConsolidate compiler generated dependencies of target slider_control[0m
[17.183s] [35m[1mConsolidate compiler generated dependencies of target arduinobot_controller[0m
[17.202s] [ 25%] [32mBuilding CXX object CMakeFiles/arduinobot_controller.dir/src/arduinobot_interface.cpp.o[0m
[17.203s] [ 50%] [32mBuilding CXX object CMakeFiles/slider_control.dir/src/slider_control.cpp.o[0m
[17.204s] [ 50%] Built target ament_cmake_python_copy_arduinobot_controller
[17.575s] running egg_info
[17.576s] writing arduinobot_controller.egg-info/PKG-INFO
[17.576s] writing dependency_links to arduinobot_controller.egg-info/dependency_links.txt
[17.576s] writing top-level names to arduinobot_controller.egg-info/top_level.txt
[17.582s] reading manifest file 'arduinobot_controller.egg-info/SOURCES.txt'
[17.584s] writing manifest file 'arduinobot_controller.egg-info/SOURCES.txt'
[17.623s] [ 50%] Built target ament_cmake_python_build_arduinobot_controller_egg
[22.246s] [ 75%] [32m[1mLinking CXX shared library libarduinobot_controller.so[0m
[22.622s] [ 75%] Built target arduinobot_controller
[28.374s] [100%] [32m[1mLinking CXX executable slider_control[0m
[29.048s] [100%] Built target slider_control
[29.058s] Invoked command in '/home/shivam/arduinobot_ws/build/arduinobot_controller' returned '0': CMAKE_PREFIX_PATH=/opt/ros/humble /usr/bin/cmake --build /home/shivam/arduinobot_ws/build/arduinobot_controller -- -j12 -l12
[29.087s] Invoking command in '/home/shivam/arduinobot_ws/build/arduinobot_controller': CMAKE_PREFIX_PATH=/opt/ros/humble /usr/bin/cmake --install /home/shivam/arduinobot_ws/build/arduinobot_controller
[29.093s] -- Install configuration: ""
[29.093s] -- Up-to-date: /home/shivam/arduinobot_ws/install/arduinobot_controller/share/arduinobot_controller/arduinobot_controller.xml
[29.094s] -- Up-to-date: /home/shivam/arduinobot_ws/install/arduinobot_controller/share/arduinobot_controller/environment/pythonpath.sh
[29.094s] -- Installing: /home/shivam/arduinobot_ws/install/arduinobot_controller/share/arduinobot_controller/environment/pythonpath.dsv
[29.094s] -- Up-to-date: /home/shivam/arduinobot_ws/install/arduinobot_controller/local/lib/python3.10/dist-packages/arduinobot_controller-0.0.0-py3.10.egg-info
[29.094s] -- Installing: /home/shivam/arduinobot_ws/install/arduinobot_controller/local/lib/python3.10/dist-packages/arduinobot_controller-0.0.0-py3.10.egg-info/SOURCES.txt
[29.094s] -- Installing: /home/shivam/arduinobot_ws/install/arduinobot_controller/local/lib/python3.10/dist-packages/arduinobot_controller-0.0.0-py3.10.egg-info/dependency_links.txt
[29.094s] -- Installing: /home/shivam/arduinobot_ws/install/arduinobot_controller/local/lib/python3.10/dist-packages/arduinobot_controller-0.0.0-py3.10.egg-info/top_level.txt
[29.094s] -- Installing: /home/shivam/arduinobot_ws/install/arduinobot_controller/local/lib/python3.10/dist-packages/arduinobot_controller-0.0.0-py3.10.egg-info/PKG-INFO
[29.094s] -- Up-to-date: /home/shivam/arduinobot_ws/install/arduinobot_controller/local/lib/python3.10/dist-packages/arduinobot_controller
[29.094s] -- Up-to-date: /home/shivam/arduinobot_ws/install/arduinobot_controller/local/lib/python3.10/dist-packages/arduinobot_controller/__init__.py
[29.094s] -- Up-to-date: /home/shivam/arduinobot_ws/install/arduinobot_controller/local/lib/python3.10/dist-packages/arduinobot_controller/slider_control.py
[29.125s] Listing '/home/shivam/arduinobot_ws/install/arduinobot_controller/local/lib/python3.10/dist-packages/arduinobot_controller'...
[29.126s] Compiling '/home/shivam/arduinobot_ws/install/arduinobot_controller/local/lib/python3.10/dist-packages/arduinobot_controller/__init__.py'...
[29.126s] Compiling '/home/shivam/arduinobot_ws/install/arduinobot_controller/local/lib/python3.10/dist-packages/arduinobot_controller/slider_control.py'...
[29.130s] -- Installing: /home/shivam/arduinobot_ws/install/arduinobot_controller/lib/arduinobot_controller/slider_control
[29.134s] -- Set runtime path of "/home/shivam/arduinobot_ws/install/arduinobot_controller/lib/arduinobot_controller/slider_control" to ""
[29.134s] -- Installing: /home/shivam/arduinobot_ws/install/arduinobot_controller/lib/libarduinobot_controller.so
[29.135s] -- Set runtime path of "/home/shivam/arduinobot_ws/install/arduinobot_controller/lib/libarduinobot_controller.so" to ""
[29.135s] -- Up-to-date: /home/shivam/arduinobot_ws/install/arduinobot_controller/include/include
[29.135s] -- Up-to-date: /home/shivam/arduinobot_ws/install/arduinobot_controller/include/include/arduinobot_controller
[29.136s] -- Up-to-date: /home/shivam/arduinobot_ws/install/arduinobot_controller/include/include/arduinobot_controller/arduinobot_interface.hpp
[29.136s] -- Up-to-date: /home/shivam/arduinobot_ws/install/arduinobot_controller/share/arduinobot_controller/launch
[29.136s] -- Up-to-date: /home/shivam/arduinobot_ws/install/arduinobot_controller/share/arduinobot_controller/launch/controller.launch.py
[29.136s] -- Up-to-date: /home/shivam/arduinobot_ws/install/arduinobot_controller/share/arduinobot_controller/launch/slider_controller.launch.py
[29.137s] -- Up-to-date: /home/shivam/arduinobot_ws/install/arduinobot_controller/share/arduinobot_controller/config
[29.137s] -- Up-to-date: /home/shivam/arduinobot_ws/install/arduinobot_controller/share/arduinobot_controller/config/arduinobot_controllers.yaml
[29.137s] -- Up-to-date: /home/shivam/arduinobot_ws/install/arduinobot_controller/lib/arduinobot_controller/slider_control.py
[29.137s] -- Installing: /home/shivam/arduinobot_ws/install/arduinobot_controller/share/arduinobot_controller/environment/library_path.sh
[29.137s] -- Installing: /home/shivam/arduinobot_ws/install/arduinobot_controller/share/arduinobot_controller/environment/library_path.dsv
[29.137s] -- Up-to-date: /home/shivam/arduinobot_ws/install/arduinobot_controller/share/ament_index/resource_index/package_run_dependencies/arduinobot_controller
[29.137s] -- Up-to-date: /home/shivam/arduinobot_ws/install/arduinobot_controller/share/ament_index/resource_index/parent_prefix_path/arduinobot_controller
[29.137s] -- Installing: /home/shivam/arduinobot_ws/install/arduinobot_controller/share/arduinobot_controller/environment/ament_prefix_path.sh
[29.137s] -- Installing: /home/shivam/arduinobot_ws/install/arduinobot_controller/share/arduinobot_controller/environment/ament_prefix_path.dsv
[29.138s] -- Installing: /home/shivam/arduinobot_ws/install/arduinobot_controller/share/arduinobot_controller/environment/path.sh
[29.138s] -- Installing: /home/shivam/arduinobot_ws/install/arduinobot_controller/share/arduinobot_controller/environment/path.dsv
[29.138s] -- Up-to-date: /home/shivam/arduinobot_ws/install/arduinobot_controller/share/arduinobot_controller/local_setup.bash
[29.138s] -- Up-to-date: /home/shivam/arduinobot_ws/install/arduinobot_controller/share/arduinobot_controller/local_setup.sh
[29.139s] -- Up-to-date: /home/shivam/arduinobot_ws/install/arduinobot_controller/share/arduinobot_controller/local_setup.zsh
[29.139s] -- Installing: /home/shivam/arduinobot_ws/install/arduinobot_controller/share/arduinobot_controller/local_setup.dsv
[29.139s] -- Installing: /home/shivam/arduinobot_ws/install/arduinobot_controller/share/arduinobot_controller/package.dsv
[29.139s] -- Up-to-date: /home/shivam/arduinobot_ws/install/arduinobot_controller/share/ament_index/resource_index/packages/arduinobot_controller
[29.139s] -- Up-to-date: /home/shivam/arduinobot_ws/install/arduinobot_controller/share/ament_index/resource_index/hardware_interface__pluginlib__plugin/arduinobot_controller
[29.139s] -- Up-to-date: /home/shivam/arduinobot_ws/install/arduinobot_controller/share/arduinobot_controller/cmake/ament_cmake_export_include_directories-extras.cmake
[29.140s] -- Up-to-date: /home/shivam/arduinobot_ws/install/arduinobot_controller/share/arduinobot_controller/cmake/ament_cmake_export_libraries-extras.cmake
[29.140s] -- Up-to-date: /home/shivam/arduinobot_ws/install/arduinobot_controller/share/arduinobot_controller/cmake/ament_cmake_export_dependencies-extras.cmake
[29.140s] -- Up-to-date: /home/shivam/arduinobot_ws/install/arduinobot_controller/share/arduinobot_controller/cmake/arduinobot_controllerConfig.cmake
[29.141s] -- Up-to-date: /home/shivam/arduinobot_ws/install/arduinobot_controller/share/arduinobot_controller/cmake/arduinobot_controllerConfig-version.cmake
[29.141s] -- Up-to-date: /home/shivam/arduinobot_ws/install/arduinobot_controller/share/arduinobot_controller/package.xml
[29.141s] Invoked command in '/home/shivam/arduinobot_ws/build/arduinobot_controller' returned '0': CMAKE_PREFIX_PATH=/opt/ros/humble /usr/bin/cmake --install /home/shivam/arduinobot_ws/build/arduinobot_controller
