[0.186s] Invoking command in '/home/shivam/arduinobot_ws/build/arduinobot_description': CMAKE_PREFIX_PATH=${CMAKE_PREFIX_PATH}:/home/shivam/ros2Workspace04/install/automatedManipulator:/home/shivam/ros2Workspace04/install/arduinobot_py_examples:/home/shivam/arduinobot_ws/install/arduinobot_py_examples:/opt/ros/humble /usr/bin/cmake --build /home/shivam/arduinobot_ws/build/arduinobot_description -- -j12 -l12
[0.590s] Invoked command in '/home/shivam/arduinobot_ws/build/arduinobot_description' returned '0': CMAKE_PREFIX_PATH=${CMAKE_PREFIX_PATH}:/home/shivam/ros2Workspace04/install/automatedManipulator:/home/shivam/ros2Workspace04/install/arduinobot_py_examples:/home/shivam/arduinobot_ws/install/arduinobot_py_examples:/opt/ros/humble /usr/bin/cmake --build /home/shivam/arduinobot_ws/build/arduinobot_description -- -j12 -l12
[0.621s] Invoking command in '/home/shivam/arduinobot_ws/build/arduinobot_description': CMAKE_PREFIX_PATH=${CMAKE_PREFIX_PATH}:/home/shivam/ros2Workspace04/install/automatedManipulator:/home/shivam/ros2Workspace04/install/arduinobot_py_examples:/home/shivam/arduinobot_ws/install/arduinobot_py_examples:/opt/ros/humble /usr/bin/cmake --install /home/shivam/arduinobot_ws/build/arduinobot_description
[0.628s] -- Install configuration: ""
[0.628s] -- Up-to-date: /home/shivam/arduinobot_ws/install/arduinobot_description/share/arduinobot_description/meshes
[0.629s] -- Up-to-date: /home/shivam/arduinobot_ws/install/arduinobot_description/share/arduinobot_description/meshes/round_plate.STL:Zone.Identifier
[0.629s] -- Up-to-date: /home/shivam/arduinobot_ws/install/arduinobot_description/share/arduinobot_description/meshes/right_finger.STL
[0.629s] -- Up-to-date: /home/shivam/arduinobot_ws/install/arduinobot_description/share/arduinobot_description/meshes/link.STL:Zone.Identifier
[0.629s] -- Up-to-date: /home/shivam/arduinobot_ws/install/arduinobot_description/share/arduinobot_description/meshes/forward_drive_arm.STL:Zone.Identifier
[0.629s] -- Up-to-date: /home/shivam/arduinobot_ws/install/arduinobot_description/share/arduinobot_description/meshes/driven_gear.STL:Zone.Identifier
[0.629s] -- Up-to-date: /home/shivam/arduinobot_ws/install/arduinobot_description/share/arduinobot_description/meshes/claw_support.STL:Zone.Identifier
[0.629s] -- Up-to-date: /home/shivam/arduinobot_ws/install/arduinobot_description/share/arduinobot_description/meshes/vertical_drive_arm.STL:Zone.Identifier
[0.630s] -- Up-to-date: /home/shivam/arduinobot_ws/install/arduinobot_description/share/arduinobot_description/meshes/plate.STL
[0.630s] -- Up-to-date: /home/shivam/arduinobot_ws/install/arduinobot_description/share/arduinobot_description/meshes/left_finger.STL
[0.630s] -- Up-to-date: /home/shivam/arduinobot_ws/install/arduinobot_description/share/arduinobot_description/meshes/horizontal_arm.STL:Zone.Identifier
[0.630s] -- Up-to-date: /home/shivam/arduinobot_ws/install/arduinobot_description/share/arduinobot_description/meshes/round_plate.STL
[0.630s] -- Up-to-date: /home/shivam/arduinobot_ws/install/arduinobot_description/share/arduinobot_description/meshes/servo_plate.STL
[0.631s] -- Up-to-date: /home/shivam/arduinobot_ws/install/arduinobot_description/share/arduinobot_description/meshes/triangular_link.STL
[0.631s] -- Up-to-date: /home/shivam/arduinobot_ws/install/arduinobot_description/share/arduinobot_description/meshes/forward_drive_arm.STL
[0.631s] -- Up-to-date: /home/shivam/arduinobot_ws/install/arduinobot_description/share/arduinobot_description/meshes/right_finger.STL:Zone.Identifier
[0.631s] -- Up-to-date: /home/shivam/arduinobot_ws/install/arduinobot_description/share/arduinobot_description/meshes/driven_gear.STL
[0.631s] -- Up-to-date: /home/shivam/arduinobot_ws/install/arduinobot_description/share/arduinobot_description/meshes/drive_gear.STL
[0.632s] -- Up-to-date: /home/shivam/arduinobot_ws/install/arduinobot_description/share/arduinobot_description/meshes/claw_support.STL
[0.632s] -- Up-to-date: /home/shivam/arduinobot_ws/install/arduinobot_description/share/arduinobot_description/meshes/base_plate.STL
[0.632s] -- Up-to-date: /home/shivam/arduinobot_ws/install/arduinobot_description/share/arduinobot_description/meshes/left_finger.STL:Zone.Identifier
[0.632s] -- Up-to-date: /home/shivam/arduinobot_ws/install/arduinobot_description/share/arduinobot_description/meshes/link.STL
[0.632s] -- Up-to-date: /home/shivam/arduinobot_ws/install/arduinobot_description/share/arduinobot_description/meshes/basement.STL
[0.632s] -- Up-to-date: /home/shivam/arduinobot_ws/install/arduinobot_description/share/arduinobot_description/meshes/triangular_link.STL:Zone.Identifier
[0.632s] -- Up-to-date: /home/shivam/arduinobot_ws/install/arduinobot_description/share/arduinobot_description/meshes/horizontal_arm.STL
[0.633s] -- Up-to-date: /home/shivam/arduinobot_ws/install/arduinobot_description/share/arduinobot_description/meshes/drive_gear.STL:Zone.Identifier
[0.633s] -- Up-to-date: /home/shivam/arduinobot_ws/install/arduinobot_description/share/arduinobot_description/meshes/plate.STL:Zone.Identifier
[0.633s] -- Up-to-date: /home/shivam/arduinobot_ws/install/arduinobot_description/share/arduinobot_description/meshes/basement.STL:Zone.Identifier
[0.633s] -- Up-to-date: /home/shivam/arduinobot_ws/install/arduinobot_description/share/arduinobot_description/meshes/base_plate.STL:Zone.Identifier
[0.633s] -- Up-to-date: /home/shivam/arduinobot_ws/install/arduinobot_description/share/arduinobot_description/meshes/vertical_drive_arm.STL
[0.633s] -- Up-to-date: /home/shivam/arduinobot_ws/install/arduinobot_description/share/arduinobot_description/meshes/servo_plate.STL:Zone.Identifier
[0.633s] -- Up-to-date: /home/shivam/arduinobot_ws/install/arduinobot_description/share/arduinobot_description/urdf
[0.633s] -- Up-to-date: /home/shivam/arduinobot_ws/install/arduinobot_description/share/arduinobot_description/urdf/arduinobot.urdf.xacro
[0.633s] -- Up-to-date: /home/shivam/arduinobot_ws/install/arduinobot_description/share/ament_index/resource_index/package_run_dependencies/arduinobot_description
[0.633s] -- Up-to-date: /home/shivam/arduinobot_ws/install/arduinobot_description/share/ament_index/resource_index/parent_prefix_path/arduinobot_description
[0.634s] -- Up-to-date: /home/shivam/arduinobot_ws/install/arduinobot_description/share/arduinobot_description/environment/ament_prefix_path.sh
[0.634s] -- Up-to-date: /home/shivam/arduinobot_ws/install/arduinobot_description/share/arduinobot_description/environment/ament_prefix_path.dsv
[0.634s] -- Up-to-date: /home/shivam/arduinobot_ws/install/arduinobot_description/share/arduinobot_description/environment/path.sh
[0.634s] -- Up-to-date: /home/shivam/arduinobot_ws/install/arduinobot_description/share/arduinobot_description/environment/path.dsv
[0.634s] -- Up-to-date: /home/shivam/arduinobot_ws/install/arduinobot_description/share/arduinobot_description/local_setup.bash
[0.635s] -- Up-to-date: /home/shivam/arduinobot_ws/install/arduinobot_description/share/arduinobot_description/local_setup.sh
[0.635s] -- Up-to-date: /home/shivam/arduinobot_ws/install/arduinobot_description/share/arduinobot_description/local_setup.zsh
[0.635s] -- Up-to-date: /home/shivam/arduinobot_ws/install/arduinobot_description/share/arduinobot_description/local_setup.dsv
[0.635s] -- Up-to-date: /home/shivam/arduinobot_ws/install/arduinobot_description/share/arduinobot_description/package.dsv
[0.637s] -- Up-to-date: /home/shivam/arduinobot_ws/install/arduinobot_description/share/ament_index/resource_index/packages/arduinobot_description
[0.637s] -- Up-to-date: /home/shivam/arduinobot_ws/install/arduinobot_description/share/arduinobot_description/cmake/arduinobot_descriptionConfig.cmake
[0.638s] -- Up-to-date: /home/shivam/arduinobot_ws/install/arduinobot_description/share/arduinobot_description/cmake/arduinobot_descriptionConfig-version.cmake
[0.638s] -- Up-to-date: /home/shivam/arduinobot_ws/install/arduinobot_description/share/arduinobot_description/package.xml
[0.639s] Invoked command in '/home/shivam/arduinobot_ws/build/arduinobot_description' returned '0': CMAKE_PREFIX_PATH=${CMAKE_PREFIX_PATH}:/home/shivam/ros2Workspace04/install/automatedManipulator:/home/shivam/ros2Workspace04/install/arduinobot_py_examples:/home/shivam/arduinobot_ws/install/arduinobot_py_examples:/opt/ros/humble /usr/bin/cmake --install /home/shivam/arduinobot_ws/build/arduinobot_description
