[0.044s] Invoking command in '/home/shivam/arduinobot_ws/build/arduinobot_description': CMAKE_PREFIX_PATH=/opt/ros/humble /usr/bin/cmake --build /home/shivam/arduinobot_ws/build/arduinobot_description -- -j12 -l12
[0.113s] Invoked command in '/home/shivam/arduinobot_ws/build/arduinobot_description' returned '0': CMAKE_PREFIX_PATH=/opt/ros/humble /usr/bin/cmake --build /home/shivam/arduinobot_ws/build/arduinobot_description -- -j12 -l12
[0.188s] Invoking command in '/home/shivam/arduinobot_ws/build/arduinobot_description': CMAKE_PREFIX_PATH=/opt/ros/humble /usr/bin/cmake --install /home/shivam/arduinobot_ws/build/arduinobot_description
[0.210s] -- Install configuration: ""
[0.213s] -- Up-to-date: /home/shivam/arduinobot_ws/install/arduinobot_description/share/arduinobot_description/launch
[0.220s] -- Up-to-date: /home/shivam/arduinobot_ws/install/arduinobot_description/share/arduinobot_description/meshes
[0.241s] -- Up-to-date: /home/shivam/arduinobot_ws/install/arduinobot_description/share/arduinobot_description/meshes/pi_camera.STL:Zone.Identifier
[0.247s] -- Up-to-date: /home/shivam/arduinobot_ws/install/arduinobot_description/share/arduinobot_description/meshes/pi_camera.STL
[0.255s] -- Up-to-date: /home/shivam/arduinobot_ws/install/arduinobot_description/share/arduinobot_description/models
[0.255s] -- Up-to-date: /home/shivam/arduinobot_ws/install/arduinobot_description/share/arduinobot_description/models/ground_plane
[0.258s] -- Up-to-date: /home/shivam/arduinobot_ws/install/arduinobot_description/share/arduinobot_description/models/ground_plane/model-1_2.sdf
[0.258s] -- Up-to-date: /home/shivam/arduinobot_ws/install/arduinobot_description/share/arduinobot_description/models/ground_plane/model-1_4.sdf
[0.258s] -- Up-to-date: /home/shivam/arduinobot_ws/install/arduinobot_description/share/arduinobot_description/models/ground_plane/model.sdf
[0.258s] -- Up-to-date: /home/shivam/arduinobot_ws/install/arduinobot_description/share/arduinobot_description/models/ground_plane/model.config
[0.258s] -- Up-to-date: /home/shivam/arduinobot_ws/install/arduinobot_description/share/arduinobot_description/models/ground_plane/model-1_3.sdf
[0.258s] -- Up-to-date: /home/shivam/arduinobot_ws/install/arduinobot_description/share/arduinobot_description/models/sun
[0.260s] -- Up-to-date: /home/shivam/arduinobot_ws/install/arduinobot_description/share/arduinobot_description/models/sun/model-1_2.sdf
[0.260s] -- Up-to-date: /home/shivam/arduinobot_ws/install/arduinobot_description/share/arduinobot_description/models/sun/model-1_4.sdf
[0.260s] -- Up-to-date: /home/shivam/arduinobot_ws/install/arduinobot_description/share/arduinobot_description/models/sun/model.sdf
[0.260s] -- Up-to-date: /home/shivam/arduinobot_ws/install/arduinobot_description/share/arduinobot_description/models/sun/model.config
[0.260s] -- Up-to-date: /home/shivam/arduinobot_ws/install/arduinobot_description/share/arduinobot_description/models/sun/model-1_3.sdf
[0.260s] -- Up-to-date: /home/shivam/arduinobot_ws/install/arduinobot_description/share/arduinobot_description/urdf
[0.290s] -- Up-to-date: /home/shivam/arduinobot_ws/install/arduinobot_description/share/arduinobot_description/urdf/arduinobot_gazebo.xacro
[0.290s] -- Up-to-date: /home/shivam/arduinobot_ws/install/arduinobot_description/share/arduinobot_description/urdf/arduinobot_ros2_control.xacro
[0.291s] -- Up-to-date: /home/shivam/arduinobot_ws/install/arduinobot_description/share/arduinobot_description/rviz
[0.311s] -- Installing: /home/shivam/arduinobot_ws/install/arduinobot_description/share/arduinobot_description/package.dsv
[0.351s] Invoked command in '/home/shivam/arduinobot_ws/build/arduinobot_description' returned '0': CMAKE_PREFIX_PATH=/opt/ros/humble /usr/bin/cmake --install /home/shivam/arduinobot_ws/build/arduinobot_description
