[0.149s] Invoking command in '/home/shivam/arduinobot_ws/build/arduinobot_description': CMAKE_PREFIX_PATH=/opt/ros/humble /usr/bin/cmake /home/shivam/arduinobot_ws/src/arduinobot_description -DAMENT_CMAKE_SYMLINK_INSTALL=1 -DCMAKE_INSTALL_PREFIX=/home/shivam/arduinobot_ws/install/arduinobot_description
[0.220s] -- Found ament_cmake: 1.3.6 (/opt/ros/humble/share/ament_cmake/cmake)
[0.445s] -- Override CMake install command with custom implementation using symlinks instead of copying resources
[0.497s] -- Found urdf: 2.6.0 (/opt/ros/humble/share/urdf/cmake)
[2.384s] -- Found ament_lint_auto: 0.12.9 (/opt/ros/humble/share/ament_lint_auto/cmake)
[2.501s] -- Added test 'flake8' to check Python code syntax and style conventions
[2.502s] -- Added test 'lint_cmake' to check CMake code style
[2.503s] -- Added test 'pep257' to check Python code against some of the docstring style conventions in PEP 257
[2.508s] -- Added test 'xmllint' to check XML markup files
[2.516s] -- Configuring done
[2.529s] -- Generating done
[2.530s] -- Build files have been written to: /home/shivam/arduinobot_ws/build/arduinobot_description
[2.543s] Invoked command in '/home/shivam/arduinobot_ws/build/arduinobot_description' returned '0': CMAKE_PREFIX_PATH=/opt/ros/humble /usr/bin/cmake /home/shivam/arduinobot_ws/src/arduinobot_description -DAMENT_CMAKE_SYMLINK_INSTALL=1 -DCMAKE_INSTALL_PREFIX=/home/shivam/arduinobot_ws/install/arduinobot_description
[2.545s] Invoking command in '/home/shivam/arduinobot_ws/build/arduinobot_description': CMAKE_PREFIX_PATH=/opt/ros/humble /usr/bin/cmake --build /home/shivam/arduinobot_ws/build/arduinobot_description -- -j12 -l12
[2.583s] Invoked command in '/home/shivam/arduinobot_ws/build/arduinobot_description' returned '0': CMAKE_PREFIX_PATH=/opt/ros/humble /usr/bin/cmake --build /home/shivam/arduinobot_ws/build/arduinobot_description -- -j12 -l12
[2.614s] Invoking command in '/home/shivam/arduinobot_ws/build/arduinobot_description': CMAKE_PREFIX_PATH=/opt/ros/humble /usr/bin/cmake --install /home/shivam/arduinobot_ws/build/arduinobot_description
[2.621s] -- Install configuration: ""
[2.622s] -- Execute custom install script
[2.624s] -- Symlinking: /home/shivam/arduinobot_ws/install/arduinobot_description/share/arduinobot_description/launch/display.launch.py
[2.632s] -- Symlinking: /home/shivam/arduinobot_ws/install/arduinobot_description/share/arduinobot_description/launch/display.launch.py:Zone.Identifier
[2.641s] -- Symlinking: /home/shivam/arduinobot_ws/install/arduinobot_description/share/arduinobot_description/meshes/base_plate.STL
[2.651s] -- Symlinking: /home/shivam/arduinobot_ws/install/arduinobot_description/share/arduinobot_description/meshes/base_plate.STL:Zone.Identifier
[2.659s] -- Symlinking: /home/shivam/arduinobot_ws/install/arduinobot_description/share/arduinobot_description/meshes/basement.STL
[2.668s] -- Symlinking: /home/shivam/arduinobot_ws/install/arduinobot_description/share/arduinobot_description/meshes/basement.STL:Zone.Identifier
[2.677s] -- Symlinking: /home/shivam/arduinobot_ws/install/arduinobot_description/share/arduinobot_description/meshes/claw_support.STL
[2.685s] -- Symlinking: /home/shivam/arduinobot_ws/install/arduinobot_description/share/arduinobot_description/meshes/claw_support.STL:Zone.Identifier
[2.693s] -- Symlinking: /home/shivam/arduinobot_ws/install/arduinobot_description/share/arduinobot_description/meshes/drive_gear.STL
[2.700s] -- Symlinking: /home/shivam/arduinobot_ws/install/arduinobot_description/share/arduinobot_description/meshes/drive_gear.STL:Zone.Identifier
[2.708s] -- Symlinking: /home/shivam/arduinobot_ws/install/arduinobot_description/share/arduinobot_description/meshes/driven_gear.STL
[2.715s] -- Symlinking: /home/shivam/arduinobot_ws/install/arduinobot_description/share/arduinobot_description/meshes/driven_gear.STL:Zone.Identifier
[2.723s] -- Symlinking: /home/shivam/arduinobot_ws/install/arduinobot_description/share/arduinobot_description/meshes/forward_drive_arm.STL
[2.731s] -- Symlinking: /home/shivam/arduinobot_ws/install/arduinobot_description/share/arduinobot_description/meshes/forward_drive_arm.STL:Zone.Identifier
[2.742s] -- Symlinking: /home/shivam/arduinobot_ws/install/arduinobot_description/share/arduinobot_description/meshes/horizontal_arm.STL
[2.749s] -- Symlinking: /home/shivam/arduinobot_ws/install/arduinobot_description/share/arduinobot_description/meshes/horizontal_arm.STL:Zone.Identifier
[2.757s] -- Symlinking: /home/shivam/arduinobot_ws/install/arduinobot_description/share/arduinobot_description/meshes/left_finger.STL
[2.765s] -- Symlinking: /home/shivam/arduinobot_ws/install/arduinobot_description/share/arduinobot_description/meshes/left_finger.STL:Zone.Identifier
[2.773s] -- Symlinking: /home/shivam/arduinobot_ws/install/arduinobot_description/share/arduinobot_description/meshes/link.STL
[2.782s] -- Symlinking: /home/shivam/arduinobot_ws/install/arduinobot_description/share/arduinobot_description/meshes/link.STL:Zone.Identifier
[2.790s] -- Symlinking: /home/shivam/arduinobot_ws/install/arduinobot_description/share/arduinobot_description/meshes/plate.STL
[2.798s] -- Symlinking: /home/shivam/arduinobot_ws/install/arduinobot_description/share/arduinobot_description/meshes/plate.STL:Zone.Identifier
[2.806s] -- Symlinking: /home/shivam/arduinobot_ws/install/arduinobot_description/share/arduinobot_description/meshes/right_finger.STL
[2.814s] -- Symlinking: /home/shivam/arduinobot_ws/install/arduinobot_description/share/arduinobot_description/meshes/right_finger.STL:Zone.Identifier
[2.822s] -- Symlinking: /home/shivam/arduinobot_ws/install/arduinobot_description/share/arduinobot_description/meshes/round_plate.STL
[2.830s] -- Symlinking: /home/shivam/arduinobot_ws/install/arduinobot_description/share/arduinobot_description/meshes/round_plate.STL:Zone.Identifier
[2.838s] -- Symlinking: /home/shivam/arduinobot_ws/install/arduinobot_description/share/arduinobot_description/meshes/servo_plate.STL
[2.848s] -- Symlinking: /home/shivam/arduinobot_ws/install/arduinobot_description/share/arduinobot_description/meshes/servo_plate.STL:Zone.Identifier
[2.856s] -- Symlinking: /home/shivam/arduinobot_ws/install/arduinobot_description/share/arduinobot_description/meshes/triangular_link.STL
[2.864s] -- Symlinking: /home/shivam/arduinobot_ws/install/arduinobot_description/share/arduinobot_description/meshes/triangular_link.STL:Zone.Identifier
[2.872s] -- Symlinking: /home/shivam/arduinobot_ws/install/arduinobot_description/share/arduinobot_description/meshes/vertical_drive_arm.STL
[2.882s] -- Symlinking: /home/shivam/arduinobot_ws/install/arduinobot_description/share/arduinobot_description/meshes/vertical_drive_arm.STL:Zone.Identifier
[2.891s] -- Symlinking: /home/shivam/arduinobot_ws/install/arduinobot_description/share/arduinobot_description/urdf/arduinobot.urdf.xacro
[2.900s] -- Symlinking: /home/shivam/arduinobot_ws/install/arduinobot_description/share/arduinobot_description/rviz/display.rviz
[2.908s] -- Symlinking: /home/shivam/arduinobot_ws/install/arduinobot_description/share/arduinobot_description/rviz/display.rviz:Zone.Identifier
[2.917s] -- Symlinking: /home/shivam/arduinobot_ws/install/arduinobot_description/share/ament_index/resource_index/package_run_dependencies/arduinobot_description
[2.925s] -- Symlinking: /home/shivam/arduinobot_ws/install/arduinobot_description/share/ament_index/resource_index/parent_prefix_path/arduinobot_description
[2.933s] -- Symlinking: /home/shivam/arduinobot_ws/install/arduinobot_description/share/arduinobot_description/environment/ament_prefix_path.sh
[2.945s] -- Symlinking: /home/shivam/arduinobot_ws/install/arduinobot_description/share/arduinobot_description/environment/ament_prefix_path.dsv
[2.954s] -- Symlinking: /home/shivam/arduinobot_ws/install/arduinobot_description/share/arduinobot_description/environment/path.sh
[2.963s] -- Symlinking: /home/shivam/arduinobot_ws/install/arduinobot_description/share/arduinobot_description/environment/path.dsv
[2.971s] -- Symlinking: /home/shivam/arduinobot_ws/install/arduinobot_description/share/arduinobot_description/local_setup.bash
[2.979s] -- Symlinking: /home/shivam/arduinobot_ws/install/arduinobot_description/share/arduinobot_description/local_setup.sh
[2.987s] -- Symlinking: /home/shivam/arduinobot_ws/install/arduinobot_description/share/arduinobot_description/local_setup.zsh
[2.995s] -- Symlinking: /home/shivam/arduinobot_ws/install/arduinobot_description/share/arduinobot_description/local_setup.dsv
[3.002s] -- Symlinking: /home/shivam/arduinobot_ws/install/arduinobot_description/share/arduinobot_description/package.dsv
[3.012s] -- Symlinking: /home/shivam/arduinobot_ws/install/arduinobot_description/share/ament_index/resource_index/packages/arduinobot_description
[3.021s] -- Symlinking: /home/shivam/arduinobot_ws/install/arduinobot_description/share/arduinobot_description/cmake/arduinobot_descriptionConfig.cmake
[3.028s] -- Symlinking: /home/shivam/arduinobot_ws/install/arduinobot_description/share/arduinobot_description/cmake/arduinobot_descriptionConfig-version.cmake
[3.035s] -- Symlinking: /home/shivam/arduinobot_ws/install/arduinobot_description/share/arduinobot_description/package.xml
[3.045s] Invoked command in '/home/shivam/arduinobot_ws/build/arduinobot_description' returned '0': CMAKE_PREFIX_PATH=/opt/ros/humble /usr/bin/cmake --install /home/shivam/arduinobot_ws/build/arduinobot_description
