[0.452s] Invoking command in '/home/shivam/arduinobot_ws/build/arduinobot_msgs': CMAKE_PREFIX_PATH=/opt/ros/humble /usr/bin/cmake --build /home/shivam/arduinobot_ws/build/arduinobot_msgs -- -j12 -l12
[0.666s] [  1%] Built target arduinobot_msgs__cpp
[0.701s] [ 12%] Built target arduinobot_msgs__rosidl_generator_c
[0.772s] [ 12%] Built target ament_cmake_python_copy_arduinobot_msgs
[0.796s] [ 31%] Built target arduinobot_msgs__rosidl_typesupport_fastrtps_cpp
[0.796s] [ 42%] Built target arduinobot_msgs__rosidl_typesupport_cpp
[0.796s] [ 46%] Built target arduinobot_msgs__rosidl_typesupport_c
[0.812s] [ 57%] Built target arduinobot_msgs__rosidl_typesupport_introspection_c
[0.857s] [ 68%] Built target arduinobot_msgs__rosidl_typesupport_fastrtps_c
[0.863s] [ 79%] Built target arduinobot_msgs__rosidl_typesupport_introspection_cpp
[0.911s] [ 79%] Built target arduinobot_msgs
[0.988s] [ 80%] Built target arduinobot_msgs__py
[1.094s] [ 90%] Built target arduinobot_msgs__rosidl_generator_py
[1.152s] [ 93%] Built target arduinobot_msgs__rosidl_typesupport_introspection_c__pyext
[1.159s] [ 96%] Built target arduinobot_msgs__rosidl_typesupport_c__pyext
[1.160s] [100%] Built target arduinobot_msgs__rosidl_typesupport_fastrtps_c__pyext
[1.439s] running egg_info
[1.442s] writing arduinobot_msgs.egg-info/PKG-INFO
[1.443s] writing dependency_links to arduinobot_msgs.egg-info/dependency_links.txt
[1.444s] writing top-level names to arduinobot_msgs.egg-info/top_level.txt
[1.444s] reading manifest file 'arduinobot_msgs.egg-info/SOURCES.txt'
[1.444s] writing manifest file 'arduinobot_msgs.egg-info/SOURCES.txt'
[1.485s] [100%] Built target ament_cmake_python_build_arduinobot_msgs_egg
[1.654s] Invoked command in '/home/shivam/arduinobot_ws/build/arduinobot_msgs' returned '0': CMAKE_PREFIX_PATH=/opt/ros/humble /usr/bin/cmake --build /home/shivam/arduinobot_ws/build/arduinobot_msgs -- -j12 -l12
[1.895s] Invoking command in '/home/shivam/arduinobot_ws/build/arduinobot_msgs': CMAKE_PREFIX_PATH=/opt/ros/humble /usr/bin/cmake --install /home/shivam/arduinobot_ws/build/arduinobot_msgs
[1.972s] -- Install configuration: ""
[1.972s] -- Up-to-date: /home/shivam/arduinobot_ws/install/arduinobot_msgs/share/ament_index/resource_index/rosidl_interfaces/arduinobot_msgs
[1.973s] -- Up-to-date: /home/shivam/arduinobot_ws/install/arduinobot_msgs/include/arduinobot_msgs/arduinobot_msgs
[1.973s] -- Up-to-date: /home/shivam/arduinobot_ws/install/arduinobot_msgs/include/arduinobot_msgs/arduinobot_msgs/action
[1.973s] -- Up-to-date: /home/shivam/arduinobot_ws/install/arduinobot_msgs/include/arduinobot_msgs/arduinobot_msgs/action/fibonacci.h
[1.973s] -- Up-to-date: /home/shivam/arduinobot_ws/install/arduinobot_msgs/include/arduinobot_msgs/arduinobot_msgs/action/arduinobot_task.h
[1.973s] -- Up-to-date: /home/shivam/arduinobot_ws/install/arduinobot_msgs/include/arduinobot_msgs/arduinobot_msgs/action/detail
[1.973s] -- Up-to-date: /home/shivam/arduinobot_ws/install/arduinobot_msgs/include/arduinobot_msgs/arduinobot_msgs/action/detail/fibonacci__struct.h
[1.973s] -- Up-to-date: /home/shivam/arduinobot_ws/install/arduinobot_msgs/include/arduinobot_msgs/arduinobot_msgs/action/detail/arduinobot_task__functions.h
[1.974s] -- Up-to-date: /home/shivam/arduinobot_ws/install/arduinobot_msgs/include/arduinobot_msgs/arduinobot_msgs/action/detail/fibonacci__functions.h
[1.974s] -- Up-to-date: /home/shivam/arduinobot_ws/install/arduinobot_msgs/include/arduinobot_msgs/arduinobot_msgs/action/detail/fibonacci__type_support.h
[1.974s] -- Up-to-date: /home/shivam/arduinobot_ws/install/arduinobot_msgs/include/arduinobot_msgs/arduinobot_msgs/action/detail/fibonacci__functions.c
[1.974s] -- Up-to-date: /home/shivam/arduinobot_ws/install/arduinobot_msgs/include/arduinobot_msgs/arduinobot_msgs/action/detail/arduinobot_task__functions.c
[1.974s] -- Up-to-date: /home/shivam/arduinobot_ws/install/arduinobot_msgs/include/arduinobot_msgs/arduinobot_msgs/action/detail/arduinobot_task__type_support.h
[1.974s] -- Up-to-date: /home/shivam/arduinobot_ws/install/arduinobot_msgs/include/arduinobot_msgs/arduinobot_msgs/action/detail/arduinobot_task__struct.h
[1.975s] -- Up-to-date: /home/shivam/arduinobot_ws/install/arduinobot_msgs/include/arduinobot_msgs/arduinobot_msgs/srv
[1.976s] -- Up-to-date: /home/shivam/arduinobot_ws/install/arduinobot_msgs/include/arduinobot_msgs/arduinobot_msgs/srv/detail
[1.976s] -- Up-to-date: /home/shivam/arduinobot_ws/install/arduinobot_msgs/include/arduinobot_msgs/arduinobot_msgs/srv/detail/quaternion_to_euler__struct.h
[1.976s] -- Up-to-date: /home/shivam/arduinobot_ws/install/arduinobot_msgs/include/arduinobot_msgs/arduinobot_msgs/srv/detail/euler_to_quaternion__struct.h
[1.976s] -- Up-to-date: /home/shivam/arduinobot_ws/install/arduinobot_msgs/include/arduinobot_msgs/arduinobot_msgs/srv/detail/quaternion_to_euler__functions.h
[1.977s] -- Up-to-date: /home/shivam/arduinobot_ws/install/arduinobot_msgs/include/arduinobot_msgs/arduinobot_msgs/srv/detail/add_two_ints__type_support.h
[1.977s] -- Up-to-date: /home/shivam/arduinobot_ws/install/arduinobot_msgs/include/arduinobot_msgs/arduinobot_msgs/srv/detail/quaternion_to_euler__type_support.h
[1.978s] -- Up-to-date: /home/shivam/arduinobot_ws/install/arduinobot_msgs/include/arduinobot_msgs/arduinobot_msgs/srv/detail/add_two_ints__functions.c
[1.978s] -- Up-to-date: /home/shivam/arduinobot_ws/install/arduinobot_msgs/include/arduinobot_msgs/arduinobot_msgs/srv/detail/quaternion_to_euler__functions.c
[1.978s] -- Up-to-date: /home/shivam/arduinobot_ws/install/arduinobot_msgs/include/arduinobot_msgs/arduinobot_msgs/srv/detail/euler_to_quaternion__type_support.h
[1.978s] -- Up-to-date: /home/shivam/arduinobot_ws/install/arduinobot_msgs/include/arduinobot_msgs/arduinobot_msgs/srv/detail/euler_to_quaternion__functions.h
[1.979s] -- Up-to-date: /home/shivam/arduinobot_ws/install/arduinobot_msgs/include/arduinobot_msgs/arduinobot_msgs/srv/detail/add_two_ints__functions.h
[1.979s] -- Up-to-date: /home/shivam/arduinobot_ws/install/arduinobot_msgs/include/arduinobot_msgs/arduinobot_msgs/srv/detail/add_two_ints__struct.h
[1.979s] -- Up-to-date: /home/shivam/arduinobot_ws/install/arduinobot_msgs/include/arduinobot_msgs/arduinobot_msgs/srv/detail/euler_to_quaternion__functions.c
[1.979s] -- Up-to-date: /home/shivam/arduinobot_ws/install/arduinobot_msgs/include/arduinobot_msgs/arduinobot_msgs/srv/add_two_ints.h
[1.979s] -- Up-to-date: /home/shivam/arduinobot_ws/install/arduinobot_msgs/include/arduinobot_msgs/arduinobot_msgs/srv/euler_to_quaternion.h
[1.979s] -- Up-to-date: /home/shivam/arduinobot_ws/install/arduinobot_msgs/include/arduinobot_msgs/arduinobot_msgs/srv/quaternion_to_euler.h
[1.980s] -- Up-to-date: /home/shivam/arduinobot_ws/install/arduinobot_msgs/include/arduinobot_msgs/arduinobot_msgs/msg
[1.980s] -- Up-to-date: /home/shivam/arduinobot_ws/install/arduinobot_msgs/include/arduinobot_msgs/arduinobot_msgs/msg/rosidl_generator_c__visibility_control.h
[1.980s] -- Up-to-date: /home/shivam/arduinobot_ws/install/arduinobot_msgs/share/arduinobot_msgs/environment/library_path.sh
[1.980s] -- Up-to-date: /home/shivam/arduinobot_ws/install/arduinobot_msgs/share/arduinobot_msgs/environment/library_path.dsv
[1.980s] -- Up-to-date: /home/shivam/arduinobot_ws/install/arduinobot_msgs/lib/libarduinobot_msgs__rosidl_generator_c.so
[1.980s] -- Up-to-date: /home/shivam/arduinobot_ws/install/arduinobot_msgs/include/arduinobot_msgs/arduinobot_msgs
[1.980s] -- Up-to-date: /home/shivam/arduinobot_ws/install/arduinobot_msgs/include/arduinobot_msgs/arduinobot_msgs/action
[1.981s] -- Up-to-date: /home/shivam/arduinobot_ws/install/arduinobot_msgs/include/arduinobot_msgs/arduinobot_msgs/action/detail
[1.982s] -- Up-to-date: /home/shivam/arduinobot_ws/install/arduinobot_msgs/include/arduinobot_msgs/arduinobot_msgs/action/detail/fibonacci__rosidl_typesupport_fastrtps_c.h
[1.983s] -- Up-to-date: /home/shivam/arduinobot_ws/install/arduinobot_msgs/include/arduinobot_msgs/arduinobot_msgs/action/detail/arduinobot_task__rosidl_typesupport_fastrtps_c.h
[1.983s] -- Up-to-date: /home/shivam/arduinobot_ws/install/arduinobot_msgs/include/arduinobot_msgs/arduinobot_msgs/srv
[1.983s] -- Up-to-date: /home/shivam/arduinobot_ws/install/arduinobot_msgs/include/arduinobot_msgs/arduinobot_msgs/srv/detail
[1.983s] -- Up-to-date: /home/shivam/arduinobot_ws/install/arduinobot_msgs/include/arduinobot_msgs/arduinobot_msgs/srv/detail/add_two_ints__rosidl_typesupport_fastrtps_c.h
[1.983s] -- Up-to-date: /home/shivam/arduinobot_ws/install/arduinobot_msgs/include/arduinobot_msgs/arduinobot_msgs/srv/detail/euler_to_quaternion__rosidl_typesupport_fastrtps_c.h
[1.983s] -- Up-to-date: /home/shivam/arduinobot_ws/install/arduinobot_msgs/include/arduinobot_msgs/arduinobot_msgs/srv/detail/quaternion_to_euler__rosidl_typesupport_fastrtps_c.h
[1.983s] -- Up-to-date: /home/shivam/arduinobot_ws/install/arduinobot_msgs/include/arduinobot_msgs/arduinobot_msgs/msg
[1.983s] -- Up-to-date: /home/shivam/arduinobot_ws/install/arduinobot_msgs/include/arduinobot_msgs/arduinobot_msgs/msg/rosidl_typesupport_fastrtps_c__visibility_control.h
[1.983s] -- Up-to-date: /home/shivam/arduinobot_ws/install/arduinobot_msgs/lib/libarduinobot_msgs__rosidl_typesupport_fastrtps_c.so
[1.983s] -- Up-to-date: /home/shivam/arduinobot_ws/install/arduinobot_msgs/include/arduinobot_msgs/arduinobot_msgs
[1.984s] -- Up-to-date: /home/shivam/arduinobot_ws/install/arduinobot_msgs/include/arduinobot_msgs/arduinobot_msgs/action
[1.984s] -- Up-to-date: /home/shivam/arduinobot_ws/install/arduinobot_msgs/include/arduinobot_msgs/arduinobot_msgs/action/fibonacci.hpp
[1.984s] -- Up-to-date: /home/shivam/arduinobot_ws/install/arduinobot_msgs/include/arduinobot_msgs/arduinobot_msgs/action/arduinobot_task.hpp
[1.984s] -- Up-to-date: /home/shivam/arduinobot_ws/install/arduinobot_msgs/include/arduinobot_msgs/arduinobot_msgs/action/detail
[1.984s] -- Up-to-date: /home/shivam/arduinobot_ws/install/arduinobot_msgs/include/arduinobot_msgs/arduinobot_msgs/action/detail/arduinobot_task__struct.hpp
[1.984s] -- Up-to-date: /home/shivam/arduinobot_ws/install/arduinobot_msgs/include/arduinobot_msgs/arduinobot_msgs/action/detail/arduinobot_task__traits.hpp
[1.984s] -- Up-to-date: /home/shivam/arduinobot_ws/install/arduinobot_msgs/include/arduinobot_msgs/arduinobot_msgs/action/detail/fibonacci__traits.hpp
[1.984s] -- Up-to-date: /home/shivam/arduinobot_ws/install/arduinobot_msgs/include/arduinobot_msgs/arduinobot_msgs/action/detail/fibonacci__struct.hpp
[1.984s] -- Up-to-date: /home/shivam/arduinobot_ws/install/arduinobot_msgs/include/arduinobot_msgs/arduinobot_msgs/action/detail/arduinobot_task__builder.hpp
[1.985s] -- Up-to-date: /home/shivam/arduinobot_ws/install/arduinobot_msgs/include/arduinobot_msgs/arduinobot_msgs/action/detail/fibonacci__builder.hpp
[1.985s] -- Up-to-date: /home/shivam/arduinobot_ws/install/arduinobot_msgs/include/arduinobot_msgs/arduinobot_msgs/srv
[1.986s] -- Up-to-date: /home/shivam/arduinobot_ws/install/arduinobot_msgs/include/arduinobot_msgs/arduinobot_msgs/srv/quaternion_to_euler.hpp
[1.986s] -- Up-to-date: /home/shivam/arduinobot_ws/install/arduinobot_msgs/include/arduinobot_msgs/arduinobot_msgs/srv/add_two_ints.hpp
[1.986s] -- Up-to-date: /home/shivam/arduinobot_ws/install/arduinobot_msgs/include/arduinobot_msgs/arduinobot_msgs/srv/detail
[1.986s] -- Up-to-date: /home/shivam/arduinobot_ws/install/arduinobot_msgs/include/arduinobot_msgs/arduinobot_msgs/srv/detail/euler_to_quaternion__builder.hpp
[1.988s] -- Up-to-date: /home/shivam/arduinobot_ws/install/arduinobot_msgs/include/arduinobot_msgs/arduinobot_msgs/srv/detail/euler_to_quaternion__traits.hpp
[1.988s] -- Up-to-date: /home/shivam/arduinobot_ws/install/arduinobot_msgs/include/arduinobot_msgs/arduinobot_msgs/srv/detail/add_two_ints__builder.hpp
[1.988s] -- Up-to-date: /home/shivam/arduinobot_ws/install/arduinobot_msgs/include/arduinobot_msgs/arduinobot_msgs/srv/detail/add_two_ints__traits.hpp
[1.988s] -- Up-to-date: /home/shivam/arduinobot_ws/install/arduinobot_msgs/include/arduinobot_msgs/arduinobot_msgs/srv/detail/quaternion_to_euler__builder.hpp
[1.989s] -- Up-to-date: /home/shivam/arduinobot_ws/install/arduinobot_msgs/include/arduinobot_msgs/arduinobot_msgs/srv/detail/quaternion_to_euler__struct.hpp
[1.989s] -- Up-to-date: /home/shivam/arduinobot_ws/install/arduinobot_msgs/include/arduinobot_msgs/arduinobot_msgs/srv/detail/quaternion_to_euler__traits.hpp
[1.989s] -- Up-to-date: /home/shivam/arduinobot_ws/install/arduinobot_msgs/include/arduinobot_msgs/arduinobot_msgs/srv/detail/euler_to_quaternion__struct.hpp
[1.989s] -- Up-to-date: /home/shivam/arduinobot_ws/install/arduinobot_msgs/include/arduinobot_msgs/arduinobot_msgs/srv/detail/add_two_ints__struct.hpp
[1.989s] -- Up-to-date: /home/shivam/arduinobot_ws/install/arduinobot_msgs/include/arduinobot_msgs/arduinobot_msgs/srv/euler_to_quaternion.hpp
[1.989s] -- Up-to-date: /home/shivam/arduinobot_ws/install/arduinobot_msgs/include/arduinobot_msgs/arduinobot_msgs
[1.989s] -- Up-to-date: /home/shivam/arduinobot_ws/install/arduinobot_msgs/include/arduinobot_msgs/arduinobot_msgs/action
[1.989s] -- Up-to-date: /home/shivam/arduinobot_ws/install/arduinobot_msgs/include/arduinobot_msgs/arduinobot_msgs/action/detail
[1.989s] -- Up-to-date: /home/shivam/arduinobot_ws/install/arduinobot_msgs/include/arduinobot_msgs/arduinobot_msgs/action/detail/fibonacci__rosidl_typesupport_fastrtps_cpp.hpp
[1.989s] -- Up-to-date: /home/shivam/arduinobot_ws/install/arduinobot_msgs/include/arduinobot_msgs/arduinobot_msgs/action/detail/arduinobot_task__rosidl_typesupport_fastrtps_cpp.hpp
[1.989s] -- Up-to-date: /home/shivam/arduinobot_ws/install/arduinobot_msgs/include/arduinobot_msgs/arduinobot_msgs/action/detail/dds_fastrtps
[1.989s] -- Up-to-date: /home/shivam/arduinobot_ws/install/arduinobot_msgs/include/arduinobot_msgs/arduinobot_msgs/srv
[1.989s] -- Up-to-date: /home/shivam/arduinobot_ws/install/arduinobot_msgs/include/arduinobot_msgs/arduinobot_msgs/srv/detail
[1.989s] -- Up-to-date: /home/shivam/arduinobot_ws/install/arduinobot_msgs/include/arduinobot_msgs/arduinobot_msgs/srv/detail/euler_to_quaternion__rosidl_typesupport_fastrtps_cpp.hpp
[1.989s] -- Up-to-date: /home/shivam/arduinobot_ws/install/arduinobot_msgs/include/arduinobot_msgs/arduinobot_msgs/srv/detail/add_two_ints__rosidl_typesupport_fastrtps_cpp.hpp
[1.989s] -- Up-to-date: /home/shivam/arduinobot_ws/install/arduinobot_msgs/include/arduinobot_msgs/arduinobot_msgs/srv/detail/quaternion_to_euler__rosidl_typesupport_fastrtps_cpp.hpp
[1.989s] -- Up-to-date: /home/shivam/arduinobot_ws/install/arduinobot_msgs/include/arduinobot_msgs/arduinobot_msgs/srv/detail/dds_fastrtps
[1.989s] -- Up-to-date: /home/shivam/arduinobot_ws/install/arduinobot_msgs/include/arduinobot_msgs/arduinobot_msgs/msg
[1.989s] -- Up-to-date: /home/shivam/arduinobot_ws/install/arduinobot_msgs/include/arduinobot_msgs/arduinobot_msgs/msg/rosidl_typesupport_fastrtps_cpp__visibility_control.h
[1.989s] -- Up-to-date: /home/shivam/arduinobot_ws/install/arduinobot_msgs/lib/libarduinobot_msgs__rosidl_typesupport_fastrtps_cpp.so
[1.990s] -- Up-to-date: /home/shivam/arduinobot_ws/install/arduinobot_msgs/include/arduinobot_msgs/arduinobot_msgs
[1.990s] -- Up-to-date: /home/shivam/arduinobot_ws/install/arduinobot_msgs/include/arduinobot_msgs/arduinobot_msgs/action
[1.990s] -- Up-to-date: /home/shivam/arduinobot_ws/install/arduinobot_msgs/include/arduinobot_msgs/arduinobot_msgs/action/detail
[1.990s] -- Up-to-date: /home/shivam/arduinobot_ws/install/arduinobot_msgs/include/arduinobot_msgs/arduinobot_msgs/action/detail/fibonacci__type_support.c
[1.990s] -- Up-to-date: /home/shivam/arduinobot_ws/install/arduinobot_msgs/include/arduinobot_msgs/arduinobot_msgs/action/detail/arduinobot_task__type_support.c
[1.990s] -- Up-to-date: /home/shivam/arduinobot_ws/install/arduinobot_msgs/include/arduinobot_msgs/arduinobot_msgs/action/detail/fibonacci__rosidl_typesupport_introspection_c.h
[1.990s] -- Up-to-date: /home/shivam/arduinobot_ws/install/arduinobot_msgs/include/arduinobot_msgs/arduinobot_msgs/action/detail/arduinobot_task__rosidl_typesupport_introspection_c.h
[1.990s] -- Up-to-date: /home/shivam/arduinobot_ws/install/arduinobot_msgs/include/arduinobot_msgs/arduinobot_msgs/srv
[1.990s] -- Up-to-date: /home/shivam/arduinobot_ws/install/arduinobot_msgs/include/arduinobot_msgs/arduinobot_msgs/srv/detail
[1.990s] -- Up-to-date: /home/shivam/arduinobot_ws/install/arduinobot_msgs/include/arduinobot_msgs/arduinobot_msgs/srv/detail/add_two_ints__type_support.c
[1.990s] -- Up-to-date: /home/shivam/arduinobot_ws/install/arduinobot_msgs/include/arduinobot_msgs/arduinobot_msgs/srv/detail/quaternion_to_euler__rosidl_typesupport_introspection_c.h
[1.990s] -- Up-to-date: /home/shivam/arduinobot_ws/install/arduinobot_msgs/include/arduinobot_msgs/arduinobot_msgs/srv/detail/euler_to_quaternion__type_support.c
[1.991s] -- Up-to-date: /home/shivam/arduinobot_ws/install/arduinobot_msgs/include/arduinobot_msgs/arduinobot_msgs/srv/detail/euler_to_quaternion__rosidl_typesupport_introspection_c.h
[1.991s] -- Up-to-date: /home/shivam/arduinobot_ws/install/arduinobot_msgs/include/arduinobot_msgs/arduinobot_msgs/srv/detail/add_two_ints__rosidl_typesupport_introspection_c.h
[1.991s] -- Up-to-date: /home/shivam/arduinobot_ws/install/arduinobot_msgs/include/arduinobot_msgs/arduinobot_msgs/srv/detail/quaternion_to_euler__type_support.c
[1.991s] -- Up-to-date: /home/shivam/arduinobot_ws/install/arduinobot_msgs/include/arduinobot_msgs/arduinobot_msgs/msg
[1.992s] -- Up-to-date: /home/shivam/arduinobot_ws/install/arduinobot_msgs/include/arduinobot_msgs/arduinobot_msgs/msg/rosidl_typesupport_introspection_c__visibility_control.h
[1.992s] -- Up-to-date: /home/shivam/arduinobot_ws/install/arduinobot_msgs/lib/libarduinobot_msgs__rosidl_typesupport_introspection_c.so
[1.992s] -- Up-to-date: /home/shivam/arduinobot_ws/install/arduinobot_msgs/lib/libarduinobot_msgs__rosidl_typesupport_c.so
[1.992s] -- Up-to-date: /home/shivam/arduinobot_ws/install/arduinobot_msgs/include/arduinobot_msgs/arduinobot_msgs
[1.992s] -- Up-to-date: /home/shivam/arduinobot_ws/install/arduinobot_msgs/include/arduinobot_msgs/arduinobot_msgs/action
[1.992s] -- Up-to-date: /home/shivam/arduinobot_ws/install/arduinobot_msgs/include/arduinobot_msgs/arduinobot_msgs/action/detail
[1.992s] -- Up-to-date: /home/shivam/arduinobot_ws/install/arduinobot_msgs/include/arduinobot_msgs/arduinobot_msgs/action/detail/fibonacci__type_support.cpp
[1.992s] -- Up-to-date: /home/shivam/arduinobot_ws/install/arduinobot_msgs/include/arduinobot_msgs/arduinobot_msgs/action/detail/fibonacci__rosidl_typesupport_introspection_cpp.hpp
[1.992s] -- Up-to-date: /home/shivam/arduinobot_ws/install/arduinobot_msgs/include/arduinobot_msgs/arduinobot_msgs/action/detail/arduinobot_task__rosidl_typesupport_introspection_cpp.hpp
[1.992s] -- Up-to-date: /home/shivam/arduinobot_ws/install/arduinobot_msgs/include/arduinobot_msgs/arduinobot_msgs/action/detail/arduinobot_task__type_support.cpp
[1.992s] -- Up-to-date: /home/shivam/arduinobot_ws/install/arduinobot_msgs/include/arduinobot_msgs/arduinobot_msgs/srv
[1.992s] -- Up-to-date: /home/shivam/arduinobot_ws/install/arduinobot_msgs/include/arduinobot_msgs/arduinobot_msgs/srv/detail
[1.992s] -- Up-to-date: /home/shivam/arduinobot_ws/install/arduinobot_msgs/include/arduinobot_msgs/arduinobot_msgs/srv/detail/euler_to_quaternion__rosidl_typesupport_introspection_cpp.hpp
[1.992s] -- Up-to-date: /home/shivam/arduinobot_ws/install/arduinobot_msgs/include/arduinobot_msgs/arduinobot_msgs/srv/detail/add_two_ints__rosidl_typesupport_introspection_cpp.hpp
[1.992s] -- Up-to-date: /home/shivam/arduinobot_ws/install/arduinobot_msgs/include/arduinobot_msgs/arduinobot_msgs/srv/detail/add_two_ints__type_support.cpp
[1.992s] -- Up-to-date: /home/shivam/arduinobot_ws/install/arduinobot_msgs/include/arduinobot_msgs/arduinobot_msgs/srv/detail/quaternion_to_euler__type_support.cpp
[1.993s] -- Up-to-date: /home/shivam/arduinobot_ws/install/arduinobot_msgs/include/arduinobot_msgs/arduinobot_msgs/srv/detail/quaternion_to_euler__rosidl_typesupport_introspection_cpp.hpp
[1.993s] -- Up-to-date: /home/shivam/arduinobot_ws/install/arduinobot_msgs/include/arduinobot_msgs/arduinobot_msgs/srv/detail/euler_to_quaternion__type_support.cpp
[1.993s] -- Up-to-date: /home/shivam/arduinobot_ws/install/arduinobot_msgs/lib/libarduinobot_msgs__rosidl_typesupport_introspection_cpp.so
[1.993s] -- Up-to-date: /home/shivam/arduinobot_ws/install/arduinobot_msgs/lib/libarduinobot_msgs__rosidl_typesupport_cpp.so
[1.993s] -- Up-to-date: /home/shivam/arduinobot_ws/install/arduinobot_msgs/share/arduinobot_msgs/environment/pythonpath.sh
[1.994s] -- Up-to-date: /home/shivam/arduinobot_ws/install/arduinobot_msgs/share/arduinobot_msgs/environment/pythonpath.dsv
[1.994s] -- Up-to-date: /home/shivam/arduinobot_ws/install/arduinobot_msgs/local/lib/python3.10/dist-packages/arduinobot_msgs-0.0.0-py3.10.egg-info
[1.994s] -- Installing: /home/shivam/arduinobot_ws/install/arduinobot_msgs/local/lib/python3.10/dist-packages/arduinobot_msgs-0.0.0-py3.10.egg-info/PKG-INFO
[1.994s] -- Installing: /home/shivam/arduinobot_ws/install/arduinobot_msgs/local/lib/python3.10/dist-packages/arduinobot_msgs-0.0.0-py3.10.egg-info/dependency_links.txt
[1.994s] -- Installing: /home/shivam/arduinobot_ws/install/arduinobot_msgs/local/lib/python3.10/dist-packages/arduinobot_msgs-0.0.0-py3.10.egg-info/top_level.txt
[1.995s] -- Installing: /home/shivam/arduinobot_ws/install/arduinobot_msgs/local/lib/python3.10/dist-packages/arduinobot_msgs-0.0.0-py3.10.egg-info/SOURCES.txt
[1.995s] -- Up-to-date: /home/shivam/arduinobot_ws/install/arduinobot_msgs/local/lib/python3.10/dist-packages/arduinobot_msgs
[1.995s] -- Up-to-date: /home/shivam/arduinobot_ws/install/arduinobot_msgs/local/lib/python3.10/dist-packages/arduinobot_msgs/_arduinobot_msgs_s.ep.rosidl_typesupport_fastrtps_c.c
[1.996s] -- Up-to-date: /home/shivam/arduinobot_ws/install/arduinobot_msgs/local/lib/python3.10/dist-packages/arduinobot_msgs/arduinobot_msgs_s__rosidl_typesupport_fastrtps_c.cpython-310-x86_64-linux-gnu.so
[1.996s] -- Up-to-date: /home/shivam/arduinobot_ws/install/arduinobot_msgs/local/lib/python3.10/dist-packages/arduinobot_msgs/libarduinobot_msgs__rosidl_generator_py.so
[1.996s] -- Up-to-date: /home/shivam/arduinobot_ws/install/arduinobot_msgs/local/lib/python3.10/dist-packages/arduinobot_msgs/__init__.py
[1.996s] -- Up-to-date: /home/shivam/arduinobot_ws/install/arduinobot_msgs/local/lib/python3.10/dist-packages/arduinobot_msgs/action
[1.996s] -- Up-to-date: /home/shivam/arduinobot_ws/install/arduinobot_msgs/local/lib/python3.10/dist-packages/arduinobot_msgs/action/_fibonacci.py
[1.996s] -- Up-to-date: /home/shivam/arduinobot_ws/install/arduinobot_msgs/local/lib/python3.10/dist-packages/arduinobot_msgs/action/_fibonacci_s.c
[1.996s] -- Up-to-date: /home/shivam/arduinobot_ws/install/arduinobot_msgs/local/lib/python3.10/dist-packages/arduinobot_msgs/action/__init__.py
[1.996s] -- Up-to-date: /home/shivam/arduinobot_ws/install/arduinobot_msgs/local/lib/python3.10/dist-packages/arduinobot_msgs/action/_arduinobot_task.py
[1.996s] -- Up-to-date: /home/shivam/arduinobot_ws/install/arduinobot_msgs/local/lib/python3.10/dist-packages/arduinobot_msgs/action/_arduinobot_task_s.c
[1.997s] -- Up-to-date: /home/shivam/arduinobot_ws/install/arduinobot_msgs/local/lib/python3.10/dist-packages/arduinobot_msgs/srv
[1.997s] -- Up-to-date: /home/shivam/arduinobot_ws/install/arduinobot_msgs/local/lib/python3.10/dist-packages/arduinobot_msgs/srv/_euler_to_quaternion_s.c
[1.997s] -- Up-to-date: /home/shivam/arduinobot_ws/install/arduinobot_msgs/local/lib/python3.10/dist-packages/arduinobot_msgs/srv/__init__.py
[1.997s] -- Up-to-date: /home/shivam/arduinobot_ws/install/arduinobot_msgs/local/lib/python3.10/dist-packages/arduinobot_msgs/srv/_quaternion_to_euler_s.c
[1.997s] -- Up-to-date: /home/shivam/arduinobot_ws/install/arduinobot_msgs/local/lib/python3.10/dist-packages/arduinobot_msgs/srv/_add_two_ints_s.c
[1.998s] -- Up-to-date: /home/shivam/arduinobot_ws/install/arduinobot_msgs/local/lib/python3.10/dist-packages/arduinobot_msgs/srv/_add_two_ints.py
[1.998s] -- Up-to-date: /home/shivam/arduinobot_ws/install/arduinobot_msgs/local/lib/python3.10/dist-packages/arduinobot_msgs/srv/_euler_to_quaternion.py
[1.998s] -- Up-to-date: /home/shivam/arduinobot_ws/install/arduinobot_msgs/local/lib/python3.10/dist-packages/arduinobot_msgs/srv/_quaternion_to_euler.py
[1.998s] -- Up-to-date: /home/shivam/arduinobot_ws/install/arduinobot_msgs/local/lib/python3.10/dist-packages/arduinobot_msgs/arduinobot_msgs_s__rosidl_typesupport_introspection_c.cpython-310-x86_64-linux-gnu.so
[1.998s] -- Up-to-date: /home/shivam/arduinobot_ws/install/arduinobot_msgs/local/lib/python3.10/dist-packages/arduinobot_msgs/_arduinobot_msgs_s.ep.rosidl_typesupport_introspection_c.c
[1.999s] -- Up-to-date: /home/shivam/arduinobot_ws/install/arduinobot_msgs/local/lib/python3.10/dist-packages/arduinobot_msgs/_arduinobot_msgs_s.ep.rosidl_typesupport_c.c
[1.999s] -- Up-to-date: /home/shivam/arduinobot_ws/install/arduinobot_msgs/local/lib/python3.10/dist-packages/arduinobot_msgs/arduinobot_msgs_s__rosidl_typesupport_c.cpython-310-x86_64-linux-gnu.so
[2.017s] Listing '/home/shivam/arduinobot_ws/install/arduinobot_msgs/local/lib/python3.10/dist-packages/arduinobot_msgs'...
[2.017s] Listing '/home/shivam/arduinobot_ws/install/arduinobot_msgs/local/lib/python3.10/dist-packages/arduinobot_msgs/action'...
[2.017s] Listing '/home/shivam/arduinobot_ws/install/arduinobot_msgs/local/lib/python3.10/dist-packages/arduinobot_msgs/srv'...
[2.024s] -- Up-to-date: /home/shivam/arduinobot_ws/install/arduinobot_msgs/local/lib/python3.10/dist-packages/arduinobot_msgs/arduinobot_msgs_s__rosidl_typesupport_fastrtps_c.cpython-310-x86_64-linux-gnu.so
[2.025s] -- Up-to-date: /home/shivam/arduinobot_ws/install/arduinobot_msgs/local/lib/python3.10/dist-packages/arduinobot_msgs/arduinobot_msgs_s__rosidl_typesupport_introspection_c.cpython-310-x86_64-linux-gnu.so
[2.026s] -- Up-to-date: /home/shivam/arduinobot_ws/install/arduinobot_msgs/local/lib/python3.10/dist-packages/arduinobot_msgs/arduinobot_msgs_s__rosidl_typesupport_c.cpython-310-x86_64-linux-gnu.so
[2.028s] -- Up-to-date: /home/shivam/arduinobot_ws/install/arduinobot_msgs/lib/libarduinobot_msgs__rosidl_generator_py.so
[2.028s] -- Up-to-date: /home/shivam/arduinobot_ws/install/arduinobot_msgs/share/arduinobot_msgs/srv/AddTwoInts.idl
[2.028s] -- Up-to-date: /home/shivam/arduinobot_ws/install/arduinobot_msgs/share/arduinobot_msgs/srv/EulerToQuaternion.idl
[2.029s] -- Up-to-date: /home/shivam/arduinobot_ws/install/arduinobot_msgs/share/arduinobot_msgs/srv/QuaternionToEuler.idl
[2.030s] -- Up-to-date: /home/shivam/arduinobot_ws/install/arduinobot_msgs/share/arduinobot_msgs/action/Fibonacci.idl
[2.030s] -- Up-to-date: /home/shivam/arduinobot_ws/install/arduinobot_msgs/share/arduinobot_msgs/action/ArduinobotTask.idl
[2.030s] -- Up-to-date: /home/shivam/arduinobot_ws/install/arduinobot_msgs/share/arduinobot_msgs/srv/AddTwoInts.srv
[2.030s] -- Up-to-date: /home/shivam/arduinobot_ws/install/arduinobot_msgs/share/arduinobot_msgs/srv/AddTwoInts_Request.msg
[2.030s] -- Up-to-date: /home/shivam/arduinobot_ws/install/arduinobot_msgs/share/arduinobot_msgs/srv/AddTwoInts_Response.msg
[2.030s] -- Up-to-date: /home/shivam/arduinobot_ws/install/arduinobot_msgs/share/arduinobot_msgs/srv/EulerToQuaternion.srv
[2.031s] -- Up-to-date: /home/shivam/arduinobot_ws/install/arduinobot_msgs/share/arduinobot_msgs/srv/EulerToQuaternion_Request.msg
[2.031s] -- Up-to-date: /home/shivam/arduinobot_ws/install/arduinobot_msgs/share/arduinobot_msgs/srv/EulerToQuaternion_Response.msg
[2.031s] -- Up-to-date: /home/shivam/arduinobot_ws/install/arduinobot_msgs/share/arduinobot_msgs/srv/QuaternionToEuler.srv
[2.031s] -- Up-to-date: /home/shivam/arduinobot_ws/install/arduinobot_msgs/share/arduinobot_msgs/srv/QuaternionToEuler_Request.msg
[2.031s] -- Up-to-date: /home/shivam/arduinobot_ws/install/arduinobot_msgs/share/arduinobot_msgs/srv/QuaternionToEuler_Response.msg
[2.032s] -- Up-to-date: /home/shivam/arduinobot_ws/install/arduinobot_msgs/share/arduinobot_msgs/action/Fibonacci.action
[2.032s] -- Up-to-date: /home/shivam/arduinobot_ws/install/arduinobot_msgs/share/arduinobot_msgs/action/ArduinobotTask.action
[2.032s] -- Up-to-date: /home/shivam/arduinobot_ws/install/arduinobot_msgs/share/ament_index/resource_index/package_run_dependencies/arduinobot_msgs
[2.032s] -- Up-to-date: /home/shivam/arduinobot_ws/install/arduinobot_msgs/share/ament_index/resource_index/parent_prefix_path/arduinobot_msgs
[2.033s] -- Up-to-date: /home/shivam/arduinobot_ws/install/arduinobot_msgs/share/arduinobot_msgs/environment/ament_prefix_path.sh
[2.033s] -- Up-to-date: /home/shivam/arduinobot_ws/install/arduinobot_msgs/share/arduinobot_msgs/environment/ament_prefix_path.dsv
[2.033s] -- Up-to-date: /home/shivam/arduinobot_ws/install/arduinobot_msgs/share/arduinobot_msgs/environment/path.sh
[2.033s] -- Up-to-date: /home/shivam/arduinobot_ws/install/arduinobot_msgs/share/arduinobot_msgs/environment/path.dsv
[2.033s] -- Up-to-date: /home/shivam/arduinobot_ws/install/arduinobot_msgs/share/arduinobot_msgs/local_setup.bash
[2.033s] -- Up-to-date: /home/shivam/arduinobot_ws/install/arduinobot_msgs/share/arduinobot_msgs/local_setup.sh
[2.033s] -- Up-to-date: /home/shivam/arduinobot_ws/install/arduinobot_msgs/share/arduinobot_msgs/local_setup.zsh
[2.034s] -- Up-to-date: /home/shivam/arduinobot_ws/install/arduinobot_msgs/share/arduinobot_msgs/local_setup.dsv
[2.034s] -- Installing: /home/shivam/arduinobot_ws/install/arduinobot_msgs/share/arduinobot_msgs/package.dsv
[2.034s] -- Up-to-date: /home/shivam/arduinobot_ws/install/arduinobot_msgs/share/ament_index/resource_index/packages/arduinobot_msgs
[2.035s] -- Up-to-date: /home/shivam/arduinobot_ws/install/arduinobot_msgs/share/arduinobot_msgs/cmake/export_arduinobot_msgs__rosidl_generator_cExport.cmake
[2.035s] -- Up-to-date: /home/shivam/arduinobot_ws/install/arduinobot_msgs/share/arduinobot_msgs/cmake/export_arduinobot_msgs__rosidl_generator_cExport-noconfig.cmake
[2.035s] -- Up-to-date: /home/shivam/arduinobot_ws/install/arduinobot_msgs/share/arduinobot_msgs/cmake/export_arduinobot_msgs__rosidl_typesupport_fastrtps_cExport.cmake
[2.035s] -- Up-to-date: /home/shivam/arduinobot_ws/install/arduinobot_msgs/share/arduinobot_msgs/cmake/export_arduinobot_msgs__rosidl_typesupport_fastrtps_cExport-noconfig.cmake
[2.035s] -- Up-to-date: /home/shivam/arduinobot_ws/install/arduinobot_msgs/share/arduinobot_msgs/cmake/export_arduinobot_msgs__rosidl_generator_cppExport.cmake
[2.035s] -- Up-to-date: /home/shivam/arduinobot_ws/install/arduinobot_msgs/share/arduinobot_msgs/cmake/export_arduinobot_msgs__rosidl_typesupport_fastrtps_cppExport.cmake
[2.035s] -- Up-to-date: /home/shivam/arduinobot_ws/install/arduinobot_msgs/share/arduinobot_msgs/cmake/export_arduinobot_msgs__rosidl_typesupport_fastrtps_cppExport-noconfig.cmake
[2.036s] -- Up-to-date: /home/shivam/arduinobot_ws/install/arduinobot_msgs/share/arduinobot_msgs/cmake/arduinobot_msgs__rosidl_typesupport_introspection_cExport.cmake
[2.037s] -- Up-to-date: /home/shivam/arduinobot_ws/install/arduinobot_msgs/share/arduinobot_msgs/cmake/arduinobot_msgs__rosidl_typesupport_introspection_cExport-noconfig.cmake
[2.037s] -- Up-to-date: /home/shivam/arduinobot_ws/install/arduinobot_msgs/share/arduinobot_msgs/cmake/arduinobot_msgs__rosidl_typesupport_cExport.cmake
[2.037s] -- Up-to-date: /home/shivam/arduinobot_ws/install/arduinobot_msgs/share/arduinobot_msgs/cmake/arduinobot_msgs__rosidl_typesupport_cExport-noconfig.cmake
[2.037s] -- Up-to-date: /home/shivam/arduinobot_ws/install/arduinobot_msgs/share/arduinobot_msgs/cmake/arduinobot_msgs__rosidl_typesupport_introspection_cppExport.cmake
[2.037s] -- Up-to-date: /home/shivam/arduinobot_ws/install/arduinobot_msgs/share/arduinobot_msgs/cmake/arduinobot_msgs__rosidl_typesupport_introspection_cppExport-noconfig.cmake
[2.037s] -- Up-to-date: /home/shivam/arduinobot_ws/install/arduinobot_msgs/share/arduinobot_msgs/cmake/arduinobot_msgs__rosidl_typesupport_cppExport.cmake
[2.038s] -- Up-to-date: /home/shivam/arduinobot_ws/install/arduinobot_msgs/share/arduinobot_msgs/cmake/arduinobot_msgs__rosidl_typesupport_cppExport-noconfig.cmake
[2.038s] -- Up-to-date: /home/shivam/arduinobot_ws/install/arduinobot_msgs/share/arduinobot_msgs/cmake/export_arduinobot_msgs__rosidl_generator_pyExport.cmake
[2.038s] -- Up-to-date: /home/shivam/arduinobot_ws/install/arduinobot_msgs/share/arduinobot_msgs/cmake/export_arduinobot_msgs__rosidl_generator_pyExport-noconfig.cmake
[2.038s] -- Up-to-date: /home/shivam/arduinobot_ws/install/arduinobot_msgs/share/arduinobot_msgs/cmake/rosidl_cmake-extras.cmake
[2.038s] -- Up-to-date: /home/shivam/arduinobot_ws/install/arduinobot_msgs/share/arduinobot_msgs/cmake/ament_cmake_export_dependencies-extras.cmake
[2.038s] -- Up-to-date: /home/shivam/arduinobot_ws/install/arduinobot_msgs/share/arduinobot_msgs/cmake/ament_cmake_export_include_directories-extras.cmake
[2.039s] -- Up-to-date: /home/shivam/arduinobot_ws/install/arduinobot_msgs/share/arduinobot_msgs/cmake/ament_cmake_export_libraries-extras.cmake
[2.039s] -- Up-to-date: /home/shivam/arduinobot_ws/install/arduinobot_msgs/share/arduinobot_msgs/cmake/ament_cmake_export_targets-extras.cmake
[2.039s] -- Up-to-date: /home/shivam/arduinobot_ws/install/arduinobot_msgs/share/arduinobot_msgs/cmake/rosidl_cmake_export_typesupport_targets-extras.cmake
[2.039s] -- Up-to-date: /home/shivam/arduinobot_ws/install/arduinobot_msgs/share/arduinobot_msgs/cmake/rosidl_cmake_export_typesupport_libraries-extras.cmake
[2.039s] -- Up-to-date: /home/shivam/arduinobot_ws/install/arduinobot_msgs/share/arduinobot_msgs/cmake/arduinobot_msgsConfig.cmake
[2.040s] -- Up-to-date: /home/shivam/arduinobot_ws/install/arduinobot_msgs/share/arduinobot_msgs/cmake/arduinobot_msgsConfig-version.cmake
[2.040s] -- Up-to-date: /home/shivam/arduinobot_ws/install/arduinobot_msgs/share/arduinobot_msgs/package.xml
[2.111s] Invoked command in '/home/shivam/arduinobot_ws/build/arduinobot_msgs' returned '0': CMAKE_PREFIX_PATH=/opt/ros/humble /usr/bin/cmake --install /home/shivam/arduinobot_ws/build/arduinobot_msgs
