[0.166s] Invoking command in '/home/shivam/arduinobot_ws/build/arduinobot_firmware': CMAKE_PREFIX_PATH=/opt/ros/humble /usr/bin/cmake --build /home/shivam/arduinobot_ws/build/arduinobot_firmware -- -j12 -l12
[0.357s] [ 50%] Built target simple_serial_receiver
[0.357s] [ 50%] Built target ament_cmake_python_copy_arduinobot_firmware
[0.361s] [100%] Built target simple_serial_transmitter
[0.993s] running egg_info
[0.994s] writing arduinobot_firmware.egg-info/PKG-INFO
[0.994s] writing dependency_links to arduinobot_firmware.egg-info/dependency_links.txt
[0.995s] writing top-level names to arduinobot_firmware.egg-info/top_level.txt
[1.008s] reading manifest file 'arduinobot_firmware.egg-info/SOURCES.txt'
[1.008s] writing manifest file 'arduinobot_firmware.egg-info/SOURCES.txt'
[1.114s] [100%] Built target ament_cmake_python_build_arduinobot_firmware_egg
[1.254s] Invoked command in '/home/shivam/arduinobot_ws/build/arduinobot_firmware' returned '0': CMAKE_PREFIX_PATH=/opt/ros/humble /usr/bin/cmake --build /home/shivam/arduinobot_ws/build/arduinobot_firmware -- -j12 -l12
[1.298s] Invoking command in '/home/shivam/arduinobot_ws/build/arduinobot_firmware': CMAKE_PREFIX_PATH=/opt/ros/humble /usr/bin/cmake --install /home/shivam/arduinobot_ws/build/arduinobot_firmware
[1.309s] -- Install configuration: ""
[1.309s] -- Up-to-date: /home/shivam/arduinobot_ws/install/arduinobot_firmware/share/arduinobot_firmware/environment/pythonpath.sh
[1.310s] -- Up-to-date: /home/shivam/arduinobot_ws/install/arduinobot_firmware/share/arduinobot_firmware/environment/pythonpath.dsv
[1.310s] -- Up-to-date: /home/shivam/arduinobot_ws/install/arduinobot_firmware/local/lib/python3.10/dist-packages/arduinobot_firmware-0.0.0-py3.10.egg-info
[1.310s] -- Installing: /home/shivam/arduinobot_ws/install/arduinobot_firmware/local/lib/python3.10/dist-packages/arduinobot_firmware-0.0.0-py3.10.egg-info/PKG-INFO
[1.310s] -- Installing: /home/shivam/arduinobot_ws/install/arduinobot_firmware/local/lib/python3.10/dist-packages/arduinobot_firmware-0.0.0-py3.10.egg-info/dependency_links.txt
[1.310s] -- Installing: /home/shivam/arduinobot_ws/install/arduinobot_firmware/local/lib/python3.10/dist-packages/arduinobot_firmware-0.0.0-py3.10.egg-info/top_level.txt
[1.310s] -- Installing: /home/shivam/arduinobot_ws/install/arduinobot_firmware/local/lib/python3.10/dist-packages/arduinobot_firmware-0.0.0-py3.10.egg-info/SOURCES.txt
[1.310s] -- Up-to-date: /home/shivam/arduinobot_ws/install/arduinobot_firmware/local/lib/python3.10/dist-packages/arduinobot_firmware
[1.310s] -- Up-to-date: /home/shivam/arduinobot_ws/install/arduinobot_firmware/local/lib/python3.10/dist-packages/arduinobot_firmware/__init__.py
[1.311s] -- Up-to-date: /home/shivam/arduinobot_ws/install/arduinobot_firmware/local/lib/python3.10/dist-packages/arduinobot_firmware/simple_serial_transmitter.py
[1.311s] -- Up-to-date: /home/shivam/arduinobot_ws/install/arduinobot_firmware/local/lib/python3.10/dist-packages/arduinobot_firmware/simple_serial_receiver.py
[1.387s] Listing '/home/shivam/arduinobot_ws/install/arduinobot_firmware/local/lib/python3.10/dist-packages/arduinobot_firmware'...
[1.388s] -- Up-to-date: /home/shivam/arduinobot_ws/install/arduinobot_firmware/lib/arduinobot_firmware/simple_serial_receiver
[1.388s] -- Up-to-date: /home/shivam/arduinobot_ws/install/arduinobot_firmware/lib/arduinobot_firmware/simple_serial_transmitter
[1.388s] -- Up-to-date: /home/shivam/arduinobot_ws/install/arduinobot_firmware/lib/arduinobot_firmware/simple_serial_transmitter.py
[1.388s] -- Up-to-date: /home/shivam/arduinobot_ws/install/arduinobot_firmware/lib/arduinobot_firmware/simple_serial_receiver.py
[1.388s] -- Up-to-date: /home/shivam/arduinobot_ws/install/arduinobot_firmware/share/ament_index/resource_index/package_run_dependencies/arduinobot_firmware
[1.388s] -- Up-to-date: /home/shivam/arduinobot_ws/install/arduinobot_firmware/share/ament_index/resource_index/parent_prefix_path/arduinobot_firmware
[1.388s] -- Up-to-date: /home/shivam/arduinobot_ws/install/arduinobot_firmware/share/arduinobot_firmware/environment/ament_prefix_path.sh
[1.388s] -- Up-to-date: /home/shivam/arduinobot_ws/install/arduinobot_firmware/share/arduinobot_firmware/environment/ament_prefix_path.dsv
[1.388s] -- Up-to-date: /home/shivam/arduinobot_ws/install/arduinobot_firmware/share/arduinobot_firmware/environment/path.sh
[1.389s] -- Up-to-date: /home/shivam/arduinobot_ws/install/arduinobot_firmware/share/arduinobot_firmware/environment/path.dsv
[1.389s] -- Up-to-date: /home/shivam/arduinobot_ws/install/arduinobot_firmware/share/arduinobot_firmware/local_setup.bash
[1.389s] -- Up-to-date: /home/shivam/arduinobot_ws/install/arduinobot_firmware/share/arduinobot_firmware/local_setup.sh
[1.391s] -- Up-to-date: /home/shivam/arduinobot_ws/install/arduinobot_firmware/share/arduinobot_firmware/local_setup.zsh
[1.391s] -- Up-to-date: /home/shivam/arduinobot_ws/install/arduinobot_firmware/share/arduinobot_firmware/local_setup.dsv
[1.392s] -- Installing: /home/shivam/arduinobot_ws/install/arduinobot_firmware/share/arduinobot_firmware/package.dsv
[1.392s] -- Up-to-date: /home/shivam/arduinobot_ws/install/arduinobot_firmware/share/ament_index/resource_index/packages/arduinobot_firmware
[1.392s] -- Up-to-date: /home/shivam/arduinobot_ws/install/arduinobot_firmware/share/arduinobot_firmware/cmake/arduinobot_firmwareConfig.cmake
[1.392s] -- Up-to-date: /home/shivam/arduinobot_ws/install/arduinobot_firmware/share/arduinobot_firmware/cmake/arduinobot_firmwareConfig-version.cmake
[1.392s] -- Up-to-date: /home/shivam/arduinobot_ws/install/arduinobot_firmware/share/arduinobot_firmware/package.xml
[1.459s] Invoked command in '/home/shivam/arduinobot_ws/build/arduinobot_firmware' returned '0': CMAKE_PREFIX_PATH=/opt/ros/humble /usr/bin/cmake --install /home/shivam/arduinobot_ws/build/arduinobot_firmware
