[0.384s] Invoking command in '/home/shivam/arduinobot_ws/build/arduinobot_utils': AMENT_PREFIX_PATH=/home/shivam/arduinobot_ws/install/arduinobot_msgs:${AMENT_PREFIX_PATH} CMAKE_PREFIX_PATH=/home/shivam/arduinobot_ws/install/arduinobot_msgs:/opt/ros/humble LD_LIBRARY_PATH=/home/shivam/arduinobot_ws/install/arduinobot_msgs/lib:${LD_LIBRARY_PATH} PYTHONPATH=/home/shivam/arduinobot_ws/install/arduinobot_msgs/local/lib/python3.10/dist-packages:${PYTHONPATH} /usr/bin/cmake --build /home/shivam/arduinobot_ws/build/arduinobot_utils -- -j12 -l12
[0.437s] [35m[1mConsolidate compiler generated dependencies of target angle_conversion[0m
[0.454s] [  0%] Built target ament_cmake_python_copy_arduinobot_utils
[0.477s] [100%] Built target angle_conversion
[0.850s] running egg_info
[0.851s] writing arduinobot_utils.egg-info/PKG-INFO
[0.853s] writing dependency_links to arduinobot_utils.egg-info/dependency_links.txt
[0.853s] writing top-level names to arduinobot_utils.egg-info/top_level.txt
[0.856s] reading manifest file 'arduinobot_utils.egg-info/SOURCES.txt'
[0.858s] writing manifest file 'arduinobot_utils.egg-info/SOURCES.txt'
[0.897s] [100%] Built target ament_cmake_python_build_arduinobot_utils_egg
[0.910s] Invoked command in '/home/shivam/arduinobot_ws/build/arduinobot_utils' returned '0': AMENT_PREFIX_PATH=/home/shivam/arduinobot_ws/install/arduinobot_msgs:${AMENT_PREFIX_PATH} CMAKE_PREFIX_PATH=/home/shivam/arduinobot_ws/install/arduinobot_msgs:/opt/ros/humble LD_LIBRARY_PATH=/home/shivam/arduinobot_ws/install/arduinobot_msgs/lib:${LD_LIBRARY_PATH} PYTHONPATH=/home/shivam/arduinobot_ws/install/arduinobot_msgs/local/lib/python3.10/dist-packages:${PYTHONPATH} /usr/bin/cmake --build /home/shivam/arduinobot_ws/build/arduinobot_utils -- -j12 -l12
[0.941s] Invoking command in '/home/shivam/arduinobot_ws/build/arduinobot_utils': AMENT_PREFIX_PATH=/home/shivam/arduinobot_ws/install/arduinobot_msgs:${AMENT_PREFIX_PATH} CMAKE_PREFIX_PATH=/home/shivam/arduinobot_ws/install/arduinobot_msgs:/opt/ros/humble LD_LIBRARY_PATH=/home/shivam/arduinobot_ws/install/arduinobot_msgs/lib:${LD_LIBRARY_PATH} PYTHONPATH=/home/shivam/arduinobot_ws/install/arduinobot_msgs/local/lib/python3.10/dist-packages:${PYTHONPATH} /usr/bin/cmake --install /home/shivam/arduinobot_ws/build/arduinobot_utils
[0.949s] -- Install configuration: ""
[0.951s] -- Up-to-date: /home/shivam/arduinobot_ws/install/arduinobot_utils/share/arduinobot_utils/environment/pythonpath.sh
[0.951s] -- Up-to-date: /home/shivam/arduinobot_ws/install/arduinobot_utils/share/arduinobot_utils/environment/pythonpath.dsv
[0.952s] -- Up-to-date: /home/shivam/arduinobot_ws/install/arduinobot_utils/local/lib/python3.10/dist-packages/arduinobot_utils-0.0.0-py3.10.egg-info
[0.954s] -- Installing: /home/shivam/arduinobot_ws/install/arduinobot_utils/local/lib/python3.10/dist-packages/arduinobot_utils-0.0.0-py3.10.egg-info/SOURCES.txt
[0.954s] -- Installing: /home/shivam/arduinobot_ws/install/arduinobot_utils/local/lib/python3.10/dist-packages/arduinobot_utils-0.0.0-py3.10.egg-info/dependency_links.txt
[0.954s] -- Installing: /home/shivam/arduinobot_ws/install/arduinobot_utils/local/lib/python3.10/dist-packages/arduinobot_utils-0.0.0-py3.10.egg-info/top_level.txt
[0.954s] -- Installing: /home/shivam/arduinobot_ws/install/arduinobot_utils/local/lib/python3.10/dist-packages/arduinobot_utils-0.0.0-py3.10.egg-info/PKG-INFO
[0.955s] -- Up-to-date: /home/shivam/arduinobot_ws/install/arduinobot_utils/local/lib/python3.10/dist-packages/arduinobot_utils
[0.955s] -- Up-to-date: /home/shivam/arduinobot_ws/install/arduinobot_utils/local/lib/python3.10/dist-packages/arduinobot_utils/__init__.py
[0.955s] -- Up-to-date: /home/shivam/arduinobot_ws/install/arduinobot_utils/local/lib/python3.10/dist-packages/arduinobot_utils/angle_conversion.py
[0.997s] Listing '/home/shivam/arduinobot_ws/install/arduinobot_utils/local/lib/python3.10/dist-packages/arduinobot_utils'...
[1.003s] -- Up-to-date: /home/shivam/arduinobot_ws/install/arduinobot_utils/lib/arduinobot_utils/angle_conversion
[1.004s] -- Up-to-date: /home/shivam/arduinobot_ws/install/arduinobot_utils/lib/arduinobot_utils/angle_conversion.py
[1.004s] -- Up-to-date: /home/shivam/arduinobot_ws/install/arduinobot_utils/share/ament_index/resource_index/package_run_dependencies/arduinobot_utils
[1.004s] -- Up-to-date: /home/shivam/arduinobot_ws/install/arduinobot_utils/share/ament_index/resource_index/parent_prefix_path/arduinobot_utils
[1.005s] -- Up-to-date: /home/shivam/arduinobot_ws/install/arduinobot_utils/share/arduinobot_utils/environment/ament_prefix_path.sh
[1.005s] -- Up-to-date: /home/shivam/arduinobot_ws/install/arduinobot_utils/share/arduinobot_utils/environment/ament_prefix_path.dsv
[1.005s] -- Up-to-date: /home/shivam/arduinobot_ws/install/arduinobot_utils/share/arduinobot_utils/environment/path.sh
[1.005s] -- Up-to-date: /home/shivam/arduinobot_ws/install/arduinobot_utils/share/arduinobot_utils/environment/path.dsv
[1.006s] -- Up-to-date: /home/shivam/arduinobot_ws/install/arduinobot_utils/share/arduinobot_utils/local_setup.bash
[1.006s] -- Up-to-date: /home/shivam/arduinobot_ws/install/arduinobot_utils/share/arduinobot_utils/local_setup.sh
[1.006s] -- Up-to-date: /home/shivam/arduinobot_ws/install/arduinobot_utils/share/arduinobot_utils/local_setup.zsh
[1.006s] -- Up-to-date: /home/shivam/arduinobot_ws/install/arduinobot_utils/share/arduinobot_utils/local_setup.dsv
[1.007s] -- Installing: /home/shivam/arduinobot_ws/install/arduinobot_utils/share/arduinobot_utils/package.dsv
[1.007s] -- Up-to-date: /home/shivam/arduinobot_ws/install/arduinobot_utils/share/ament_index/resource_index/packages/arduinobot_utils
[1.007s] -- Up-to-date: /home/shivam/arduinobot_ws/install/arduinobot_utils/share/arduinobot_utils/cmake/arduinobot_utilsConfig.cmake
[1.007s] -- Up-to-date: /home/shivam/arduinobot_ws/install/arduinobot_utils/share/arduinobot_utils/cmake/arduinobot_utilsConfig-version.cmake
[1.007s] -- Up-to-date: /home/shivam/arduinobot_ws/install/arduinobot_utils/share/arduinobot_utils/package.xml
[1.010s] Invoked command in '/home/shivam/arduinobot_ws/build/arduinobot_utils' returned '0': AMENT_PREFIX_PATH=/home/shivam/arduinobot_ws/install/arduinobot_msgs:${AMENT_PREFIX_PATH} CMAKE_PREFIX_PATH=/home/shivam/arduinobot_ws/install/arduinobot_msgs:/opt/ros/humble LD_LIBRARY_PATH=/home/shivam/arduinobot_ws/install/arduinobot_msgs/lib:${LD_LIBRARY_PATH} PYTHONPATH=/home/shivam/arduinobot_ws/install/arduinobot_msgs/local/lib/python3.10/dist-packages:${PYTHONPATH} /usr/bin/cmake --install /home/shivam/arduinobot_ws/build/arduinobot_utils
