[1.349s] DEBUG:colcon:Command line arguments: ['/usr/bin/colcon', 'build']
[1.349s] DEBUG:colcon:Parsed command line arguments: Namespace(log_base=None, log_level=None, verb_name='build', build_base='build', install_base='install', merge_install=False, symlink_install=False, test_result_base=None, continue_on_error=False, executor='parallel', parallel_workers=12, event_handlers=None, ignore_user_meta=False, metas=['./colcon.meta'], base_paths=['.'], packages_ignore=None, packages_ignore_regex=None, paths=None, packages_up_to=None, packages_up_to_regex=None, packages_above=None, packages_above_and_dependencies=None, packages_above_depth=None, packages_select_by_dep=None, packages_skip_by_dep=None, packages_skip_up_to=None, packages_select_build_failed=False, packages_skip_build_finished=False, packages_select_test_failures=False, packages_skip_test_passed=False, packages_select=None, packages_skip=None, packages_select_regex=None, packages_skip_regex=None, packages_start=None, packages_end=None, allow_overriding=[], cmake_args=None, cmake_target=None, cmake_target_skip_unavailable=False, cmake_clean_cache=False, cmake_clean_first=False, cmake_force_configure=False, ament_cmake_args=None, catkin_cmake_args=None, catkin_skip_building_tests=False, verb_parser=<colcon_defaults.argument_parser.defaults.DefaultArgumentsDecorator object at 0x7f9f1925f880>, verb_extension=<colcon_core.verb.build.BuildVerb object at 0x7f9f1925e410>, main=<bound method BuildVerb.main of <colcon_core.verb.build.BuildVerb object at 0x7f9f1925e410>>)
[1.403s] Level 1:colcon.colcon_core.package_discovery:discover_packages(colcon_meta) check parameters
[1.403s] Level 1:colcon.colcon_core.package_discovery:discover_packages(recursive) check parameters
[1.403s] Level 1:colcon.colcon_core.package_discovery:discover_packages(ignore) check parameters
[1.403s] Level 1:colcon.colcon_core.package_discovery:discover_packages(path) check parameters
[1.403s] Level 1:colcon.colcon_core.package_discovery:discover_packages(colcon_meta) discover
[1.403s] Level 1:colcon.colcon_core.package_discovery:discover_packages(recursive) discover
[1.403s] INFO:colcon.colcon_core.package_discovery:Crawling recursively for packages in '/home/shivam/arduinobot_ws'
[1.404s] Level 1:colcon.colcon_core.package_identification:_identify(.) by extensions ['ignore', 'ignore_ament_install']
[1.404s] Level 1:colcon.colcon_core.package_identification:_identify(.) by extension 'ignore'
[1.404s] Level 1:colcon.colcon_core.package_identification:_identify(.) by extension 'ignore_ament_install'
[1.404s] Level 1:colcon.colcon_core.package_identification:_identify(.) by extensions ['colcon_pkg']
[1.404s] Level 1:colcon.colcon_core.package_identification:_identify(.) by extension 'colcon_pkg'
[1.404s] Level 1:colcon.colcon_core.package_identification:_identify(.) by extensions ['colcon_meta']
[1.404s] Level 1:colcon.colcon_core.package_identification:_identify(.) by extension 'colcon_meta'
[1.404s] Level 1:colcon.colcon_core.package_identification:_identify(.) by extensions ['ros']
[1.404s] Level 1:colcon.colcon_core.package_identification:_identify(.) by extension 'ros'
[1.418s] Level 1:colcon.colcon_core.package_identification:_identify(.) by extensions ['cmake', 'python']
[1.418s] Level 1:colcon.colcon_core.package_identification:_identify(.) by extension 'cmake'
[1.418s] Level 1:colcon.colcon_core.package_identification:_identify(.) by extension 'python'
[1.418s] Level 1:colcon.colcon_core.package_identification:_identify(.) by extensions ['python_setup_py']
[1.418s] Level 1:colcon.colcon_core.package_identification:_identify(.) by extension 'python_setup_py'
[1.418s] Level 1:colcon.colcon_core.package_identification:_identify(build) by extensions ['ignore', 'ignore_ament_install']
[1.418s] Level 1:colcon.colcon_core.package_identification:_identify(build) by extension 'ignore'
[1.418s] Level 1:colcon.colcon_core.package_identification:_identify(build) ignored
[1.418s] Level 1:colcon.colcon_core.package_identification:_identify(install) by extensions ['ignore', 'ignore_ament_install']
[1.418s] Level 1:colcon.colcon_core.package_identification:_identify(install) by extension 'ignore'
[1.419s] Level 1:colcon.colcon_core.package_identification:_identify(install) ignored
[1.419s] Level 1:colcon.colcon_core.package_identification:_identify(log) by extensions ['ignore', 'ignore_ament_install']
[1.419s] Level 1:colcon.colcon_core.package_identification:_identify(log) by extension 'ignore'
[1.419s] Level 1:colcon.colcon_core.package_identification:_identify(log) ignored
[1.419s] Level 1:colcon.colcon_core.package_identification:_identify(src) by extensions ['ignore', 'ignore_ament_install']
[1.419s] Level 1:colcon.colcon_core.package_identification:_identify(src) by extension 'ignore'
[1.419s] Level 1:colcon.colcon_core.package_identification:_identify(src) by extension 'ignore_ament_install'
[1.419s] Level 1:colcon.colcon_core.package_identification:_identify(src) by extensions ['colcon_pkg']
[1.419s] Level 1:colcon.colcon_core.package_identification:_identify(src) by extension 'colcon_pkg'
[1.419s] Level 1:colcon.colcon_core.package_identification:_identify(src) by extensions ['colcon_meta']
[1.419s] Level 1:colcon.colcon_core.package_identification:_identify(src) by extension 'colcon_meta'
[1.419s] Level 1:colcon.colcon_core.package_identification:_identify(src) by extensions ['ros']
[1.419s] Level 1:colcon.colcon_core.package_identification:_identify(src) by extension 'ros'
[1.419s] Level 1:colcon.colcon_core.package_identification:_identify(src) by extensions ['cmake', 'python']
[1.419s] Level 1:colcon.colcon_core.package_identification:_identify(src) by extension 'cmake'
[1.419s] Level 1:colcon.colcon_core.package_identification:_identify(src) by extension 'python'
[1.420s] Level 1:colcon.colcon_core.package_identification:_identify(src) by extensions ['python_setup_py']
[1.420s] Level 1:colcon.colcon_core.package_identification:_identify(src) by extension 'python_setup_py'
[1.420s] Level 1:colcon.colcon_core.package_identification:_identify(src/arduinobot_description) by extensions ['ignore', 'ignore_ament_install']
[1.420s] Level 1:colcon.colcon_core.package_identification:_identify(src/arduinobot_description) by extension 'ignore'
[1.420s] Level 1:colcon.colcon_core.package_identification:_identify(src/arduinobot_description) by extension 'ignore_ament_install'
[1.420s] Level 1:colcon.colcon_core.package_identification:_identify(src/arduinobot_description) by extensions ['colcon_pkg']
[1.420s] Level 1:colcon.colcon_core.package_identification:_identify(src/arduinobot_description) by extension 'colcon_pkg'
[1.420s] Level 1:colcon.colcon_core.package_identification:_identify(src/arduinobot_description) by extensions ['colcon_meta']
[1.420s] Level 1:colcon.colcon_core.package_identification:_identify(src/arduinobot_description) by extension 'colcon_meta'
[1.420s] Level 1:colcon.colcon_core.package_identification:_identify(src/arduinobot_description) by extensions ['ros']
[1.420s] Level 1:colcon.colcon_core.package_identification:_identify(src/arduinobot_description) by extension 'ros'
[1.424s] DEBUG:colcon.colcon_core.package_identification:Package 'src/arduinobot_description' with type 'ros.ament_cmake' and name 'arduinobot_description'
[1.424s] Level 1:colcon.colcon_core.package_identification:_identify(src/arduinobot_py_examples) by extensions ['ignore', 'ignore_ament_install']
[1.424s] Level 1:colcon.colcon_core.package_identification:_identify(src/arduinobot_py_examples) by extension 'ignore'
[1.424s] Level 1:colcon.colcon_core.package_identification:_identify(src/arduinobot_py_examples) by extension 'ignore_ament_install'
[1.424s] Level 1:colcon.colcon_core.package_identification:_identify(src/arduinobot_py_examples) by extensions ['colcon_pkg']
[1.424s] Level 1:colcon.colcon_core.package_identification:_identify(src/arduinobot_py_examples) by extension 'colcon_pkg'
[1.425s] Level 1:colcon.colcon_core.package_identification:_identify(src/arduinobot_py_examples) by extensions ['colcon_meta']
[1.425s] Level 1:colcon.colcon_core.package_identification:_identify(src/arduinobot_py_examples) by extension 'colcon_meta'
[1.425s] Level 1:colcon.colcon_core.package_identification:_identify(src/arduinobot_py_examples) by extensions ['ros']
[1.425s] Level 1:colcon.colcon_core.package_identification:_identify(src/arduinobot_py_examples) by extension 'ros'
[1.425s] DEBUG:colcon.colcon_core.package_identification:Package 'src/arduinobot_py_examples' with type 'ros.ament_python' and name 'arduinobot_py_examples'
[1.426s] Level 1:colcon.colcon_core.package_identification:_identify(src/build) by extensions ['ignore', 'ignore_ament_install']
[1.426s] Level 1:colcon.colcon_core.package_identification:_identify(src/build) by extension 'ignore'
[1.426s] Level 1:colcon.colcon_core.package_identification:_identify(src/build) ignored
[1.426s] Level 1:colcon.colcon_core.package_identification:_identify(src/install) by extensions ['ignore', 'ignore_ament_install']
[1.426s] Level 1:colcon.colcon_core.package_identification:_identify(src/install) by extension 'ignore'
[1.426s] Level 1:colcon.colcon_core.package_identification:_identify(src/install) ignored
[1.426s] Level 1:colcon.colcon_core.package_identification:_identify(src/log) by extensions ['ignore', 'ignore_ament_install']
[1.427s] Level 1:colcon.colcon_core.package_identification:_identify(src/log) by extension 'ignore'
[1.427s] Level 1:colcon.colcon_core.package_identification:_identify(src/log) ignored
[1.427s] Level 1:colcon.colcon_core.package_discovery:discover_packages(recursive) using defaults
[1.427s] Level 1:colcon.colcon_core.package_discovery:discover_packages(ignore) discover
[1.427s] Level 1:colcon.colcon_core.package_discovery:discover_packages(ignore) using defaults
[1.428s] Level 1:colcon.colcon_core.package_discovery:discover_packages(path) discover
[1.429s] Level 1:colcon.colcon_core.package_discovery:discover_packages(path) using defaults
[1.536s] Level 1:colcon.colcon_core.package_discovery:discover_packages(prefix_path) check parameters
[1.536s] Level 1:colcon.colcon_core.package_discovery:discover_packages(prefix_path) discover
[1.575s] DEBUG:colcon.colcon_installed_package_information.package_discovery:Found 350 installed packages in /opt/ros/humble
[1.576s] Level 1:colcon.colcon_core.package_discovery:discover_packages(prefix_path) using defaults
[1.704s] Level 5:colcon.colcon_core.verb:set package 'arduinobot_description' build argument 'cmake_args' from command line to 'None'
[1.704s] Level 5:colcon.colcon_core.verb:set package 'arduinobot_description' build argument 'cmake_target' from command line to 'None'
[1.705s] Level 5:colcon.colcon_core.verb:set package 'arduinobot_description' build argument 'cmake_target_skip_unavailable' from command line to 'False'
[1.705s] Level 5:colcon.colcon_core.verb:set package 'arduinobot_description' build argument 'cmake_clean_cache' from command line to 'False'
[1.705s] Level 5:colcon.colcon_core.verb:set package 'arduinobot_description' build argument 'cmake_clean_first' from command line to 'False'
[1.705s] Level 5:colcon.colcon_core.verb:set package 'arduinobot_description' build argument 'cmake_force_configure' from command line to 'False'
[1.705s] Level 5:colcon.colcon_core.verb:set package 'arduinobot_description' build argument 'ament_cmake_args' from command line to 'None'
[1.705s] Level 5:colcon.colcon_core.verb:set package 'arduinobot_description' build argument 'catkin_cmake_args' from command line to 'None'
[1.705s] Level 5:colcon.colcon_core.verb:set package 'arduinobot_description' build argument 'catkin_skip_building_tests' from command line to 'False'
[1.705s] DEBUG:colcon.colcon_core.verb:Building package 'arduinobot_description' with the following arguments: {'ament_cmake_args': None, 'build_base': '/home/shivam/arduinobot_ws/build/arduinobot_description', 'catkin_cmake_args': None, 'catkin_skip_building_tests': False, 'cmake_args': None, 'cmake_clean_cache': False, 'cmake_clean_first': False, 'cmake_force_configure': False, 'cmake_target': None, 'cmake_target_skip_unavailable': False, 'install_base': '/home/shivam/arduinobot_ws/install/arduinobot_description', 'merge_install': False, 'path': '/home/shivam/arduinobot_ws/src/arduinobot_description', 'symlink_install': False, 'test_result_base': None}
[1.722s] Level 5:colcon.colcon_core.verb:set package 'arduinobot_py_examples' build argument 'cmake_args' from command line to 'None'
[1.722s] Level 5:colcon.colcon_core.verb:set package 'arduinobot_py_examples' build argument 'cmake_target' from command line to 'None'
[1.722s] Level 5:colcon.colcon_core.verb:set package 'arduinobot_py_examples' build argument 'cmake_target_skip_unavailable' from command line to 'False'
[1.722s] Level 5:colcon.colcon_core.verb:set package 'arduinobot_py_examples' build argument 'cmake_clean_cache' from command line to 'False'
[1.722s] Level 5:colcon.colcon_core.verb:set package 'arduinobot_py_examples' build argument 'cmake_clean_first' from command line to 'False'
[1.722s] Level 5:colcon.colcon_core.verb:set package 'arduinobot_py_examples' build argument 'cmake_force_configure' from command line to 'False'
[1.723s] Level 5:colcon.colcon_core.verb:set package 'arduinobot_py_examples' build argument 'ament_cmake_args' from command line to 'None'
[1.723s] Level 5:colcon.colcon_core.verb:set package 'arduinobot_py_examples' build argument 'catkin_cmake_args' from command line to 'None'
[1.723s] Level 5:colcon.colcon_core.verb:set package 'arduinobot_py_examples' build argument 'catkin_skip_building_tests' from command line to 'False'
[1.723s] DEBUG:colcon.colcon_core.verb:Building package 'arduinobot_py_examples' with the following arguments: {'ament_cmake_args': None, 'build_base': '/home/shivam/arduinobot_ws/build/arduinobot_py_examples', 'catkin_cmake_args': None, 'catkin_skip_building_tests': False, 'cmake_args': None, 'cmake_clean_cache': False, 'cmake_clean_first': False, 'cmake_force_configure': False, 'cmake_target': None, 'cmake_target_skip_unavailable': False, 'install_base': '/home/shivam/arduinobot_ws/install/arduinobot_py_examples', 'merge_install': False, 'path': '/home/shivam/arduinobot_ws/src/arduinobot_py_examples', 'symlink_install': False, 'test_result_base': None}
[1.737s] INFO:colcon.colcon_core.executor:Executing jobs using 'parallel' executor
[1.756s] DEBUG:colcon.colcon_parallel_executor.executor.parallel:run_until_complete
[1.757s] INFO:colcon.colcon_ros.task.ament_cmake.build:Building ROS package in '/home/shivam/arduinobot_ws/src/arduinobot_description' with build type 'ament_cmake'
[1.757s] INFO:colcon.colcon_cmake.task.cmake.build:Building CMake package in '/home/shivam/arduinobot_ws/src/arduinobot_description'
[1.774s] INFO:colcon.colcon_core.plugin_system:Skipping extension 'colcon_core.shell.bat': Not used on non-Windows systems
[1.774s] INFO:colcon.colcon_core.shell:Skip shell extension 'powershell' for command environment: Not usable outside of PowerShell
[1.774s] DEBUG:colcon.colcon_core.shell:Skip shell extension 'dsv' for command environment
[1.809s] INFO:colcon.colcon_ros.task.ament_python.build:Building ROS package in '/home/shivam/arduinobot_ws/src/arduinobot_py_examples' with build type 'ament_python'
[1.810s] Level 1:colcon.colcon_core.shell:create_environment_hook('arduinobot_py_examples', 'ament_prefix_path')
[1.825s] INFO:colcon.colcon_core.shell:Creating environment hook '/home/shivam/arduinobot_ws/install/arduinobot_py_examples/share/arduinobot_py_examples/hook/ament_prefix_path.ps1'
[1.825s] INFO:colcon.colcon_core.shell:Creating environment descriptor '/home/shivam/arduinobot_ws/install/arduinobot_py_examples/share/arduinobot_py_examples/hook/ament_prefix_path.dsv'
[1.826s] INFO:colcon.colcon_core.shell:Creating environment hook '/home/shivam/arduinobot_ws/install/arduinobot_py_examples/share/arduinobot_py_examples/hook/ament_prefix_path.sh'
[1.846s] INFO:colcon.colcon_core.shell:Skip shell extension 'powershell' for command environment: Not usable outside of PowerShell
[1.846s] DEBUG:colcon.colcon_core.shell:Skip shell extension 'dsv' for command environment
[1.895s] DEBUG:colcon.colcon_core.event_handler.log_command:Invoking command in '/home/shivam/arduinobot_ws/build/arduinobot_description': CMAKE_PREFIX_PATH=/opt/ros/humble /usr/bin/cmake --build /home/shivam/arduinobot_ws/build/arduinobot_description -- -j12 -l12
[2.216s] INFO:colcon.colcon_core.task.python.build:Building Python package in '/home/shivam/arduinobot_ws/src/arduinobot_py_examples'
[2.233s] INFO:colcon.colcon_core.shell:Skip shell extension 'powershell' for command environment: Not usable outside of PowerShell
[2.233s] DEBUG:colcon.colcon_core.shell:Skip shell extension 'dsv' for command environment
[2.266s] DEBUG:colcon.colcon_core.event_handler.log_command:Invoked command in '/home/shivam/arduinobot_ws/build/arduinobot_description' returned '0': CMAKE_PREFIX_PATH=/opt/ros/humble /usr/bin/cmake --build /home/shivam/arduinobot_ws/build/arduinobot_description -- -j12 -l12
[2.302s] DEBUG:colcon.colcon_core.event_handler.log_command:Invoking command in '/home/shivam/arduinobot_ws/build/arduinobot_description': CMAKE_PREFIX_PATH=/opt/ros/humble /usr/bin/cmake --install /home/shivam/arduinobot_ws/build/arduinobot_description
[2.335s] Level 1:colcon.colcon_core.environment:create_environment_scripts_only(arduinobot_description)
[2.337s] DEBUG:colcon.colcon_core.event_handler.log_command:Invoked command in '/home/shivam/arduinobot_ws/build/arduinobot_description' returned '0': CMAKE_PREFIX_PATH=/opt/ros/humble /usr/bin/cmake --install /home/shivam/arduinobot_ws/build/arduinobot_description
[2.364s] Level 1:colcon.colcon_core.environment:checking '/home/shivam/arduinobot_ws/install/arduinobot_description' for CMake module files
[2.365s] Level 1:colcon.colcon_core.environment:checking '/home/shivam/arduinobot_ws/install/arduinobot_description' for CMake config files
[2.366s] Level 1:colcon.colcon_core.shell:create_environment_hook('arduinobot_description', 'cmake_prefix_path')
[2.388s] INFO:colcon.colcon_core.shell:Creating environment hook '/home/shivam/arduinobot_ws/install/arduinobot_description/share/arduinobot_description/hook/cmake_prefix_path.ps1'
[2.389s] INFO:colcon.colcon_core.shell:Creating environment descriptor '/home/shivam/arduinobot_ws/install/arduinobot_description/share/arduinobot_description/hook/cmake_prefix_path.dsv'
[2.389s] INFO:colcon.colcon_core.shell:Creating environment hook '/home/shivam/arduinobot_ws/install/arduinobot_description/share/arduinobot_description/hook/cmake_prefix_path.sh'
[2.390s] Level 1:colcon.colcon_core.environment:checking '/home/shivam/arduinobot_ws/install/arduinobot_description/bin'
[2.390s] Level 1:colcon.colcon_core.environment:checking '/home/shivam/arduinobot_ws/install/arduinobot_description/lib/pkgconfig/arduinobot_description.pc'
[2.391s] Level 1:colcon.colcon_core.environment:checking '/home/shivam/arduinobot_ws/install/arduinobot_description/lib/python3.10/site-packages'
[2.391s] Level 1:colcon.colcon_core.environment:checking '/home/shivam/arduinobot_ws/install/arduinobot_description/bin'
[2.410s] INFO:colcon.colcon_core.shell:Creating package script '/home/shivam/arduinobot_ws/install/arduinobot_description/share/arduinobot_description/package.ps1'
[2.411s] INFO:colcon.colcon_core.shell:Creating package descriptor '/home/shivam/arduinobot_ws/install/arduinobot_description/share/arduinobot_description/package.dsv'
[2.413s] INFO:colcon.colcon_core.shell:Creating package script '/home/shivam/arduinobot_ws/install/arduinobot_description/share/arduinobot_description/package.sh'
[2.414s] INFO:colcon.colcon_core.shell:Creating package script '/home/shivam/arduinobot_ws/install/arduinobot_description/share/arduinobot_description/package.bash'
[2.415s] INFO:colcon.colcon_core.shell:Creating package script '/home/shivam/arduinobot_ws/install/arduinobot_description/share/arduinobot_description/package.zsh'
[2.416s] Level 1:colcon.colcon_core.environment:create_file_with_runtime_dependencies(/home/shivam/arduinobot_ws/install/arduinobot_description/share/colcon-core/packages/arduinobot_description)
[2.456s] Level 1:colcon.colcon_core.environment:create_environment_scripts_only(arduinobot_description)
[2.474s] Level 1:colcon.colcon_core.environment:checking '/home/shivam/arduinobot_ws/install/arduinobot_description' for CMake module files
[2.475s] Level 1:colcon.colcon_core.environment:checking '/home/shivam/arduinobot_ws/install/arduinobot_description' for CMake config files
[2.475s] Level 1:colcon.colcon_core.shell:create_environment_hook('arduinobot_description', 'cmake_prefix_path')
[2.490s] INFO:colcon.colcon_core.shell:Creating environment hook '/home/shivam/arduinobot_ws/install/arduinobot_description/share/arduinobot_description/hook/cmake_prefix_path.ps1'
[2.491s] INFO:colcon.colcon_core.shell:Creating environment descriptor '/home/shivam/arduinobot_ws/install/arduinobot_description/share/arduinobot_description/hook/cmake_prefix_path.dsv'
[2.492s] INFO:colcon.colcon_core.shell:Creating environment hook '/home/shivam/arduinobot_ws/install/arduinobot_description/share/arduinobot_description/hook/cmake_prefix_path.sh'
[2.493s] Level 1:colcon.colcon_core.environment:checking '/home/shivam/arduinobot_ws/install/arduinobot_description/bin'
[2.493s] Level 1:colcon.colcon_core.environment:checking '/home/shivam/arduinobot_ws/install/arduinobot_description/lib/pkgconfig/arduinobot_description.pc'
[2.493s] Level 1:colcon.colcon_core.environment:checking '/home/shivam/arduinobot_ws/install/arduinobot_description/lib/python3.10/site-packages'
[2.494s] Level 1:colcon.colcon_core.environment:checking '/home/shivam/arduinobot_ws/install/arduinobot_description/bin'
[2.518s] INFO:colcon.colcon_core.shell:Creating package script '/home/shivam/arduinobot_ws/install/arduinobot_description/share/arduinobot_description/package.ps1'
[2.519s] INFO:colcon.colcon_core.shell:Creating package descriptor '/home/shivam/arduinobot_ws/install/arduinobot_description/share/arduinobot_description/package.dsv'
[2.520s] INFO:colcon.colcon_core.shell:Creating package script '/home/shivam/arduinobot_ws/install/arduinobot_description/share/arduinobot_description/package.sh'
[2.521s] INFO:colcon.colcon_core.shell:Creating package script '/home/shivam/arduinobot_ws/install/arduinobot_description/share/arduinobot_description/package.bash'
[2.521s] INFO:colcon.colcon_core.shell:Creating package script '/home/shivam/arduinobot_ws/install/arduinobot_description/share/arduinobot_description/package.zsh'
[2.522s] Level 1:colcon.colcon_core.environment:create_file_with_runtime_dependencies(/home/shivam/arduinobot_ws/install/arduinobot_description/share/colcon-core/packages/arduinobot_description)
[2.793s] DEBUG:colcon.colcon_core.event_handler.log_command:Invoking command in '/home/shivam/arduinobot_ws/src/arduinobot_py_examples': PYTHONPATH=/home/shivam/arduinobot_ws/build/arduinobot_py_examples/prefix_override:/home/shivam/arduinobot_ws/install/arduinobot_py_examples/lib/python3.10/site-packages:${PYTHONPATH} /usr/bin/python3 setup.py egg_info --egg-base ../../build/arduinobot_py_examples build --build-base /home/shivam/arduinobot_ws/build/arduinobot_py_examples/build install --record /home/shivam/arduinobot_ws/build/arduinobot_py_examples/install.log --single-version-externally-managed
[3.170s] DEBUG:colcon.colcon_core.event_handler.log_command:Invoked command in '/home/shivam/arduinobot_ws/src/arduinobot_py_examples' returned '0': PYTHONPATH=/home/shivam/arduinobot_ws/build/arduinobot_py_examples/prefix_override:/home/shivam/arduinobot_ws/install/arduinobot_py_examples/lib/python3.10/site-packages:${PYTHONPATH} /usr/bin/python3 setup.py egg_info --egg-base ../../build/arduinobot_py_examples build --build-base /home/shivam/arduinobot_ws/build/arduinobot_py_examples/build install --record /home/shivam/arduinobot_ws/build/arduinobot_py_examples/install.log --single-version-externally-managed
[3.186s] Level 1:colcon.colcon_core.environment:checking '/home/shivam/arduinobot_ws/install/arduinobot_py_examples' for CMake module files
[3.186s] Level 1:colcon.colcon_core.environment:checking '/home/shivam/arduinobot_ws/install/arduinobot_py_examples' for CMake config files
[3.187s] Level 1:colcon.colcon_core.environment:checking '/home/shivam/arduinobot_ws/install/arduinobot_py_examples/lib'
[3.187s] Level 1:colcon.colcon_core.environment:checking '/home/shivam/arduinobot_ws/install/arduinobot_py_examples/bin'
[3.187s] Level 1:colcon.colcon_core.environment:checking '/home/shivam/arduinobot_ws/install/arduinobot_py_examples/lib/pkgconfig/arduinobot_py_examples.pc'
[3.188s] Level 1:colcon.colcon_core.environment:checking '/home/shivam/arduinobot_ws/install/arduinobot_py_examples/lib/python3.10/site-packages'
[3.188s] Level 1:colcon.colcon_core.shell:create_environment_hook('arduinobot_py_examples', 'pythonpath')
[3.202s] INFO:colcon.colcon_core.shell:Creating environment hook '/home/shivam/arduinobot_ws/install/arduinobot_py_examples/share/arduinobot_py_examples/hook/pythonpath.ps1'
[3.203s] INFO:colcon.colcon_core.shell:Creating environment descriptor '/home/shivam/arduinobot_ws/install/arduinobot_py_examples/share/arduinobot_py_examples/hook/pythonpath.dsv'
[3.205s] INFO:colcon.colcon_core.shell:Creating environment hook '/home/shivam/arduinobot_ws/install/arduinobot_py_examples/share/arduinobot_py_examples/hook/pythonpath.sh'
[3.206s] Level 1:colcon.colcon_core.environment:checking '/home/shivam/arduinobot_ws/install/arduinobot_py_examples/bin'
[3.206s] Level 1:colcon.colcon_core.environment:create_environment_scripts_only(arduinobot_py_examples)
[3.222s] INFO:colcon.colcon_core.shell:Creating package script '/home/shivam/arduinobot_ws/install/arduinobot_py_examples/share/arduinobot_py_examples/package.ps1'
[3.223s] INFO:colcon.colcon_core.shell:Creating package descriptor '/home/shivam/arduinobot_ws/install/arduinobot_py_examples/share/arduinobot_py_examples/package.dsv'
[3.223s] INFO:colcon.colcon_core.shell:Creating package script '/home/shivam/arduinobot_ws/install/arduinobot_py_examples/share/arduinobot_py_examples/package.sh'
[3.224s] INFO:colcon.colcon_core.shell:Creating package script '/home/shivam/arduinobot_ws/install/arduinobot_py_examples/share/arduinobot_py_examples/package.bash'
[3.225s] INFO:colcon.colcon_core.shell:Creating package script '/home/shivam/arduinobot_ws/install/arduinobot_py_examples/share/arduinobot_py_examples/package.zsh'
[3.225s] Level 1:colcon.colcon_core.environment:create_file_with_runtime_dependencies(/home/shivam/arduinobot_ws/install/arduinobot_py_examples/share/colcon-core/packages/arduinobot_py_examples)
[3.226s] DEBUG:colcon.colcon_parallel_executor.executor.parallel:closing loop
[3.227s] DEBUG:colcon.colcon_parallel_executor.executor.parallel:loop closed
[3.227s] DEBUG:colcon.colcon_parallel_executor.executor.parallel:run_until_complete finished with '0'
[3.227s] DEBUG:colcon.colcon_core.event_reactor:joining thread
[3.247s] INFO:colcon.colcon_core.plugin_system:Skipping extension 'colcon_notification.desktop_notification.terminal_notifier': Not used on non-Darwin systems
[3.247s] INFO:colcon.colcon_core.plugin_system:Skipping extension 'colcon_notification.desktop_notification.win32': Not used on non-Windows systems
[3.247s] INFO:colcon.colcon_notification.desktop_notification:Sending desktop notification using 'notify2'
[3.259s] DEBUG:colcon.colcon_core.event_reactor:joined thread
[3.297s] INFO:colcon.colcon_core.shell:Creating prefix script '/home/shivam/arduinobot_ws/install/local_setup.ps1'
[3.299s] INFO:colcon.colcon_core.shell:Creating prefix util module '/home/shivam/arduinobot_ws/install/_local_setup_util_ps1.py'
[3.301s] INFO:colcon.colcon_core.shell:Creating prefix chain script '/home/shivam/arduinobot_ws/install/setup.ps1'
[3.329s] INFO:colcon.colcon_core.shell:Creating prefix script '/home/shivam/arduinobot_ws/install/local_setup.sh'
[3.330s] INFO:colcon.colcon_core.shell:Creating prefix util module '/home/shivam/arduinobot_ws/install/_local_setup_util_sh.py'
[3.331s] INFO:colcon.colcon_core.shell:Creating prefix chain script '/home/shivam/arduinobot_ws/install/setup.sh'
[3.359s] INFO:colcon.colcon_core.shell:Creating prefix script '/home/shivam/arduinobot_ws/install/local_setup.bash'
[3.364s] INFO:colcon.colcon_core.shell:Creating prefix chain script '/home/shivam/arduinobot_ws/install/setup.bash'
[3.396s] INFO:colcon.colcon_core.shell:Creating prefix script '/home/shivam/arduinobot_ws/install/local_setup.zsh'
[3.397s] INFO:colcon.colcon_core.shell:Creating prefix chain script '/home/shivam/arduinobot_ws/install/setup.zsh'
