[0.122s] Invoking command in '/home/shivam/arduinobot_ws/build/arduinobot_description': CMAKE_PREFIX_PATH=/opt/ros/humble /usr/bin/cmake --build /home/shivam/arduinobot_ws/build/arduinobot_description -- -j12 -l12
[0.573s] -- Found ament_cmake: 1.3.7 (/opt/ros/humble/share/ament_cmake/cmake)
[0.574s] -- Override CMake install command with custom implementation using symlinks instead of copying resources
[0.574s] -- Found urdf: 2.6.0 (/opt/ros/humble/share/urdf/cmake)
[1.907s] -- Found ament_lint_auto: 0.12.10 (/opt/ros/humble/share/ament_lint_auto/cmake)
[1.992s] -- Added test 'flake8' to check Python code syntax and style conventions
[1.992s] -- Added test 'lint_cmake' to check CMake code style
[1.993s] -- Added test 'pep257' to check Python code against some of the docstring style conventions in PEP 257
[1.994s] -- Added test 'xmllint' to check XML markup files
[1.995s] -- Configuring done
[1.998s] -- Generating done
[2.000s] -- Build files have been written to: /home/shivam/arduinobot_ws/build/arduinobot_description
[2.024s] Invoked command in '/home/shivam/arduinobot_ws/build/arduinobot_description' returned '0': CMAKE_PREFIX_PATH=/opt/ros/humble /usr/bin/cmake --build /home/shivam/arduinobot_ws/build/arduinobot_description -- -j12 -l12
[2.058s] Invoking command in '/home/shivam/arduinobot_ws/build/arduinobot_description': CMAKE_PREFIX_PATH=/opt/ros/humble /usr/bin/cmake --install /home/shivam/arduinobot_ws/build/arduinobot_description
[2.065s] -- Install configuration: ""
[2.065s] -- Execute custom install script
[2.066s] -- Up-to-date symlink: /home/shivam/arduinobot_ws/install/arduinobot_description/share/arduinobot_description/launch/display.launch.py
[2.066s] -- Up-to-date symlink: /home/shivam/arduinobot_ws/install/arduinobot_description/share/arduinobot_description/meshes/base_plate.STL
[2.067s] -- Up-to-date symlink: /home/shivam/arduinobot_ws/install/arduinobot_description/share/arduinobot_description/meshes/basement.STL
[2.067s] -- Up-to-date symlink: /home/shivam/arduinobot_ws/install/arduinobot_description/share/arduinobot_description/meshes/claw_support.STL
[2.067s] -- Up-to-date symlink: /home/shivam/arduinobot_ws/install/arduinobot_description/share/arduinobot_description/meshes/drive_gear.STL
[2.067s] -- Up-to-date symlink: /home/shivam/arduinobot_ws/install/arduinobot_description/share/arduinobot_description/meshes/driven_gear.STL
[2.067s] -- Up-to-date symlink: /home/shivam/arduinobot_ws/install/arduinobot_description/share/arduinobot_description/meshes/forward_drive_arm.STL
[2.068s] -- Up-to-date symlink: /home/shivam/arduinobot_ws/install/arduinobot_description/share/arduinobot_description/meshes/horizontal_arm.STL
[2.068s] -- Up-to-date symlink: /home/shivam/arduinobot_ws/install/arduinobot_description/share/arduinobot_description/meshes/left_finger.STL
[2.068s] -- Up-to-date symlink: /home/shivam/arduinobot_ws/install/arduinobot_description/share/arduinobot_description/meshes/link.STL
[2.068s] -- Up-to-date symlink: /home/shivam/arduinobot_ws/install/arduinobot_description/share/arduinobot_description/meshes/plate.STL
[2.068s] -- Up-to-date symlink: /home/shivam/arduinobot_ws/install/arduinobot_description/share/arduinobot_description/meshes/right_finger.STL
[2.069s] -- Up-to-date symlink: /home/shivam/arduinobot_ws/install/arduinobot_description/share/arduinobot_description/meshes/round_plate.STL
[2.069s] -- Up-to-date symlink: /home/shivam/arduinobot_ws/install/arduinobot_description/share/arduinobot_description/meshes/servo_plate.STL
[2.069s] -- Up-to-date symlink: /home/shivam/arduinobot_ws/install/arduinobot_description/share/arduinobot_description/meshes/triangular_link.STL
[2.069s] -- Up-to-date symlink: /home/shivam/arduinobot_ws/install/arduinobot_description/share/arduinobot_description/meshes/vertical_drive_arm.STL
[2.069s] -- Up-to-date symlink: /home/shivam/arduinobot_ws/install/arduinobot_description/share/arduinobot_description/urdf/arduinobot.urdf.xacro
[2.070s] -- Up-to-date symlink: /home/shivam/arduinobot_ws/install/arduinobot_description/share/arduinobot_description/rviz/display.rviz
[2.070s] -- Up-to-date symlink: /home/shivam/arduinobot_ws/install/arduinobot_description/share/ament_index/resource_index/package_run_dependencies/arduinobot_description
[2.070s] -- Up-to-date symlink: /home/shivam/arduinobot_ws/install/arduinobot_description/share/ament_index/resource_index/parent_prefix_path/arduinobot_description
[2.070s] -- Up-to-date symlink: /home/shivam/arduinobot_ws/install/arduinobot_description/share/arduinobot_description/environment/ament_prefix_path.sh
[2.070s] -- Up-to-date symlink: /home/shivam/arduinobot_ws/install/arduinobot_description/share/arduinobot_description/environment/ament_prefix_path.dsv
[2.071s] -- Up-to-date symlink: /home/shivam/arduinobot_ws/install/arduinobot_description/share/arduinobot_description/environment/path.sh
[2.071s] -- Up-to-date symlink: /home/shivam/arduinobot_ws/install/arduinobot_description/share/arduinobot_description/environment/path.dsv
[2.071s] -- Up-to-date symlink: /home/shivam/arduinobot_ws/install/arduinobot_description/share/arduinobot_description/local_setup.bash
[2.071s] -- Up-to-date symlink: /home/shivam/arduinobot_ws/install/arduinobot_description/share/arduinobot_description/local_setup.sh
[2.071s] -- Up-to-date symlink: /home/shivam/arduinobot_ws/install/arduinobot_description/share/arduinobot_description/local_setup.zsh
[2.072s] -- Up-to-date symlink: /home/shivam/arduinobot_ws/install/arduinobot_description/share/arduinobot_description/local_setup.dsv
[2.072s] -- Symlinking: /home/shivam/arduinobot_ws/install/arduinobot_description/share/arduinobot_description/package.dsv
[2.080s] -- Up-to-date symlink: /home/shivam/arduinobot_ws/install/arduinobot_description/share/ament_index/resource_index/packages/arduinobot_description
[2.080s] -- Up-to-date symlink: /home/shivam/arduinobot_ws/install/arduinobot_description/share/arduinobot_description/cmake/arduinobot_descriptionConfig.cmake
[2.080s] -- Up-to-date symlink: /home/shivam/arduinobot_ws/install/arduinobot_description/share/arduinobot_description/cmake/arduinobot_descriptionConfig-version.cmake
[2.080s] -- Up-to-date symlink: /home/shivam/arduinobot_ws/install/arduinobot_description/share/arduinobot_description/package.xml
[2.083s] Invoked command in '/home/shivam/arduinobot_ws/build/arduinobot_description' returned '0': CMAKE_PREFIX_PATH=/opt/ros/humble /usr/bin/cmake --install /home/shivam/arduinobot_ws/build/arduinobot_description
