[0.517s] Invoking command in '/home/shivam/arduinobot_ws/build/arduinobot_remote': AMENT_PREFIX_PATH=/home/shivam/arduinobot_ws/install/arduinobot_msgs:${AMENT_PREFIX_PATH} CMAKE_PREFIX_PATH=/home/shivam/arduinobot_ws/install/arduinobot_msgs:/opt/ros/humble LD_LIBRARY_PATH=/home/shivam/arduinobot_ws/install/arduinobot_msgs/lib:${LD_LIBRARY_PATH} PYTHONPATH=/home/shivam/arduinobot_ws/install/arduinobot_msgs/local/lib/python3.10/dist-packages:${PYTHONPATH} /usr/bin/cmake --build /home/shivam/arduinobot_ws/build/arduinobot_remote -- -j12 -l12
[0.542s] -- Found ament_cmake: 1.3.8 (/opt/ros/humble/share/ament_cmake/cmake)
[0.683s] -- Found rclcpp: 16.0.8 (/opt/ros/humble/share/rclcpp/cmake)
[1.112s] -- Found rosidl_generator_c: 3.1.5 (/opt/ros/humble/share/rosidl_generator_c/cmake)
[1.115s] -- Found rosidl_adapter: 3.1.5 (/opt/ros/humble/share/rosidl_adapter/cmake)
[1.124s] -- Found rosidl_generator_cpp: 3.1.5 (/opt/ros/humble/share/rosidl_generator_cpp/cmake)
[1.140s] -- Using all available rosidl_typesupport_c: rosidl_typesupport_fastrtps_c;rosidl_typesupport_introspection_c
[1.157s] -- Using all available rosidl_typesupport_cpp: rosidl_typesupport_fastrtps_cpp;rosidl_typesupport_introspection_cpp
[1.230s] -- Found rmw_implementation_cmake: 6.1.1 (/opt/ros/humble/share/rmw_implementation_cmake/cmake)
[1.231s] -- Found rmw_fastrtps_cpp: 6.2.6 (/opt/ros/humble/share/rmw_fastrtps_cpp/cmake)
[13.430s] -- Using RMW implementation 'rmw_fastrtps_cpp' as default
[13.627s] -- Found rclcpp_action: 16.0.8 (/opt/ros/humble/share/rclcpp_action/cmake)
[13.738s] -- Found rclcpp_components: 16.0.8 (/opt/ros/humble/share/rclcpp_components/cmake)
[13.827s] -- Found arduinobot_msgs: 0.0.0 (/home/shivam/arduinobot_ws/install/arduinobot_msgs/share/arduinobot_msgs/cmake)
[13.898s] -- Found moveit_ros_planning_interface: 2.5.5 (/opt/ros/humble/share/moveit_ros_planning_interface/cmake)
[13.911s] -- Found Boost: /usr/lib/x86_64-linux-gnu/cmake/Boost-1.74.0/BoostConfig.cmake (found version "1.74.0") found components: date_time filesystem program_options system thread 
[14.932s] -- Found Boost: /usr/lib/x86_64-linux-gnu/cmake/Boost-1.74.0/BoostConfig.cmake (found version "1.74.0") found components: chrono date_time filesystem iostreams program_options regex serialization system thread 
[14.945s] -- Found parameter_traits: 0.3.8 (/opt/ros/humble/share/parameter_traits/cmake)
[14.963s] -- Found rclcpp_lifecycle: 16.0.8 (/opt/ros/humble/share/rclcpp_lifecycle/cmake)
[15.029s] -- Found Boost: /usr/lib/x86_64-linux-gnu/cmake/Boost-1.74.0/BoostConfig.cmake (found version "1.74.0") found components: filesystem 
[18.498s] -- library: /usr/lib/x86_64-linux-gnu/libcurl.so
[18.692s] -- Ensuring Eigen3 include directory is part of orocos-kdl CMake target
[22.744s] -- Found Boost: /usr/lib/x86_64-linux-gnu/cmake/Boost-1.74.0/BoostConfig.cmake (found version "1.74.0") found components: system filesystem date_time program_options thread chrono 
[23.382s] -- Found Boost: /usr/lib/x86_64-linux-gnu/cmake/Boost-1.74.0/BoostConfig.cmake (found version "1.74.0") found components: thread system filesystem regex date_time program_options 
[23.658s] -- Found Boost: /usr/lib/x86_64-linux-gnu/cmake/Boost-1.74.0/BoostConfig.cmake (found version "1.74.0") found components: system filesystem date_time program_options thread 
[24.166s] -- Found rclpy: 3.3.12 (/opt/ros/humble/share/rclpy/cmake)
[24.367s] -- Configuring done
[24.428s] -- Generating done
[24.432s] -- Build files have been written to: /home/shivam/arduinobot_ws/build/arduinobot_remote
[24.466s] [35m[1mConsolidate compiler generated dependencies of target task_server_node[0m
[24.467s] [35m[1mConsolidate compiler generated dependencies of target task_server[0m
[24.482s] [  0%] Built target ament_cmake_python_copy_arduinobot_remote
[24.482s] [ 25%] [32mBuilding CXX object CMakeFiles/task_server_node.dir/rclcpp_components/node_main_task_server_node.cpp.o[0m
[24.490s] [ 50%] [32mBuilding CXX object CMakeFiles/task_server.dir/src/task_server.cpp.o[0m
[24.740s] running egg_info
[24.741s] writing arduinobot_remote.egg-info/PKG-INFO
[24.742s] writing dependency_links to arduinobot_remote.egg-info/dependency_links.txt
[24.742s] writing top-level names to arduinobot_remote.egg-info/top_level.txt
[24.745s] reading manifest file 'arduinobot_remote.egg-info/SOURCES.txt'
[24.745s] writing manifest file 'arduinobot_remote.egg-info/SOURCES.txt'
[24.772s] [ 50%] Built target ament_cmake_python_build_arduinobot_remote_egg
[27.773s] [ 75%] [32m[1mLinking CXX executable task_server_node[0m
[28.001s] [ 75%] Built target task_server_node
[33.713s] [100%] [32m[1mLinking CXX shared library libtask_server.so[0m
[34.178s] [100%] Built target task_server
[34.189s] Invoked command in '/home/shivam/arduinobot_ws/build/arduinobot_remote' returned '0': AMENT_PREFIX_PATH=/home/shivam/arduinobot_ws/install/arduinobot_msgs:${AMENT_PREFIX_PATH} CMAKE_PREFIX_PATH=/home/shivam/arduinobot_ws/install/arduinobot_msgs:/opt/ros/humble LD_LIBRARY_PATH=/home/shivam/arduinobot_ws/install/arduinobot_msgs/lib:${LD_LIBRARY_PATH} PYTHONPATH=/home/shivam/arduinobot_ws/install/arduinobot_msgs/local/lib/python3.10/dist-packages:${PYTHONPATH} /usr/bin/cmake --build /home/shivam/arduinobot_ws/build/arduinobot_remote -- -j12 -l12
[34.216s] Invoking command in '/home/shivam/arduinobot_ws/build/arduinobot_remote': AMENT_PREFIX_PATH=/home/shivam/arduinobot_ws/install/arduinobot_msgs:${AMENT_PREFIX_PATH} CMAKE_PREFIX_PATH=/home/shivam/arduinobot_ws/install/arduinobot_msgs:/opt/ros/humble LD_LIBRARY_PATH=/home/shivam/arduinobot_ws/install/arduinobot_msgs/lib:${LD_LIBRARY_PATH} PYTHONPATH=/home/shivam/arduinobot_ws/install/arduinobot_msgs/local/lib/python3.10/dist-packages:${PYTHONPATH} /usr/bin/cmake --install /home/shivam/arduinobot_ws/build/arduinobot_remote
[34.223s] -- Install configuration: ""
[34.223s] -- Installing: /home/shivam/arduinobot_ws/install/arduinobot_remote/lib/arduinobot_remote/task_server_node
[34.224s] -- Set runtime path of "/home/shivam/arduinobot_ws/install/arduinobot_remote/lib/arduinobot_remote/task_server_node" to ""
[34.224s] -- Up-to-date: /home/shivam/arduinobot_ws/install/arduinobot_remote/share/arduinobot_remote/environment/pythonpath.sh
[34.225s] -- Installing: /home/shivam/arduinobot_ws/install/arduinobot_remote/share/arduinobot_remote/environment/pythonpath.dsv
[34.225s] -- Up-to-date: /home/shivam/arduinobot_ws/install/arduinobot_remote/local/lib/python3.10/dist-packages/arduinobot_remote-0.0.0-py3.10.egg-info
[34.225s] -- Installing: /home/shivam/arduinobot_ws/install/arduinobot_remote/local/lib/python3.10/dist-packages/arduinobot_remote-0.0.0-py3.10.egg-info/SOURCES.txt
[34.225s] -- Installing: /home/shivam/arduinobot_ws/install/arduinobot_remote/local/lib/python3.10/dist-packages/arduinobot_remote-0.0.0-py3.10.egg-info/dependency_links.txt
[34.226s] -- Installing: /home/shivam/arduinobot_ws/install/arduinobot_remote/local/lib/python3.10/dist-packages/arduinobot_remote-0.0.0-py3.10.egg-info/top_level.txt
[34.226s] -- Installing: /home/shivam/arduinobot_ws/install/arduinobot_remote/local/lib/python3.10/dist-packages/arduinobot_remote-0.0.0-py3.10.egg-info/PKG-INFO
[34.226s] -- Up-to-date: /home/shivam/arduinobot_ws/install/arduinobot_remote/local/lib/python3.10/dist-packages/arduinobot_remote
[34.226s] -- Up-to-date: /home/shivam/arduinobot_ws/install/arduinobot_remote/local/lib/python3.10/dist-packages/arduinobot_remote/__init__.py
[34.226s] -- Up-to-date: /home/shivam/arduinobot_ws/install/arduinobot_remote/local/lib/python3.10/dist-packages/arduinobot_remote/alexa_interface.py
[34.261s] Listing '/home/shivam/arduinobot_ws/install/arduinobot_remote/local/lib/python3.10/dist-packages/arduinobot_remote'...
[34.261s] Compiling '/home/shivam/arduinobot_ws/install/arduinobot_remote/local/lib/python3.10/dist-packages/arduinobot_remote/__init__.py'...
[34.261s] Compiling '/home/shivam/arduinobot_ws/install/arduinobot_remote/local/lib/python3.10/dist-packages/arduinobot_remote/alexa_interface.py'...
[34.268s] -- Up-to-date: /home/shivam/arduinobot_ws/install/arduinobot_remote/share/arduinobot_remote/launch
[34.268s] -- Up-to-date: /home/shivam/arduinobot_ws/install/arduinobot_remote/share/arduinobot_remote/launch/remote_interface.launch.py
[34.268s] -- Installing: /home/shivam/arduinobot_ws/install/arduinobot_remote/lib/libtask_server.so
[34.271s] -- Set runtime path of "/home/shivam/arduinobot_ws/install/arduinobot_remote/lib/libtask_server.so" to ""
[34.271s] -- Up-to-date: /home/shivam/arduinobot_ws/install/arduinobot_remote/lib/arduinobot_remote/alexa_interface.py
[34.271s] -- Up-to-date: /home/shivam/arduinobot_ws/install/arduinobot_remote/share/ament_index/resource_index/package_run_dependencies/arduinobot_remote
[34.271s] -- Up-to-date: /home/shivam/arduinobot_ws/install/arduinobot_remote/share/ament_index/resource_index/parent_prefix_path/arduinobot_remote
[34.272s] -- Installing: /home/shivam/arduinobot_ws/install/arduinobot_remote/share/arduinobot_remote/environment/ament_prefix_path.sh
[34.272s] -- Installing: /home/shivam/arduinobot_ws/install/arduinobot_remote/share/arduinobot_remote/environment/ament_prefix_path.dsv
[34.272s] -- Installing: /home/shivam/arduinobot_ws/install/arduinobot_remote/share/arduinobot_remote/environment/path.sh
[34.272s] -- Installing: /home/shivam/arduinobot_ws/install/arduinobot_remote/share/arduinobot_remote/environment/path.dsv
[34.272s] -- Up-to-date: /home/shivam/arduinobot_ws/install/arduinobot_remote/share/arduinobot_remote/local_setup.bash
[34.272s] -- Up-to-date: /home/shivam/arduinobot_ws/install/arduinobot_remote/share/arduinobot_remote/local_setup.sh
[34.272s] -- Up-to-date: /home/shivam/arduinobot_ws/install/arduinobot_remote/share/arduinobot_remote/local_setup.zsh
[34.272s] -- Installing: /home/shivam/arduinobot_ws/install/arduinobot_remote/share/arduinobot_remote/local_setup.dsv
[34.272s] -- Installing: /home/shivam/arduinobot_ws/install/arduinobot_remote/share/arduinobot_remote/package.dsv
[34.272s] -- Up-to-date: /home/shivam/arduinobot_ws/install/arduinobot_remote/share/ament_index/resource_index/packages/arduinobot_remote
[34.272s] -- Up-to-date: /home/shivam/arduinobot_ws/install/arduinobot_remote/share/ament_index/resource_index/rclcpp_components/arduinobot_remote
[34.273s] -- Up-to-date: /home/shivam/arduinobot_ws/install/arduinobot_remote/share/arduinobot_remote/cmake/arduinobot_remoteConfig.cmake
[34.273s] -- Up-to-date: /home/shivam/arduinobot_ws/install/arduinobot_remote/share/arduinobot_remote/cmake/arduinobot_remoteConfig-version.cmake
[34.273s] -- Up-to-date: /home/shivam/arduinobot_ws/install/arduinobot_remote/share/arduinobot_remote/package.xml
[34.275s] Invoked command in '/home/shivam/arduinobot_ws/build/arduinobot_remote' returned '0': AMENT_PREFIX_PATH=/home/shivam/arduinobot_ws/install/arduinobot_msgs:${AMENT_PREFIX_PATH} CMAKE_PREFIX_PATH=/home/shivam/arduinobot_ws/install/arduinobot_msgs:/opt/ros/humble LD_LIBRARY_PATH=/home/shivam/arduinobot_ws/install/arduinobot_msgs/lib:${LD_LIBRARY_PATH} PYTHONPATH=/home/shivam/arduinobot_ws/install/arduinobot_msgs/local/lib/python3.10/dist-packages:${PYTHONPATH} /usr/bin/cmake --install /home/shivam/arduinobot_ws/build/arduinobot_remote
